****************************************
Report : design
Design : rcla_32
Version: T-2022.03-SP2
Date   : Fri May 22 11:34:32 2026
****************************************

Design Attribute                         Value
---------------------------------------------------------------------------
Operating Conditions:
  analysis_type                          on_chip_variation
  operating_condition_min_name           tt1p05v25c
  process_min                            1
  temperature_min                        25
  voltage_min                            1.05
  tree_type_min                          balanced_case

  operating_condition_max_name           tt1p05v25c
  process_max                            1
  temperature_max                        25
  voltage_max                            1.05
  tree_type_max                          balanced_case

Wire Load:                               (use report_wire_load for more information)
  wire_load_mode                         enclosed
  wire_load_model_max                    8000
  wire_load_model_library_max            saed32rvt_tt1p05v25c
  wire_load_selection_type_max           automatic-by-area
  wire_load_model_min                    8000
  wire_load_model_library_min            saed32rvt_tt1p05v25c
  wire_load_selection_type_min           automatic-by-area
  wire_load_selection_group_max          predcaps
  wire_load_selection_group_min          predcaps
  wire_load_min_block_size               0

Design Rules:
  max_capacitance                        9
  min_capacitance                        --
  max_fanout                             --
  max_transition                         0.2
  static_integrity                       --
  dynamic_integrity                      --
  max_area                               --

Timing Ranges:
  early_factor                           --
  late_factor                            --

Pin Input Delays:
None specified.

Pin Output Delays:
None specified.
Fast Analysis:                           disabled

1
