****************************************
Report : Averaged Power
Design : rcla_32
Version: T-2022.03-SP2
Date   : Fri May 22 11:34:32 2026
****************************************



  Attributes
  ----------
      i  -  Including register clock pin internal power
      u  -  User defined power group

                        Internal  Switching  Leakage    Total
Power Group             Power     Power      Power      Power   (     %)  Attrs
--------------------------------------------------------------------------------
clock_network              0.0000    0.0000    0.0000    0.0000 ( 0.00%)  i
register                   0.0000    0.0000    0.0000    0.0000 ( 0.00%)  
combinational           8.136e-05 3.774e-05 6.710e-05 1.862e-04 (100.00%) 
sequential                 0.0000    0.0000    0.0000    0.0000 ( 0.00%)  
memory                     0.0000    0.0000    0.0000    0.0000 ( 0.00%)  
io_pad                     0.0000    0.0000    0.0000    0.0000 ( 0.00%)  
black_box                  0.0000    0.0000    0.0000    0.0000 ( 0.00%)  

  Net Switching Power  = 3.774e-05   (20.27%)
  Cell Internal Power  = 8.136e-05   (43.70%)
  Cell Leakage Power   = 6.710e-05   (36.04%)
                         ---------
Total Power            = 1.862e-04  (100.00%)

1
