****************************************
Report : timing
	-path_type full
	-delay_type max
	-slack_lesser_than 0.00
	-max_paths 10
	-sort_by slack
Design : hybrid_rcla32
Version: T-2022.03-SP2
Date   : Fri May 22 11:34:07 2026
****************************************


  Startpoint: B[0] (input port clocked by VCLK)
  Endpoint: Cout (output port clocked by VCLK)
  Path Group: VCLK
  Path Type: max

  Point                                                   Incr       Path
  ------------------------------------------------------------------------------
  clock VCLK (rise edge)                                  0.00       0.00
  clock network delay (ideal)                             0.00       0.00
  input external delay                                    0.50       0.50 r
  B[0] (in)                                               0.04 &     0.54 r
  ctmTdsLR_1_67/Y (NAND2X0_RVT)                           0.05 &     0.58 f
  ctmTdsLR_1_85/Y (NAND3X0_RVT)                           0.07 &     0.65 r
  intadd_5/U32/CO (FADDX1_RVT)                            0.11 &     0.76 r
  intadd_5/U31/CO (FADDX1_RVT)                            0.10 &     0.86 r
  intadd_5/U30/CO (FADDX1_RVT)                            0.10 &     0.96 r
  intadd_5/U29/CO (FADDX1_RVT)                            0.10 &     1.05 r
  intadd_5/U28/CO (FADDX1_RVT)                            0.10 &     1.16 r
  intadd_5/U27/CO (FADDX1_RVT)                            0.10 &     1.26 r
  intadd_5/U26/CO (FADDX1_RVT)                            0.10 &     1.36 r
  intadd_5/U25/CO (FADDX1_RVT)                            0.10 &     1.46 r
  intadd_5/U24/CO (FADDX1_RVT)                            0.10 &     1.56 r
  ctmTdsLR_1_114/Y (AO21X1_RVT)                           0.10 &     1.66 r
  ctmTdsLR_1_64/Y (AO21X1_RVT)                            0.10 &     1.76 r
  ctmTdsLR_1_42/Y (AO21X1_RVT)                            0.10 &     1.86 r
  ctmTdsLR_1_110/Y (AO21X1_RVT)                           0.09 &     1.95 r
  ctmTdsLR_1_68/Y (AO21X1_RVT)                            0.08 &     2.04 r
  Cout (out)                                              0.00 &     2.04 r
  data arrival time                                                  2.04

  clock VCLK (rise edge)                                  2.00       2.00
  clock network delay (ideal)                             0.00       2.00
  clock reconvergence pessimism                           0.00       2.00
  clock uncertainty                                      -0.15       1.85
  output external delay                                  -0.50       1.35
  data required time                                                 1.35
  ------------------------------------------------------------------------------
  data required time                                                 1.35
  data arrival time                                                 -2.04
  ------------------------------------------------------------------------------
  slack (VIOLATED)                                                  -0.69


  Startpoint: B[0] (input port clocked by VCLK)
  Endpoint: Sum[31] (output port clocked by VCLK)
  Path Group: VCLK
  Path Type: max

  Point                                                   Incr       Path
  ------------------------------------------------------------------------------
  clock VCLK (rise edge)                                  0.00       0.00
  clock network delay (ideal)                             0.00       0.00
  input external delay                                    0.50       0.50 r
  B[0] (in)                                               0.04 &     0.54 r
  ctmTdsLR_1_67/Y (NAND2X0_RVT)                           0.05 &     0.58 f
  ctmTdsLR_1_85/Y (NAND3X0_RVT)                           0.07 &     0.65 r
  intadd_5/U32/CO (FADDX1_RVT)                            0.11 &     0.76 r
  intadd_5/U31/CO (FADDX1_RVT)                            0.10 &     0.86 r
  intadd_5/U30/CO (FADDX1_RVT)                            0.10 &     0.96 r
  intadd_5/U29/CO (FADDX1_RVT)                            0.10 &     1.05 r
  intadd_5/U28/CO (FADDX1_RVT)                            0.10 &     1.16 r
  intadd_5/U27/CO (FADDX1_RVT)                            0.10 &     1.26 r
  intadd_5/U26/CO (FADDX1_RVT)                            0.10 &     1.36 r
  intadd_5/U25/CO (FADDX1_RVT)                            0.10 &     1.46 r
  intadd_5/U24/CO (FADDX1_RVT)                            0.10 &     1.56 r
  ctmTdsLR_1_114/Y (AO21X1_RVT)                           0.10 &     1.66 r
  ctmTdsLR_1_64/Y (AO21X1_RVT)                            0.10 &     1.76 r
  ctmTdsLR_1_42/Y (AO21X1_RVT)                            0.10 &     1.86 r
  ctmTdsLR_1_110/Y (AO21X1_RVT)                           0.09 &     1.95 r
  ctmTdsLR_4_71/Y (XOR3X2_RVT)                            0.08 &     2.03 f
  Sum[31] (out)                                           0.00 &     2.03 f
  data arrival time                                                  2.03

  clock VCLK (rise edge)                                  2.00       2.00
  clock network delay (ideal)                             0.00       2.00
  clock reconvergence pessimism                           0.00       2.00
  clock uncertainty                                      -0.15       1.85
  output external delay                                  -0.50       1.35
  data required time                                                 1.35
  ------------------------------------------------------------------------------
  data required time                                                 1.35
  data arrival time                                                 -2.03
  ------------------------------------------------------------------------------
  slack (VIOLATED)                                                  -0.68


  Startpoint: B[0] (input port clocked by VCLK)
  Endpoint: Sum[30] (output port clocked by VCLK)
  Path Group: VCLK
  Path Type: max

  Point                                                   Incr       Path
  ------------------------------------------------------------------------------
  clock VCLK (rise edge)                                  0.00       0.00
  clock network delay (ideal)                             0.00       0.00
  input external delay                                    0.50       0.50 r
  B[0] (in)                                               0.04 &     0.54 r
  ctmTdsLR_1_67/Y (NAND2X0_RVT)                           0.05 &     0.58 f
  ctmTdsLR_1_85/Y (NAND3X0_RVT)                           0.07 &     0.65 r
  intadd_5/U32/CO (FADDX1_RVT)                            0.11 &     0.76 r
  intadd_5/U31/CO (FADDX1_RVT)                            0.10 &     0.86 r
  intadd_5/U30/CO (FADDX1_RVT)                            0.10 &     0.96 r
  intadd_5/U29/CO (FADDX1_RVT)                            0.10 &     1.05 r
  intadd_5/U28/CO (FADDX1_RVT)                            0.10 &     1.16 r
  intadd_5/U27/CO (FADDX1_RVT)                            0.10 &     1.26 r
  intadd_5/U26/CO (FADDX1_RVT)                            0.10 &     1.36 r
  intadd_5/U25/CO (FADDX1_RVT)                            0.10 &     1.46 r
  intadd_5/U24/CO (FADDX1_RVT)                            0.10 &     1.56 r
  ctmTdsLR_1_114/Y (AO21X1_RVT)                           0.10 &     1.66 r
  ctmTdsLR_1_64/Y (AO21X1_RVT)                            0.10 &     1.76 r
  ctmTdsLR_1_42/Y (AO21X1_RVT)                            0.10 &     1.86 r
  ctmTdsLR_1_88/Y (AO21X1_RVT)                            0.09 &     1.95 r
  ctmTdsLR_1_248/Y (XOR3X1_RVT)                           0.07 &     2.03 f
  Sum[30] (out)                                           0.00 &     2.03 f
  data arrival time                                                  2.03

  clock VCLK (rise edge)                                  2.00       2.00
  clock network delay (ideal)                             0.00       2.00
  clock reconvergence pessimism                           0.00       2.00
  clock uncertainty                                      -0.15       1.85
  output external delay                                  -0.50       1.35
  data required time                                                 1.35
  ------------------------------------------------------------------------------
  data required time                                                 1.35
  data arrival time                                                 -2.03
  ------------------------------------------------------------------------------
  slack (VIOLATED)                                                  -0.68


  Startpoint: B[0] (input port clocked by VCLK)
  Endpoint: Sum[29] (output port clocked by VCLK)
  Path Group: VCLK
  Path Type: max

  Point                                                   Incr       Path
  ------------------------------------------------------------------------------
  clock VCLK (rise edge)                                  0.00       0.00
  clock network delay (ideal)                             0.00       0.00
  input external delay                                    0.50       0.50 r
  B[0] (in)                                               0.04 &     0.54 r
  ctmTdsLR_1_67/Y (NAND2X0_RVT)                           0.05 &     0.58 f
  ctmTdsLR_1_85/Y (NAND3X0_RVT)                           0.07 &     0.65 r
  intadd_5/U32/CO (FADDX1_RVT)                            0.11 &     0.76 r
  intadd_5/U31/CO (FADDX1_RVT)                            0.10 &     0.86 r
  intadd_5/U30/CO (FADDX1_RVT)                            0.10 &     0.96 r
  intadd_5/U29/CO (FADDX1_RVT)                            0.10 &     1.05 r
  intadd_5/U28/CO (FADDX1_RVT)                            0.10 &     1.16 r
  intadd_5/U27/CO (FADDX1_RVT)                            0.10 &     1.26 r
  intadd_5/U26/CO (FADDX1_RVT)                            0.10 &     1.36 r
  intadd_5/U25/CO (FADDX1_RVT)                            0.10 &     1.46 r
  intadd_5/U24/CO (FADDX1_RVT)                            0.10 &     1.56 r
  ctmTdsLR_1_114/Y (AO21X1_RVT)                           0.10 &     1.66 r
  ctmTdsLR_1_64/Y (AO21X1_RVT)                            0.10 &     1.76 r
  ctmTdsLR_1_42/Y (AO21X1_RVT)                            0.10 &     1.86 r
  ctmTdsLR_1_113/Y (AO21X1_RVT)                           0.09 &     1.95 r
  ctmTdsLR_4_26/Y (XOR3X1_RVT)                            0.08 &     2.03 f
  Sum[29] (out)                                           0.00 &     2.03 f
  data arrival time                                                  2.03

  clock VCLK (rise edge)                                  2.00       2.00
  clock network delay (ideal)                             0.00       2.00
  clock reconvergence pessimism                           0.00       2.00
  clock uncertainty                                      -0.15       1.85
  output external delay                                  -0.50       1.35
  data required time                                                 1.35
  ------------------------------------------------------------------------------
  data required time                                                 1.35
  data arrival time                                                 -2.03
  ------------------------------------------------------------------------------
  slack (VIOLATED)                                                  -0.68


  Startpoint: B[0] (input port clocked by VCLK)
  Endpoint: Sum[26] (output port clocked by VCLK)
  Path Group: VCLK
  Path Type: max

  Point                                                   Incr       Path
  ------------------------------------------------------------------------------
  clock VCLK (rise edge)                                  0.00       0.00
  clock network delay (ideal)                             0.00       0.00
  input external delay                                    0.50       0.50 r
  B[0] (in)                                               0.04 &     0.54 r
  ctmTdsLR_1_67/Y (NAND2X0_RVT)                           0.05 &     0.58 f
  ctmTdsLR_1_85/Y (NAND3X0_RVT)                           0.07 &     0.65 r
  intadd_5/U32/CO (FADDX1_RVT)                            0.11 &     0.76 r
  intadd_5/U31/CO (FADDX1_RVT)                            0.10 &     0.86 r
  intadd_5/U30/CO (FADDX1_RVT)                            0.10 &     0.96 r
  intadd_5/U29/CO (FADDX1_RVT)                            0.10 &     1.05 r
  intadd_5/U28/CO (FADDX1_RVT)                            0.10 &     1.16 r
  intadd_5/U27/CO (FADDX1_RVT)                            0.10 &     1.26 r
  intadd_5/U26/CO (FADDX1_RVT)                            0.10 &     1.36 r
  intadd_5/U25/CO (FADDX1_RVT)                            0.10 &     1.46 r
  intadd_5/U24/CO (FADDX1_RVT)                            0.10 &     1.56 r
  ctmTdsLR_1_114/Y (AO21X1_RVT)                           0.10 &     1.66 r
  ctmTdsLR_1_107/Y (AO21X1_RVT)                           0.11 &     1.77 r
  ctmTdsLR_1_168/Y (AOI21X2_RVT)                          0.12 &     1.89 f
  ctmTdsLR_7_97/Y (NAND3X0_RVT)                           0.03 &     1.92 r
  ctmTdsLR_1_91/Y (NAND3X0_RVT)                           0.10 &     2.02 f
  Sum[26] (out)                                           0.00 &     2.02 f
  data arrival time                                                  2.02

  clock VCLK (rise edge)                                  2.00       2.00
  clock network delay (ideal)                             0.00       2.00
  clock reconvergence pessimism                           0.00       2.00
  clock uncertainty                                      -0.15       1.85
  output external delay                                  -0.50       1.35
  data required time                                                 1.35
  ------------------------------------------------------------------------------
  data required time                                                 1.35
  data arrival time                                                 -2.02
  ------------------------------------------------------------------------------
  slack (VIOLATED)                                                  -0.67


  Startpoint: B[0] (input port clocked by VCLK)
  Endpoint: Sum[27] (output port clocked by VCLK)
  Path Group: VCLK
  Path Type: max

  Point                                                   Incr       Path
  ------------------------------------------------------------------------------
  clock VCLK (rise edge)                                  0.00       0.00
  clock network delay (ideal)                             0.00       0.00
  input external delay                                    0.50       0.50 r
  B[0] (in)                                               0.04 &     0.54 r
  ctmTdsLR_1_67/Y (NAND2X0_RVT)                           0.05 &     0.58 f
  ctmTdsLR_1_85/Y (NAND3X0_RVT)                           0.07 &     0.65 r
  intadd_5/U32/CO (FADDX1_RVT)                            0.11 &     0.76 r
  intadd_5/U31/CO (FADDX1_RVT)                            0.10 &     0.86 r
  intadd_5/U30/CO (FADDX1_RVT)                            0.10 &     0.96 r
  intadd_5/U29/CO (FADDX1_RVT)                            0.10 &     1.05 r
  intadd_5/U28/CO (FADDX1_RVT)                            0.10 &     1.16 r
  intadd_5/U27/CO (FADDX1_RVT)                            0.10 &     1.26 r
  intadd_5/U26/CO (FADDX1_RVT)                            0.10 &     1.36 r
  intadd_5/U25/CO (FADDX1_RVT)                            0.10 &     1.46 r
  intadd_5/U24/CO (FADDX1_RVT)                            0.10 &     1.56 r
  ctmTdsLR_1_114/Y (AO21X1_RVT)                           0.10 &     1.66 r
  ctmTdsLR_1_64/Y (AO21X1_RVT)                            0.10 &     1.76 r
  ctmTdsLR_1_42/Y (AO21X1_RVT)                            0.10 &     1.86 r
  ZBUF_5_inst_9/Y (NBUFFX2_RVT)                           0.06 &     1.92 r
  ctmTdsLR_1_121/Y (XOR3X1_RVT)                           0.08 &     1.99 f
  Sum[27] (out)                                           0.00 &     1.99 f
  data arrival time                                                  1.99

  clock VCLK (rise edge)                                  2.00       2.00
  clock network delay (ideal)                             0.00       2.00
  clock reconvergence pessimism                           0.00       2.00
  clock uncertainty                                      -0.15       1.85
  output external delay                                  -0.50       1.35
  data required time                                                 1.35
  ------------------------------------------------------------------------------
  data required time                                                 1.35
  data arrival time                                                 -1.99
  ------------------------------------------------------------------------------
  slack (VIOLATED)                                                  -0.64


  Startpoint: B[0] (input port clocked by VCLK)
  Endpoint: Sum[28] (output port clocked by VCLK)
  Path Group: VCLK
  Path Type: max

  Point                                                   Incr       Path
  ------------------------------------------------------------------------------
  clock VCLK (rise edge)                                  0.00       0.00
  clock network delay (ideal)                             0.00       0.00
  input external delay                                    0.50       0.50 r
  B[0] (in)                                               0.04 &     0.54 r
  ctmTdsLR_1_67/Y (NAND2X0_RVT)                           0.05 &     0.58 f
  ctmTdsLR_1_85/Y (NAND3X0_RVT)                           0.07 &     0.65 r
  intadd_5/U32/CO (FADDX1_RVT)                            0.11 &     0.76 r
  intadd_5/U31/CO (FADDX1_RVT)                            0.10 &     0.86 r
  intadd_5/U30/CO (FADDX1_RVT)                            0.10 &     0.96 r
  intadd_5/U29/CO (FADDX1_RVT)                            0.10 &     1.05 r
  intadd_5/U28/CO (FADDX1_RVT)                            0.10 &     1.16 r
  intadd_5/U27/CO (FADDX1_RVT)                            0.10 &     1.26 r
  intadd_5/U26/CO (FADDX1_RVT)                            0.10 &     1.36 r
  intadd_5/U25/CO (FADDX1_RVT)                            0.10 &     1.46 r
  intadd_5/U24/CO (FADDX1_RVT)                            0.10 &     1.56 r
  ctmTdsLR_1_114/Y (AO21X1_RVT)                           0.10 &     1.66 r
  ctmTdsLR_1_64/Y (AO21X1_RVT)                            0.10 &     1.76 r
  ctmTdsLR_1_169/Y (AOI21X1_RVT)                          0.11 &     1.87 f
  ctmTdsLR_5_81/Y (NAND3X0_RVT)                           0.04 &     1.91 r
  ctmTdsLR_1_77/Y (NAND3X0_RVT)                           0.08 &     1.98 f
  Sum[28] (out)                                           0.00 &     1.98 f
  data arrival time                                                  1.98

  clock VCLK (rise edge)                                  2.00       2.00
  clock network delay (ideal)                             0.00       2.00
  clock reconvergence pessimism                           0.00       2.00
  clock uncertainty                                      -0.15       1.85
  output external delay                                  -0.50       1.35
  data required time                                                 1.35
  ------------------------------------------------------------------------------
  data required time                                                 1.35
  data arrival time                                                 -1.98
  ------------------------------------------------------------------------------
  slack (VIOLATED)                                                  -0.63


  Startpoint: B[0] (input port clocked by VCLK)
  Endpoint: Sum[18] (output port clocked by VCLK)
  Path Group: VCLK
  Path Type: max

  Point                                                   Incr       Path
  ------------------------------------------------------------------------------
  clock VCLK (rise edge)                                  0.00       0.00
  clock network delay (ideal)                             0.00       0.00
  input external delay                                    0.50       0.50 r
  B[0] (in)                                               0.04 &     0.54 r
  ctmTdsLR_1_67/Y (NAND2X0_RVT)                           0.05 &     0.58 f
  ctmTdsLR_1_85/Y (NAND3X0_RVT)                           0.07 &     0.65 r
  intadd_5/U32/CO (FADDX1_RVT)                            0.11 &     0.76 r
  intadd_5/U31/CO (FADDX1_RVT)                            0.10 &     0.86 r
  intadd_5/U30/CO (FADDX1_RVT)                            0.10 &     0.96 r
  intadd_5/U29/CO (FADDX1_RVT)                            0.10 &     1.05 r
  intadd_5/U28/CO (FADDX1_RVT)                            0.10 &     1.16 r
  intadd_5/U27/CO (FADDX1_RVT)                            0.10 &     1.26 r
  intadd_5/U26/CO (FADDX1_RVT)                            0.10 &     1.36 r
  intadd_5/U25/CO (FADDX1_RVT)                            0.10 &     1.46 r
  intadd_5/U24/CO (FADDX1_RVT)                            0.10 &     1.56 r
  ctmTdsLR_1_114/Y (AO21X1_RVT)                           0.10 &     1.66 r
  ZBUF_32_inst_263/Y (NBUFFX2_RVT)                        0.07 &     1.72 r
  U87/Y (AO21X1_RVT)                                      0.11 &     1.83 r
  ctmTdsLR_1_221/Y (OR3X2_RVT)                            0.08 &     1.92 r
  ctmTdsLR_1_58/Y (NAND4X0_RVT)                           0.07 &     1.98 f
  Sum[18] (out)                                           0.00 &     1.98 f
  data arrival time                                                  1.98

  clock VCLK (rise edge)                                  2.00       2.00
  clock network delay (ideal)                             0.00       2.00
  clock reconvergence pessimism                           0.00       2.00
  clock uncertainty                                      -0.15       1.85
  output external delay                                  -0.50       1.35
  data required time                                                 1.35
  ------------------------------------------------------------------------------
  data required time                                                 1.35
  data arrival time                                                 -1.98
  ------------------------------------------------------------------------------
  slack (VIOLATED)                                                  -0.63


  Startpoint: B[0] (input port clocked by VCLK)
  Endpoint: Sum[25] (output port clocked by VCLK)
  Path Group: VCLK
  Path Type: max

  Point                                                   Incr       Path
  ------------------------------------------------------------------------------
  clock VCLK (rise edge)                                  0.00       0.00
  clock network delay (ideal)                             0.00       0.00
  input external delay                                    0.50       0.50 r
  B[0] (in)                                               0.04 &     0.54 r
  ctmTdsLR_1_67/Y (NAND2X0_RVT)                           0.05 &     0.58 f
  ctmTdsLR_1_85/Y (NAND3X0_RVT)                           0.07 &     0.65 r
  intadd_5/U32/CO (FADDX1_RVT)                            0.11 &     0.76 r
  intadd_5/U31/CO (FADDX1_RVT)                            0.10 &     0.86 r
  intadd_5/U30/CO (FADDX1_RVT)                            0.10 &     0.96 r
  intadd_5/U29/CO (FADDX1_RVT)                            0.10 &     1.05 r
  intadd_5/U28/CO (FADDX1_RVT)                            0.10 &     1.16 r
  intadd_5/U27/CO (FADDX1_RVT)                            0.10 &     1.26 r
  intadd_5/U26/CO (FADDX1_RVT)                            0.10 &     1.36 r
  intadd_5/U25/CO (FADDX1_RVT)                            0.10 &     1.46 r
  intadd_5/U24/CO (FADDX1_RVT)                            0.10 &     1.56 r
  ctmTdsLR_1_114/Y (AO21X1_RVT)                           0.10 &     1.66 r
  ctmTdsLR_1_107/Y (AO21X1_RVT)                           0.11 &     1.77 r
  ctmTdsLR_1_232/Y (AOI21X1_RVT)                          0.11 &     1.88 f
  ctmTdsLR_2_233/Y (XNOR3X1_RVT)                          0.10 &     1.98 r
  Sum[25] (out)                                           0.00 &     1.98 r
  data arrival time                                                  1.98

  clock VCLK (rise edge)                                  2.00       2.00
  clock network delay (ideal)                             0.00       2.00
  clock reconvergence pessimism                           0.00       2.00
  clock uncertainty                                      -0.15       1.85
  output external delay                                  -0.50       1.35
  data required time                                                 1.35
  ------------------------------------------------------------------------------
  data required time                                                 1.35
  data arrival time                                                 -1.98
  ------------------------------------------------------------------------------
  slack (VIOLATED)                                                  -0.63


  Startpoint: B[0] (input port clocked by VCLK)
  Endpoint: Sum[14] (output port clocked by VCLK)
  Path Group: VCLK
  Path Type: max

  Point                                                   Incr       Path
  ------------------------------------------------------------------------------
  clock VCLK (rise edge)                                  0.00       0.00
  clock network delay (ideal)                             0.00       0.00
  input external delay                                    0.50       0.50 r
  B[0] (in)                                               0.04 &     0.54 r
  ctmTdsLR_1_67/Y (NAND2X0_RVT)                           0.05 &     0.58 f
  ctmTdsLR_1_85/Y (NAND3X0_RVT)                           0.07 &     0.65 r
  intadd_5/U32/CO (FADDX1_RVT)                            0.11 &     0.76 r
  intadd_5/U31/CO (FADDX1_RVT)                            0.10 &     0.86 r
  intadd_5/U30/CO (FADDX1_RVT)                            0.10 &     0.96 r
  intadd_5/U29/CO (FADDX1_RVT)                            0.10 &     1.05 r
  intadd_5/U28/CO (FADDX1_RVT)                            0.10 &     1.16 r
  intadd_5/U27/CO (FADDX1_RVT)                            0.10 &     1.26 r
  intadd_5/U26/CO (FADDX1_RVT)                            0.10 &     1.36 r
  intadd_5/U25/CO (FADDX1_RVT)                            0.10 &     1.46 r
  intadd_5/U24/CO (FADDX1_RVT)                            0.10 &     1.56 r
  ZBUF_9_inst_264/Y (NBUFFX2_RVT)                         0.05 &     1.61 r
  intadd_5/U23/CO (FADDX1_RVT)                            0.12 &     1.73 r
  U83/Y (AO21X1_RVT)                                      0.10 &     1.82 r
  intadd_5/U19/S (FADDX1_RVT)                             0.15 &     1.98 f
  Sum[14] (out)                                           0.00 &     1.98 f
  data arrival time                                                  1.98

  clock VCLK (rise edge)                                  2.00       2.00
  clock network delay (ideal)                             0.00       2.00
  clock reconvergence pessimism                           0.00       2.00
  clock uncertainty                                      -0.15       1.85
  output external delay                                  -0.50       1.35
  data required time                                                 1.35
  ------------------------------------------------------------------------------
  data required time                                                 1.35
  data arrival time                                                 -1.98
  ------------------------------------------------------------------------------
  slack (VIOLATED)                                                  -0.63

Warning: report_timing has satisfied the max_paths criteria. There are 16 further endpoints which have paths of interest with slack less than     0.00 that were not considered when generating this report. (UITE-502)

1
