 
****************************************
Report : timing
        -path full
        -delay max
        -max_paths 1
Design : han_carlson_32
Version: T-2022.03-SP5
Date   : Sat Feb 28 18:39:18 2026
****************************************

Operating Conditions: tt1p05v25c   Library: saed32rvt_tt1p05v25c
Wire Load Model Mode: enclosed

  Startpoint: Cin (input port)
  Endpoint: Cout (output port)
  Path Group: default
  Path Type: max

  Des/Clust/Port     Wire Load Model       Library
  ------------------------------------------------
  han_carlson_32     8000                  saed32rvt_tt1p05v25c

  Point                                    Incr       Path
  -----------------------------------------------------------
  input external delay                     0.00       0.00 r
  Cin (in)                                 0.00       0.00 r
  U118/Y (NAND2X0_RVT)                     0.03       0.03 f
  U35/Y (INVX0_RVT)                        0.03       0.06 r
  U81/Y (AO21X1_RVT)                       0.04       0.11 r
  U79/Y (AND2X1_RVT)                       0.05       0.15 r
  U78/Y (OR2X1_RVT)                        0.05       0.20 r
  U161/Y (AO21X1_RVT)                      0.07       0.27 r
  U38/Y (INVX0_RVT)                        0.04       0.30 f
  U39/Y (OAI21X1_RVT)                      0.08       0.39 r
  U84/Y (AO22X1_RVT)                       0.05       0.44 r
  U83/Y (OR2X1_RVT)                        0.05       0.48 r
  U267/CO (FADDX1_RVT)                     0.09       0.58 r
  U170/Y (NAND2X0_RVT)                     0.03       0.61 f
  U172/Y (NAND3X0_RVT)                     0.04       0.65 r
  U173/Y (NAND2X0_RVT)                     0.03       0.69 f
  U175/Y (NAND3X0_RVT)                     0.04       0.73 r
  U266/CO (FADDX1_RVT)                     0.09       0.82 r
  U73/Y (AO21X1_RVT)                       0.07       0.89 r
  U180/Y (AO22X1_RVT)                      0.06       0.95 r
  U93/Y (AO21X1_RVT)                       0.07       1.02 r
  U183/Y (AO22X1_RVT)                      0.06       1.07 r
  U185/Y (AO22X1_RVT)                      0.05       1.12 r
  Cout (out)                               0.00       1.12 r
  data arrival time                                   1.12

  max_delay                                1.30       1.30
  output external delay                    0.00       1.30
  data required time                                  1.30
  -----------------------------------------------------------
  data required time                                  1.30
  data arrival time                                  -1.12
  -----------------------------------------------------------
  slack (MET)                                         0.18


1
