 
****************************************
Report : area
Design : han_carlson_32
Version: T-2022.03-SP5
Date   : Sat Feb 28 18:39:18 2026
****************************************

Library(s) Used:

    saed32rvt_tt1p05v25c (File: /home2/synopsys/libraries/SAED32_EDK/lib/stdcell_rvt/db_nldm/saed32rvt_tt1p05v25c.db)

Number of ports:                           98
Number of nets:                           302
Number of cells:                          235
Number of combinational cells:            235
Number of sequential cells:                 0
Number of macros/black boxes:               0
Number of buf/inv:                         50
Number of references:                      17

Combinational area:                569.282556
Buf/Inv area:                       63.536000
Noncombinational area:               0.000000
Macro/Black Box area:                0.000000
Net Interconnect area:              80.734308

Total cell area:                   569.282556
Total area:                        650.016864
1
