[icc2-lic Thu May 21 20:56:32 2026] Command 'report_timing' requires licenses
[icc2-lic Thu May 21 20:56:32 2026] Attempting to check-out alternate set of keys directly with queueing
[icc2-lic Thu May 21 20:56:32 2026] Sending count request for 'ICCompilerII-8' 
[icc2-lic Thu May 21 20:56:32 2026] Count request for 'ICCompilerII-8' returned 1 
[icc2-lic Thu May 21 20:56:32 2026] Sending check-out request for 'ICCompilerII-8' (1) with wait option
[icc2-lic Thu May 21 20:56:32 2026] Check-out request for 'ICCompilerII-8' with wait option succeeded
[icc2-lic Thu May 21 20:56:32 2026] Sending checkout check request for 'ICCompilerII-8' 
[icc2-lic Thu May 21 20:56:32 2026] Checkout check request for 'ICCompilerII-8' returned 0 
[icc2-lic Thu May 21 20:56:32 2026] Sending count request for 'ICCompilerII-8' 
[icc2-lic Thu May 21 20:56:32 2026] Count request for 'ICCompilerII-8' returned 1 
[icc2-lic Thu May 21 20:56:32 2026] Sending count request for 'ICCompilerII-NX' 
[icc2-lic Thu May 21 20:56:32 2026] Count request for 'ICCompilerII-NX' returned 1 
[icc2-lic Thu May 21 20:56:32 2026] Sending check-out request for 'ICCompilerII-NX' (1) with wait option
[icc2-lic Thu May 21 20:56:32 2026] Check-out request for 'ICCompilerII-NX' with wait option succeeded
[icc2-lic Thu May 21 20:56:32 2026] Sending checkout check request for 'ICCompilerII-NX' 
[icc2-lic Thu May 21 20:56:32 2026] Checkout check request for 'ICCompilerII-NX' returned 0 
[icc2-lic Thu May 21 20:56:32 2026] Sending count request for 'ICCompilerII-NX' 
[icc2-lic Thu May 21 20:56:32 2026] Count request for 'ICCompilerII-NX' returned 1 
[icc2-lic Thu May 21 20:56:32 2026] Check-out of alternate set of keys directly with queueing was successful
****************************************
Report : timing
        -path_type full
        -delay_type min
        -max_paths 50
        -report_by design
Design : csla32_bec
Version: U-2022.12-SP3
Date   : Thu May 21 20:56:32 2026
****************************************

  Startpoint: A[11] (input port clocked by VCLK)
  Endpoint: Sum[11] (output port clocked by VCLK)
  Mode: FUNC
  Corner: FF
  Scenario: SCEN_FF
  Path Group: **in2out_default**
  Path Type: min

  Point                                            Incr      Path  
  ------------------------------------------------------------------------
  clock VCLK (rise edge)                           0.00      0.00
  clock network delay (ideal)                      0.00      0.01
  input external delay                             0.00      0.01 f
  A[11] (in)                                       0.01      0.01 f
  U166/Y (OA21X1_RVT)                              0.04      0.05 f
  U103/Y (OA21X1_RVT)                              0.04      0.08 f
  Sum[11] (out)                                    0.00      0.08 f
  data arrival time                                          0.08

  clock VCLK (rise edge)                           0.00      0.00
  clock network delay (ideal)                      0.00      0.00
  clock uncertainty                                0.05      0.05
  output external delay                           -0.00      0.05
  data required time                                         0.05
  ------------------------------------------------------------------------
  data required time                                         0.05
  data arrival time                                         -0.08
  ------------------------------------------------------------------------
  slack (MET)                                                0.03



  Startpoint: A[7] (input port clocked by VCLK)
  Endpoint: Sum[7] (output port clocked by VCLK)
  Mode: FUNC
  Corner: FF
  Scenario: SCEN_FF
  Path Group: **in2out_default**
  Path Type: min

  Point                                            Incr      Path  
  ------------------------------------------------------------------------
  clock VCLK (rise edge)                           0.00      0.00
  clock network delay (ideal)                      0.00      0.01
  input external delay                             0.00      0.01 f
  A[7] (in)                                        0.01      0.01 f
  U162/Y (OA21X1_RVT)                              0.04      0.04 f
  U101/Y (OA21X1_RVT)                              0.04      0.09 f
  Sum[7] (out)                                     0.00      0.09 f
  data arrival time                                          0.09

  clock VCLK (rise edge)                           0.00      0.00
  clock network delay (ideal)                      0.00      0.00
  clock uncertainty                                0.05      0.05
  output external delay                           -0.00      0.05
  data required time                                         0.05
  ------------------------------------------------------------------------
  data required time                                         0.05
  data arrival time                                         -0.09
  ------------------------------------------------------------------------
  slack (MET)                                                0.04



  Startpoint: A[2] (input port clocked by VCLK)
  Endpoint: Sum[2] (output port clocked by VCLK)
  Mode: FUNC
  Corner: FF
  Scenario: SCEN_FF
  Path Group: **in2out_default**
  Path Type: min

  Point                                            Incr      Path  
  ------------------------------------------------------------------------
  clock VCLK (rise edge)                           0.00      0.00
  clock network delay (ideal)                      0.00      0.01
  input external delay                             0.00      0.01 f
  A[2] (in)                                        0.01      0.01 f
  U146/Y (OA21X1_RVT)                              0.04      0.04 f
  U148/Y (OA21X1_RVT)                              0.04      0.09 f
  Sum[2] (out)                                     0.00      0.09 f
  data arrival time                                          0.09

  clock VCLK (rise edge)                           0.00      0.00
  clock network delay (ideal)                      0.00      0.00
  clock uncertainty                                0.05      0.05
  output external delay                           -0.00      0.05
  data required time                                         0.05
  ------------------------------------------------------------------------
  data required time                                         0.05
  data arrival time                                         -0.09
  ------------------------------------------------------------------------
  slack (MET)                                                0.04



  Startpoint: A[4] (input port clocked by VCLK)
  Endpoint: Sum[4] (output port clocked by VCLK)
  Mode: FUNC
  Corner: FF
  Scenario: SCEN_FF
  Path Group: **in2out_default**
  Path Type: min

  Point                                            Incr      Path  
  ------------------------------------------------------------------------
  clock VCLK (rise edge)                           0.00      0.00
  clock network delay (ideal)                      0.00      0.01
  input external delay                             0.00      0.01 f
  A[4] (in)                                        0.01      0.01 f
  U150/Y (OA21X1_RVT)                              0.04      0.04 f
  U154/Y (OA21X1_RVT)                              0.04      0.09 f
  Sum[4] (out)                                     0.00      0.09 f
  data arrival time                                          0.09

  clock VCLK (rise edge)                           0.00      0.00
  clock network delay (ideal)                      0.00      0.00
  clock uncertainty                                0.05      0.05
  output external delay                           -0.00      0.05
  data required time                                         0.05
  ------------------------------------------------------------------------
  data required time                                         0.05
  data arrival time                                         -0.09
  ------------------------------------------------------------------------
  slack (MET)                                                0.04



  Startpoint: A[8] (input port clocked by VCLK)
  Endpoint: Sum[8] (output port clocked by VCLK)
  Mode: FUNC
  Corner: FF
  Scenario: SCEN_FF
  Path Group: **in2out_default**
  Path Type: min

  Point                                            Incr      Path  
  ------------------------------------------------------------------------
  clock VCLK (rise edge)                           0.00      0.00
  clock network delay (ideal)                      0.00      0.01
  input external delay                             0.00      0.01 r
  A[8] (in)                                        0.01      0.01 r
  intadd_3/U4/S (FADDX1_RVT)                       0.05      0.05 r
  U197/Y (OA21X1_RVT)                              0.04      0.09 r
  Sum[8] (out)                                     0.00      0.09 r
  data arrival time                                          0.09

  clock VCLK (rise edge)                           0.00      0.00
  clock network delay (ideal)                      0.00      0.00
  clock uncertainty                                0.05      0.05
  output external delay                           -0.00      0.05
  data required time                                         0.05
  ------------------------------------------------------------------------
  data required time                                         0.05
  data arrival time                                         -0.09
  ------------------------------------------------------------------------
  slack (MET)                                                0.04



  Startpoint: A[24] (input port clocked by VCLK)
  Endpoint: Sum[24] (output port clocked by VCLK)
  Mode: FUNC
  Corner: FF
  Scenario: SCEN_FF
  Path Group: **in2out_default**
  Path Type: min

  Point                                            Incr      Path  
  ------------------------------------------------------------------------
  clock VCLK (rise edge)                           0.00      0.00
  clock network delay (ideal)                      0.00      0.00
  input external delay                             0.00      0.00 r
  A[24] (in)                                       0.00      0.00 r
  U175/Y (OA21X1_RVT)                              0.04      0.05 r
  U106/Y (OA21X1_RVT)                              0.04      0.09 r
  Sum[24] (out)                                    0.00      0.09 r
  data arrival time                                          0.09

  clock VCLK (rise edge)                           0.00      0.00
  clock network delay (ideal)                      0.00      0.00
  clock uncertainty                                0.05      0.05
  output external delay                           -0.00      0.05
  data required time                                         0.05
  ------------------------------------------------------------------------
  data required time                                         0.05
  data arrival time                                         -0.09
  ------------------------------------------------------------------------
  slack (MET)                                                0.04



  Startpoint: A[31] (input port clocked by VCLK)
  Endpoint: Sum[31] (output port clocked by VCLK)
  Mode: FUNC
  Corner: FF
  Scenario: SCEN_FF
  Path Group: **in2out_default**
  Path Type: min

  Point                                            Incr      Path  
  ------------------------------------------------------------------------
  clock VCLK (rise edge)                           0.00      0.00
  clock network delay (ideal)                      0.00      0.01
  input external delay                             0.00      0.01 r
  A[31] (in)                                       0.01      0.01 r
  intadd_0/U2/S (FADDX1_RVT)                       0.05      0.06 r
  U214/SO (HADDX1_RVT)                             0.03      0.09 r
  Sum[31] (out)                                    0.00      0.09 r
  data arrival time                                          0.09

  clock VCLK (rise edge)                           0.00      0.00
  clock network delay (ideal)                      0.00      0.00
  clock uncertainty                                0.05      0.05
  output external delay                           -0.00      0.05
  data required time                                         0.05
  ------------------------------------------------------------------------
  data required time                                         0.05
  data arrival time                                         -0.09
  ------------------------------------------------------------------------
  slack (MET)                                                0.04



  Startpoint: A[12] (input port clocked by VCLK)
  Endpoint: Sum[12] (output port clocked by VCLK)
  Mode: FUNC
  Corner: FF
  Scenario: SCEN_FF
  Path Group: **in2out_default**
  Path Type: min

  Point                                            Incr      Path  
  ------------------------------------------------------------------------
  clock VCLK (rise edge)                           0.00      0.00
  clock network delay (ideal)                      0.00      0.01
  input external delay                             0.00      0.01 r
  A[12] (in)                                       0.01      0.01 r
  intadd_2/U6/S (FADDX1_RVT)                       0.05      0.06 r
  U182/Y (OA21X1_RVT)                              0.03      0.09 r
  Sum[12] (out)                                    0.00      0.09 r
  data arrival time                                          0.09

  clock VCLK (rise edge)                           0.00      0.00
  clock network delay (ideal)                      0.00      0.00
  clock uncertainty                                0.05      0.05
  output external delay                           -0.00      0.05
  data required time                                         0.05
  ------------------------------------------------------------------------
  data required time                                         0.05
  data arrival time                                         -0.09
  ------------------------------------------------------------------------
  slack (MET)                                                0.04



  Startpoint: B[16] (input port clocked by VCLK)
  Endpoint: Sum[16] (output port clocked by VCLK)
  Mode: FUNC
  Corner: FF
  Scenario: SCEN_FF
  Path Group: **in2out_default**
  Path Type: min

  Point                                            Incr      Path  
  ------------------------------------------------------------------------
  clock VCLK (rise edge)                           0.00      0.00
  clock network delay (ideal)                      0.00      0.01
  input external delay                             0.00      0.01 r
  B[16] (in)                                       0.01      0.01 r
  intadd_2/U2/S (FADDX1_RVT)                       0.05      0.06 f
  U186/Y (OA21X1_RVT)                              0.03      0.09 f
  Sum[16] (out)                                    0.00      0.09 f
  data arrival time                                          0.09

  clock VCLK (rise edge)                           0.00      0.00
  clock network delay (ideal)                      0.00      0.00
  clock uncertainty                                0.05      0.05
  output external delay                           -0.00      0.05
  data required time                                         0.05
  ------------------------------------------------------------------------
  data required time                                         0.05
  data arrival time                                         -0.09
  ------------------------------------------------------------------------
  slack (MET)                                                0.04



  Startpoint: A[27] (input port clocked by VCLK)
  Endpoint: Sum[27] (output port clocked by VCLK)
  Mode: FUNC
  Corner: FF
  Scenario: SCEN_FF
  Path Group: **in2out_default**
  Path Type: min

  Point                                            Incr      Path  
  ------------------------------------------------------------------------
  clock VCLK (rise edge)                           0.00      0.00
  clock network delay (ideal)                      0.00      0.01
  input external delay                             0.00      0.01 r
  A[27] (in)                                       0.01      0.01 r
  intadd_0/U6/S (FADDX1_RVT)                       0.05      0.06 r
  U211/Y (OA21X1_RVT)                              0.04      0.09 r
  Sum[27] (out)                                    0.00      0.09 r
  data arrival time                                          0.09

  clock VCLK (rise edge)                           0.00      0.00
  clock network delay (ideal)                      0.00      0.00
  clock uncertainty                                0.05      0.05
  output external delay                           -0.00      0.05
  data required time                                         0.05
  ------------------------------------------------------------------------
  data required time                                         0.05
  data arrival time                                         -0.09
  ------------------------------------------------------------------------
  slack (MET)                                                0.04



  Startpoint: A[23] (input port clocked by VCLK)
  Endpoint: Sum[23] (output port clocked by VCLK)
  Mode: FUNC
  Corner: FF
  Scenario: SCEN_FF
  Path Group: **in2out_default**
  Path Type: min

  Point                                            Incr      Path  
  ------------------------------------------------------------------------
  clock VCLK (rise edge)                           0.00      0.00
  clock network delay (ideal)                      0.00      0.01
  input external delay                             0.00      0.01 r
  A[23] (in)                                       0.01      0.01 r
  intadd_1/U2/S (FADDX1_RVT)                       0.05      0.06 r
  U205/Y (OA21X1_RVT)                              0.04      0.09 r
  Sum[23] (out)                                    0.00      0.09 r
  data arrival time                                          0.09

  clock VCLK (rise edge)                           0.00      0.00
  clock network delay (ideal)                      0.00      0.00
  clock uncertainty                                0.05      0.05
  output external delay                           -0.00      0.05
  data required time                                         0.05
  ------------------------------------------------------------------------
  data required time                                         0.05
  data arrival time                                         -0.09
  ------------------------------------------------------------------------
  slack (MET)                                                0.04



  Startpoint: B[1] (input port clocked by VCLK)
  Endpoint: Sum[1] (output port clocked by VCLK)
  Mode: FUNC
  Corner: FF
  Scenario: SCEN_FF
  Path Group: **in2out_default**
  Path Type: min

  Point                                            Incr      Path  
  ------------------------------------------------------------------------
  clock VCLK (rise edge)                           0.00      0.00
  clock network delay (ideal)                      0.00      0.02
  input external delay                             0.00      0.02 r
  B[1] (in)                                        0.02      0.02 r
  U213/Y (XOR3X1_RVT)                              0.08      0.09 f
  Sum[1] (out)                                     0.00      0.09 f
  data arrival time                                          0.09

  clock VCLK (rise edge)                           0.00      0.00
  clock network delay (ideal)                      0.00      0.00
  clock uncertainty                                0.05      0.05
  output external delay                           -0.00      0.05
  data required time                                         0.05
  ------------------------------------------------------------------------
  data required time                                         0.05
  data arrival time                                         -0.09
  ------------------------------------------------------------------------
  slack (MET)                                                0.04



  Startpoint: A[28] (input port clocked by VCLK)
  Endpoint: Sum[28] (output port clocked by VCLK)
  Mode: FUNC
  Corner: FF
  Scenario: SCEN_FF
  Path Group: **in2out_default**
  Path Type: min

  Point                                            Incr      Path  
  ------------------------------------------------------------------------
  clock VCLK (rise edge)                           0.00      0.00
  clock network delay (ideal)                      0.00      0.01
  input external delay                             0.00      0.01 r
  A[28] (in)                                       0.01      0.01 r
  intadd_0/U5/S (FADDX1_RVT)                       0.05      0.06 r
  U209/Y (OA21X1_RVT)                              0.03      0.09 r
  Sum[28] (out)                                    0.00      0.09 r
  data arrival time                                          0.09

  clock VCLK (rise edge)                           0.00      0.00
  clock network delay (ideal)                      0.00      0.00
  clock uncertainty                                0.05      0.05
  output external delay                           -0.00      0.05
  data required time                                         0.05
  ------------------------------------------------------------------------
  data required time                                         0.05
  data arrival time                                         -0.09
  ------------------------------------------------------------------------
  slack (MET)                                                0.04



  Startpoint: A[14] (input port clocked by VCLK)
  Endpoint: Sum[14] (output port clocked by VCLK)
  Mode: FUNC
  Corner: FF
  Scenario: SCEN_FF
  Path Group: **in2out_default**
  Path Type: min

  Point                                            Incr      Path  
  ------------------------------------------------------------------------
  clock VCLK (rise edge)                           0.00      0.00
  clock network delay (ideal)                      0.00      0.01
  input external delay                             0.00      0.01 r
  A[14] (in)                                       0.01      0.01 r
  intadd_2/U4/S (FADDX1_RVT)                       0.05      0.06 r
  U207/Y (OA21X1_RVT)                              0.04      0.09 r
  Sum[14] (out)                                    0.00      0.09 r
  data arrival time                                          0.09

  clock VCLK (rise edge)                           0.00      0.00
  clock network delay (ideal)                      0.00      0.00
  clock uncertainty                                0.05      0.05
  output external delay                           -0.00      0.05
  data required time                                         0.05
  ------------------------------------------------------------------------
  data required time                                         0.05
  data arrival time                                         -0.09
  ------------------------------------------------------------------------
  slack (MET)                                                0.04



  Startpoint: A[3] (input port clocked by VCLK)
  Endpoint: Sum[3] (output port clocked by VCLK)
  Mode: FUNC
  Corner: FF
  Scenario: SCEN_FF
  Path Group: **in2out_default**
  Path Type: min

  Point                                            Incr      Path  
  ------------------------------------------------------------------------
  clock VCLK (rise edge)                           0.00      0.00
  clock network delay (ideal)                      0.00      0.01
  input external delay                             0.00      0.01 r
  A[3] (in)                                        0.01      0.01 r
  U151/S (FADDX1_RVT)                              0.05      0.06 r
  U187/Y (OA21X1_RVT)                              0.04      0.09 r
  Sum[3] (out)                                     0.00      0.09 r
  data arrival time                                          0.09

  clock VCLK (rise edge)                           0.00      0.00
  clock network delay (ideal)                      0.00      0.00
  clock uncertainty                                0.05      0.05
  output external delay                           -0.00      0.05
  data required time                                         0.05
  ------------------------------------------------------------------------
  data required time                                         0.05
  data arrival time                                         -0.09
  ------------------------------------------------------------------------
  slack (MET)                                                0.04



  Startpoint: A[25] (input port clocked by VCLK)
  Endpoint: Sum[25] (output port clocked by VCLK)
  Mode: FUNC
  Corner: FF
  Scenario: SCEN_FF
  Path Group: **in2out_default**
  Path Type: min

  Point                                            Incr      Path  
  ------------------------------------------------------------------------
  clock VCLK (rise edge)                           0.00      0.00
  clock network delay (ideal)                      0.00      0.01
  input external delay                             0.00      0.01 r
  A[25] (in)                                       0.01      0.01 r
  intadd_0/U8/S (FADDX1_RVT)                       0.05      0.06 r
  U178/Y (OA21X1_RVT)                              0.04      0.10 r
  Sum[25] (out)                                    0.00      0.10 r
  data arrival time                                          0.10

  clock VCLK (rise edge)                           0.00      0.00
  clock network delay (ideal)                      0.00      0.00
  clock uncertainty                                0.05      0.05
  output external delay                           -0.00      0.05
  data required time                                         0.05
  ------------------------------------------------------------------------
  data required time                                         0.05
  data arrival time                                         -0.10
  ------------------------------------------------------------------------
  slack (MET)                                                0.05



  Startpoint: B[6] (input port clocked by VCLK)
  Endpoint: Sum[6] (output port clocked by VCLK)
  Mode: FUNC
  Corner: FF
  Scenario: SCEN_FF
  Path Group: **in2out_default**
  Path Type: min

  Point                                            Incr      Path  
  ------------------------------------------------------------------------
  clock VCLK (rise edge)                           0.00      0.00
  clock network delay (ideal)                      0.00      0.01
  input external delay                             0.00      0.01 r
  B[6] (in)                                        0.01      0.01 r
  U159/S (FADDX1_RVT)                              0.05      0.06 r
  U184/Y (OA21X1_RVT)                              0.04      0.10 r
  Sum[6] (out)                                     0.00      0.10 r
  data arrival time                                          0.10

  clock VCLK (rise edge)                           0.00      0.00
  clock network delay (ideal)                      0.00      0.00
  clock uncertainty                                0.05      0.05
  output external delay                           -0.00      0.05
  data required time                                         0.05
  ------------------------------------------------------------------------
  data required time                                         0.05
  data arrival time                                         -0.10
  ------------------------------------------------------------------------
  slack (MET)                                                0.05



  Startpoint: A[26] (input port clocked by VCLK)
  Endpoint: Sum[26] (output port clocked by VCLK)
  Mode: FUNC
  Corner: FF
  Scenario: SCEN_FF
  Path Group: **in2out_default**
  Path Type: min

  Point                                            Incr      Path  
  ------------------------------------------------------------------------
  clock VCLK (rise edge)                           0.00      0.00
  clock network delay (ideal)                      0.00      0.01
  input external delay                             0.00      0.01 r
  A[26] (in)                                       0.01      0.01 r
  intadd_0/U7/S (FADDX1_RVT)                       0.05      0.06 r
  U202/Y (OA21X1_RVT)                              0.04      0.10 r
  Sum[26] (out)                                    0.00      0.10 r
  data arrival time                                          0.10

  clock VCLK (rise edge)                           0.00      0.00
  clock network delay (ideal)                      0.00      0.00
  clock uncertainty                                0.05      0.05
  output external delay                           -0.00      0.05
  data required time                                         0.05
  ------------------------------------------------------------------------
  data required time                                         0.05
  data arrival time                                         -0.10
  ------------------------------------------------------------------------
  slack (MET)                                                0.05



  Startpoint: A[20] (input port clocked by VCLK)
  Endpoint: Sum[20] (output port clocked by VCLK)
  Mode: FUNC
  Corner: FF
  Scenario: SCEN_FF
  Path Group: **in2out_default**
  Path Type: min

  Point                                            Incr      Path  
  ------------------------------------------------------------------------
  clock VCLK (rise edge)                           0.00      0.00
  clock network delay (ideal)                      0.00      0.01
  input external delay                             0.00      0.01 r
  A[20] (in)                                       0.01      0.01 r
  intadd_1/U5/S (FADDX1_RVT)                       0.05      0.06 r
  U200/Y (OA21X1_RVT)                              0.04      0.10 r
  Sum[20] (out)                                    0.00      0.10 r
  data arrival time                                          0.10

  clock VCLK (rise edge)                           0.00      0.00
  clock network delay (ideal)                      0.00      0.00
  clock uncertainty                                0.05      0.05
  output external delay                           -0.00      0.05
  data required time                                         0.05
  ------------------------------------------------------------------------
  data required time                                         0.05
  data arrival time                                         -0.10
  ------------------------------------------------------------------------
  slack (MET)                                                0.05



  Startpoint: A[21] (input port clocked by VCLK)
  Endpoint: Sum[21] (output port clocked by VCLK)
  Mode: FUNC
  Corner: FF
  Scenario: SCEN_FF
  Path Group: **in2out_default**
  Path Type: min

  Point                                            Incr      Path  
  ------------------------------------------------------------------------
  clock VCLK (rise edge)                           0.00      0.00
  clock network delay (ideal)                      0.00      0.01
  input external delay                             0.00      0.01 r
  A[21] (in)                                       0.01      0.01 r
  intadd_1/U4/S (FADDX1_RVT)                       0.05      0.06 r
  U195/Y (OA21X1_RVT)                              0.04      0.10 r
  Sum[21] (out)                                    0.00      0.10 r
  data arrival time                                          0.10

  clock VCLK (rise edge)                           0.00      0.00
  clock network delay (ideal)                      0.00      0.00
  clock uncertainty                                0.05      0.05
  output external delay                           -0.00      0.05
  data required time                                         0.05
  ------------------------------------------------------------------------
  data required time                                         0.05
  data arrival time                                         -0.10
  ------------------------------------------------------------------------
  slack (MET)                                                0.05



  Startpoint: A[15] (input port clocked by VCLK)
  Endpoint: Sum[15] (output port clocked by VCLK)
  Mode: FUNC
  Corner: FF
  Scenario: SCEN_FF
  Path Group: **in2out_default**
  Path Type: min

  Point                                            Incr      Path  
  ------------------------------------------------------------------------
  clock VCLK (rise edge)                           0.00      0.00
  clock network delay (ideal)                      0.00      0.01
  input external delay                             0.00      0.01 r
  A[15] (in)                                       0.01      0.01 r
  intadd_2/U3/S (FADDX1_RVT)                       0.05      0.06 r
  U104/Y (OA21X1_RVT)                              0.03      0.10 r
  Sum[15] (out)                                    0.00      0.10 r
  data arrival time                                          0.10

  clock VCLK (rise edge)                           0.00      0.00
  clock network delay (ideal)                      0.00      0.00
  clock uncertainty                                0.05      0.05
  output external delay                           -0.00      0.05
  data required time                                         0.05
  ------------------------------------------------------------------------
  data required time                                         0.05
  data arrival time                                         -0.10
  ------------------------------------------------------------------------
  slack (MET)                                                0.05



  Startpoint: A[30] (input port clocked by VCLK)
  Endpoint: Sum[30] (output port clocked by VCLK)
  Mode: FUNC
  Corner: FF
  Scenario: SCEN_FF
  Path Group: **in2out_default**
  Path Type: min

  Point                                            Incr      Path  
  ------------------------------------------------------------------------
  clock VCLK (rise edge)                           0.00      0.00
  clock network delay (ideal)                      0.00      0.01
  input external delay                             0.00      0.01 r
  A[30] (in)                                       0.01      0.01 r
  intadd_0/U3/S (FADDX1_RVT)                       0.05      0.06 r
  U193/Y (OA21X1_RVT)                              0.03      0.10 r
  Sum[30] (out)                                    0.00      0.10 r
  data arrival time                                          0.10

  clock VCLK (rise edge)                           0.00      0.00
  clock network delay (ideal)                      0.00      0.00
  clock uncertainty                                0.05      0.05
  output external delay                           -0.00      0.05
  data required time                                         0.05
  ------------------------------------------------------------------------
  data required time                                         0.05
  data arrival time                                         -0.10
  ------------------------------------------------------------------------
  slack (MET)                                                0.05



  Startpoint: A[29] (input port clocked by VCLK)
  Endpoint: Sum[29] (output port clocked by VCLK)
  Mode: FUNC
  Corner: FF
  Scenario: SCEN_FF
  Path Group: **in2out_default**
  Path Type: min

  Point                                            Incr      Path  
  ------------------------------------------------------------------------
  clock VCLK (rise edge)                           0.00      0.00
  clock network delay (ideal)                      0.00      0.01
  input external delay                             0.00      0.01 r
  A[29] (in)                                       0.01      0.01 r
  intadd_0/U4/S (FADDX1_RVT)                       0.05      0.06 r
  U180/Y (OA21X1_RVT)                              0.03      0.10 r
  Sum[29] (out)                                    0.00      0.10 r
  data arrival time                                          0.10

  clock VCLK (rise edge)                           0.00      0.00
  clock network delay (ideal)                      0.00      0.00
  clock uncertainty                                0.05      0.05
  output external delay                           -0.00      0.05
  data required time                                         0.05
  ------------------------------------------------------------------------
  data required time                                         0.05
  data arrival time                                         -0.10
  ------------------------------------------------------------------------
  slack (MET)                                                0.05



  Startpoint: A[22] (input port clocked by VCLK)
  Endpoint: Sum[22] (output port clocked by VCLK)
  Mode: FUNC
  Corner: FF
  Scenario: SCEN_FF
  Path Group: **in2out_default**
  Path Type: min

  Point                                            Incr      Path  
  ------------------------------------------------------------------------
  clock VCLK (rise edge)                           0.00      0.00
  clock network delay (ideal)                      0.00      0.01
  input external delay                             0.00      0.01 r
  A[22] (in)                                       0.01      0.01 r
  intadd_1/U3/S (FADDX1_RVT)                       0.05      0.06 r
  U174/Y (OA21X1_RVT)                              0.04      0.10 r
  Sum[22] (out)                                    0.00      0.10 r
  data arrival time                                          0.10

  clock VCLK (rise edge)                           0.00      0.00
  clock network delay (ideal)                      0.00      0.00
  clock uncertainty                                0.05      0.05
  output external delay                           -0.00      0.05
  data required time                                         0.05
  ------------------------------------------------------------------------
  data required time                                         0.05
  data arrival time                                         -0.10
  ------------------------------------------------------------------------
  slack (MET)                                                0.05



  Startpoint: A[10] (input port clocked by VCLK)
  Endpoint: Sum[10] (output port clocked by VCLK)
  Mode: FUNC
  Corner: FF
  Scenario: SCEN_FF
  Path Group: **in2out_default**
  Path Type: min

  Point                                            Incr      Path  
  ------------------------------------------------------------------------
  clock VCLK (rise edge)                           0.00      0.00
  clock network delay (ideal)                      0.00      0.01
  input external delay                             0.00      0.01 r
  A[10] (in)                                       0.01      0.01 r
  intadd_3/U2/S (FADDX1_RVT)                       0.05      0.06 r
  U190/Y (OA21X1_RVT)                              0.04      0.10 r
  Sum[10] (out)                                    0.00      0.10 r
  data arrival time                                          0.10

  clock VCLK (rise edge)                           0.00      0.00
  clock network delay (ideal)                      0.00      0.00
  clock uncertainty                                0.05      0.05
  output external delay                           -0.00      0.05
  data required time                                         0.05
  ------------------------------------------------------------------------
  data required time                                         0.05
  data arrival time                                         -0.10
  ------------------------------------------------------------------------
  slack (MET)                                                0.05



  Startpoint: B[17] (input port clocked by VCLK)
  Endpoint: Sum[17] (output port clocked by VCLK)
  Mode: FUNC
  Corner: FF
  Scenario: SCEN_FF
  Path Group: **in2out_default**
  Path Type: min

  Point                                            Incr      Path  
  ------------------------------------------------------------------------
  clock VCLK (rise edge)                           0.00      0.00
  clock network delay (ideal)                      0.00      0.01
  input external delay                             0.00      0.01 f
  B[17] (in)                                       0.01      0.01 f
  U170/Y (OA21X1_RVT)                              0.04      0.05 f
  ropt_h_inst_97/Y (NBUFFX2_RVT)                   0.02      0.07 f
  U105/Y (OA21X1_RVT)                              0.03      0.10 f
  Sum[17] (out)                                    0.00      0.10 f
  data arrival time                                          0.10

  clock VCLK (rise edge)                           0.00      0.00
  clock network delay (ideal)                      0.00      0.00
  clock uncertainty                                0.05      0.05
  output external delay                           -0.00      0.05
  data required time                                         0.05
  ------------------------------------------------------------------------
  data required time                                         0.05
  data arrival time                                         -0.10
  ------------------------------------------------------------------------
  slack (MET)                                                0.05



  Startpoint: B[31] (input port clocked by VCLK)
  Endpoint: Cout (output port clocked by VCLK)
  Mode: FUNC
  Corner: FF
  Scenario: SCEN_FF
  Path Group: **in2out_default**
  Path Type: min

  Point                                            Incr      Path  
  ------------------------------------------------------------------------
  clock VCLK (rise edge)                           0.00      0.00
  clock network delay (ideal)                      0.00      0.01
  input external delay                             0.00      0.01 r
  B[31] (in)                                       0.01      0.01 r
  intadd_0/U2/S (FADDX1_RVT)                       0.05      0.06 f
  U198/Y (AO21X1_RVT)                              0.04      0.10 f
  Cout (out)                                       0.00      0.10 f
  data arrival time                                          0.10

  clock VCLK (rise edge)                           0.00      0.00
  clock network delay (ideal)                      0.00      0.00
  clock uncertainty                                0.05      0.05
  output external delay                           -0.00      0.05
  data required time                                         0.05
  ------------------------------------------------------------------------
  data required time                                         0.05
  data arrival time                                         -0.10
  ------------------------------------------------------------------------
  slack (MET)                                                0.05



  Startpoint: A[9] (input port clocked by VCLK)
  Endpoint: Sum[9] (output port clocked by VCLK)
  Mode: FUNC
  Corner: FF
  Scenario: SCEN_FF
  Path Group: **in2out_default**
  Path Type: min

  Point                                            Incr      Path  
  ------------------------------------------------------------------------
  clock VCLK (rise edge)                           0.00      0.00
  clock network delay (ideal)                      0.00      0.01
  input external delay                             0.00      0.01 r
  A[9] (in)                                        0.01      0.01 r
  intadd_3/U3/S (FADDX1_RVT)                       0.05      0.06 r
  U165/Y (OA21X1_RVT)                              0.04      0.10 r
  Sum[9] (out)                                     0.00      0.10 r
  data arrival time                                          0.10

  clock VCLK (rise edge)                           0.00      0.00
  clock network delay (ideal)                      0.00      0.00
  clock uncertainty                                0.05      0.05
  output external delay                           -0.00      0.05
  data required time                                         0.05
  ------------------------------------------------------------------------
  data required time                                         0.05
  data arrival time                                         -0.10
  ------------------------------------------------------------------------
  slack (MET)                                                0.05



  Startpoint: B[19] (input port clocked by VCLK)
  Endpoint: Sum[19] (output port clocked by VCLK)
  Mode: FUNC
  Corner: FF
  Scenario: SCEN_FF
  Path Group: **in2out_default**
  Path Type: min

  Point                                            Incr      Path  
  ------------------------------------------------------------------------
  clock VCLK (rise edge)                           0.00      0.00
  clock network delay (ideal)                      0.00      0.01
  input external delay                             0.00      0.01 r
  B[19] (in)                                       0.01      0.01 r
  intadd_1/U6/S (FADDX1_RVT)                       0.05      0.06 f
  U172/Y (OA21X1_RVT)                              0.04      0.10 f
  Sum[19] (out)                                    0.00      0.10 f
  data arrival time                                          0.10

  clock VCLK (rise edge)                           0.00      0.00
  clock network delay (ideal)                      0.00      0.00
  clock uncertainty                                0.05      0.05
  output external delay                           -0.00      0.05
  data required time                                         0.05
  ------------------------------------------------------------------------
  data required time                                         0.05
  data arrival time                                         -0.10
  ------------------------------------------------------------------------
  slack (MET)                                                0.05



  Startpoint: B[5] (input port clocked by VCLK)
  Endpoint: Sum[5] (output port clocked by VCLK)
  Mode: FUNC
  Corner: FF
  Scenario: SCEN_FF
  Path Group: **in2out_default**
  Path Type: min

  Point                                            Incr      Path  
  ------------------------------------------------------------------------
  clock VCLK (rise edge)                           0.00      0.00
  clock network delay (ideal)                      0.00      0.01
  input external delay                             0.00      0.01 r
  B[5] (in)                                        0.01      0.01 r
  U158/S (FADDX1_RVT)                              0.05      0.06 r
  U100/Y (OA21X1_RVT)                              0.05      0.10 r
  Sum[5] (out)                                     0.00      0.10 r
  data arrival time                                          0.10

  clock VCLK (rise edge)                           0.00      0.00
  clock network delay (ideal)                      0.00      0.00
  clock uncertainty                                0.05      0.05
  output external delay                           -0.00      0.05
  data required time                                         0.05
  ------------------------------------------------------------------------
  data required time                                         0.05
  data arrival time                                         -0.10
  ------------------------------------------------------------------------
  slack (MET)                                                0.05



  Startpoint: A[18] (input port clocked by VCLK)
  Endpoint: Sum[18] (output port clocked by VCLK)
  Mode: FUNC
  Corner: FF
  Scenario: SCEN_FF
  Path Group: **in2out_default**
  Path Type: min

  Point                                            Incr      Path  
  ------------------------------------------------------------------------
  clock VCLK (rise edge)                           0.00      0.00
  clock network delay (ideal)                      0.00      0.01
  input external delay                             0.00      0.01 r
  A[18] (in)                                       0.01      0.01 r
  intadd_1/U7/S (FADDX1_RVT)                       0.05      0.05 r
  ctmTdsLR_1_82/Y (INVX0_RVT)                      0.01      0.07 f
  ctmTdsLR_2_83/Y (AOI21X1_RVT)                    0.05      0.11 r
  Sum[18] (out)                                    0.00      0.11 r
  data arrival time                                          0.11

  clock VCLK (rise edge)                           0.00      0.00
  clock network delay (ideal)                      0.00      0.00
  clock uncertainty                                0.05      0.05
  output external delay                           -0.00      0.05
  data required time                                         0.05
  ------------------------------------------------------------------------
  data required time                                         0.05
  data arrival time                                         -0.11
  ------------------------------------------------------------------------
  slack (MET)                                                0.06



  Startpoint: A[13] (input port clocked by VCLK)
  Endpoint: Sum[13] (output port clocked by VCLK)
  Mode: FUNC
  Corner: FF
  Scenario: SCEN_FF
  Path Group: **in2out_default**
  Path Type: min

  Point                                            Incr      Path  
  ------------------------------------------------------------------------
  clock VCLK (rise edge)                           0.00      0.00
  clock network delay (ideal)                      0.00      0.01
  input external delay                             0.00      0.01 r
  A[13] (in)                                       0.01      0.01 r
  intadd_2/U5/S (FADDX1_RVT)                       0.05      0.06 r
  ctmTdsLR_1_77/Y (INVX0_RVT)                      0.01      0.07 f
  ctmTdsLR_2_78/Y (AOI21X1_RVT)                    0.05      0.12 r
  Sum[13] (out)                                    0.00      0.12 r
  data arrival time                                          0.12

  clock VCLK (rise edge)                           0.00      0.00
  clock network delay (ideal)                      0.00      0.00
  clock uncertainty                                0.05      0.05
  output external delay                           -0.00      0.05
  data required time                                         0.05
  ------------------------------------------------------------------------
  data required time                                         0.05
  data arrival time                                         -0.12
  ------------------------------------------------------------------------
  slack (MET)                                                0.07



  Startpoint: B[0] (input port clocked by VCLK)
  Endpoint: Sum[0] (output port clocked by VCLK)
  Mode: FUNC
  Corner: FF
  Scenario: SCEN_FF
  Path Group: **in2out_default**
  Path Type: min

  Point                                            Incr      Path  
  ------------------------------------------------------------------------
  clock VCLK (rise edge)                           0.00      0.00
  clock network delay (ideal)                      0.00      0.01
  input external delay                             0.00      0.01 r
  B[0] (in)                                        0.01      0.01 r
  U206/Y (OA21X1_RVT)                              0.03      0.05 r
  ropt_h_inst_96/Y (DELLN1X2_RVT)                  0.10      0.15 r
  Sum[0] (out)                                     0.00      0.15 r
  data arrival time                                          0.15

  clock VCLK (rise edge)                           0.00      0.00
  clock network delay (ideal)                      0.00      0.00
  clock uncertainty                                0.05      0.05
  output external delay                           -0.00      0.05
  data required time                                         0.05
  ------------------------------------------------------------------------
  data required time                                         0.05
  data arrival time                                         -0.15
  ------------------------------------------------------------------------
  slack (MET)                                                0.10


1
