[icc2-lic Sun Mar 15 23:11:02 2026] Command 'report_timing' requires licenses
[icc2-lic Sun Mar 15 23:11:02 2026] Attempting to check-out alternate set of keys directly with queueing
[icc2-lic Sun Mar 15 23:11:02 2026] Sending count request for 'ICCompilerII-8' 
[icc2-lic Sun Mar 15 23:11:02 2026] Count request for 'ICCompilerII-8' returned 1 
[icc2-lic Sun Mar 15 23:11:02 2026] Sending check-out request for 'ICCompilerII-8' (1) with wait option
[icc2-lic Sun Mar 15 23:11:02 2026] Check-out request for 'ICCompilerII-8' with wait option succeeded
[icc2-lic Sun Mar 15 23:11:02 2026] Sending checkout check request for 'ICCompilerII-8' 
[icc2-lic Sun Mar 15 23:11:02 2026] Checkout check request for 'ICCompilerII-8' returned 0 
[icc2-lic Sun Mar 15 23:11:02 2026] Sending count request for 'ICCompilerII-8' 
[icc2-lic Sun Mar 15 23:11:02 2026] Count request for 'ICCompilerII-8' returned 1 
[icc2-lic Sun Mar 15 23:11:02 2026] Sending count request for 'ICCompilerII-NX' 
[icc2-lic Sun Mar 15 23:11:02 2026] Count request for 'ICCompilerII-NX' returned 1 
[icc2-lic Sun Mar 15 23:11:02 2026] Sending check-out request for 'ICCompilerII-NX' (1) with wait option
[icc2-lic Sun Mar 15 23:11:02 2026] Check-out request for 'ICCompilerII-NX' with wait option succeeded
[icc2-lic Sun Mar 15 23:11:02 2026] Sending checkout check request for 'ICCompilerII-NX' 
[icc2-lic Sun Mar 15 23:11:02 2026] Checkout check request for 'ICCompilerII-NX' returned 0 
[icc2-lic Sun Mar 15 23:11:02 2026] Sending count request for 'ICCompilerII-NX' 
[icc2-lic Sun Mar 15 23:11:02 2026] Count request for 'ICCompilerII-NX' returned 1 
[icc2-lic Sun Mar 15 23:11:02 2026] Check-out of alternate set of keys directly with queueing was successful
****************************************
Report : timing
        -path_type full
        -delay_type max
        -max_paths 20
        -report_by design
Design : csla32_bec
Version: U-2022.12-SP3
Date   : Sun Mar 15 23:11:02 2026
****************************************

  Startpoint: A[0] (input port)
  Endpoint: Sum[30] (output port)
  Mode: func
  Corner: typ
  Scenario: func_typ
  Path Group: **in2reg_default**
  Path Type: max

  Point                                            Incr      Path  
  ------------------------------------------------------------------------
  unclocked startpoint                             0.00      0.00

  A[0] (in)                                        0.00      0.00 f
  U405/Y (AND2X1_RVT)                              0.05      0.05 f
  intadd_10/U4/CO (FADDX1_RVT)                     0.04      0.10 f
  intadd_10/U3/CO (FADDX1_RVT)                     0.04      0.14 f
  intadd_10/U2/S (FADDX1_RVT)                      0.08      0.22 r
  U68/Y (AO22X1_RVT)                               0.05      0.27 r
  U152/Y (AOI21X1_RVT)                             0.05      0.32 f
  U101/Y (XNOR2X1_RVT)                             0.06      0.38 r
  U70/Y (OR3X1_RVT)                                0.05      0.42 r
  U69/Y (OR2X1_RVT)                                0.03      0.46 r
  U67/Y (OAI22X1_RVT)                              0.05      0.51 f
  U98/Y (AOI21X1_RVT)                              0.05      0.56 r
  U74/Y (XOR2X1_RVT)                               0.06      0.62 f
  U282/Y (NAND2X0_RVT)                             0.03      0.66 r
  U116/Y (NOR2X0_RVT)                              0.04      0.70 f
  U66/Y (AO21X1_RVT)                               0.05      0.75 f
  U291/Y (AOI21X1_RVT)                             0.06      0.81 r
  U62/Y (XOR2X1_RVT)                               0.06      0.87 f
  U293/Y (NAND2X0_RVT)                             0.04      0.90 r
  U75/Y (OR2X1_RVT)                                0.03      0.94 r
  U113/Y (NOR2X0_RVT)                              0.05      0.99 f
  U58/Y (AO22X1_RVT)                               0.04      1.03 f
  U57/Y (NBUFFX2_RVT)                              0.03      1.06 f
  U345/Y (AOI21X1_RVT)                             0.05      1.10 r
  U84/Y (XOR2X1_RVT)                               0.06      1.16 f
  U348/Y (NAND2X0_RVT)                             0.03      1.19 r
  U56/Y (OR2X1_RVT)                                0.04      1.23 r
  U157/Y (OR2X1_RVT)                               0.03      1.26 r
  U80/Y (NOR2X0_RVT)                               0.04      1.31 f
  U399/Y (XNOR2X1_RVT)                             0.05      1.36 r
  U400/Y (MUX21X1_RVT)                             0.06      1.42 r
  Sum[30] (out)                                    0.00      1.42 r
  data arrival time                                          1.42

  max_delay to non-endpoint                        1.50      1.50
  data required time                                         1.50
  ------------------------------------------------------------------------
  data required time                                         1.50
  data arrival time                                         -1.42
  ------------------------------------------------------------------------
  slack (MET)                                                0.08



  Startpoint: A[0] (input port)
  Endpoint: Sum[29] (output port)
  Mode: func
  Corner: typ
  Scenario: func_typ
  Path Group: **in2reg_default**
  Path Type: max

  Point                                            Incr      Path  
  ------------------------------------------------------------------------
  unclocked startpoint                             0.00      0.00

  A[0] (in)                                        0.00      0.00 f
  U405/Y (AND2X1_RVT)                              0.05      0.05 f
  intadd_10/U4/CO (FADDX1_RVT)                     0.04      0.10 f
  intadd_10/U3/CO (FADDX1_RVT)                     0.04      0.14 f
  intadd_10/U2/S (FADDX1_RVT)                      0.08      0.22 r
  U68/Y (AO22X1_RVT)                               0.05      0.27 r
  U152/Y (AOI21X1_RVT)                             0.05      0.32 f
  U101/Y (XNOR2X1_RVT)                             0.06      0.38 r
  U70/Y (OR3X1_RVT)                                0.05      0.42 r
  U69/Y (OR2X1_RVT)                                0.03      0.46 r
  U67/Y (OAI22X1_RVT)                              0.05      0.51 f
  U98/Y (AOI21X1_RVT)                              0.05      0.56 r
  U74/Y (XOR2X1_RVT)                               0.06      0.62 f
  U282/Y (NAND2X0_RVT)                             0.03      0.66 r
  U116/Y (NOR2X0_RVT)                              0.04      0.70 f
  U66/Y (AO21X1_RVT)                               0.05      0.75 f
  U291/Y (AOI21X1_RVT)                             0.06      0.81 r
  U62/Y (XOR2X1_RVT)                               0.06      0.87 f
  U293/Y (NAND2X0_RVT)                             0.04      0.90 r
  U75/Y (OR2X1_RVT)                                0.03      0.94 r
  U113/Y (NOR2X0_RVT)                              0.05      0.99 f
  U58/Y (AO22X1_RVT)                               0.04      1.03 f
  U57/Y (NBUFFX2_RVT)                              0.03      1.06 f
  U345/Y (AOI21X1_RVT)                             0.05      1.10 r
  U84/Y (XOR2X1_RVT)                               0.06      1.16 f
  U348/Y (NAND2X0_RVT)                             0.03      1.19 r
  U56/Y (OR2X1_RVT)                                0.04      1.23 r
  U157/Y (OR2X1_RVT)                               0.03      1.26 r
  U394/Y (NOR2X0_RVT)                              0.04      1.31 f
  U396/Y (XNOR2X1_RVT)                             0.05      1.36 r
  U397/Y (MUX21X1_RVT)                             0.06      1.42 r
  Sum[29] (out)                                    0.00      1.42 r
  data arrival time                                          1.42

  max_delay to non-endpoint                        1.50      1.50
  data required time                                         1.50
  ------------------------------------------------------------------------
  data required time                                         1.50
  data arrival time                                         -1.42
  ------------------------------------------------------------------------
  slack (MET)                                                0.08



  Startpoint: A[0] (input port)
  Endpoint: Sum[27] (output port)
  Mode: func
  Corner: typ
  Scenario: func_typ
  Path Group: **in2reg_default**
  Path Type: max

  Point                                            Incr      Path  
  ------------------------------------------------------------------------
  unclocked startpoint                             0.00      0.00

  A[0] (in)                                        0.00      0.00 f
  U405/Y (AND2X1_RVT)                              0.05      0.05 f
  intadd_10/U4/CO (FADDX1_RVT)                     0.04      0.10 f
  intadd_10/U3/CO (FADDX1_RVT)                     0.04      0.14 f
  intadd_10/U2/S (FADDX1_RVT)                      0.08      0.22 r
  U68/Y (AO22X1_RVT)                               0.05      0.27 r
  U152/Y (AOI21X1_RVT)                             0.05      0.32 f
  U101/Y (XNOR2X1_RVT)                             0.06      0.38 r
  U70/Y (OR3X1_RVT)                                0.05      0.42 r
  U69/Y (OR2X1_RVT)                                0.03      0.46 r
  U67/Y (OAI22X1_RVT)                              0.05      0.51 f
  U98/Y (AOI21X1_RVT)                              0.05      0.56 r
  U74/Y (XOR2X1_RVT)                               0.06      0.62 f
  U282/Y (NAND2X0_RVT)                             0.03      0.66 r
  U116/Y (NOR2X0_RVT)                              0.04      0.70 f
  U66/Y (AO21X1_RVT)                               0.05      0.75 f
  U291/Y (AOI21X1_RVT)                             0.06      0.81 r
  U62/Y (XOR2X1_RVT)                               0.06      0.87 f
  U293/Y (NAND2X0_RVT)                             0.04      0.90 r
  U75/Y (OR2X1_RVT)                                0.03      0.94 r
  U113/Y (NOR2X0_RVT)                              0.05      0.99 f
  U58/Y (AO22X1_RVT)                               0.04      1.03 f
  U57/Y (NBUFFX2_RVT)                              0.03      1.06 f
  U338/Y (AOI21X1_RVT)                             0.05      1.10 r
  U144/Y (XOR2X1_RVT)                              0.06      1.16 f
  U381/Y (INVX0_RVT)                               0.03      1.19 r
  U148/Y (NOR2X0_RVT)                              0.05      1.24 f
  U387/Y (NAND2X0_RVT)                             0.02      1.27 r
  U389/Y (XOR2X1_RVT)                              0.06      1.32 f
  U390/Y (MUX21X1_RVT)                             0.06      1.39 f
  Sum[27] (out)                                    0.00      1.39 f
  data arrival time                                          1.39

  max_delay to non-endpoint                        1.50      1.50
  data required time                                         1.50
  ------------------------------------------------------------------------
  data required time                                         1.50
  data arrival time                                         -1.39
  ------------------------------------------------------------------------
  slack (MET)                                                0.11



  Startpoint: A[0] (input port)
  Endpoint: Sum[31] (output port)
  Mode: func
  Corner: typ
  Scenario: func_typ
  Path Group: **in2reg_default**
  Path Type: max

  Point                                            Incr      Path  
  ------------------------------------------------------------------------
  unclocked startpoint                             0.00      0.00

  A[0] (in)                                        0.00      0.00 f
  U405/Y (AND2X1_RVT)                              0.05      0.05 f
  intadd_10/U4/CO (FADDX1_RVT)                     0.04      0.10 f
  intadd_10/U3/CO (FADDX1_RVT)                     0.04      0.14 f
  intadd_10/U2/S (FADDX1_RVT)                      0.08      0.22 r
  U68/Y (AO22X1_RVT)                               0.05      0.27 r
  U152/Y (AOI21X1_RVT)                             0.05      0.32 f
  U101/Y (XNOR2X1_RVT)                             0.06      0.38 r
  U70/Y (OR3X1_RVT)                                0.05      0.42 r
  U69/Y (OR2X1_RVT)                                0.03      0.46 r
  U67/Y (OAI22X1_RVT)                              0.05      0.51 f
  U98/Y (AOI21X1_RVT)                              0.05      0.56 r
  U74/Y (XOR2X1_RVT)                               0.06      0.62 f
  U282/Y (NAND2X0_RVT)                             0.03      0.66 r
  U116/Y (NOR2X0_RVT)                              0.04      0.70 f
  U66/Y (AO21X1_RVT)                               0.05      0.75 f
  U291/Y (AOI21X1_RVT)                             0.06      0.81 r
  U62/Y (XOR2X1_RVT)                               0.06      0.87 f
  U293/Y (NAND2X0_RVT)                             0.04      0.90 r
  U75/Y (OR2X1_RVT)                                0.03      0.94 r
  U113/Y (NOR2X0_RVT)                              0.05      0.99 f
  U58/Y (AO22X1_RVT)                               0.04      1.03 f
  U170/Y (AOI21X1_RVT)                             0.06      1.08 r
  U87/Y (OAI21X1_RVT)                              0.06      1.14 f
  U83/Y (XNOR2X1_RVT)                              0.06      1.20 f
  U107/Y (NAND2X0_RVT)                             0.04      1.24 r
  U106/Y (OR3X1_RVT)                               0.04      1.28 r
  U141/Y (XOR2X1_RVT)                              0.06      1.33 f
  U354/Y (AO21X1_RVT)                              0.05      1.39 f
  Sum[31] (out)                                    0.00      1.39 f
  data arrival time                                          1.39

  max_delay to non-endpoint                        1.50      1.50
  data required time                                         1.50
  ------------------------------------------------------------------------
  data required time                                         1.50
  data arrival time                                         -1.39
  ------------------------------------------------------------------------
  slack (MET)                                                0.11



  Startpoint: A[0] (input port)
  Endpoint: Sum[28] (output port)
  Mode: func
  Corner: typ
  Scenario: func_typ
  Path Group: **in2reg_default**
  Path Type: max

  Point                                            Incr      Path  
  ------------------------------------------------------------------------
  unclocked startpoint                             0.00      0.00

  A[0] (in)                                        0.00      0.00 f
  U405/Y (AND2X1_RVT)                              0.05      0.05 f
  intadd_10/U4/CO (FADDX1_RVT)                     0.04      0.10 f
  intadd_10/U3/CO (FADDX1_RVT)                     0.04      0.14 f
  intadd_10/U2/S (FADDX1_RVT)                      0.08      0.22 r
  U68/Y (AO22X1_RVT)                               0.05      0.27 r
  U152/Y (AOI21X1_RVT)                             0.05      0.32 f
  U101/Y (XNOR2X1_RVT)                             0.06      0.38 r
  U70/Y (OR3X1_RVT)                                0.05      0.42 r
  U69/Y (OR2X1_RVT)                                0.03      0.46 r
  U67/Y (OAI22X1_RVT)                              0.05      0.51 f
  U98/Y (AOI21X1_RVT)                              0.05      0.56 r
  U74/Y (XOR2X1_RVT)                               0.06      0.62 f
  U282/Y (NAND2X0_RVT)                             0.03      0.66 r
  U116/Y (NOR2X0_RVT)                              0.04      0.70 f
  U66/Y (AO21X1_RVT)                               0.05      0.75 f
  U291/Y (AOI21X1_RVT)                             0.06      0.81 r
  U62/Y (XOR2X1_RVT)                               0.06      0.87 f
  U293/Y (NAND2X0_RVT)                             0.04      0.90 r
  U75/Y (OR2X1_RVT)                                0.03      0.94 r
  U113/Y (NOR2X0_RVT)                              0.05      0.99 f
  U58/Y (AO22X1_RVT)                               0.04      1.03 f
  U57/Y (NBUFFX2_RVT)                              0.03      1.06 f
  U345/Y (AOI21X1_RVT)                             0.05      1.10 r
  U84/Y (XOR2X1_RVT)                               0.06      1.16 f
  U348/Y (NAND2X0_RVT)                             0.03      1.19 r
  U56/Y (OR2X1_RVT)                                0.04      1.23 r
  U157/Y (OR2X1_RVT)                               0.03      1.26 r
  U392/Y (XOR2X1_RVT)                              0.06      1.32 f
  U393/Y (MUX21X1_RVT)                             0.06      1.38 f
  Sum[28] (out)                                    0.00      1.38 f
  data arrival time                                          1.38

  max_delay to non-endpoint                        1.50      1.50
  data required time                                         1.50
  ------------------------------------------------------------------------
  data required time                                         1.50
  data arrival time                                         -1.38
  ------------------------------------------------------------------------
  slack (MET)                                                0.12



  Startpoint: A[0] (input port)
  Endpoint: Cout (output port)
  Mode: func
  Corner: typ
  Scenario: func_typ
  Path Group: **in2reg_default**
  Path Type: max

  Point                                            Incr      Path  
  ------------------------------------------------------------------------
  unclocked startpoint                             0.00      0.00

  A[0] (in)                                        0.00      0.00 f
  U405/Y (AND2X1_RVT)                              0.05      0.05 f
  intadd_10/U4/CO (FADDX1_RVT)                     0.04      0.10 f
  intadd_10/U3/CO (FADDX1_RVT)                     0.04      0.14 f
  intadd_10/U2/S (FADDX1_RVT)                      0.08      0.22 r
  U68/Y (AO22X1_RVT)                               0.05      0.27 r
  U152/Y (AOI21X1_RVT)                             0.05      0.32 f
  U101/Y (XNOR2X1_RVT)                             0.06      0.38 r
  U70/Y (OR3X1_RVT)                                0.05      0.42 r
  U69/Y (OR2X1_RVT)                                0.03      0.46 r
  U67/Y (OAI22X1_RVT)                              0.05      0.51 f
  U98/Y (AOI21X1_RVT)                              0.05      0.56 r
  U74/Y (XOR2X1_RVT)                               0.06      0.62 f
  U282/Y (NAND2X0_RVT)                             0.03      0.66 r
  U116/Y (NOR2X0_RVT)                              0.04      0.70 f
  U66/Y (AO21X1_RVT)                               0.05      0.75 f
  U291/Y (AOI21X1_RVT)                             0.06      0.81 r
  U62/Y (XOR2X1_RVT)                               0.06      0.87 f
  U293/Y (NAND2X0_RVT)                             0.04      0.90 r
  U75/Y (OR2X1_RVT)                                0.03      0.94 r
  U113/Y (NOR2X0_RVT)                              0.05      0.99 f
  U58/Y (AO22X1_RVT)                               0.04      1.03 f
  U170/Y (AOI21X1_RVT)                             0.06      1.08 r
  U166/Y (OA21X1_RVT)                              0.04      1.13 r
  U82/Y (OAI21X1_RVT)                              0.06      1.18 f
  U352/Y (XNOR2X1_RVT)                             0.05      1.24 f
  U355/Y (NAND2X0_RVT)                             0.03      1.26 r
  U155/Y (OR2X1_RVT)                               0.03      1.29 r
  U105/Y (NOR3X0_RVT)                              0.04      1.33 f
  U154/Y (OR2X1_RVT)                               0.04      1.38 f
  Cout (out)                                       0.00      1.38 f
  data arrival time                                          1.38

  max_delay to non-endpoint                        1.50      1.50
  data required time                                         1.50
  ------------------------------------------------------------------------
  data required time                                         1.50
  data arrival time                                         -1.38
  ------------------------------------------------------------------------
  slack (MET)                                                0.12



  Startpoint: A[0] (input port)
  Endpoint: Sum[26] (output port)
  Mode: func
  Corner: typ
  Scenario: func_typ
  Path Group: **in2reg_default**
  Path Type: max

  Point                                            Incr      Path  
  ------------------------------------------------------------------------
  unclocked startpoint                             0.00      0.00

  A[0] (in)                                        0.00      0.00 f
  U405/Y (AND2X1_RVT)                              0.05      0.05 f
  intadd_10/U4/CO (FADDX1_RVT)                     0.04      0.10 f
  intadd_10/U3/CO (FADDX1_RVT)                     0.04      0.14 f
  intadd_10/U2/S (FADDX1_RVT)                      0.08      0.22 r
  U68/Y (AO22X1_RVT)                               0.05      0.27 r
  U152/Y (AOI21X1_RVT)                             0.05      0.32 f
  U101/Y (XNOR2X1_RVT)                             0.06      0.38 r
  U70/Y (OR3X1_RVT)                                0.05      0.42 r
  U69/Y (OR2X1_RVT)                                0.03      0.46 r
  U67/Y (OAI22X1_RVT)                              0.05      0.51 f
  U98/Y (AOI21X1_RVT)                              0.05      0.56 r
  U74/Y (XOR2X1_RVT)                               0.06      0.62 f
  U282/Y (NAND2X0_RVT)                             0.03      0.66 r
  U116/Y (NOR2X0_RVT)                              0.04      0.70 f
  U66/Y (AO21X1_RVT)                               0.05      0.75 f
  U291/Y (AOI21X1_RVT)                             0.06      0.81 r
  U62/Y (XOR2X1_RVT)                               0.06      0.87 f
  U293/Y (NAND2X0_RVT)                             0.04      0.90 r
  U75/Y (OR2X1_RVT)                                0.03      0.94 r
  U113/Y (NOR2X0_RVT)                              0.05      0.99 f
  U58/Y (AO22X1_RVT)                               0.04      1.03 f
  U57/Y (NBUFFX2_RVT)                              0.03      1.06 f
  U338/Y (AOI21X1_RVT)                             0.05      1.10 r
  U144/Y (XOR2X1_RVT)                              0.06      1.16 f
  U381/Y (INVX0_RVT)                               0.03      1.19 r
  U148/Y (NOR2X0_RVT)                              0.05      1.24 f
  U385/Y (XNOR2X1_RVT)                             0.05      1.30 r
  U386/Y (MUX21X1_RVT)                             0.06      1.36 r
  Sum[26] (out)                                    0.00      1.36 r
  data arrival time                                          1.36

  max_delay to non-endpoint                        1.50      1.50
  data required time                                         1.50
  ------------------------------------------------------------------------
  data required time                                         1.50
  data arrival time                                         -1.36
  ------------------------------------------------------------------------
  slack (MET)                                                0.14



  Startpoint: A[0] (input port)
  Endpoint: Sum[25] (output port)
  Mode: func
  Corner: typ
  Scenario: func_typ
  Path Group: **in2reg_default**
  Path Type: max

  Point                                            Incr      Path  
  ------------------------------------------------------------------------
  unclocked startpoint                             0.00      0.00

  A[0] (in)                                        0.00      0.00 f
  U405/Y (AND2X1_RVT)                              0.05      0.05 f
  intadd_10/U4/CO (FADDX1_RVT)                     0.04      0.10 f
  intadd_10/U3/CO (FADDX1_RVT)                     0.04      0.14 f
  intadd_10/U2/S (FADDX1_RVT)                      0.08      0.22 r
  U68/Y (AO22X1_RVT)                               0.05      0.27 r
  U152/Y (AOI21X1_RVT)                             0.05      0.32 f
  U101/Y (XNOR2X1_RVT)                             0.06      0.38 r
  U70/Y (OR3X1_RVT)                                0.05      0.42 r
  U69/Y (OR2X1_RVT)                                0.03      0.46 r
  U67/Y (OAI22X1_RVT)                              0.05      0.51 f
  U98/Y (AOI21X1_RVT)                              0.05      0.56 r
  U74/Y (XOR2X1_RVT)                               0.06      0.62 f
  U282/Y (NAND2X0_RVT)                             0.03      0.66 r
  U116/Y (NOR2X0_RVT)                              0.04      0.70 f
  U66/Y (AO21X1_RVT)                               0.05      0.75 f
  U291/Y (AOI21X1_RVT)                             0.06      0.81 r
  U62/Y (XOR2X1_RVT)                               0.06      0.87 f
  U293/Y (NAND2X0_RVT)                             0.04      0.90 r
  U75/Y (OR2X1_RVT)                                0.03      0.94 r
  U113/Y (NOR2X0_RVT)                              0.05      0.99 f
  U58/Y (AO22X1_RVT)                               0.04      1.03 f
  U171/Y (AOI21X1_RVT)                             0.06      1.08 r
  U85/Y (XNOR2X1_RVT)                              0.06      1.14 r
  U163/Y (OR2X1_RVT)                               0.04      1.18 r
  U140/Y (INVX0_RVT)                               0.01      1.20 f
  U382/Y (XNOR2X1_RVT)                             0.06      1.26 r
  U383/Y (MUX21X1_RVT)                             0.06      1.32 r
  Sum[25] (out)                                    0.00      1.32 r
  data arrival time                                          1.32

  max_delay to non-endpoint                        1.50      1.50
  data required time                                         1.50
  ------------------------------------------------------------------------
  data required time                                         1.50
  data arrival time                                         -1.32
  ------------------------------------------------------------------------
  slack (MET)                                                0.18



  Startpoint: A[0] (input port)
  Endpoint: Sum[24] (output port)
  Mode: func
  Corner: typ
  Scenario: func_typ
  Path Group: **in2reg_default**
  Path Type: max

  Point                                            Incr      Path  
  ------------------------------------------------------------------------
  unclocked startpoint                             0.00      0.00

  A[0] (in)                                        0.00      0.00 f
  U405/Y (AND2X1_RVT)                              0.05      0.05 f
  intadd_10/U4/CO (FADDX1_RVT)                     0.04      0.10 f
  intadd_10/U3/CO (FADDX1_RVT)                     0.04      0.14 f
  intadd_10/U2/S (FADDX1_RVT)                      0.08      0.22 r
  U68/Y (AO22X1_RVT)                               0.05      0.27 r
  U152/Y (AOI21X1_RVT)                             0.05      0.32 f
  U101/Y (XNOR2X1_RVT)                             0.06      0.38 r
  U70/Y (OR3X1_RVT)                                0.05      0.42 r
  U69/Y (OR2X1_RVT)                                0.03      0.46 r
  U67/Y (OAI22X1_RVT)                              0.05      0.51 f
  U98/Y (AOI21X1_RVT)                              0.05      0.56 r
  U74/Y (XOR2X1_RVT)                               0.06      0.62 f
  U282/Y (NAND2X0_RVT)                             0.03      0.66 r
  U116/Y (NOR2X0_RVT)                              0.04      0.70 f
  U66/Y (AO21X1_RVT)                               0.05      0.75 f
  U291/Y (AOI21X1_RVT)                             0.06      0.81 r
  U62/Y (XOR2X1_RVT)                               0.06      0.87 f
  U293/Y (NAND2X0_RVT)                             0.04      0.90 r
  U75/Y (OR2X1_RVT)                                0.03      0.94 r
  U113/Y (NOR2X0_RVT)                              0.05      0.99 f
  U58/Y (AO22X1_RVT)                               0.04      1.03 f
  U171/Y (AOI21X1_RVT)                             0.06      1.08 r
  U85/Y (XNOR2X1_RVT)                              0.06      1.14 r
  U380/Y (XOR2X1_RVT)                              0.06      1.20 f
  U138/Y (MUX21X1_RVT)                             0.06      1.27 f
  Sum[24] (out)                                    0.00      1.27 f
  data arrival time                                          1.27

  max_delay to non-endpoint                        1.50      1.50
  data required time                                         1.50
  ------------------------------------------------------------------------
  data required time                                         1.50
  data arrival time                                         -1.27
  ------------------------------------------------------------------------
  slack (MET)                                                0.23



  Startpoint: A[0] (input port)
  Endpoint: Sum[23] (output port)
  Mode: func
  Corner: typ
  Scenario: func_typ
  Path Group: **in2reg_default**
  Path Type: max

  Point                                            Incr      Path  
  ------------------------------------------------------------------------
  unclocked startpoint                             0.00      0.00

  A[0] (in)                                        0.00      0.00 f
  U405/Y (AND2X1_RVT)                              0.05      0.05 f
  intadd_10/U4/CO (FADDX1_RVT)                     0.04      0.10 f
  intadd_10/U3/CO (FADDX1_RVT)                     0.04      0.14 f
  intadd_10/U2/S (FADDX1_RVT)                      0.08      0.22 r
  U68/Y (AO22X1_RVT)                               0.05      0.27 r
  U152/Y (AOI21X1_RVT)                             0.05      0.32 f
  U101/Y (XNOR2X1_RVT)                             0.06      0.38 r
  U70/Y (OR3X1_RVT)                                0.05      0.42 r
  U69/Y (OR2X1_RVT)                                0.03      0.46 r
  U67/Y (OAI22X1_RVT)                              0.05      0.51 f
  U98/Y (AOI21X1_RVT)                              0.05      0.56 r
  U74/Y (XOR2X1_RVT)                               0.06      0.62 f
  U282/Y (NAND2X0_RVT)                             0.03      0.66 r
  U116/Y (NOR2X0_RVT)                              0.04      0.70 f
  U66/Y (AO21X1_RVT)                               0.05      0.75 f
  U291/Y (AOI21X1_RVT)                             0.06      0.81 r
  U62/Y (XOR2X1_RVT)                               0.06      0.87 f
  U293/Y (NAND2X0_RVT)                             0.04      0.90 r
  U75/Y (OR2X1_RVT)                                0.03      0.94 r
  U113/Y (NOR2X0_RVT)                              0.05      0.99 f
  U159/Y (AND2X1_RVT)                              0.03      1.01 f
  U89/Y (OR2X1_RVT)                                0.03      1.04 f
  U86/Y (XNOR2X1_RVT)                              0.06      1.10 r
  U377/Y (INVX0_RVT)                               0.02      1.12 f
  U378/Y (XNOR2X1_RVT)                             0.06      1.18 r
  U379/Y (MUX21X1_RVT)                             0.06      1.24 r
  Sum[23] (out)                                    0.00      1.24 r
  data arrival time                                          1.24

  max_delay to non-endpoint                        1.50      1.50
  data required time                                         1.50
  ------------------------------------------------------------------------
  data required time                                         1.50
  data arrival time                                         -1.24
  ------------------------------------------------------------------------
  slack (MET)                                                0.26



  Startpoint: A[0] (input port)
  Endpoint: Sum[20] (output port)
  Mode: func
  Corner: typ
  Scenario: func_typ
  Path Group: **in2reg_default**
  Path Type: max

  Point                                            Incr      Path  
  ------------------------------------------------------------------------
  unclocked startpoint                             0.00      0.00

  A[0] (in)                                        0.00      0.00 f
  U405/Y (AND2X1_RVT)                              0.05      0.05 f
  intadd_10/U4/CO (FADDX1_RVT)                     0.04      0.10 f
  intadd_10/U3/CO (FADDX1_RVT)                     0.04      0.14 f
  intadd_10/U2/S (FADDX1_RVT)                      0.08      0.22 r
  U68/Y (AO22X1_RVT)                               0.05      0.27 r
  U152/Y (AOI21X1_RVT)                             0.05      0.32 f
  U101/Y (XNOR2X1_RVT)                             0.06      0.38 r
  U70/Y (OR3X1_RVT)                                0.05      0.42 r
  U69/Y (OR2X1_RVT)                                0.03      0.46 r
  U67/Y (OAI22X1_RVT)                              0.05      0.51 f
  U98/Y (AOI21X1_RVT)                              0.05      0.56 r
  U74/Y (XOR2X1_RVT)                               0.06      0.62 f
  U282/Y (NAND2X0_RVT)                             0.03      0.66 r
  U116/Y (NOR2X0_RVT)                              0.04      0.70 f
  U66/Y (AO21X1_RVT)                               0.05      0.75 f
  U291/Y (AOI21X1_RVT)                             0.06      0.81 r
  U62/Y (XOR2X1_RVT)                               0.06      0.87 f
  U293/Y (NAND2X0_RVT)                             0.04      0.90 r
  U75/Y (OR2X1_RVT)                                0.03      0.94 r
  U90/Y (INVX0_RVT)                                0.02      0.96 f
  U111/Y (AND2X1_RVT)                              0.03      0.99 f
  U401/Y (NAND2X0_RVT)                             0.03      1.01 r
  U403/Y (XOR2X1_RVT)                              0.06      1.07 f
  U404/Y (MUX21X1_RVT)                             0.06      1.13 f
  Sum[20] (out)                                    0.00      1.13 f
  data arrival time                                          1.13

  max_delay to non-endpoint                        1.50      1.50
  data required time                                         1.50
  ------------------------------------------------------------------------
  data required time                                         1.50
  data arrival time                                         -1.13
  ------------------------------------------------------------------------
  slack (MET)                                                0.37



  Startpoint: A[0] (input port)
  Endpoint: Sum[19] (output port)
  Mode: func
  Corner: typ
  Scenario: func_typ
  Path Group: **in2reg_default**
  Path Type: max

  Point                                            Incr      Path  
  ------------------------------------------------------------------------
  unclocked startpoint                             0.00      0.00

  A[0] (in)                                        0.00      0.00 f
  U405/Y (AND2X1_RVT)                              0.05      0.05 f
  intadd_10/U4/CO (FADDX1_RVT)                     0.04      0.10 f
  intadd_10/U3/CO (FADDX1_RVT)                     0.04      0.14 f
  intadd_10/U2/S (FADDX1_RVT)                      0.08      0.22 r
  U68/Y (AO22X1_RVT)                               0.05      0.27 r
  U152/Y (AOI21X1_RVT)                             0.05      0.32 f
  U101/Y (XNOR2X1_RVT)                             0.06      0.38 r
  U70/Y (OR3X1_RVT)                                0.05      0.42 r
  U69/Y (OR2X1_RVT)                                0.03      0.46 r
  U67/Y (OAI22X1_RVT)                              0.05      0.51 f
  U98/Y (AOI21X1_RVT)                              0.05      0.56 r
  U74/Y (XOR2X1_RVT)                               0.06      0.62 f
  U282/Y (NAND2X0_RVT)                             0.03      0.66 r
  U116/Y (NOR2X0_RVT)                              0.04      0.70 f
  U66/Y (AO21X1_RVT)                               0.05      0.75 f
  U291/Y (AOI21X1_RVT)                             0.06      0.81 r
  U62/Y (XOR2X1_RVT)                               0.06      0.87 f
  U293/Y (NAND2X0_RVT)                             0.04      0.90 r
  U75/Y (OR2X1_RVT)                                0.03      0.94 r
  U90/Y (INVX0_RVT)                                0.02      0.96 f
  U111/Y (AND2X1_RVT)                              0.03      0.99 f
  U414/Y (XNOR2X1_RVT)                             0.06      1.05 r
  U415/Y (MUX21X1_RVT)                             0.06      1.11 r
  Sum[19] (out)                                    0.00      1.11 r
  data arrival time                                          1.11

  max_delay to non-endpoint                        1.50      1.50
  data required time                                         1.50
  ------------------------------------------------------------------------
  data required time                                         1.50
  data arrival time                                         -1.11
  ------------------------------------------------------------------------
  slack (MET)                                                0.39



  Startpoint: A[0] (input port)
  Endpoint: Sum[21] (output port)
  Mode: func
  Corner: typ
  Scenario: func_typ
  Path Group: **in2reg_default**
  Path Type: max

  Point                                            Incr      Path  
  ------------------------------------------------------------------------
  unclocked startpoint                             0.00      0.00

  A[0] (in)                                        0.00      0.00 f
  U405/Y (AND2X1_RVT)                              0.05      0.05 f
  intadd_10/U4/CO (FADDX1_RVT)                     0.04      0.10 f
  intadd_10/U3/CO (FADDX1_RVT)                     0.04      0.14 f
  intadd_10/U2/S (FADDX1_RVT)                      0.08      0.22 r
  U68/Y (AO22X1_RVT)                               0.05      0.27 r
  U152/Y (AOI21X1_RVT)                             0.05      0.32 f
  U101/Y (XNOR2X1_RVT)                             0.06      0.38 r
  U70/Y (OR3X1_RVT)                                0.05      0.42 r
  U69/Y (OR2X1_RVT)                                0.03      0.46 r
  U67/Y (OAI22X1_RVT)                              0.05      0.51 f
  U98/Y (AOI21X1_RVT)                              0.05      0.56 r
  U74/Y (XOR2X1_RVT)                               0.06      0.62 f
  U282/Y (NAND2X0_RVT)                             0.03      0.66 r
  U116/Y (NOR2X0_RVT)                              0.04      0.70 f
  U66/Y (AO21X1_RVT)                               0.05      0.75 f
  U291/Y (AOI21X1_RVT)                             0.06      0.81 r
  U62/Y (XOR2X1_RVT)                               0.06      0.87 f
  U293/Y (NAND2X0_RVT)                             0.04      0.90 r
  U75/Y (OR2X1_RVT)                                0.03      0.94 r
  U113/Y (NOR2X0_RVT)                              0.05      0.99 f
  U416/Y (XNOR2X1_RVT)                             0.06      1.05 r
  U417/Y (MUX21X1_RVT)                             0.06      1.11 r
  Sum[21] (out)                                    0.00      1.11 r
  data arrival time                                          1.11

  max_delay to non-endpoint                        1.50      1.50
  data required time                                         1.50
  ------------------------------------------------------------------------
  data required time                                         1.50
  data arrival time                                         -1.11
  ------------------------------------------------------------------------
  slack (MET)                                                0.39



  Startpoint: A[0] (input port)
  Endpoint: Sum[18] (output port)
  Mode: func
  Corner: typ
  Scenario: func_typ
  Path Group: **in2reg_default**
  Path Type: max

  Point                                            Incr      Path  
  ------------------------------------------------------------------------
  unclocked startpoint                             0.00      0.00

  A[0] (in)                                        0.00      0.00 f
  U405/Y (AND2X1_RVT)                              0.05      0.05 f
  intadd_10/U4/CO (FADDX1_RVT)                     0.04      0.10 f
  intadd_10/U3/CO (FADDX1_RVT)                     0.04      0.14 f
  intadd_10/U2/S (FADDX1_RVT)                      0.08      0.22 r
  U68/Y (AO22X1_RVT)                               0.05      0.27 r
  U152/Y (AOI21X1_RVT)                             0.05      0.32 f
  U101/Y (XNOR2X1_RVT)                             0.06      0.38 r
  U70/Y (OR3X1_RVT)                                0.05      0.42 r
  U69/Y (OR2X1_RVT)                                0.03      0.46 r
  U67/Y (OAI22X1_RVT)                              0.05      0.51 f
  U98/Y (AOI21X1_RVT)                              0.05      0.56 r
  U74/Y (XOR2X1_RVT)                               0.06      0.62 f
  U282/Y (NAND2X0_RVT)                             0.03      0.66 r
  U116/Y (NOR2X0_RVT)                              0.04      0.70 f
  U66/Y (AO21X1_RVT)                               0.05      0.75 f
  U291/Y (AOI21X1_RVT)                             0.06      0.81 r
  U62/Y (XOR2X1_RVT)                               0.06      0.87 f
  U293/Y (NAND2X0_RVT)                             0.04      0.90 r
  U75/Y (OR2X1_RVT)                                0.03      0.94 r
  U90/Y (INVX0_RVT)                                0.02      0.96 f
  U411/Y (XNOR2X1_RVT)                             0.06      1.02 r
  U412/Y (MUX21X1_RVT)                             0.06      1.08 r
  Sum[18] (out)                                    0.00      1.08 r
  data arrival time                                          1.08

  max_delay to non-endpoint                        1.50      1.50
  data required time                                         1.50
  ------------------------------------------------------------------------
  data required time                                         1.50
  data arrival time                                         -1.08
  ------------------------------------------------------------------------
  slack (MET)                                                0.42



  Startpoint: A[0] (input port)
  Endpoint: Sum[17] (output port)
  Mode: func
  Corner: typ
  Scenario: func_typ
  Path Group: **in2reg_default**
  Path Type: max

  Point                                            Incr      Path  
  ------------------------------------------------------------------------
  unclocked startpoint                             0.00      0.00

  A[0] (in)                                        0.00      0.00 f
  U405/Y (AND2X1_RVT)                              0.05      0.05 f
  intadd_10/U4/CO (FADDX1_RVT)                     0.04      0.10 f
  intadd_10/U3/CO (FADDX1_RVT)                     0.04      0.14 f
  intadd_10/U2/S (FADDX1_RVT)                      0.08      0.22 r
  U68/Y (AO22X1_RVT)                               0.05      0.27 r
  U152/Y (AOI21X1_RVT)                             0.05      0.32 f
  U101/Y (XNOR2X1_RVT)                             0.06      0.38 r
  U70/Y (OR3X1_RVT)                                0.05      0.42 r
  U69/Y (OR2X1_RVT)                                0.03      0.46 r
  U67/Y (OAI22X1_RVT)                              0.05      0.51 f
  U98/Y (AOI21X1_RVT)                              0.05      0.56 r
  U74/Y (XOR2X1_RVT)                               0.06      0.62 f
  U282/Y (NAND2X0_RVT)                             0.03      0.66 r
  U116/Y (NOR2X0_RVT)                              0.04      0.70 f
  U66/Y (AO21X1_RVT)                               0.05      0.75 f
  U291/Y (AOI21X1_RVT)                             0.06      0.81 r
  U62/Y (XOR2X1_RVT)                               0.06      0.87 f
  U293/Y (NAND2X0_RVT)                             0.04      0.90 r
  U409/Y (XOR2X1_RVT)                              0.06      0.96 f
  U410/Y (MUX21X1_RVT)                             0.06      1.02 f
  Sum[17] (out)                                    0.00      1.02 f
  data arrival time                                          1.02

  max_delay to non-endpoint                        1.50      1.50
  data required time                                         1.50
  ------------------------------------------------------------------------
  data required time                                         1.50
  data arrival time                                         -1.02
  ------------------------------------------------------------------------
  slack (MET)                                                0.48



  Startpoint: A[0] (input port)
  Endpoint: Sum[16] (output port)
  Mode: func
  Corner: typ
  Scenario: func_typ
  Path Group: **in2reg_default**
  Path Type: max

  Point                                            Incr      Path  
  ------------------------------------------------------------------------
  unclocked startpoint                             0.00      0.00

  A[0] (in)                                        0.00      0.00 f
  U405/Y (AND2X1_RVT)                              0.05      0.05 f
  intadd_10/U4/CO (FADDX1_RVT)                     0.04      0.10 f
  intadd_10/U3/CO (FADDX1_RVT)                     0.04      0.14 f
  intadd_10/U2/S (FADDX1_RVT)                      0.08      0.22 r
  U68/Y (AO22X1_RVT)                               0.05      0.27 r
  U152/Y (AOI21X1_RVT)                             0.05      0.32 f
  U101/Y (XNOR2X1_RVT)                             0.06      0.38 r
  U70/Y (OR3X1_RVT)                                0.05      0.42 r
  U69/Y (OR2X1_RVT)                                0.03      0.46 r
  U67/Y (OAI22X1_RVT)                              0.05      0.51 f
  U98/Y (AOI21X1_RVT)                              0.05      0.56 r
  U74/Y (XOR2X1_RVT)                               0.06      0.62 f
  U282/Y (NAND2X0_RVT)                             0.03      0.66 r
  U116/Y (NOR2X0_RVT)                              0.04      0.70 f
  U66/Y (AO21X1_RVT)                               0.05      0.75 f
  U291/Y (AOI21X1_RVT)                             0.06      0.81 r
  U62/Y (XOR2X1_RVT)                               0.06      0.87 f
  U406/Y (INVX0_RVT)                               0.02      0.89 r
  U407/Y (XNOR2X1_RVT)                             0.06      0.94 r
  U408/Y (MUX21X1_RVT)                             0.06      1.01 r
  Sum[16] (out)                                    0.00      1.01 r
  data arrival time                                          1.01

  max_delay to non-endpoint                        1.50      1.50
  data required time                                         1.50
  ------------------------------------------------------------------------
  data required time                                         1.50
  data arrival time                                         -1.01
  ------------------------------------------------------------------------
  slack (MET)                                                0.49



  Startpoint: A[0] (input port)
  Endpoint: Sum[15] (output port)
  Mode: func
  Corner: typ
  Scenario: func_typ
  Path Group: **in2reg_default**
  Path Type: max

  Point                                            Incr      Path  
  ------------------------------------------------------------------------
  unclocked startpoint                             0.00      0.00

  A[0] (in)                                        0.00      0.00 f
  U405/Y (AND2X1_RVT)                              0.05      0.05 f
  intadd_10/U4/CO (FADDX1_RVT)                     0.04      0.10 f
  intadd_10/U3/CO (FADDX1_RVT)                     0.04      0.14 f
  intadd_10/U2/S (FADDX1_RVT)                      0.08      0.22 r
  U68/Y (AO22X1_RVT)                               0.05      0.27 r
  U152/Y (AOI21X1_RVT)                             0.05      0.32 f
  U101/Y (XNOR2X1_RVT)                             0.06      0.38 r
  U70/Y (OR3X1_RVT)                                0.05      0.42 r
  U69/Y (OR2X1_RVT)                                0.03      0.46 r
  U67/Y (OAI22X1_RVT)                              0.05      0.51 f
  U98/Y (AOI21X1_RVT)                              0.05      0.56 r
  U74/Y (XOR2X1_RVT)                               0.06      0.62 f
  U282/Y (NAND2X0_RVT)                             0.03      0.66 r
  U116/Y (NOR2X0_RVT)                              0.04      0.70 f
  U66/Y (AO21X1_RVT)                               0.05      0.75 f
  U93/Y (XNOR2X1_RVT)                              0.07      0.83 r
  U365/Y (XOR2X1_RVT)                              0.08      0.90 f
  Sum[15] (out)                                    0.00      0.90 f
  data arrival time                                          0.90

  max_delay to non-endpoint                        1.50      1.50
  data required time                                         1.50
  ------------------------------------------------------------------------
  data required time                                         1.50
  data arrival time                                         -0.90
  ------------------------------------------------------------------------
  slack (MET)                                                0.60



  Startpoint: A[0] (input port)
  Endpoint: Sum[14] (output port)
  Mode: func
  Corner: typ
  Scenario: func_typ
  Path Group: **in2reg_default**
  Path Type: max

  Point                                            Incr      Path  
  ------------------------------------------------------------------------
  unclocked startpoint                             0.00      0.00

  A[0] (in)                                        0.00      0.00 f
  U405/Y (AND2X1_RVT)                              0.05      0.05 f
  intadd_10/U4/CO (FADDX1_RVT)                     0.04      0.10 f
  intadd_10/U3/CO (FADDX1_RVT)                     0.04      0.14 f
  intadd_10/U2/S (FADDX1_RVT)                      0.08      0.22 r
  U68/Y (AO22X1_RVT)                               0.05      0.27 r
  U152/Y (AOI21X1_RVT)                             0.05      0.32 f
  U101/Y (XNOR2X1_RVT)                             0.06      0.38 r
  U70/Y (OR3X1_RVT)                                0.05      0.42 r
  U69/Y (OR2X1_RVT)                                0.03      0.46 r
  U67/Y (OAI22X1_RVT)                              0.05      0.51 f
  U98/Y (AOI21X1_RVT)                              0.05      0.56 r
  U74/Y (XOR2X1_RVT)                               0.06      0.62 f
  U282/Y (NAND2X0_RVT)                             0.03      0.66 r
  U76/Y (OR2X1_RVT)                                0.04      0.69 r
  U363/Y (OR2X1_RVT)                               0.04      0.73 r
  U364/Y (XOR2X1_RVT)                              0.08      0.81 f
  Sum[14] (out)                                    0.00      0.81 f
  data arrival time                                          0.81

  max_delay to non-endpoint                        1.50      1.50
  data required time                                         1.50
  ------------------------------------------------------------------------
  data required time                                         1.50
  data arrival time                                         -0.81
  ------------------------------------------------------------------------
  slack (MET)                                                0.69



  Startpoint: A[0] (input port)
  Endpoint: Sum[13] (output port)
  Mode: func
  Corner: typ
  Scenario: func_typ
  Path Group: **in2reg_default**
  Path Type: max

  Point                                            Incr      Path  
  ------------------------------------------------------------------------
  unclocked startpoint                             0.00      0.00

  A[0] (in)                                        0.00      0.00 f
  U405/Y (AND2X1_RVT)                              0.05      0.05 f
  intadd_10/U4/CO (FADDX1_RVT)                     0.04      0.10 f
  intadd_10/U3/CO (FADDX1_RVT)                     0.04      0.14 f
  intadd_10/U2/S (FADDX1_RVT)                      0.08      0.22 r
  U68/Y (AO22X1_RVT)                               0.05      0.27 r
  U152/Y (AOI21X1_RVT)                             0.05      0.32 f
  U101/Y (XNOR2X1_RVT)                             0.06      0.38 r
  U70/Y (OR3X1_RVT)                                0.05      0.42 r
  U69/Y (OR2X1_RVT)                                0.03      0.46 r
  U67/Y (OAI22X1_RVT)                              0.05      0.51 f
  U98/Y (AOI21X1_RVT)                              0.05      0.56 r
  U74/Y (XOR2X1_RVT)                               0.06      0.62 f
  U282/Y (NAND2X0_RVT)                             0.03      0.66 r
  U76/Y (OR2X1_RVT)                                0.04      0.69 r
  U363/Y (OR2X1_RVT)                               0.04      0.73 r
  U376/Y (OA21X1_RVT)                              0.05      0.78 r
  Sum[13] (out)                                    0.00      0.78 r
  data arrival time                                          0.78

  max_delay to non-endpoint                        1.50      1.50
  data required time                                         1.50
  ------------------------------------------------------------------------
  data required time                                         1.50
  data arrival time                                         -0.78
  ------------------------------------------------------------------------
  slack (MET)                                                0.72



  Startpoint: A[0] (input port)
  Endpoint: Sum[12] (output port)
  Mode: func
  Corner: typ
  Scenario: func_typ
  Path Group: **in2reg_default**
  Path Type: max

  Point                                            Incr      Path  
  ------------------------------------------------------------------------
  unclocked startpoint                             0.00      0.00

  A[0] (in)                                        0.00      0.00 f
  U405/Y (AND2X1_RVT)                              0.05      0.05 f
  intadd_10/U4/CO (FADDX1_RVT)                     0.04      0.10 f
  intadd_10/U3/CO (FADDX1_RVT)                     0.04      0.14 f
  intadd_10/U2/S (FADDX1_RVT)                      0.08      0.22 r
  U68/Y (AO22X1_RVT)                               0.05      0.27 r
  U152/Y (AOI21X1_RVT)                             0.05      0.32 f
  U101/Y (XNOR2X1_RVT)                             0.06      0.38 r
  U70/Y (OR3X1_RVT)                                0.05      0.42 r
  U69/Y (OR2X1_RVT)                                0.03      0.46 r
  U67/Y (OAI22X1_RVT)                              0.05      0.51 f
  U109/Y (AOI21X1_RVT)                             0.05      0.56 r
  U97/Y (XNOR2X1_RVT)                              0.06      0.62 r
  U108/Y (NAND2X0_RVT)                             0.04      0.66 f
  U360/Y (INVX0_RVT)                               0.03      0.68 r
  U374/Y (AO21X1_RVT)                              0.04      0.72 r
  U375/Y (AND2X1_RVT)                              0.04      0.76 r
  Sum[12] (out)                                    0.00      0.76 r
  data arrival time                                          0.76

  max_delay to non-endpoint                        1.50      1.50
  data required time                                         1.50
  ------------------------------------------------------------------------
  data required time                                         1.50
  data arrival time                                         -0.76
  ------------------------------------------------------------------------
  slack (MET)                                                0.74


1
