****************************************
Report : cell
Design : rcla_32
Version: U-2022.12-SP3
Date   : Thu May 21 20:55:10 2026
****************************************

Attributes
    b - black-box (unknown)
    h - hierarchical
    n - noncombinational
    u - contains unmapped logic
    E - extracted timing model
    Q - Quick timing model
    U - Unbound (missing)
    s - user size_only
    S - implicit size_only
    d - user dont_touch
    D - derived dont_touch
    o - synthetic operator


Cell                      Reference       Library          Attributes
--------------------------------------------------------------------------------
U102                      AND2X1_RVT      saed32rvt_base_frame_timing
U103                      AND2X1_RVT      saed32rvt_base_frame_timing
U105                      AND2X1_RVT      saed32rvt_base_frame_timing
U106                      AND2X1_RVT      saed32rvt_base_frame_timing
U107                      AND2X1_RVT      saed32rvt_base_frame_timing
U109                      AND2X1_RVT      saed32rvt_base_frame_timing
U110                      AO22X1_RVT      saed32rvt_base_frame_timing
U112                      AND2X1_RVT      saed32rvt_base_frame_timing
U114                      AND2X1_RVT      saed32rvt_base_frame_timing
U117                      AO22X1_RVT      saed32rvt_base_frame_timing
U119                      AND2X1_RVT      saed32rvt_base_frame_timing
U121                      AND2X1_RVT      saed32rvt_base_frame_timing
U124                      OR2X1_RVT       saed32rvt_base_frame_timing
U126                      NAND2X0_RVT     saed32rvt_base_frame_timing
U141                      OR2X1_RVT       saed32rvt_base_frame_timing
U142                      OR2X1_RVT       saed32rvt_base_frame_timing
U144                      OR2X1_RVT       saed32rvt_base_frame_timing
U146                      OR2X1_RVT       saed32rvt_base_frame_timing
U149                      OR2X1_RVT       saed32rvt_base_frame_timing
U151                      OR2X1_RVT       saed32rvt_base_frame_timing
U153                      OR2X1_RVT       saed32rvt_base_frame_timing
U155                      OR2X1_RVT       saed32rvt_base_frame_timing
U156                      XOR3X1_RVT      saed32rvt_base_frame_timing
U33                       INVX0_RVT       saed32rvt_base_frame_timing
U34                       INVX0_RVT       saed32rvt_base_frame_timing
U35                       INVX0_RVT       saed32rvt_base_frame_timing
U36                       INVX0_RVT       saed32rvt_base_frame_timing
U38                       INVX0_RVT       saed32rvt_base_frame_timing
U39                       INVX0_RVT       saed32rvt_base_frame_timing
U43                       INVX0_RVT       saed32rvt_base_frame_timing
U44                       INVX0_RVT       saed32rvt_base_frame_timing
U45                       INVX0_RVT       saed32rvt_base_frame_timing
U46                       INVX0_RVT       saed32rvt_base_frame_timing
U48                       INVX0_RVT       saed32rvt_base_frame_timing
U49                       INVX0_RVT       saed32rvt_base_frame_timing
U50                       INVX0_RVT       saed32rvt_base_frame_timing
U54                       INVX0_RVT       saed32rvt_base_frame_timing
U59                       XOR2X1_RVT      saed32rvt_base_frame_timing
U60                       XNOR2X1_RVT     saed32rvt_base_frame_timing
U61                       XOR2X1_RVT      saed32rvt_base_frame_timing
U63                       XOR2X1_RVT      saed32rvt_base_frame_timing
U70                       AOI21X1_RVT     saed32rvt_base_frame_timing
U73                       OR2X1_RVT       saed32rvt_base_frame_timing
U74                       NAND2X0_RVT     saed32rvt_base_frame_timing
U77                       NAND2X0_RVT     saed32rvt_base_frame_timing
U83                       AO21X1_RVT      saed32rvt_base_frame_timing
U84                       AO22X1_RVT      saed32rvt_base_frame_timing
U86                       AND2X1_RVT      saed32rvt_base_frame_timing
U88                       AND2X1_RVT      saed32rvt_base_frame_timing
U89                       AND2X1_RVT      saed32rvt_base_frame_timing
U91                       AND2X1_RVT      saed32rvt_base_frame_timing
U95                       AND2X1_RVT      saed32rvt_base_frame_timing
U98                       AND2X1_RVT      saed32rvt_base_frame_timing
ZBUF_17_inst_3            NBUFFX2_RVT     saed32rvt_base_frame_timing
ZBUF_39_inst_503          NBUFFX2_RVT     saed32rvt_base_frame_timing
ZBUF_68_inst_501          NBUFFX2_RVT     saed32rvt_base_frame_timing
ZINV_100_inst_506         INVX0_RVT       saed32rvt_base_frame_timing
ctmTdsLR_10_494           AND2X1_RVT      saed32rvt_base_frame_timing
ctmTdsLR_11_495           MUX21X1_RVT     saed32rvt_base_frame_timing
ctmTdsLR_12_496           AO21X1_RVT      saed32rvt_base_frame_timing
ctmTdsLR_13_497           XOR2X1_RVT      saed32rvt_base_frame_timing
ctmTdsLR_1_104            AO21X1_RVT      saed32rvt_base_frame_timing
ctmTdsLR_1_107            AO21X1_RVT      saed32rvt_base_frame_timing
ctmTdsLR_1_112            AO21X1_RVT      saed32rvt_base_frame_timing
ctmTdsLR_1_113            AO21X1_RVT      saed32rvt_base_frame_timing
ctmTdsLR_1_115            AO21X1_RVT      saed32rvt_base_frame_timing
ctmTdsLR_1_121            AO21X1_RVT      saed32rvt_base_frame_timing
ctmTdsLR_1_122            XOR3X2_RVT      saed32rvt_base_frame_timing
ctmTdsLR_1_125            XOR3X1_RVT      saed32rvt_base_frame_timing
ctmTdsLR_1_13             AO21X1_RVT      saed32rvt_base_frame_timing
ctmTdsLR_1_143            XOR3X1_RVT      saed32rvt_base_frame_timing
ctmTdsLR_1_197            AO22X1_RVT      saed32rvt_base_frame_timing
ctmTdsLR_1_340            OR2X1_RVT       saed32rvt_base_frame_timing
ctmTdsLR_1_341            OR2X1_RVT       saed32rvt_base_frame_timing
ctmTdsLR_1_342            NOR2X0_RVT      saed32rvt_base_frame_timing
ctmTdsLR_1_343            AO22X1_RVT      saed32rvt_base_frame_timing
ctmTdsLR_1_344            XOR3X1_RVT      saed32rvt_base_frame_timing
ctmTdsLR_1_351            XNOR3X1_RVT     saed32rvt_base_frame_timing
ctmTdsLR_1_352            OR3X1_RVT       saed32rvt_base_frame_timing
ctmTdsLR_1_353            AOI21X1_RVT     saed32rvt_base_frame_timing
ctmTdsLR_1_355            XOR3X1_RVT      saed32rvt_base_frame_timing
ctmTdsLR_1_356            OA222X1_RVT     saed32rvt_base_frame_timing
ctmTdsLR_1_357            XOR3X1_RVT      saed32rvt_base_frame_timing
ctmTdsLR_1_358            INVX0_RVT       saed32rvt_base_frame_timing
ctmTdsLR_1_360            INVX0_RVT       saed32rvt_base_frame_timing
ctmTdsLR_1_362            NOR2X0_RVT      saed32rvt_base_frame_timing
ctmTdsLR_1_366            INVX0_RVT       saed32rvt_base_frame_timing
ctmTdsLR_1_368            INVX0_RVT       saed32rvt_base_frame_timing
ctmTdsLR_1_370            INVX0_RVT       saed32rvt_base_frame_timing
ctmTdsLR_1_372            OAI21X1_RVT     saed32rvt_base_frame_timing
ctmTdsLR_1_374            INVX0_RVT       saed32rvt_base_frame_timing
ctmTdsLR_1_376            INVX0_RVT       saed32rvt_base_frame_timing
ctmTdsLR_1_381            INVX0_RVT       saed32rvt_base_frame_timing
ctmTdsLR_1_385            AO22X1_RVT      saed32rvt_base_frame_timing
ctmTdsLR_1_387            AO221X1_RVT     saed32rvt_base_frame_timing
ctmTdsLR_1_388            OA222X1_RVT     saed32rvt_base_frame_timing
ctmTdsLR_1_389            AO222X1_RVT     saed32rvt_base_frame_timing
ctmTdsLR_1_414            XOR3X2_RVT      saed32rvt_base_frame_timing
ctmTdsLR_1_43             NAND2X0_RVT     saed32rvt_base_frame_timing
ctmTdsLR_1_451            NAND3X0_RVT     saed32rvt_base_frame_timing
ctmTdsLR_1_470            NAND3X1_RVT     saed32rvt_base_frame_timing
ctmTdsLR_1_472            NAND3X0_RVT     saed32rvt_base_frame_timing
ctmTdsLR_1_485            NAND3X0_RVT     saed32rvt_base_frame_timing
ctmTdsLR_1_512            NAND3X0_RVT     saed32rvt_base_frame_timing
ctmTdsLR_1_518            AO21X1_RVT      saed32rvt_base_frame_timing
ctmTdsLR_1_53             NAND3X0_RVT     saed32rvt_base_frame_timing
ctmTdsLR_1_552            AO222X1_RVT     saed32rvt_base_frame_timing
ctmTdsLR_1_570            AO221X1_RVT     saed32rvt_base_frame_timing
ctmTdsLR_1_64             NAND3X0_RVT     saed32rvt_base_frame_timing
ctmTdsLR_1_83             NAND3X0_RVT     saed32rvt_base_frame_timing
ctmTdsLR_1_96             AO21X1_RVT      saed32rvt_base_frame_timing
ctmTdsLR_2_105            AND2X1_RVT      saed32rvt_base_frame_timing
ctmTdsLR_2_108            AND2X1_RVT      saed32rvt_base_frame_timing
ctmTdsLR_2_116            AND2X1_RVT      saed32rvt_base_frame_timing
ctmTdsLR_2_126            AO21X1_RVT      saed32rvt_base_frame_timing
ctmTdsLR_2_14             OR2X1_RVT       saed32rvt_base_frame_timing
ctmTdsLR_2_18             OR2X1_RVT       saed32rvt_base_frame_timing
ctmTdsLR_2_22             OR2X1_RVT       saed32rvt_base_frame_timing
ctmTdsLR_2_26             AND2X1_RVT      saed32rvt_base_frame_timing
ctmTdsLR_2_29             AND2X1_RVT      saed32rvt_base_frame_timing
ctmTdsLR_2_32             AND2X1_RVT      saed32rvt_base_frame_timing
ctmTdsLR_2_354            XNOR3X1_RVT     saed32rvt_base_frame_timing
ctmTdsLR_2_359            MUX41X1_RVT     saed32rvt_base_frame_timing
ctmTdsLR_2_36             AND2X1_RVT      saed32rvt_base_frame_timing
ctmTdsLR_2_361            MUX41X1_RVT     saed32rvt_base_frame_timing
ctmTdsLR_2_363            NAND2X0_RVT     saed32rvt_base_frame_timing
ctmTdsLR_2_367            OAI22X1_RVT     saed32rvt_base_frame_timing
ctmTdsLR_2_369            OAI22X1_RVT     saed32rvt_base_frame_timing
ctmTdsLR_2_371            OAI22X1_RVT     saed32rvt_base_frame_timing
ctmTdsLR_2_375            MUX41X1_RVT     saed32rvt_base_frame_timing
ctmTdsLR_2_377            NAND2X0_RVT     saed32rvt_base_frame_timing
ctmTdsLR_2_382            MUX41X1_RVT     saed32rvt_base_frame_timing
ctmTdsLR_2_386            AO221X1_RVT     saed32rvt_base_frame_timing
ctmTdsLR_2_40             AND2X1_RVT      saed32rvt_base_frame_timing
ctmTdsLR_2_452            NAND2X0_RVT     saed32rvt_base_frame_timing
ctmTdsLR_2_46             AND2X1_RVT      saed32rvt_base_frame_timing
ctmTdsLR_2_471            NAND2X0_RVT     saed32rvt_base_frame_timing
ctmTdsLR_2_473            OA21X1_RVT      saed32rvt_base_frame_timing
ctmTdsLR_2_486            OR2X1_RVT       saed32rvt_base_frame_timing
ctmTdsLR_2_49             OR3X1_RVT       saed32rvt_base_frame_timing
ctmTdsLR_2_508            OR2X1_RVT       saed32rvt_base_frame_timing
ctmTdsLR_2_513            OR2X1_RVT       saed32rvt_base_frame_timing
ctmTdsLR_2_519            OR2X1_RVT       saed32rvt_base_frame_timing
ctmTdsLR_2_54             NAND3X0_RVT     saed32rvt_base_frame_timing
ctmTdsLR_2_553            INVX0_RVT       saed32rvt_base_frame_timing
ctmTdsLR_2_571            AND2X1_RVT      saed32rvt_base_frame_timing
ctmTdsLR_2_61             AND2X1_RVT      saed32rvt_base_frame_timing
ctmTdsLR_2_65             NAND3X0_RVT     saed32rvt_base_frame_timing
ctmTdsLR_2_72             AND2X1_RVT      saed32rvt_base_frame_timing
ctmTdsLR_2_75             OR2X1_RVT       saed32rvt_base_frame_timing
ctmTdsLR_2_84             NAND3X0_RVT     saed32rvt_base_frame_timing
ctmTdsLR_2_97             AND2X1_RVT      saed32rvt_base_frame_timing
ctmTdsLR_3_106            AO21X1_RVT      saed32rvt_base_frame_timing
ctmTdsLR_3_109            AO21X1_RVT      saed32rvt_base_frame_timing
ctmTdsLR_3_117            AO21X1_RVT      saed32rvt_base_frame_timing
ctmTdsLR_3_127            INVX0_RVT       saed32rvt_base_frame_timing
ctmTdsLR_3_15             AND2X1_RVT      saed32rvt_base_frame_timing
ctmTdsLR_3_27             AO21X1_RVT      saed32rvt_base_frame_timing
ctmTdsLR_3_37             OR2X1_RVT       saed32rvt_base_frame_timing
ctmTdsLR_3_378            OA222X1_RVT     saed32rvt_base_frame_timing
ctmTdsLR_3_453            AND2X1_RVT      saed32rvt_base_frame_timing
ctmTdsLR_3_474            INVX1_RVT       saed32rvt_base_frame_timing
ctmTdsLR_3_487            OR2X1_RVT       saed32rvt_base_frame_timing
ctmTdsLR_3_50             OA21X1_RVT      saed32rvt_base_frame_timing
ctmTdsLR_3_509            AND2X1_RVT      saed32rvt_base_frame_timing
ctmTdsLR_3_514            INVX0_RVT       saed32rvt_base_frame_timing
ctmTdsLR_3_520            AND2X1_RVT      saed32rvt_base_frame_timing
ctmTdsLR_3_55             MUX21X1_RVT     saed32rvt_base_frame_timing
ctmTdsLR_3_554            NAND3X0_RVT     saed32rvt_base_frame_timing
ctmTdsLR_3_66             INVX0_RVT       saed32rvt_base_frame_timing
ctmTdsLR_3_76             AND2X2_RVT      saed32rvt_base_frame_timing
ctmTdsLR_4_16             XOR3X1_RVT      saed32rvt_base_frame_timing
ctmTdsLR_4_20             XOR3X1_RVT      saed32rvt_base_frame_timing
ctmTdsLR_4_34             AND2X1_RVT      saed32rvt_base_frame_timing
ctmTdsLR_4_379            NAND2X0_RVT     saed32rvt_base_frame_timing
ctmTdsLR_4_38             AO22X1_RVT      saed32rvt_base_frame_timing
ctmTdsLR_4_417            OR2X1_RVT       saed32rvt_base_frame_timing
ctmTdsLR_4_454            NAND3X1_RVT     saed32rvt_base_frame_timing
ctmTdsLR_4_475            NAND2X0_RVT     saed32rvt_base_frame_timing
ctmTdsLR_4_488            AND2X1_RVT      saed32rvt_base_frame_timing
ctmTdsLR_4_51             NAND3X0_RVT     saed32rvt_base_frame_timing
ctmTdsLR_4_510            XOR3X2_RVT      saed32rvt_base_frame_timing
ctmTdsLR_4_515            OA21X1_RVT      saed32rvt_base_frame_timing
ctmTdsLR_4_521            XNOR3X1_RVT     saed32rvt_base_frame_timing
ctmTdsLR_4_56             OR2X1_RVT       saed32rvt_base_frame_timing
ctmTdsLR_4_67             MUX21X1_RVT     saed32rvt_base_frame_timing
ctmTdsLR_4_77             XOR3X1_RVT      saed32rvt_base_frame_timing
ctmTdsLR_4_81             NAND2X0_RVT     saed32rvt_base_frame_timing
ctmTdsLR_5_418            OR2X1_RVT       saed32rvt_base_frame_timing
ctmTdsLR_5_455            INVX0_RVT       saed32rvt_base_frame_timing
ctmTdsLR_5_476            OR2X1_RVT       saed32rvt_base_frame_timing
ctmTdsLR_5_489            NAND2X0_RVT     saed32rvt_base_frame_timing
ctmTdsLR_5_511            AO21X1_RVT      saed32rvt_base_frame_timing
ctmTdsLR_5_516            NAND2X0_RVT     saed32rvt_base_frame_timing
ctmTdsLR_5_522            INVX0_RVT       saed32rvt_base_frame_timing
ctmTdsLR_5_57             INVX0_RVT       saed32rvt_base_frame_timing
ctmTdsLR_5_68             INVX0_RVT       saed32rvt_base_frame_timing
ctmTdsLR_6_419            XNOR3X1_RVT     saed32rvt_base_frame_timing
ctmTdsLR_6_477            OR2X1_RVT       saed32rvt_base_frame_timing
ctmTdsLR_6_490            INVX0_RVT       saed32rvt_base_frame_timing
ctmTdsLR_6_517            OR2X1_RVT       saed32rvt_base_frame_timing
ctmTdsLR_6_523            AO21X1_RVT      saed32rvt_base_frame_timing
ctmTdsLR_7_420            INVX0_RVT       saed32rvt_base_frame_timing
ctmTdsLR_7_491            NAND2X0_RVT     saed32rvt_base_frame_timing
ctmTdsLR_7_70             OR3X1_RVT       saed32rvt_base_frame_timing
ctmTdsLR_8_492            INVX0_RVT       saed32rvt_base_frame_timing
ctmTdsLR_9_493            NAND2X0_RVT     saed32rvt_base_frame_timing
intadd_6/U19              FADDX1_RVT      saed32rvt_base_frame_timing
intadd_6/U25              FADDX1_RVT      saed32rvt_base_frame_timing
intadd_6/U26              FADDX1_RVT      saed32rvt_base_frame_timing
intadd_6/U27              FADDX1_RVT      saed32rvt_base_frame_timing
intadd_6/U28              FADDX1_RVT      saed32rvt_base_frame_timing
intadd_6/U29              FADDX1_RVT      saed32rvt_base_frame_timing
intadd_6/U30              FADDX1_RVT      saed32rvt_base_frame_timing
ropt_h_inst_573           DELLN1X2_RVT    saed32rvt_base_frame_timing
ropt_h_inst_574           NBUFFX2_RVT     saed32rvt_base_frame_timing
ropt_h_inst_575           NBUFFX2_RVT     saed32rvt_base_frame_timing
ropt_h_inst_576           NBUFFX2_RVT     saed32rvt_base_frame_timing
ropt_h_inst_577           NBUFFX2_RVT     saed32rvt_base_frame_timing
ropt_h_inst_578           NBUFFX2_RVT     saed32rvt_base_frame_timing
ropt_h_inst_579           NBUFFX2_RVT     saed32rvt_base_frame_timing
ropt_h_inst_580           NBUFFX2_RVT     saed32rvt_base_frame_timing
ropt_h_inst_581           NBUFFX2_RVT     saed32rvt_base_frame_timing
ropt_h_inst_582           NBUFFX2_RVT     saed32rvt_base_frame_timing
ropt_h_inst_583           NBUFFX2_RVT     saed32rvt_base_frame_timing
ropt_h_inst_584           NBUFFX2_RVT     saed32rvt_base_frame_timing
ropt_h_inst_585           NBUFFX2_RVT     saed32rvt_base_frame_timing
ropt_h_inst_586           NBUFFX2_RVT     saed32rvt_base_frame_timing
ropt_h_inst_587           NBUFFX2_RVT     saed32rvt_base_frame_timing
ropt_h_inst_588           NBUFFX2_RVT     saed32rvt_base_frame_timing
ropt_h_inst_589           NBUFFX2_RVT     saed32rvt_base_frame_timing
ropt_h_inst_591           NBUFFX2_RVT     saed32rvt_base_frame_timing
ropt_h_inst_592           NBUFFX2_RVT     saed32rvt_base_frame_timing
ropt_h_inst_593           NBUFFX2_RVT     saed32rvt_base_frame_timing
ropt_h_inst_594           NBUFFX2_RVT     saed32rvt_base_frame_timing
ropt_h_inst_595           NBUFFX2_RVT     saed32rvt_base_frame_timing
ropt_h_inst_597           NBUFFX2_RVT     saed32rvt_base_frame_timing
ropt_h_inst_598           NBUFFX2_RVT     saed32rvt_base_frame_timing
ropt_h_inst_599           NBUFFX2_RVT     saed32rvt_base_frame_timing
ropt_h_inst_600           NBUFFX2_RVT     saed32rvt_base_frame_timing
ropt_h_inst_601           NBUFFX2_RVT     saed32rvt_base_frame_timing
ropt_h_inst_603           NBUFFX2_RVT     saed32rvt_base_frame_timing
ropt_h_inst_604           NBUFFX2_RVT     saed32rvt_base_frame_timing
ropt_h_inst_607           NBUFFX2_RVT     saed32rvt_base_frame_timing
--------------------------------------------------------------------------------
Total 244 cells

1
