****************************************
Report : report_utilization
Design : rcla_32
Version: U-2022.12-SP3
Date   : Thu May 21 20:55:10 2026
****************************************
Utilization Ratio:			0.9726
Utilization options:
 - Area calculation based on:		site_row of block rcla_32
 - Categories of objects excluded:	hard_macros macro_keepouts soft_macros io_cells hard_blockages 
Total Area:				640.4429
Total Capacity Area:			640.4429
Total Area of cells:			622.9069
Area of excluded objects:
 - hard_macros         :		0.0000
 - macro_keepouts      :		0.0000
 - soft_macros         :		0.0000
 - io_cells            :		0.0000
 - hard_blockages      :		0.0000
Total Area of excluded objects:		0.0000
Ratio of excluded objects:		0.0000

Utilization of site-rows with:
 - Site 'unit':				0.9726

0.9726
