****************************************
Report : timing
	-path_type full
	-delay_type max
	-slack_lesser_than 0.00
	-max_paths 10
	-sort_by slack
Design : csla32_nobec_flat
Version: T-2022.03-SP2
Date   : Fri May 22 11:33:47 2026
****************************************


  Startpoint: B[2] (input port clocked by VCLK)
  Endpoint: Sum[31] (output port clocked by VCLK)
  Path Group: VCLK
  Path Type: max

  Point                                                   Incr       Path
  ------------------------------------------------------------------------------
  clock VCLK (rise edge)                                  0.00       0.00
  clock network delay (ideal)                             0.00       0.00
  input external delay                                    0.50       0.50 f
  B[2] (in)                                               0.02 &     0.52 f
  U175/Y (NAND2X0_RVT)                                    0.03 &     0.55 r
  U97/Y (INVX0_RVT)                                       0.02 &     0.57 f
  U180/S (FADDX1_RVT)                                     0.09 &     0.66 r
  U68/Y (INVX0_RVT)                                       0.02 &     0.68 f
  U133/Y (OR3X1_RVT)                                      0.05 &     0.72 f
  ctmTdsLR_1_56/Y (NAND2X0_RVT)                           0.04 &     0.77 r
  ctmTdsLR_1_35/Y (NAND3X0_RVT)                           0.06 &     0.82 f
  ctmTdsLR_1_61/Y (OA21X1_RVT)                            0.06 &     0.88 f
  ctmTdsLR_1_71/Y (OR3X1_RVT)                             0.04 &     0.92 f
  ctmTdsLR_1_57/Y (NAND2X0_RVT)                           0.03 &     0.96 r
  U193/Y (AND2X1_RVT)                                     0.04 &     1.00 r
  ctmTdsLR_1_44/Y (AND2X1_RVT)                            0.04 &     1.04 r
  ctmTdsLR_1_58/Y (AO21X1_RVT)                            0.07 &     1.11 r
  ctmTdsLR_1_51/Y (NAND3X0_RVT)                           0.05 &     1.15 f
  ctmTdsLR_1_62/Y (AO21X1_RVT)                            0.07 &     1.22 f
  ctmTdsLR_1_79/Y (OR3X2_RVT)                             0.04 &     1.26 f
  U216/Y (OR2X2_RVT)                                      0.03 &     1.30 f
  U217/Y (INVX0_RVT)                                      0.02 &     1.32 r
  U221/SO (HADDX1_RVT)                                    0.06 &     1.38 f
  Sum[31] (out)                                           0.00 &     1.38 f
  data arrival time                                                  1.38

  clock VCLK (rise edge)                                  2.00       2.00
  clock network delay (ideal)                             0.00       2.00
  clock reconvergence pessimism                           0.00       2.00
  clock uncertainty                                      -0.15       1.85
  output external delay                                  -0.50       1.35
  data required time                                                 1.35
  ------------------------------------------------------------------------------
  data required time                                                 1.35
  data arrival time                                                 -1.38
  ------------------------------------------------------------------------------
  slack (VIOLATED)                                                  -0.03


  Startpoint: B[2] (input port clocked by VCLK)
  Endpoint: Cout (output port clocked by VCLK)
  Path Group: VCLK
  Path Type: max

  Point                                                   Incr       Path
  ------------------------------------------------------------------------------
  clock VCLK (rise edge)                                  0.00       0.00
  clock network delay (ideal)                             0.00       0.00
  input external delay                                    0.50       0.50 f
  B[2] (in)                                               0.02 &     0.52 f
  U175/Y (NAND2X0_RVT)                                    0.03 &     0.55 r
  U97/Y (INVX0_RVT)                                       0.02 &     0.57 f
  U180/S (FADDX1_RVT)                                     0.09 &     0.66 r
  U68/Y (INVX0_RVT)                                       0.02 &     0.68 f
  U133/Y (OR3X1_RVT)                                      0.05 &     0.72 f
  ctmTdsLR_1_56/Y (NAND2X0_RVT)                           0.04 &     0.77 r
  ctmTdsLR_1_35/Y (NAND3X0_RVT)                           0.06 &     0.82 f
  ctmTdsLR_1_61/Y (OA21X1_RVT)                            0.06 &     0.88 f
  ctmTdsLR_1_71/Y (OR3X1_RVT)                             0.04 &     0.92 f
  ctmTdsLR_1_57/Y (NAND2X0_RVT)                           0.03 &     0.96 r
  U193/Y (AND2X1_RVT)                                     0.04 &     1.00 r
  ctmTdsLR_1_44/Y (AND2X1_RVT)                            0.04 &     1.04 r
  ctmTdsLR_1_58/Y (AO21X1_RVT)                            0.07 &     1.11 r
  ctmTdsLR_1_51/Y (NAND3X0_RVT)                           0.05 &     1.15 f
  ctmTdsLR_1_62/Y (AO21X1_RVT)                            0.07 &     1.22 f
  ctmTdsLR_1_79/Y (OR3X2_RVT)                             0.04 &     1.26 f
  U216/Y (OR2X2_RVT)                                      0.03 &     1.30 f
  U217/Y (INVX0_RVT)                                      0.02 &     1.32 r
  U157/Y (AO21X1_RVT)                                     0.05 &     1.36 r
  Cout (out)                                              0.00 &     1.36 r
  data arrival time                                                  1.36

  clock VCLK (rise edge)                                  2.00       2.00
  clock network delay (ideal)                             0.00       2.00
  clock reconvergence pessimism                           0.00       2.00
  clock uncertainty                                      -0.15       1.85
  output external delay                                  -0.50       1.35
  data required time                                                 1.35
  ------------------------------------------------------------------------------
  data required time                                                 1.35
  data arrival time                                                 -1.36
  ------------------------------------------------------------------------------
  slack (VIOLATED)                                                  -0.01


1
