****************************************
Report : Averaged Power
Design : rcla_32
Version: T-2022.03-SP2
Date   : Fri May 22 11:34:31 2026
****************************************



  Attributes
  ----------
      i  -  Including register clock pin internal power
      u  -  User defined power group

                        Internal  Switching  Leakage    Total
Power Group             Power     Power      Power      Power   (     %)  Attrs
--------------------------------------------------------------------------------
clock_network              0.0000    0.0000    0.0000    0.0000 ( 0.00%)  i
register                   0.0000    0.0000    0.0000    0.0000 ( 0.00%)  
combinational           6.440e-05 3.060e-05 3.230e-05 1.273e-04 (100.00%) 
sequential                 0.0000    0.0000    0.0000    0.0000 ( 0.00%)  
memory                     0.0000    0.0000    0.0000    0.0000 ( 0.00%)  
io_pad                     0.0000    0.0000    0.0000    0.0000 ( 0.00%)  
black_box                  0.0000    0.0000    0.0000    0.0000 ( 0.00%)  

  Net Switching Power  = 3.060e-05   (24.04%)
  Cell Internal Power  = 6.440e-05   (50.59%)
  Cell Leakage Power   = 3.230e-05   (25.37%)
                         ---------
Total Power            = 1.273e-04  (100.00%)

1
