 
****************************************
Report : area
Design : rcla_32
Version: T-2022.03-SP5
Date   : Sat Feb 28 18:32:37 2026
****************************************

Library(s) Used:

    saed32rvt_tt1p05v25c (File: /home2/synopsys/libraries/SAED32_EDK/lib/stdcell_rvt/db_nldm/saed32rvt_tt1p05v25c.db)

Number of ports:                           98
Number of nets:                           219
Number of cells:                          139
Number of combinational cells:            139
Number of sequential cells:                 0
Number of macros/black boxes:               0
Number of buf/inv:                         27
Number of references:                      15

Combinational area:                392.144190
Buf/Inv area:                       34.309440
Noncombinational area:               0.000000
Macro/Black Box area:                0.000000
Net Interconnect area:              50.923260

Total cell area:                   392.144190
Total area:                        443.067450
1
