 
****************************************
Report : power
        -analysis_effort low
Design : rcla_4
Version: T-2022.03-SP5
Date   : Sun Jan 18 21:34:53 2026
****************************************


Library(s) Used:

    saed32rvt_tt1p05v25c (File: /home2/synopsys/libraries/SAED32_EDK/lib/stdcell_rvt/db_nldm/saed32rvt_tt1p05v25c.db)


Operating Conditions: tt1p05v25c   Library: saed32rvt_tt1p05v25c
Wire Load Model Mode: enclosed

Design        Wire Load Model            Library
------------------------------------------------
rcla_4                 ForQA             saed32rvt_tt1p05v25c


Global Operating Voltage = 1.05 
Power-specific unit information :
    Voltage Units = 1V
    Capacitance Units = 1.000000ff
    Time Units = 1ns
    Dynamic Power Units = 1uW    (derived from V,C,T units)
    Leakage Power Units = 1pW


Attributes
----------
i - Including register clock pin internal power


  Cell Internal Power  =   2.6941 uW   (81%)
  Net Switching Power  = 616.8108 nW   (19%)
                         ---------
Total Dynamic Power    =   3.3109 uW  (100%)

Cell Leakage Power     =   2.0338 uW

Information: report_power power group summary does not include estimated clock tree power. (PWR-789)

                 Internal         Switching           Leakage            Total
Power Group      Power            Power               Power              Power   (   %    )  Attrs
--------------------------------------------------------------------------------------------------
io_pad             0.0000            0.0000            0.0000            0.0000  (   0.00%)
memory             0.0000            0.0000            0.0000            0.0000  (   0.00%)
black_box          0.0000            0.0000            0.0000            0.0000  (   0.00%)
clock_network      0.0000            0.0000            0.0000            0.0000  (   0.00%)  i
register           0.0000            0.0000            0.0000            0.0000  (   0.00%)
sequential         0.0000            0.0000            0.0000            0.0000  (   0.00%)
combinational      2.6941            0.6168        2.0338e+06            5.3446  ( 100.00%)
--------------------------------------------------------------------------------------------------
Total              2.6941 uW         0.6168 uW     2.0338e+06 pW         5.3446 uW
1
