 
****************************************
Report : area
Design : rcla_4
Version: T-2022.03-SP5
Date   : Sun Jan 18 21:34:53 2026
****************************************

Information: Updating design information... (UID-85)
Library(s) Used:

    saed32rvt_tt1p05v25c (File: /home2/synopsys/libraries/SAED32_EDK/lib/stdcell_rvt/db_nldm/saed32rvt_tt1p05v25c.db)

Number of ports:                           14
Number of nets:                            17
Number of cells:                            4
Number of combinational cells:              4
Number of sequential cells:                 0
Number of macros/black boxes:               0
Number of buf/inv:                          0
Number of references:                       1

Combinational area:                 19.314943
Buf/Inv area:                        0.000000
Noncombinational area:               0.000000
Macro/Black Box area:                0.000000
Net Interconnect area:               1.406756

Total cell area:                    19.314943
Total area:                         20.721699
1
