 
****************************************
Report : timing
        -path full
        -delay max
        -max_paths 1
Design : rcla_4
Version: T-2022.03-SP5
Date   : Sun Jan 18 21:34:53 2026
****************************************

Operating Conditions: tt1p05v25c   Library: saed32rvt_tt1p05v25c
Wire Load Model Mode: enclosed

  Startpoint: A[0] (input port)
  Endpoint: Sum[3] (output port)
  Path Group: (none)
  Path Type: max

  Des/Clust/Port     Wire Load Model       Library
  ------------------------------------------------
  rcla_4             ForQA                 saed32rvt_tt1p05v25c

  Point                                    Incr       Path
  -----------------------------------------------------------
  input external delay                     0.00       0.00 r
  A[0] (in)                                0.00       0.00 r
  U6/CO (FADDX1_RVT)                       0.09       0.09 r
  U7/CO (FADDX1_RVT)                       0.09       0.18 r
  U8/CO (FADDX1_RVT)                       0.09       0.27 r
  U5/S (FADDX1_RVT)                        0.11       0.37 f
  Sum[3] (out)                             0.00       0.38 f
  data arrival time                                   0.38
  -----------------------------------------------------------
  (Path is unconstrained)


1
