****************************************
Report : report_utilization
Design : csla32_nobec_flat
Version: U-2022.12-SP3
Date   : Tue Apr 21 18:15:11 2026
****************************************
Utilization Ratio:			0.6418
Utilization options:
 - Area calculation based on:		site_row of block csla32_nobec_flat
 - Categories of objects excluded:	hard_macros macro_keepouts soft_macros io_cells hard_blockages 
Total Area:				644.2550
Total Capacity Area:			644.2550
Total Area of cells:			413.4923
Area of excluded objects:
 - hard_macros         :		0.0000
 - macro_keepouts      :		0.0000
 - soft_macros         :		0.0000
 - io_cells            :		0.0000
 - hard_blockages      :		0.0000
Total Area of excluded objects:		0.0000
Ratio of excluded objects:		0.0000

Utilization of site-rows with:
 - Site 'unit':				0.6418

0.6418
