[icc2-lic Sun Mar 15 23:12:31 2026] Command 'report_timing' requires licenses
[icc2-lic Sun Mar 15 23:12:31 2026] Attempting to check-out alternate set of keys directly with queueing
[icc2-lic Sun Mar 15 23:12:31 2026] Sending count request for 'ICCompilerII-8' 
[icc2-lic Sun Mar 15 23:12:31 2026] Count request for 'ICCompilerII-8' returned 1 
[icc2-lic Sun Mar 15 23:12:31 2026] Sending check-out request for 'ICCompilerII-8' (1) with wait option
[icc2-lic Sun Mar 15 23:12:31 2026] Check-out request for 'ICCompilerII-8' with wait option succeeded
[icc2-lic Sun Mar 15 23:12:31 2026] Sending checkout check request for 'ICCompilerII-8' 
[icc2-lic Sun Mar 15 23:12:31 2026] Checkout check request for 'ICCompilerII-8' returned 0 
[icc2-lic Sun Mar 15 23:12:31 2026] Sending count request for 'ICCompilerII-8' 
[icc2-lic Sun Mar 15 23:12:31 2026] Count request for 'ICCompilerII-8' returned 1 
[icc2-lic Sun Mar 15 23:12:31 2026] Sending count request for 'ICCompilerII-NX' 
[icc2-lic Sun Mar 15 23:12:31 2026] Count request for 'ICCompilerII-NX' returned 1 
[icc2-lic Sun Mar 15 23:12:31 2026] Sending check-out request for 'ICCompilerII-NX' (1) with wait option
[icc2-lic Sun Mar 15 23:12:31 2026] Check-out request for 'ICCompilerII-NX' with wait option succeeded
[icc2-lic Sun Mar 15 23:12:31 2026] Sending checkout check request for 'ICCompilerII-NX' 
[icc2-lic Sun Mar 15 23:12:31 2026] Checkout check request for 'ICCompilerII-NX' returned 0 
[icc2-lic Sun Mar 15 23:12:31 2026] Sending count request for 'ICCompilerII-NX' 
[icc2-lic Sun Mar 15 23:12:31 2026] Count request for 'ICCompilerII-NX' returned 1 
[icc2-lic Sun Mar 15 23:12:31 2026] Check-out of alternate set of keys directly with queueing was successful
****************************************
Report : timing
        -path_type full
        -delay_type max
        -max_paths 20
        -report_by design
Design : han_carlson_32
Version: U-2022.12-SP3
Date   : Sun Mar 15 23:12:31 2026
****************************************

  Startpoint: A[4] (input port)
  Endpoint: Sum[31] (output port)
  Mode: func
  Corner: typ
  Scenario: func_typ
  Path Group: **in2reg_default**
  Path Type: max

  Point                                            Incr      Path  
  ------------------------------------------------------------------------
  unclocked startpoint                             0.00      0.00

  A[4] (in)                                        0.00      0.00 r
  U111/Y (NOR2X0_RVT)                              0.06      0.06 f
  U127/Y (OAI21X1_RVT)                             0.06      0.11 r
  U70/Y (AOI21X1_RVT)                              0.05      0.16 f
  U64/Y (OAI21X1_RVT)                              0.05      0.21 r
  U78/Y (OR2X1_RVT)                                0.03      0.24 r
  U161/Y (AO21X1_RVT)                              0.05      0.29 r
  U38/Y (INVX0_RVT)                                0.02      0.30 f
  U39/Y (OAI21X1_RVT)                              0.06      0.37 r
  U84/Y (AO22X1_RVT)                               0.03      0.40 r
  U83/Y (OR2X1_RVT)                                0.03      0.43 r
  U267/CO (FADDX1_RVT)                             0.05      0.49 r
  U171/Y (NAND2X0_RVT)                             0.02      0.50 f
  U172/Y (NAND3X0_RVT)                             0.04      0.54 r
  U174/Y (NAND2X0_RVT)                             0.02      0.56 f
  U175/Y (NAND3X0_RVT)                             0.04      0.59 r
  U266/CO (FADDX1_RVT)                             0.06      0.65 r
  U73/Y (AO21X1_RVT)                               0.05      0.70 r
  U180/Y (AO22X1_RVT)                              0.04      0.74 r
  U93/Y (AO21X1_RVT)                               0.05      0.79 r
  U183/Y (AO22X1_RVT)                              0.04      0.83 r
  U99/Y (XNOR2X1_RVT)                              0.08      0.91 r
  Sum[31] (out)                                    0.00      0.91 r
  data arrival time                                          0.91

  max_delay to non-endpoint                        1.50      1.50
  data required time                                         1.50
  ------------------------------------------------------------------------
  data required time                                         1.50
  data arrival time                                         -0.91
  ------------------------------------------------------------------------
  slack (MET)                                                0.59



  Startpoint: A[4] (input port)
  Endpoint: Cout (output port)
  Mode: func
  Corner: typ
  Scenario: func_typ
  Path Group: **in2reg_default**
  Path Type: max

  Point                                            Incr      Path  
  ------------------------------------------------------------------------
  unclocked startpoint                             0.00      0.00

  A[4] (in)                                        0.00      0.00 r
  U111/Y (NOR2X0_RVT)                              0.06      0.06 f
  U127/Y (OAI21X1_RVT)                             0.06      0.11 r
  U70/Y (AOI21X1_RVT)                              0.05      0.16 f
  U64/Y (OAI21X1_RVT)                              0.05      0.21 r
  U78/Y (OR2X1_RVT)                                0.03      0.24 r
  U161/Y (AO21X1_RVT)                              0.05      0.29 r
  U38/Y (INVX0_RVT)                                0.02      0.30 f
  U39/Y (OAI21X1_RVT)                              0.06      0.37 r
  U84/Y (AO22X1_RVT)                               0.03      0.40 r
  U83/Y (OR2X1_RVT)                                0.03      0.43 r
  U267/CO (FADDX1_RVT)                             0.05      0.49 r
  U171/Y (NAND2X0_RVT)                             0.02      0.50 f
  U172/Y (NAND3X0_RVT)                             0.04      0.54 r
  U174/Y (NAND2X0_RVT)                             0.02      0.56 f
  U175/Y (NAND3X0_RVT)                             0.04      0.59 r
  U266/CO (FADDX1_RVT)                             0.06      0.65 r
  U73/Y (AO21X1_RVT)                               0.05      0.70 r
  U180/Y (AO22X1_RVT)                              0.04      0.74 r
  U93/Y (AO21X1_RVT)                               0.05      0.79 r
  U183/Y (AO22X1_RVT)                              0.04      0.83 r
  U185/Y (AO22X1_RVT)                              0.05      0.88 r
  Cout (out)                                       0.00      0.88 r
  data arrival time                                          0.88

  max_delay to non-endpoint                        1.50      1.50
  data required time                                         1.50
  ------------------------------------------------------------------------
  data required time                                         1.50
  data arrival time                                         -0.88
  ------------------------------------------------------------------------
  slack (MET)                                                0.62



  Startpoint: A[3] (input port)
  Endpoint: Sum[29] (output port)
  Mode: func
  Corner: typ
  Scenario: func_typ
  Path Group: **in2reg_default**
  Path Type: max

  Point                                            Incr      Path  
  ------------------------------------------------------------------------
  unclocked startpoint                             0.00      0.00

  A[3] (in)                                        0.00      0.00 f
  U125/Y (NAND2X0_RVT)                             0.06      0.06 r
  U127/Y (OAI21X1_RVT)                             0.06      0.12 f
  U70/Y (AOI21X1_RVT)                              0.05      0.17 r
  U64/Y (OAI21X1_RVT)                              0.05      0.22 f
  U78/Y (OR2X1_RVT)                                0.03      0.24 f
  U161/Y (AO21X1_RVT)                              0.05      0.29 f
  U38/Y (INVX0_RVT)                                0.02      0.31 r
  U39/Y (OAI21X1_RVT)                              0.06      0.37 f
  U84/Y (AO22X1_RVT)                               0.03      0.39 f
  U83/Y (OR2X1_RVT)                                0.03      0.42 f
  U267/CO (FADDX1_RVT)                             0.04      0.47 f
  U170/Y (NAND2X0_RVT)                             0.03      0.50 r
  U172/Y (NAND3X0_RVT)                             0.04      0.54 f
  U173/Y (NAND2X0_RVT)                             0.04      0.58 r
  U175/Y (NAND3X0_RVT)                             0.04      0.61 f
  U266/CO (FADDX1_RVT)                             0.05      0.67 f
  U73/Y (AO21X1_RVT)                               0.05      0.71 f
  U180/Y (AO22X1_RVT)                              0.04      0.75 f
  U69/Y (AOI21X1_RVT)                              0.05      0.80 r
  U96/Y (XNOR2X1_RVT)                              0.08      0.88 r
  Sum[29] (out)                                    0.00      0.88 r
  data arrival time                                          0.88

  max_delay to non-endpoint                        1.50      1.50
  data required time                                         1.50
  ------------------------------------------------------------------------
  data required time                                         1.50
  data arrival time                                         -0.88
  ------------------------------------------------------------------------
  slack (MET)                                                0.62



  Startpoint: A[4] (input port)
  Endpoint: Sum[30] (output port)
  Mode: func
  Corner: typ
  Scenario: func_typ
  Path Group: **in2reg_default**
  Path Type: max

  Point                                            Incr      Path  
  ------------------------------------------------------------------------
  unclocked startpoint                             0.00      0.00

  A[4] (in)                                        0.00      0.00 r
  U111/Y (NOR2X0_RVT)                              0.06      0.06 f
  U127/Y (OAI21X1_RVT)                             0.06      0.11 r
  U70/Y (AOI21X1_RVT)                              0.05      0.16 f
  U64/Y (OAI21X1_RVT)                              0.05      0.21 r
  U78/Y (OR2X1_RVT)                                0.03      0.24 r
  U161/Y (AO21X1_RVT)                              0.05      0.29 r
  U38/Y (INVX0_RVT)                                0.02      0.30 f
  U39/Y (OAI21X1_RVT)                              0.06      0.37 r
  U84/Y (AO22X1_RVT)                               0.03      0.40 r
  U83/Y (OR2X1_RVT)                                0.03      0.43 r
  U267/CO (FADDX1_RVT)                             0.05      0.49 r
  U171/Y (NAND2X0_RVT)                             0.02      0.50 f
  U172/Y (NAND3X0_RVT)                             0.04      0.54 r
  U174/Y (NAND2X0_RVT)                             0.02      0.56 f
  U175/Y (NAND3X0_RVT)                             0.04      0.59 r
  U266/CO (FADDX1_RVT)                             0.06      0.65 r
  U73/Y (AO21X1_RVT)                               0.05      0.70 r
  U180/Y (AO22X1_RVT)                              0.04      0.74 r
  U93/Y (AO21X1_RVT)                               0.05      0.79 r
  U100/Y (XNOR2X1_RVT)                             0.08      0.87 r
  Sum[30] (out)                                    0.00      0.87 r
  data arrival time                                          0.87

  max_delay to non-endpoint                        1.50      1.50
  data required time                                         1.50
  ------------------------------------------------------------------------
  data required time                                         1.50
  data arrival time                                         -0.87
  ------------------------------------------------------------------------
  slack (MET)                                                0.63



  Startpoint: A[3] (input port)
  Endpoint: Sum[27] (output port)
  Mode: func
  Corner: typ
  Scenario: func_typ
  Path Group: **in2reg_default**
  Path Type: max

  Point                                            Incr      Path  
  ------------------------------------------------------------------------
  unclocked startpoint                             0.00      0.00

  A[3] (in)                                        0.00      0.00 f
  U125/Y (NAND2X0_RVT)                             0.06      0.06 r
  U127/Y (OAI21X1_RVT)                             0.06      0.12 f
  U70/Y (AOI21X1_RVT)                              0.05      0.17 r
  U64/Y (OAI21X1_RVT)                              0.05      0.22 f
  U78/Y (OR2X1_RVT)                                0.03      0.24 f
  U161/Y (AO21X1_RVT)                              0.05      0.29 f
  U38/Y (INVX0_RVT)                                0.02      0.31 r
  U39/Y (OAI21X1_RVT)                              0.06      0.37 f
  U84/Y (AO22X1_RVT)                               0.03      0.39 f
  U83/Y (OR2X1_RVT)                                0.03      0.42 f
  U267/CO (FADDX1_RVT)                             0.04      0.47 f
  U170/Y (NAND2X0_RVT)                             0.03      0.50 r
  U172/Y (NAND3X0_RVT)                             0.04      0.54 f
  U173/Y (NAND2X0_RVT)                             0.04      0.58 r
  U175/Y (NAND3X0_RVT)                             0.04      0.61 f
  U266/CO (FADDX1_RVT)                             0.05      0.67 f
  U73/Y (AO21X1_RVT)                               0.05      0.71 f
  U61/Y (XOR3X1_RVT)                               0.11      0.82 f
  Sum[27] (out)                                    0.00      0.82 f
  data arrival time                                          0.82

  max_delay to non-endpoint                        1.50      1.50
  data required time                                         1.50
  ------------------------------------------------------------------------
  data required time                                         1.50
  data arrival time                                         -0.82
  ------------------------------------------------------------------------
  slack (MET)                                                0.68



  Startpoint: A[3] (input port)
  Endpoint: Sum[28] (output port)
  Mode: func
  Corner: typ
  Scenario: func_typ
  Path Group: **in2reg_default**
  Path Type: max

  Point                                            Incr      Path  
  ------------------------------------------------------------------------
  unclocked startpoint                             0.00      0.00

  A[3] (in)                                        0.00      0.00 f
  U125/Y (NAND2X0_RVT)                             0.06      0.06 r
  U127/Y (OAI21X1_RVT)                             0.06      0.12 f
  U70/Y (AOI21X1_RVT)                              0.05      0.17 r
  U64/Y (OAI21X1_RVT)                              0.05      0.22 f
  U78/Y (OR2X1_RVT)                                0.03      0.24 f
  U161/Y (AO21X1_RVT)                              0.05      0.29 f
  U38/Y (INVX0_RVT)                                0.02      0.31 r
  U39/Y (OAI21X1_RVT)                              0.06      0.37 f
  U84/Y (AO22X1_RVT)                               0.03      0.39 f
  U83/Y (OR2X1_RVT)                                0.03      0.42 f
  U267/CO (FADDX1_RVT)                             0.04      0.47 f
  U170/Y (NAND2X0_RVT)                             0.03      0.50 r
  U172/Y (NAND3X0_RVT)                             0.04      0.54 f
  U173/Y (NAND2X0_RVT)                             0.04      0.58 r
  U175/Y (NAND3X0_RVT)                             0.04      0.61 f
  U266/CO (FADDX1_RVT)                             0.05      0.67 f
  U73/Y (AO21X1_RVT)                               0.05      0.71 f
  U180/Y (AO22X1_RVT)                              0.04      0.75 f
  U62/Y (XOR3X1_RVT)                               0.06      0.81 r
  Sum[28] (out)                                    0.00      0.81 r
  data arrival time                                          0.81

  max_delay to non-endpoint                        1.50      1.50
  data required time                                         1.50
  ------------------------------------------------------------------------
  data required time                                         1.50
  data arrival time                                         -0.81
  ------------------------------------------------------------------------
  slack (MET)                                                0.69



  Startpoint: A[3] (input port)
  Endpoint: Sum[26] (output port)
  Mode: func
  Corner: typ
  Scenario: func_typ
  Path Group: **in2reg_default**
  Path Type: max

  Point                                            Incr      Path  
  ------------------------------------------------------------------------
  unclocked startpoint                             0.00      0.00

  A[3] (in)                                        0.00      0.00 f
  U125/Y (NAND2X0_RVT)                             0.06      0.06 r
  U127/Y (OAI21X1_RVT)                             0.06      0.12 f
  U70/Y (AOI21X1_RVT)                              0.05      0.17 r
  U64/Y (OAI21X1_RVT)                              0.05      0.22 f
  U78/Y (OR2X1_RVT)                                0.03      0.24 f
  U161/Y (AO21X1_RVT)                              0.05      0.29 f
  U38/Y (INVX0_RVT)                                0.02      0.31 r
  U39/Y (OAI21X1_RVT)                              0.06      0.37 f
  U84/Y (AO22X1_RVT)                               0.03      0.39 f
  U83/Y (OR2X1_RVT)                                0.03      0.42 f
  U267/CO (FADDX1_RVT)                             0.04      0.47 f
  U170/Y (NAND2X0_RVT)                             0.03      0.50 r
  U172/Y (NAND3X0_RVT)                             0.04      0.54 f
  U173/Y (NAND2X0_RVT)                             0.04      0.58 r
  U175/Y (NAND3X0_RVT)                             0.04      0.61 f
  U266/CO (FADDX1_RVT)                             0.05      0.67 f
  U68/Y (AOI21X1_RVT)                              0.05      0.72 r
  U76/Y (XNOR2X1_RVT)                              0.08      0.80 r
  Sum[26] (out)                                    0.00      0.80 r
  data arrival time                                          0.80

  max_delay to non-endpoint                        1.50      1.50
  data required time                                         1.50
  ------------------------------------------------------------------------
  data required time                                         1.50
  data arrival time                                         -0.80
  ------------------------------------------------------------------------
  slack (MET)                                                0.70



  Startpoint: A[3] (input port)
  Endpoint: Sum[25] (output port)
  Mode: func
  Corner: typ
  Scenario: func_typ
  Path Group: **in2reg_default**
  Path Type: max

  Point                                            Incr      Path  
  ------------------------------------------------------------------------
  unclocked startpoint                             0.00      0.00

  A[3] (in)                                        0.00      0.00 f
  U125/Y (NAND2X0_RVT)                             0.06      0.06 r
  U127/Y (OAI21X1_RVT)                             0.06      0.12 f
  U70/Y (AOI21X1_RVT)                              0.05      0.17 r
  U64/Y (OAI21X1_RVT)                              0.05      0.22 f
  U78/Y (OR2X1_RVT)                                0.03      0.24 f
  U161/Y (AO21X1_RVT)                              0.05      0.29 f
  U38/Y (INVX0_RVT)                                0.02      0.31 r
  U39/Y (OAI21X1_RVT)                              0.06      0.37 f
  U84/Y (AO22X1_RVT)                               0.03      0.39 f
  U83/Y (OR2X1_RVT)                                0.03      0.42 f
  U267/CO (FADDX1_RVT)                             0.04      0.47 f
  U170/Y (NAND2X0_RVT)                             0.03      0.50 r
  U172/Y (NAND3X0_RVT)                             0.04      0.54 f
  U173/Y (NAND2X0_RVT)                             0.04      0.58 r
  U175/Y (NAND3X0_RVT)                             0.04      0.61 f
  U266/CO (FADDX1_RVT)                             0.05      0.67 f
  U59/Y (XOR3X1_RVT)                               0.12      0.78 f
  Sum[25] (out)                                    0.00      0.78 f
  data arrival time                                          0.78

  max_delay to non-endpoint                        1.50      1.50
  data required time                                         1.50
  ------------------------------------------------------------------------
  data required time                                         1.50
  data arrival time                                         -0.78
  ------------------------------------------------------------------------
  slack (MET)                                                0.72



  Startpoint: A[3] (input port)
  Endpoint: Sum[24] (output port)
  Mode: func
  Corner: typ
  Scenario: func_typ
  Path Group: **in2reg_default**
  Path Type: max

  Point                                            Incr      Path  
  ------------------------------------------------------------------------
  unclocked startpoint                             0.00      0.00

  A[3] (in)                                        0.00      0.00 f
  U125/Y (NAND2X0_RVT)                             0.06      0.06 r
  U127/Y (OAI21X1_RVT)                             0.06      0.12 f
  U70/Y (AOI21X1_RVT)                              0.05      0.17 r
  U64/Y (OAI21X1_RVT)                              0.05      0.22 f
  U78/Y (OR2X1_RVT)                                0.03      0.24 f
  U161/Y (AO21X1_RVT)                              0.05      0.29 f
  U38/Y (INVX0_RVT)                                0.02      0.31 r
  U39/Y (OAI21X1_RVT)                              0.06      0.37 f
  U84/Y (AO22X1_RVT)                               0.03      0.39 f
  U83/Y (OR2X1_RVT)                                0.03      0.42 f
  U267/CO (FADDX1_RVT)                             0.04      0.47 f
  U170/Y (NAND2X0_RVT)                             0.03      0.50 r
  U172/Y (NAND3X0_RVT)                             0.04      0.54 f
  U173/Y (NAND2X0_RVT)                             0.04      0.58 r
  U175/Y (NAND3X0_RVT)                             0.04      0.61 f
  U266/S (FADDX1_RVT)                              0.10      0.71 r
  Sum[24] (out)                                    0.00      0.71 r
  data arrival time                                          0.71

  max_delay to non-endpoint                        1.50      1.50
  data required time                                         1.50
  ------------------------------------------------------------------------
  data required time                                         1.50
  data arrival time                                         -0.71
  ------------------------------------------------------------------------
  slack (MET)                                                0.79



  Startpoint: A[3] (input port)
  Endpoint: Sum[23] (output port)
  Mode: func
  Corner: typ
  Scenario: func_typ
  Path Group: **in2reg_default**
  Path Type: max

  Point                                            Incr      Path  
  ------------------------------------------------------------------------
  unclocked startpoint                             0.00      0.00

  A[3] (in)                                        0.00      0.00 f
  U125/Y (NAND2X0_RVT)                             0.06      0.06 r
  U127/Y (OAI21X1_RVT)                             0.06      0.12 f
  U70/Y (AOI21X1_RVT)                              0.05      0.17 r
  U64/Y (OAI21X1_RVT)                              0.05      0.22 f
  U78/Y (OR2X1_RVT)                                0.03      0.24 f
  U161/Y (AO21X1_RVT)                              0.05      0.29 f
  U38/Y (INVX0_RVT)                                0.02      0.31 r
  U39/Y (OAI21X1_RVT)                              0.06      0.37 f
  U84/Y (AO22X1_RVT)                               0.03      0.39 f
  U83/Y (OR2X1_RVT)                                0.03      0.42 f
  U267/CO (FADDX1_RVT)                             0.04      0.47 f
  U170/Y (NAND2X0_RVT)                             0.03      0.50 r
  U172/Y (NAND3X0_RVT)                             0.04      0.54 f
  U264/Y (XOR2X1_RVT)                              0.08      0.62 r
  Sum[23] (out)                                    0.00      0.62 r
  data arrival time                                          0.62

  max_delay to non-endpoint                        1.50      1.50
  data required time                                         1.50
  ------------------------------------------------------------------------
  data required time                                         1.50
  data arrival time                                         -0.62
  ------------------------------------------------------------------------
  slack (MET)                                                0.88



  Startpoint: A[4] (input port)
  Endpoint: Sum[22] (output port)
  Mode: func
  Corner: typ
  Scenario: func_typ
  Path Group: **in2reg_default**
  Path Type: max

  Point                                            Incr      Path  
  ------------------------------------------------------------------------
  unclocked startpoint                             0.00      0.00

  A[4] (in)                                        0.00      0.00 r
  U111/Y (NOR2X0_RVT)                              0.06      0.06 f
  U127/Y (OAI21X1_RVT)                             0.06      0.11 r
  U70/Y (AOI21X1_RVT)                              0.05      0.16 f
  U64/Y (OAI21X1_RVT)                              0.05      0.21 r
  U78/Y (OR2X1_RVT)                                0.03      0.24 r
  U161/Y (AO21X1_RVT)                              0.05      0.29 r
  U38/Y (INVX0_RVT)                                0.02      0.30 f
  U39/Y (OAI21X1_RVT)                              0.06      0.37 r
  U84/Y (AO22X1_RVT)                               0.03      0.40 r
  U83/Y (OR2X1_RVT)                                0.03      0.43 r
  U267/CO (FADDX1_RVT)                             0.05      0.49 r
  U265/Y (XOR3X1_RVT)                              0.06      0.54 f
  Sum[22] (out)                                    0.00      0.54 f
  data arrival time                                          0.54

  max_delay to non-endpoint                        1.50      1.50
  data required time                                         1.50
  ------------------------------------------------------------------------
  data required time                                         1.50
  data arrival time                                         -0.54
  ------------------------------------------------------------------------
  slack (MET)                                                0.96



  Startpoint: A[3] (input port)
  Endpoint: Sum[14] (output port)
  Mode: func
  Corner: typ
  Scenario: func_typ
  Path Group: **in2reg_default**
  Path Type: max

  Point                                            Incr      Path  
  ------------------------------------------------------------------------
  unclocked startpoint                             0.00      0.00

  A[3] (in)                                        0.00      0.00 f
  U125/Y (NAND2X0_RVT)                             0.06      0.06 r
  U127/Y (OAI21X1_RVT)                             0.06      0.12 f
  U70/Y (AOI21X1_RVT)                              0.05      0.17 r
  U64/Y (OAI21X1_RVT)                              0.05      0.22 f
  U78/Y (OR2X1_RVT)                                0.03      0.24 f
  U202/Y (INVX0_RVT)                               0.02      0.27 r
  U203/Y (OAI21X1_RVT)                             0.06      0.32 f
  U204/Y (INVX0_RVT)                               0.02      0.34 r
  U206/Y (OAI21X1_RVT)                             0.06      0.40 f
  U209/Y (AOI21X1_RVT)                             0.05      0.45 r
  U212/Y (XOR2X1_RVT)                              0.08      0.52 f
  Sum[14] (out)                                    0.00      0.52 f
  data arrival time                                          0.52

  max_delay to non-endpoint                        1.50      1.50
  data required time                                         1.50
  ------------------------------------------------------------------------
  data required time                                         1.50
  data arrival time                                         -0.52
  ------------------------------------------------------------------------
  slack (MET)                                                0.98



  Startpoint: A[4] (input port)
  Endpoint: Sum[21] (output port)
  Mode: func
  Corner: typ
  Scenario: func_typ
  Path Group: **in2reg_default**
  Path Type: max

  Point                                            Incr      Path  
  ------------------------------------------------------------------------
  unclocked startpoint                             0.00      0.00

  A[4] (in)                                        0.00      0.00 r
  U111/Y (NOR2X0_RVT)                              0.06      0.06 f
  U127/Y (OAI21X1_RVT)                             0.06      0.11 r
  U70/Y (AOI21X1_RVT)                              0.05      0.16 f
  U64/Y (OAI21X1_RVT)                              0.05      0.21 r
  U78/Y (OR2X1_RVT)                                0.03      0.24 r
  U161/Y (AO21X1_RVT)                              0.05      0.29 r
  U38/Y (INVX0_RVT)                                0.02      0.30 f
  U39/Y (OAI21X1_RVT)                              0.06      0.37 r
  U84/Y (AO22X1_RVT)                               0.03      0.40 r
  U83/Y (OR2X1_RVT)                                0.03      0.43 r
  U267/S (FADDX1_RVT)                              0.09      0.52 f
  Sum[21] (out)                                    0.00      0.52 f
  data arrival time                                          0.52

  max_delay to non-endpoint                        1.50      1.50
  data required time                                         1.50
  ------------------------------------------------------------------------
  data required time                                         1.50
  data arrival time                                         -0.52
  ------------------------------------------------------------------------
  slack (MET)                                                0.98



  Startpoint: A[3] (input port)
  Endpoint: Sum[19] (output port)
  Mode: func
  Corner: typ
  Scenario: func_typ
  Path Group: **in2reg_default**
  Path Type: max

  Point                                            Incr      Path  
  ------------------------------------------------------------------------
  unclocked startpoint                             0.00      0.00

  A[3] (in)                                        0.00      0.00 f
  U125/Y (NAND2X0_RVT)                             0.06      0.06 r
  U127/Y (OAI21X1_RVT)                             0.06      0.12 f
  U70/Y (AOI21X1_RVT)                              0.05      0.17 r
  U64/Y (OAI21X1_RVT)                              0.05      0.22 f
  U78/Y (OR2X1_RVT)                                0.03      0.24 f
  U161/Y (AO21X1_RVT)                              0.05      0.29 f
  U38/Y (INVX0_RVT)                                0.02      0.31 r
  U87/Y (OA21X1_RVT)                               0.04      0.35 r
  U90/Y (INVX0_RVT)                                0.01      0.36 f
  U188/Y (XOR2X1_RVT)                              0.06      0.42 r
  U189/Y (XOR2X1_RVT)                              0.08      0.51 f
  Sum[19] (out)                                    0.00      0.51 f
  data arrival time                                          0.51

  max_delay to non-endpoint                        1.50      1.50
  data required time                                         1.50
  ------------------------------------------------------------------------
  data required time                                         1.50
  data arrival time                                         -0.51
  ------------------------------------------------------------------------
  slack (MET)                                                0.99



  Startpoint: A[3] (input port)
  Endpoint: Sum[20] (output port)
  Mode: func
  Corner: typ
  Scenario: func_typ
  Path Group: **in2reg_default**
  Path Type: max

  Point                                            Incr      Path  
  ------------------------------------------------------------------------
  unclocked startpoint                             0.00      0.00

  A[3] (in)                                        0.00      0.00 f
  U125/Y (NAND2X0_RVT)                             0.06      0.06 r
  U127/Y (OAI21X1_RVT)                             0.06      0.12 f
  U70/Y (AOI21X1_RVT)                              0.05      0.17 r
  U64/Y (OAI21X1_RVT)                              0.05      0.22 f
  U78/Y (OR2X1_RVT)                                0.03      0.24 f
  U161/Y (AO21X1_RVT)                              0.05      0.29 f
  U38/Y (INVX0_RVT)                                0.02      0.31 r
  U39/Y (OAI21X1_RVT)                              0.06      0.37 f
  U58/Y (INVX0_RVT)                                0.01      0.38 r
  U82/Y (OA21X1_RVT)                               0.03      0.41 r
  U89/Y (XOR2X1_RVT)                               0.08      0.49 f
  Sum[20] (out)                                    0.00      0.49 f
  data arrival time                                          0.49

  max_delay to non-endpoint                        1.50      1.50
  data required time                                         1.50
  ------------------------------------------------------------------------
  data required time                                         1.50
  data arrival time                                         -0.49
  ------------------------------------------------------------------------
  slack (MET)                                                1.01



  Startpoint: A[3] (input port)
  Endpoint: Sum[13] (output port)
  Mode: func
  Corner: typ
  Scenario: func_typ
  Path Group: **in2reg_default**
  Path Type: max

  Point                                            Incr      Path  
  ------------------------------------------------------------------------
  unclocked startpoint                             0.00      0.00

  A[3] (in)                                        0.00      0.00 f
  U125/Y (NAND2X0_RVT)                             0.06      0.06 r
  U127/Y (OAI21X1_RVT)                             0.06      0.12 f
  U70/Y (AOI21X1_RVT)                              0.05      0.17 r
  U64/Y (OAI21X1_RVT)                              0.05      0.22 f
  U78/Y (OR2X1_RVT)                                0.03      0.24 f
  U202/Y (INVX0_RVT)                               0.02      0.27 r
  U203/Y (OAI21X1_RVT)                             0.06      0.32 f
  U204/Y (INVX0_RVT)                               0.02      0.34 r
  U206/Y (OAI21X1_RVT)                             0.06      0.40 f
  U214/Y (XNOR2X1_RVT)                             0.08      0.48 r
  Sum[13] (out)                                    0.00      0.48 r
  data arrival time                                          0.48

  max_delay to non-endpoint                        1.50      1.50
  data required time                                         1.50
  ------------------------------------------------------------------------
  data required time                                         1.50
  data arrival time                                         -0.48
  ------------------------------------------------------------------------
  slack (MET)                                                1.02



  Startpoint: A[3] (input port)
  Endpoint: Sum[10] (output port)
  Mode: func
  Corner: typ
  Scenario: func_typ
  Path Group: **in2reg_default**
  Path Type: max

  Point                                            Incr      Path  
  ------------------------------------------------------------------------
  unclocked startpoint                             0.00      0.00

  A[3] (in)                                        0.00      0.00 f
  U125/Y (NAND2X0_RVT)                             0.06      0.06 r
  U127/Y (OAI21X1_RVT)                             0.06      0.12 f
  U70/Y (AOI21X1_RVT)                              0.05      0.17 r
  U64/Y (OAI21X1_RVT)                              0.05      0.22 f
  U78/Y (OR2X1_RVT)                                0.03      0.24 f
  U202/Y (INVX0_RVT)                               0.02      0.27 r
  U225/Y (OAI21X1_RVT)                             0.06      0.32 f
  U228/Y (AOI21X1_RVT)                             0.05      0.37 r
  U231/Y (XOR2X1_RVT)                              0.08      0.45 f
  Sum[10] (out)                                    0.00      0.45 f
  data arrival time                                          0.45

  max_delay to non-endpoint                        1.50      1.50
  data required time                                         1.50
  ------------------------------------------------------------------------
  data required time                                         1.50
  data arrival time                                         -0.45
  ------------------------------------------------------------------------
  slack (MET)                                                1.05



  Startpoint: A[3] (input port)
  Endpoint: Sum[12] (output port)
  Mode: func
  Corner: typ
  Scenario: func_typ
  Path Group: **in2reg_default**
  Path Type: max

  Point                                            Incr      Path  
  ------------------------------------------------------------------------
  unclocked startpoint                             0.00      0.00

  A[3] (in)                                        0.00      0.00 f
  U125/Y (NAND2X0_RVT)                             0.06      0.06 r
  U127/Y (OAI21X1_RVT)                             0.06      0.12 f
  U70/Y (AOI21X1_RVT)                              0.05      0.17 r
  U64/Y (OAI21X1_RVT)                              0.05      0.22 f
  U78/Y (OR2X1_RVT)                                0.03      0.24 f
  U202/Y (INVX0_RVT)                               0.02      0.27 r
  U203/Y (OAI21X1_RVT)                             0.06      0.32 f
  U217/Y (AOI21X1_RVT)                             0.05      0.37 r
  U220/Y (XOR2X1_RVT)                              0.08      0.45 f
  Sum[12] (out)                                    0.00      0.45 f
  data arrival time                                          0.45

  max_delay to non-endpoint                        1.50      1.50
  data required time                                         1.50
  ------------------------------------------------------------------------
  data required time                                         1.50
  data arrival time                                         -0.45
  ------------------------------------------------------------------------
  slack (MET)                                                1.05



  Startpoint: A[3] (input port)
  Endpoint: Sum[11] (output port)
  Mode: func
  Corner: typ
  Scenario: func_typ
  Path Group: **in2reg_default**
  Path Type: max

  Point                                            Incr      Path  
  ------------------------------------------------------------------------
  unclocked startpoint                             0.00      0.00

  A[3] (in)                                        0.00      0.00 f
  U125/Y (NAND2X0_RVT)                             0.06      0.06 r
  U127/Y (OAI21X1_RVT)                             0.06      0.12 f
  U70/Y (AOI21X1_RVT)                              0.05      0.17 r
  U64/Y (OAI21X1_RVT)                              0.05      0.22 f
  U78/Y (OR2X1_RVT)                                0.03      0.24 f
  U202/Y (INVX0_RVT)                               0.02      0.27 r
  U203/Y (OAI21X1_RVT)                             0.06      0.32 f
  U204/Y (INVX0_RVT)                               0.02      0.34 r
  U222/Y (XOR2X1_RVT)                              0.08      0.42 f
  Sum[11] (out)                                    0.00      0.42 f
  data arrival time                                          0.42

  max_delay to non-endpoint                        1.50      1.50
  data required time                                         1.50
  ------------------------------------------------------------------------
  data required time                                         1.50
  data arrival time                                         -0.42
  ------------------------------------------------------------------------
  slack (MET)                                                1.08



  Startpoint: A[3] (input port)
  Endpoint: Sum[16] (output port)
  Mode: func
  Corner: typ
  Scenario: func_typ
  Path Group: **in2reg_default**
  Path Type: max

  Point                                            Incr      Path  
  ------------------------------------------------------------------------
  unclocked startpoint                             0.00      0.00

  A[3] (in)                                        0.00      0.00 f
  U125/Y (NAND2X0_RVT)                             0.06      0.06 r
  U127/Y (OAI21X1_RVT)                             0.06      0.12 f
  U70/Y (AOI21X1_RVT)                              0.05      0.17 r
  U64/Y (OAI21X1_RVT)                              0.05      0.22 f
  U78/Y (OR2X1_RVT)                                0.03      0.24 f
  U161/Y (AO21X1_RVT)                              0.05      0.29 f
  U54/Y (AOI21X1_RVT)                              0.05      0.34 r
  U198/Y (XOR2X1_RVT)                              0.08      0.42 f
  Sum[16] (out)                                    0.00      0.42 f
  data arrival time                                          0.42

  max_delay to non-endpoint                        1.50      1.50
  data required time                                         1.50
  ------------------------------------------------------------------------
  data required time                                         1.50
  data arrival time                                         -0.42
  ------------------------------------------------------------------------
  slack (MET)                                                1.08


1
