****************************************
Report : cell
Design : han_carlson_32
Version: U-2022.12-SP3
Date   : Tue Apr 21 18:17:09 2026
****************************************

Attributes
    b - black-box (unknown)
    h - hierarchical
    n - noncombinational
    u - contains unmapped logic
    E - extracted timing model
    Q - Quick timing model
    U - Unbound (missing)
    s - user size_only
    S - implicit size_only
    d - user dont_touch
    D - derived dont_touch
    o - synthetic operator


Cell                      Reference       Library          Attributes
--------------------------------------------------------------------------------
U102                      NAND2X0_RVT     saed32rvt_base_frame_timing
U104                      NOR2X0_RVT      saed32rvt_base_frame_timing
U105                      OR2X1_RVT       saed32rvt_base_frame_timing
U106                      OR2X1_RVT       saed32rvt_base_frame_timing
U107                      NAND2X0_RVT     saed32rvt_base_frame_timing
U108                      NOR2X0_RVT      saed32rvt_base_frame_timing
U109                      OR2X1_RVT       saed32rvt_base_frame_timing
U110                      NAND2X0_RVT     saed32rvt_base_frame_timing
U111                      NOR2X2_RVT      saed32rvt_base_frame_timing
U112                      NOR2X0_RVT      saed32rvt_base_frame_timing
U113                      NOR2X0_RVT      saed32rvt_base_frame_timing
U114                      NOR2X0_RVT      saed32rvt_base_frame_timing
U115                      NOR2X0_RVT      saed32rvt_base_frame_timing
U116                      NOR2X0_RVT      saed32rvt_base_frame_timing
U117                      AND2X1_RVT      saed32rvt_base_frame_timing
U118                      NAND2X0_RVT     saed32rvt_base_frame_timing
U119                      NOR2X0_RVT      saed32rvt_base_frame_timing
U120                      NOR2X0_RVT      saed32rvt_base_frame_timing
U121                      NOR2X0_RVT      saed32rvt_base_frame_timing
U122                      NAND2X0_RVT     saed32rvt_base_frame_timing
U123                      NAND2X0_RVT     saed32rvt_base_frame_timing
U124                      OAI21X1_RVT     saed32rvt_base_frame_timing
U125                      NAND2X0_RVT     saed32rvt_base_frame_timing
U126                      NAND2X0_RVT     saed32rvt_base_frame_timing
U128                      NAND2X0_RVT     saed32rvt_base_frame_timing
U129                      NAND2X0_RVT     saed32rvt_base_frame_timing
U130                      OAI21X1_RVT     saed32rvt_base_frame_timing
U131                      NOR2X0_RVT      saed32rvt_base_frame_timing
U132                      NOR2X0_RVT      saed32rvt_base_frame_timing
U133                      NOR2X0_RVT      saed32rvt_base_frame_timing
U134                      NOR2X0_RVT      saed32rvt_base_frame_timing
U135                      NOR2X0_RVT      saed32rvt_base_frame_timing
U136                      NOR2X0_RVT      saed32rvt_base_frame_timing
U137                      NAND2X0_RVT     saed32rvt_base_frame_timing
U138                      NOR2X0_RVT      saed32rvt_base_frame_timing
U139                      NOR2X0_RVT      saed32rvt_base_frame_timing
U140                      NOR2X0_RVT      saed32rvt_base_frame_timing
U141                      NOR2X0_RVT      saed32rvt_base_frame_timing
U142                      NOR2X0_RVT      saed32rvt_base_frame_timing
U143                      NOR2X0_RVT      saed32rvt_base_frame_timing
U144                      NAND2X0_RVT     saed32rvt_base_frame_timing
U145                      NOR2X0_RVT      saed32rvt_base_frame_timing
U146                      NAND2X0_RVT     saed32rvt_base_frame_timing
U147                      NAND2X0_RVT     saed32rvt_base_frame_timing
U148                      OAI21X1_RVT     saed32rvt_base_frame_timing
U149                      NAND2X0_RVT     saed32rvt_base_frame_timing
U150                      NAND2X0_RVT     saed32rvt_base_frame_timing
U151                      OAI21X1_RVT     saed32rvt_base_frame_timing
U152                      AOI21X1_RVT     saed32rvt_base_frame_timing
U153                      NAND2X0_RVT     saed32rvt_base_frame_timing
U154                      NAND2X0_RVT     saed32rvt_base_frame_timing
U155                      OAI21X1_RVT     saed32rvt_base_frame_timing
U156                      NAND2X0_RVT     saed32rvt_base_frame_timing
U157                      NAND2X0_RVT     saed32rvt_base_frame_timing
U158                      OAI21X1_RVT     saed32rvt_base_frame_timing
U159                      AOI21X1_RVT     saed32rvt_base_frame_timing
U160                      OAI21X1_RVT     saed32rvt_base_frame_timing
U161                      AO21X1_RVT      saed32rvt_base_frame_timing
U162                      NAND2X0_RVT     saed32rvt_base_frame_timing
U163                      NAND2X0_RVT     saed32rvt_base_frame_timing
U165                      NAND2X0_RVT     saed32rvt_base_frame_timing
U166                      OAI21X1_RVT     saed32rvt_base_frame_timing
U167                      NAND2X0_RVT     saed32rvt_base_frame_timing
U169                      NAND2X0_RVT     saed32rvt_base_frame_timing
U173                      NAND2X0_RVT     saed32rvt_base_frame_timing
U176                      OR2X1_RVT       saed32rvt_base_frame_timing
U177                      OR2X1_RVT       saed32rvt_base_frame_timing
U179                      OR2X1_RVT       saed32rvt_base_frame_timing
U181                      OR2X1_RVT       saed32rvt_base_frame_timing
U182                      OR2X1_RVT       saed32rvt_base_frame_timing
U186                      NAND2X0_RVT     saed32rvt_base_frame_timing
U187                      XNOR2X1_RVT     saed32rvt_base_frame_timing
U189                      XOR2X1_RVT      saed32rvt_base_frame_timing
U190                      NAND2X0_RVT     saed32rvt_base_frame_timing
U194                      INVX0_RVT       saed32rvt_base_frame_timing
U195                      NAND2X0_RVT     saed32rvt_base_frame_timing
U196                      XOR2X1_RVT      saed32rvt_base_frame_timing
U197                      NAND2X0_RVT     saed32rvt_base_frame_timing
U199                      NAND2X0_RVT     saed32rvt_base_frame_timing
U200                      XNOR2X1_RVT     saed32rvt_base_frame_timing
U202                      INVX0_RVT       saed32rvt_base_frame_timing
U203                      OAI21X1_RVT     saed32rvt_base_frame_timing
U204                      INVX0_RVT       saed32rvt_base_frame_timing
U207                      INVX0_RVT       saed32rvt_base_frame_timing
U210                      INVX0_RVT       saed32rvt_base_frame_timing
U211                      NAND2X0_RVT     saed32rvt_base_frame_timing
U212                      XOR2X1_RVT      saed32rvt_base_frame_timing
U213                      NAND2X0_RVT     saed32rvt_base_frame_timing
U214                      XNOR2X1_RVT     saed32rvt_base_frame_timing
U215                      INVX0_RVT       saed32rvt_base_frame_timing
U218                      INVX0_RVT       saed32rvt_base_frame_timing
U219                      NAND2X0_RVT     saed32rvt_base_frame_timing
U220                      XOR2X1_RVT      saed32rvt_base_frame_timing
U221                      NAND2X0_RVT     saed32rvt_base_frame_timing
U222                      XOR2X1_RVT      saed32rvt_base_frame_timing
U226                      INVX0_RVT       saed32rvt_base_frame_timing
U229                      INVX0_RVT       saed32rvt_base_frame_timing
U230                      NAND2X0_RVT     saed32rvt_base_frame_timing
U231                      XOR2X1_RVT      saed32rvt_base_frame_timing
U232                      NAND2X0_RVT     saed32rvt_base_frame_timing
U233                      XNOR2X1_RVT     saed32rvt_base_frame_timing
U234                      OAI21X1_RVT     saed32rvt_base_frame_timing
U235                      INVX0_RVT       saed32rvt_base_frame_timing
U236                      NAND2X0_RVT     saed32rvt_base_frame_timing
U237                      XNOR2X1_RVT     saed32rvt_base_frame_timing
U238                      INVX0_RVT       saed32rvt_base_frame_timing
U239                      NAND2X0_RVT     saed32rvt_base_frame_timing
U240                      XOR2X1_RVT      saed32rvt_base_frame_timing
U241                      OAI21X1_RVT     saed32rvt_base_frame_timing
U242                      INVX0_RVT       saed32rvt_base_frame_timing
U243                      NAND2X0_RVT     saed32rvt_base_frame_timing
U244                      XNOR2X1_RVT     saed32rvt_base_frame_timing
U245                      INVX0_RVT       saed32rvt_base_frame_timing
U246                      NAND2X0_RVT     saed32rvt_base_frame_timing
U247                      XOR2X1_RVT      saed32rvt_base_frame_timing
U248                      INVX0_RVT       saed32rvt_base_frame_timing
U250                      INVX0_RVT       saed32rvt_base_frame_timing
U251                      NAND2X0_RVT     saed32rvt_base_frame_timing
U252                      XOR2X1_RVT      saed32rvt_base_frame_timing
U253                      NAND2X0_RVT     saed32rvt_base_frame_timing
U254                      XNOR2X1_RVT     saed32rvt_base_frame_timing
U255                      INVX0_RVT       saed32rvt_base_frame_timing
U256                      OAI21X1_RVT     saed32rvt_base_frame_timing
U257                      INVX0_RVT       saed32rvt_base_frame_timing
U258                      NAND2X0_RVT     saed32rvt_base_frame_timing
U259                      XNOR2X1_RVT     saed32rvt_base_frame_timing
U260                      INVX0_RVT       saed32rvt_base_frame_timing
U261                      NAND2X0_RVT     saed32rvt_base_frame_timing
U262                      XOR2X1_RVT      saed32rvt_base_frame_timing
U263                      XOR2X1_RVT      saed32rvt_base_frame_timing
U264                      XOR2X1_RVT      saed32rvt_base_frame_timing
U265                      XOR3X2_RVT      saed32rvt_base_frame_timing
U266                      FADDX2_RVT      saed32rvt_base_frame_timing
U267                      FADDX1_RVT      saed32rvt_base_frame_timing
U36                       INVX0_RVT       saed32rvt_base_frame_timing
U40                       INVX0_RVT       saed32rvt_base_frame_timing
U47                       INVX0_RVT       saed32rvt_base_frame_timing
U48                       AOI21X1_RVT     saed32rvt_base_frame_timing
U49                       INVX0_RVT       saed32rvt_base_frame_timing
U51                       INVX0_RVT       saed32rvt_base_frame_timing
U52                       INVX0_RVT       saed32rvt_base_frame_timing
U58                       INVX0_RVT       saed32rvt_base_frame_timing
U60                       XOR2X1_RVT      saed32rvt_base_frame_timing
U62                       XOR3X2_RVT      saed32rvt_base_frame_timing
U63                       XOR2X1_RVT      saed32rvt_base_frame_timing
U67                       OR2X1_RVT       saed32rvt_base_frame_timing
U73                       AO21X1_RVT      saed32rvt_base_frame_timing
U74                       AND2X1_RVT      saed32rvt_base_frame_timing
U75                       AND2X1_RVT      saed32rvt_base_frame_timing
U77                       AO21X1_RVT      saed32rvt_base_frame_timing
U78                       OR2X2_RVT       saed32rvt_base_frame_timing
U82                       OA21X1_RVT      saed32rvt_base_frame_timing
U83                       OR2X1_RVT       saed32rvt_base_frame_timing
U84                       AO22X1_RVT      saed32rvt_base_frame_timing
U85                       NOR3X0_RVT      saed32rvt_base_frame_timing
U87                       OA21X1_RVT      saed32rvt_base_frame_timing
U88                       OR2X1_RVT       saed32rvt_base_frame_timing
U94                       AND2X1_RVT      saed32rvt_base_frame_timing
U95                       AND2X1_RVT      saed32rvt_base_frame_timing
U97                       AND2X1_RVT      saed32rvt_base_frame_timing
U98                       INVX0_RVT       saed32rvt_base_frame_timing
ctmTdsLR_1_101            AO221X1_RVT     saed32rvt_base_frame_timing
ctmTdsLR_1_102            OA222X1_RVT     saed32rvt_base_frame_timing
ctmTdsLR_1_103            XOR3X1_RVT      saed32rvt_base_frame_timing
ctmTdsLR_1_104            INVX0_RVT       saed32rvt_base_frame_timing
ctmTdsLR_1_106            OA222X1_RVT     saed32rvt_base_frame_timing
ctmTdsLR_1_107            XOR3X1_RVT      saed32rvt_base_frame_timing
ctmTdsLR_1_108            XOR3X1_RVT      saed32rvt_base_frame_timing
ctmTdsLR_1_109            INVX0_RVT       saed32rvt_base_frame_timing
ctmTdsLR_1_111            INVX0_RVT       saed32rvt_base_frame_timing
ctmTdsLR_1_113            XOR3X1_RVT      saed32rvt_base_frame_timing
ctmTdsLR_1_114            INVX0_RVT       saed32rvt_base_frame_timing
ctmTdsLR_1_117            INVX0_RVT       saed32rvt_base_frame_timing
ctmTdsLR_1_120            NAND2X0_RVT     saed32rvt_base_frame_timing
ctmTdsLR_1_122            NAND2X0_RVT     saed32rvt_base_frame_timing
ctmTdsLR_1_124            OAI221X1_RVT    saed32rvt_base_frame_timing
ctmTdsLR_1_125            XNOR2X1_RVT     saed32rvt_base_frame_timing
ctmTdsLR_1_126            INVX0_RVT       saed32rvt_base_frame_timing
ctmTdsLR_1_21             NAND3X0_RVT     saed32rvt_base_frame_timing
ctmTdsLR_1_33             AO222X1_RVT     saed32rvt_base_frame_timing
ctmTdsLR_1_37             INVX0_RVT       saed32rvt_base_frame_timing
ctmTdsLR_1_42             NAND3X0_RVT     saed32rvt_base_frame_timing
ctmTdsLR_1_46             NAND3X0_RVT     saed32rvt_base_frame_timing
ctmTdsLR_1_73             AO21X1_RVT      saed32rvt_base_frame_timing
ctmTdsLR_1_79             NAND2X0_RVT     saed32rvt_base_frame_timing
ctmTdsLR_1_8              AOI21X1_RVT     saed32rvt_base_frame_timing
ctmTdsLR_1_81             XNOR3X1_RVT     saed32rvt_base_frame_timing
ctmTdsLR_1_82             AND2X1_RVT      saed32rvt_base_frame_timing
ctmTdsLR_1_83             NOR2X0_RVT      saed32rvt_base_frame_timing
ctmTdsLR_1_87             NAND2X0_RVT     saed32rvt_base_frame_timing
ctmTdsLR_1_89             NAND2X0_RVT     saed32rvt_base_frame_timing
ctmTdsLR_1_9              AO21X1_RVT      saed32rvt_base_frame_timing
ctmTdsLR_1_91             INVX0_RVT       saed32rvt_base_frame_timing
ctmTdsLR_1_93             AO22X1_RVT      saed32rvt_base_frame_timing
ctmTdsLR_1_94             NAND2X0_RVT     saed32rvt_base_frame_timing
ctmTdsLR_1_96             AND3X1_RVT      saed32rvt_base_frame_timing
ctmTdsLR_1_97             NAND2X0_RVT     saed32rvt_base_frame_timing
ctmTdsLR_1_99             NAND3X0_RVT     saed32rvt_base_frame_timing
ctmTdsLR_2_10             AND2X1_RVT      saed32rvt_base_frame_timing
ctmTdsLR_2_100            OAI221X1_RVT    saed32rvt_base_frame_timing
ctmTdsLR_2_105            NAND3X0_RVT     saed32rvt_base_frame_timing
ctmTdsLR_2_110            OA21X1_RVT      saed32rvt_base_frame_timing
ctmTdsLR_2_112            AO21X1_RVT      saed32rvt_base_frame_timing
ctmTdsLR_2_115            AO21X1_RVT      saed32rvt_base_frame_timing
ctmTdsLR_2_118            AO21X1_RVT      saed32rvt_base_frame_timing
ctmTdsLR_2_121            AND2X1_RVT      saed32rvt_base_frame_timing
ctmTdsLR_2_123            AND2X1_RVT      saed32rvt_base_frame_timing
ctmTdsLR_2_127            AO21X1_RVT      saed32rvt_base_frame_timing
ctmTdsLR_2_22             OR3X1_RVT       saed32rvt_base_frame_timing
ctmTdsLR_2_34             AND2X1_RVT      saed32rvt_base_frame_timing
ctmTdsLR_2_38             OA21X1_RVT      saed32rvt_base_frame_timing
ctmTdsLR_2_41             AND2X1_RVT      saed32rvt_base_frame_timing
ctmTdsLR_2_43             NAND2X0_RVT     saed32rvt_base_frame_timing
ctmTdsLR_2_74             OR2X1_RVT       saed32rvt_base_frame_timing
ctmTdsLR_2_80             AND2X1_RVT      saed32rvt_base_frame_timing
ctmTdsLR_2_88             NAND2X0_RVT     saed32rvt_base_frame_timing
ctmTdsLR_2_90             AND2X1_RVT      saed32rvt_base_frame_timing
ctmTdsLR_2_95             AND2X1_RVT      saed32rvt_base_frame_timing
ctmTdsLR_2_98             AND2X1_RVT      saed32rvt_base_frame_timing
ctmTdsLR_3_116            MUX21X1_RVT     saed32rvt_base_frame_timing
ctmTdsLR_3_119            MUX21X1_RVT     saed32rvt_base_frame_timing
ctmTdsLR_3_23             INVX0_RVT       saed32rvt_base_frame_timing
ctmTdsLR_3_69             AO222X1_RVT     saed32rvt_base_frame_timing
ctmTdsLR_4_24             MUX21X1_RVT     saed32rvt_base_frame_timing
ctmTdsLR_4_49             INVX0_RVT       saed32rvt_base_frame_timing
ctmTdsLR_5_25             INVX0_RVT       saed32rvt_base_frame_timing
ctmTdsLR_5_50             NAND3X0_RVT     saed32rvt_base_frame_timing
ctmTdsLR_6_51             INVX0_RVT       saed32rvt_base_frame_timing
ctmTdsLR_7_27             NAND3X0_RVT     saed32rvt_base_frame_timing
ctmTdsLR_7_52             MUX21X1_RVT     saed32rvt_base_frame_timing
ropt_h_inst_130           DELLN1X2_RVT    saed32rvt_base_frame_timing
ropt_h_inst_131           DELLN1X2_RVT    saed32rvt_base_frame_timing
ropt_h_inst_132           NBUFFX2_RVT     saed32rvt_base_frame_timing
ropt_h_inst_133           NBUFFX2_RVT     saed32rvt_base_frame_timing
ropt_h_inst_134           DELLN1X2_RVT    saed32rvt_base_frame_timing
ropt_h_inst_135           NBUFFX2_RVT     saed32rvt_base_frame_timing
ropt_h_inst_136           NBUFFX2_RVT     saed32rvt_base_frame_timing
ropt_h_inst_137           NBUFFX2_RVT     saed32rvt_base_frame_timing
ropt_h_inst_140           NBUFFX2_RVT     saed32rvt_base_frame_timing
ropt_mt_inst_128          NBUFFX2_RVT     saed32rvt_base_frame_timing
ropt_mt_inst_129          NBUFFX2_RVT     saed32rvt_base_frame_timing
--------------------------------------------------------------------------------
Total 241 cells

1
