[icc2-lic Tue Apr 21 18:17:09 2026] Command 'report_timing' requires licenses
[icc2-lic Tue Apr 21 18:17:09 2026] Attempting to check-out alternate set of keys directly with queueing
[icc2-lic Tue Apr 21 18:17:09 2026] Sending count request for 'ICCompilerII-8' 
[icc2-lic Tue Apr 21 18:17:09 2026] Count request for 'ICCompilerII-8' returned 1 
[icc2-lic Tue Apr 21 18:17:09 2026] Sending check-out request for 'ICCompilerII-8' (1) with wait option
[icc2-lic Tue Apr 21 18:17:09 2026] Check-out request for 'ICCompilerII-8' with wait option succeeded
[icc2-lic Tue Apr 21 18:17:09 2026] Sending checkout check request for 'ICCompilerII-8' 
[icc2-lic Tue Apr 21 18:17:09 2026] Checkout check request for 'ICCompilerII-8' returned 0 
[icc2-lic Tue Apr 21 18:17:09 2026] Sending count request for 'ICCompilerII-8' 
[icc2-lic Tue Apr 21 18:17:09 2026] Count request for 'ICCompilerII-8' returned 1 
[icc2-lic Tue Apr 21 18:17:09 2026] Sending count request for 'ICCompilerII-NX' 
[icc2-lic Tue Apr 21 18:17:09 2026] Count request for 'ICCompilerII-NX' returned 1 
[icc2-lic Tue Apr 21 18:17:09 2026] Sending check-out request for 'ICCompilerII-NX' (1) with wait option
[icc2-lic Tue Apr 21 18:17:09 2026] Check-out request for 'ICCompilerII-NX' with wait option succeeded
[icc2-lic Tue Apr 21 18:17:09 2026] Sending checkout check request for 'ICCompilerII-NX' 
[icc2-lic Tue Apr 21 18:17:09 2026] Checkout check request for 'ICCompilerII-NX' returned 0 
[icc2-lic Tue Apr 21 18:17:09 2026] Sending count request for 'ICCompilerII-NX' 
[icc2-lic Tue Apr 21 18:17:09 2026] Count request for 'ICCompilerII-NX' returned 1 
[icc2-lic Tue Apr 21 18:17:09 2026] Check-out of alternate set of keys directly with queueing was successful
****************************************
Report : timing
        -path_type full
        -delay_type min
        -max_paths 50
        -report_by design
Design : han_carlson_32
Version: U-2022.12-SP3
Date   : Tue Apr 21 18:17:09 2026
****************************************

  Startpoint: A[24] (input port clocked by VCLK)
  Endpoint: Sum[24] (output port clocked by VCLK)
  Mode: FUNC
  Corner: FF
  Scenario: SCEN_FF
  Path Group: **in2out_default**
  Path Type: min

  Point                                            Incr      Path  
  ------------------------------------------------------------------------
  clock VCLK (rise edge)                           0.00      0.00
  clock network delay (ideal)                      0.00      0.01
  input external delay                             0.00      0.01 r
  A[24] (in)                                       0.01      0.01 r
  U266/S (FADDX2_RVT)                              0.06      0.06 f
  Sum[24] (out)                                    0.00      0.06 f
  data arrival time                                          0.06

  clock VCLK (rise edge)                           0.00      0.00
  clock network delay (ideal)                      0.00      0.00
  clock uncertainty                                0.05      0.05
  output external delay                           -0.00      0.05
  data required time                                         0.05
  ------------------------------------------------------------------------
  data required time                                         0.05
  data arrival time                                         -0.06
  ------------------------------------------------------------------------
  slack (MET)                                                0.01



  Startpoint: A[0] (input port clocked by VCLK)
  Endpoint: Sum[0] (output port clocked by VCLK)
  Mode: FUNC
  Corner: FF
  Scenario: SCEN_FF
  Path Group: **in2out_default**
  Path Type: min

  Point                                            Incr      Path  
  ------------------------------------------------------------------------
  clock VCLK (rise edge)                           0.00      0.00
  clock network delay (ideal)                      0.00      0.01
  input external delay                             0.00      0.01 f
  A[0] (in)                                        0.01      0.01 f
  U187/Y (XNOR2X1_RVT)                             0.04      0.06 f
  ropt_h_inst_132/Y (NBUFFX2_RVT)                  0.02      0.08 f
  Sum[0] (out)                                     0.00      0.08 f
  data arrival time                                          0.08

  clock VCLK (rise edge)                           0.00      0.00
  clock network delay (ideal)                      0.00      0.00
  clock uncertainty                                0.05      0.05
  output external delay                           -0.00      0.05
  data required time                                         0.05
  ------------------------------------------------------------------------
  data required time                                         0.05
  data arrival time                                         -0.08
  ------------------------------------------------------------------------
  slack (MET)                                                0.03



  Startpoint: A[31] (input port clocked by VCLK)
  Endpoint: Cout (output port clocked by VCLK)
  Mode: FUNC
  Corner: FF
  Scenario: SCEN_FF
  Path Group: **in2out_default**
  Path Type: min

  Point                                            Incr      Path  
  ------------------------------------------------------------------------
  clock VCLK (rise edge)                           0.00      0.00
  clock network delay (ideal)                      0.00      0.00
  input external delay                             0.00      0.00 r
  A[31] (in)                                       0.00      0.00 r
  ropt_mt_inst_129/Y (NBUFFX2_RVT)                 0.03      0.04 r
  ctmTdsLR_1_106/Y (OA222X1_RVT)                   0.04      0.08 r
  Cout (out)                                       0.00      0.08 r
  data arrival time                                          0.08

  clock VCLK (rise edge)                           0.00      0.00
  clock network delay (ideal)                      0.00      0.00
  clock uncertainty                                0.05      0.05
  output external delay                           -0.00      0.05
  data required time                                         0.05
  ------------------------------------------------------------------------
  data required time                                         0.05
  data arrival time                                         -0.08
  ------------------------------------------------------------------------
  slack (MET)                                                0.03



  Startpoint: A[27] (input port clocked by VCLK)
  Endpoint: Sum[27] (output port clocked by VCLK)
  Mode: FUNC
  Corner: FF
  Scenario: SCEN_FF
  Path Group: **in2out_default**
  Path Type: min

  Point                                            Incr      Path  
  ------------------------------------------------------------------------
  clock VCLK (rise edge)                           0.00      0.00
  clock network delay (ideal)                      0.00      0.01
  input external delay                             0.00      0.01 r
  A[27] (in)                                       0.01      0.01 r
  ctmTdsLR_1_113/Y (XOR3X1_RVT)                    0.07      0.08 f
  Sum[27] (out)                                    0.00      0.08 f
  data arrival time                                          0.08

  clock VCLK (rise edge)                           0.00      0.00
  clock network delay (ideal)                      0.00      0.00
  clock uncertainty                                0.05      0.05
  output external delay                           -0.00      0.05
  data required time                                         0.05
  ------------------------------------------------------------------------
  data required time                                         0.05
  data arrival time                                         -0.08
  ------------------------------------------------------------------------
  slack (MET)                                                0.03



  Startpoint: A[30] (input port clocked by VCLK)
  Endpoint: Sum[30] (output port clocked by VCLK)
  Mode: FUNC
  Corner: FF
  Scenario: SCEN_FF
  Path Group: **in2out_default**
  Path Type: min

  Point                                            Incr      Path  
  ------------------------------------------------------------------------
  clock VCLK (rise edge)                           0.00      0.00
  clock network delay (ideal)                      0.00      0.01
  input external delay                             0.00      0.01 r
  A[30] (in)                                       0.01      0.01 r
  ctmTdsLR_1_108/Y (XOR3X1_RVT)                    0.07      0.08 f
  Sum[30] (out)                                    0.00      0.08 f
  data arrival time                                          0.08

  clock VCLK (rise edge)                           0.00      0.00
  clock network delay (ideal)                      0.00      0.00
  clock uncertainty                                0.05      0.05
  output external delay                           -0.00      0.05
  data required time                                         0.05
  ------------------------------------------------------------------------
  data required time                                         0.05
  data arrival time                                         -0.08
  ------------------------------------------------------------------------
  slack (MET)                                                0.03



  Startpoint: B[25] (input port clocked by VCLK)
  Endpoint: Sum[25] (output port clocked by VCLK)
  Mode: FUNC
  Corner: FF
  Scenario: SCEN_FF
  Path Group: **in2out_default**
  Path Type: min

  Point                                            Incr      Path  
  ------------------------------------------------------------------------
  clock VCLK (rise edge)                           0.00      0.00
  clock network delay (ideal)                      0.00      0.01
  input external delay                             0.00      0.01 r
  B[25] (in)                                       0.01      0.01 r
  ctmTdsLR_1_107/Y (XOR3X1_RVT)                    0.07      0.08 f
  Sum[25] (out)                                    0.00      0.08 f
  data arrival time                                          0.08

  clock VCLK (rise edge)                           0.00      0.00
  clock network delay (ideal)                      0.00      0.00
  clock uncertainty                                0.05      0.05
  output external delay                           -0.00      0.05
  data required time                                         0.05
  ------------------------------------------------------------------------
  data required time                                         0.05
  data arrival time                                         -0.08
  ------------------------------------------------------------------------
  slack (MET)                                                0.03



  Startpoint: B[22] (input port clocked by VCLK)
  Endpoint: Sum[22] (output port clocked by VCLK)
  Mode: FUNC
  Corner: FF
  Scenario: SCEN_FF
  Path Group: **in2out_default**
  Path Type: min

  Point                                            Incr      Path  
  ------------------------------------------------------------------------
  clock VCLK (rise edge)                           0.00      0.00
  clock network delay (ideal)                      0.00      0.01
  input external delay                             0.00      0.01 r
  B[22] (in)                                       0.01      0.01 r
  U265/Y (XOR3X2_RVT)                              0.07      0.08 f
  Sum[22] (out)                                    0.00      0.08 f
  data arrival time                                          0.08

  clock VCLK (rise edge)                           0.00      0.00
  clock network delay (ideal)                      0.00      0.00
  clock uncertainty                                0.05      0.05
  output external delay                           -0.00      0.05
  data required time                                         0.05
  ------------------------------------------------------------------------
  data required time                                         0.05
  data arrival time                                         -0.08
  ------------------------------------------------------------------------
  slack (MET)                                                0.03



  Startpoint: B[28] (input port clocked by VCLK)
  Endpoint: Sum[28] (output port clocked by VCLK)
  Mode: FUNC
  Corner: FF
  Scenario: SCEN_FF
  Path Group: **in2out_default**
  Path Type: min

  Point                                            Incr      Path  
  ------------------------------------------------------------------------
  clock VCLK (rise edge)                           0.00      0.00
  clock network delay (ideal)                      0.00      0.01
  input external delay                             0.00      0.01 r
  B[28] (in)                                       0.01      0.01 r
  U62/Y (XOR3X2_RVT)                               0.07      0.08 f
  Sum[28] (out)                                    0.00      0.08 f
  data arrival time                                          0.08

  clock VCLK (rise edge)                           0.00      0.00
  clock network delay (ideal)                      0.00      0.00
  clock uncertainty                                0.05      0.05
  output external delay                           -0.00      0.05
  data required time                                         0.05
  ------------------------------------------------------------------------
  data required time                                         0.05
  data arrival time                                         -0.08
  ------------------------------------------------------------------------
  slack (MET)                                                0.03



  Startpoint: B[31] (input port clocked by VCLK)
  Endpoint: Sum[31] (output port clocked by VCLK)
  Mode: FUNC
  Corner: FF
  Scenario: SCEN_FF
  Path Group: **in2out_default**
  Path Type: min

  Point                                            Incr      Path  
  ------------------------------------------------------------------------
  clock VCLK (rise edge)                           0.00      0.00
  clock network delay (ideal)                      0.00      0.01
  input external delay                             0.00      0.01 r
  B[31] (in)                                       0.01      0.01 r
  ropt_h_inst_133/Y (NBUFFX2_RVT)                  0.03      0.03 r
  ctmTdsLR_1_103/Y (XOR3X1_RVT)                    0.06      0.09 f
  Sum[31] (out)                                    0.00      0.09 f
  data arrival time                                          0.09

  clock VCLK (rise edge)                           0.00      0.00
  clock network delay (ideal)                      0.00      0.00
  clock uncertainty                                0.05      0.05
  output external delay                           -0.00      0.05
  data required time                                         0.05
  ------------------------------------------------------------------------
  data required time                                         0.05
  data arrival time                                         -0.09
  ------------------------------------------------------------------------
  slack (MET)                                                0.04



  Startpoint: A[21] (input port clocked by VCLK)
  Endpoint: Sum[21] (output port clocked by VCLK)
  Mode: FUNC
  Corner: FF
  Scenario: SCEN_FF
  Path Group: **in2out_default**
  Path Type: min

  Point                                            Incr      Path  
  ------------------------------------------------------------------------
  clock VCLK (rise edge)                           0.00      0.00
  clock network delay (ideal)                      0.00      0.01
  input external delay                             0.00      0.01 r
  A[21] (in)                                       0.01      0.01 r
  ropt_h_inst_140/Y (NBUFFX2_RVT)                  0.03      0.04 r
  U267/S (FADDX1_RVT)                              0.05      0.09 f
  Sum[21] (out)                                    0.00      0.09 f
  data arrival time                                          0.09

  clock VCLK (rise edge)                           0.00      0.00
  clock network delay (ideal)                      0.00      0.00
  clock uncertainty                                0.05      0.05
  output external delay                           -0.00      0.05
  data required time                                         0.05
  ------------------------------------------------------------------------
  data required time                                         0.05
  data arrival time                                         -0.09
  ------------------------------------------------------------------------
  slack (MET)                                                0.04



  Startpoint: B[4] (input port clocked by VCLK)
  Endpoint: Sum[4] (output port clocked by VCLK)
  Mode: FUNC
  Corner: FF
  Scenario: SCEN_FF
  Path Group: **in2out_default**
  Path Type: min

  Point                                            Incr      Path  
  ------------------------------------------------------------------------
  clock VCLK (rise edge)                           0.00      0.00
  clock network delay (ideal)                      0.00      0.01
  input external delay                             0.00      0.01 f
  B[4] (in)                                        0.01      0.01 f
  U126/Y (NAND2X0_RVT)                             0.02      0.03 r
  U251/Y (NAND2X0_RVT)                             0.02      0.05 f
  U252/Y (XOR2X1_RVT)                              0.04      0.09 r
  Sum[4] (out)                                     0.00      0.09 r
  data arrival time                                          0.09

  clock VCLK (rise edge)                           0.00      0.00
  clock network delay (ideal)                      0.00      0.00
  clock uncertainty                                0.05      0.05
  output external delay                           -0.00      0.05
  data required time                                         0.05
  ------------------------------------------------------------------------
  data required time                                         0.05
  data arrival time                                         -0.09
  ------------------------------------------------------------------------
  slack (MET)                                                0.04



  Startpoint: A[23] (input port clocked by VCLK)
  Endpoint: Sum[23] (output port clocked by VCLK)
  Mode: FUNC
  Corner: FF
  Scenario: SCEN_FF
  Path Group: **in2out_default**
  Path Type: min

  Point                                            Incr      Path  
  ------------------------------------------------------------------------
  clock VCLK (rise edge)                           0.00      0.00
  clock network delay (ideal)                      0.00      0.01
  input external delay                             0.00      0.01 r
  A[23] (in)                                       0.01      0.01 r
  U263/Y (XOR2X1_RVT)                              0.03      0.04 f
  U264/Y (XOR2X1_RVT)                              0.05      0.09 r
  Sum[23] (out)                                    0.00      0.09 r
  data arrival time                                          0.09

  clock VCLK (rise edge)                           0.00      0.00
  clock network delay (ideal)                      0.00      0.00
  clock uncertainty                                0.05      0.05
  output external delay                           -0.00      0.05
  data required time                                         0.05
  ------------------------------------------------------------------------
  data required time                                         0.05
  data arrival time                                         -0.09
  ------------------------------------------------------------------------
  slack (MET)                                                0.05



  Startpoint: A[28] (input port clocked by VCLK)
  Endpoint: Sum[29] (output port clocked by VCLK)
  Mode: FUNC
  Corner: FF
  Scenario: SCEN_FF
  Path Group: **in2out_default**
  Path Type: min

  Point                                            Incr      Path  
  ------------------------------------------------------------------------
  clock VCLK (rise edge)                           0.00      0.00
  clock network delay (ideal)                      0.00      0.01
  input external delay                             0.00      0.01 r
  A[28] (in)                                       0.01      0.01 r
  U181/Y (OR2X1_RVT)                               0.03      0.04 r
  ctmTdsLR_5_50/Y (NAND3X0_RVT)                    0.02      0.07 f
  ctmTdsLR_1_46/Y (NAND3X0_RVT)                    0.03      0.10 r
  Sum[29] (out)                                    0.00      0.10 r
  data arrival time                                          0.10

  clock VCLK (rise edge)                           0.00      0.00
  clock network delay (ideal)                      0.00      0.00
  clock uncertainty                                0.05      0.05
  output external delay                           -0.00      0.05
  data required time                                         0.05
  ------------------------------------------------------------------------
  data required time                                         0.05
  data arrival time                                         -0.10
  ------------------------------------------------------------------------
  slack (MET)                                                0.05



  Startpoint: A[12] (input port clocked by VCLK)
  Endpoint: Sum[12] (output port clocked by VCLK)
  Mode: FUNC
  Corner: FF
  Scenario: SCEN_FF
  Path Group: **in2out_default**
  Path Type: min

  Point                                            Incr      Path  
  ------------------------------------------------------------------------
  clock VCLK (rise edge)                           0.00      0.00
  clock network delay (ideal)                      0.00      0.01
  input external delay                             0.00      0.01 f
  A[12] (in)                                       0.01      0.01 f
  U154/Y (NAND2X0_RVT)                             0.03      0.04 r
  U219/Y (NAND2X0_RVT)                             0.02      0.06 f
  U220/Y (XOR2X1_RVT)                              0.04      0.10 r
  Sum[12] (out)                                    0.00      0.10 r
  data arrival time                                          0.10

  clock VCLK (rise edge)                           0.00      0.00
  clock network delay (ideal)                      0.00      0.00
  clock uncertainty                                0.05      0.05
  output external delay                           -0.00      0.05
  data required time                                         0.05
  ------------------------------------------------------------------------
  data required time                                         0.05
  data arrival time                                         -0.10
  ------------------------------------------------------------------------
  slack (MET)                                                0.05



  Startpoint: A[25] (input port clocked by VCLK)
  Endpoint: Sum[26] (output port clocked by VCLK)
  Mode: FUNC
  Corner: FF
  Scenario: SCEN_FF
  Path Group: **in2out_default**
  Path Type: min

  Point                                            Incr      Path  
  ------------------------------------------------------------------------
  clock VCLK (rise edge)                           0.00      0.00
  clock network delay (ideal)                      0.00      0.01
  input external delay                             0.00      0.01 r
  A[25] (in)                                       0.01      0.01 r
  U176/Y (OR2X1_RVT)                               0.03      0.04 r
  ctmTdsLR_7_27/Y (NAND3X0_RVT)                    0.02      0.06 f
  ctmTdsLR_1_21/Y (NAND3X0_RVT)                    0.04      0.10 r
  Sum[26] (out)                                    0.00      0.10 r
  data arrival time                                          0.10

  clock VCLK (rise edge)                           0.00      0.00
  clock network delay (ideal)                      0.00      0.00
  clock uncertainty                                0.05      0.05
  output external delay                           -0.00      0.05
  data required time                                         0.05
  ------------------------------------------------------------------------
  data required time                                         0.05
  data arrival time                                         -0.10
  ------------------------------------------------------------------------
  slack (MET)                                                0.05



  Startpoint: B[5] (input port clocked by VCLK)
  Endpoint: Sum[5] (output port clocked by VCLK)
  Mode: FUNC
  Corner: FF
  Scenario: SCEN_FF
  Path Group: **in2out_default**
  Path Type: min

  Point                                            Incr      Path  
  ------------------------------------------------------------------------
  clock VCLK (rise edge)                           0.00      0.00
  clock network delay (ideal)                      0.00      0.01
  input external delay                             0.00      0.01 f
  B[5] (in)                                        0.01      0.01 f
  U128/Y (NAND2X0_RVT)                             0.03      0.04 r
  U246/Y (NAND2X0_RVT)                             0.02      0.06 f
  U247/Y (XOR2X1_RVT)                              0.04      0.10 r
  Sum[5] (out)                                     0.00      0.10 r
  data arrival time                                          0.10

  clock VCLK (rise edge)                           0.00      0.00
  clock network delay (ideal)                      0.00      0.00
  clock uncertainty                                0.05      0.05
  output external delay                           -0.00      0.05
  data required time                                         0.05
  ------------------------------------------------------------------------
  data required time                                         0.05
  data arrival time                                         -0.10
  ------------------------------------------------------------------------
  slack (MET)                                                0.05



  Startpoint: B[17] (input port clocked by VCLK)
  Endpoint: Sum[17] (output port clocked by VCLK)
  Mode: FUNC
  Corner: FF
  Scenario: SCEN_FF
  Path Group: **in2out_default**
  Path Type: min

  Point                                            Incr      Path  
  ------------------------------------------------------------------------
  clock VCLK (rise edge)                           0.00      0.00
  clock network delay (ideal)                      0.00      0.01
  input external delay                             0.00      0.01 f
  B[17] (in)                                       0.01      0.01 f
  U165/Y (NAND2X0_RVT)                             0.02      0.03 r
  U195/Y (NAND2X0_RVT)                             0.02      0.06 f
  U196/Y (XOR2X1_RVT)                              0.05      0.10 r
  Sum[17] (out)                                    0.00      0.10 r
  data arrival time                                          0.10

  clock VCLK (rise edge)                           0.00      0.00
  clock network delay (ideal)                      0.00      0.00
  clock uncertainty                                0.05      0.05
  output external delay                           -0.00      0.05
  data required time                                         0.05
  ------------------------------------------------------------------------
  data required time                                         0.05
  data arrival time                                         -0.10
  ------------------------------------------------------------------------
  slack (MET)                                                0.05



  Startpoint: B[14] (input port clocked by VCLK)
  Endpoint: Sum[14] (output port clocked by VCLK)
  Mode: FUNC
  Corner: FF
  Scenario: SCEN_FF
  Path Group: **in2out_default**
  Path Type: min

  Point                                            Incr      Path  
  ------------------------------------------------------------------------
  clock VCLK (rise edge)                           0.00      0.00
  clock network delay (ideal)                      0.00      0.01
  input external delay                             0.00      0.01 f
  B[14] (in)                                       0.01      0.01 f
  U157/Y (NAND2X0_RVT)                             0.02      0.03 r
  U211/Y (NAND2X0_RVT)                             0.02      0.06 f
  U212/Y (XOR2X1_RVT)                              0.05      0.10 r
  Sum[14] (out)                                    0.00      0.10 r
  data arrival time                                          0.10

  clock VCLK (rise edge)                           0.00      0.00
  clock network delay (ideal)                      0.00      0.00
  clock uncertainty                                0.05      0.05
  output external delay                           -0.00      0.05
  data required time                                         0.05
  ------------------------------------------------------------------------
  data required time                                         0.05
  data arrival time                                         -0.10
  ------------------------------------------------------------------------
  slack (MET)                                                0.05



  Startpoint: B[16] (input port clocked by VCLK)
  Endpoint: Sum[16] (output port clocked by VCLK)
  Mode: FUNC
  Corner: FF
  Scenario: SCEN_FF
  Path Group: **in2out_default**
  Path Type: min

  Point                                            Incr      Path  
  ------------------------------------------------------------------------
  clock VCLK (rise edge)                           0.00      0.00
  clock network delay (ideal)                      0.00      0.01
  input external delay                             0.00      0.01 f
  B[16] (in)                                       0.01      0.01 f
  U163/Y (NAND2X0_RVT)                             0.02      0.03 r
  U197/Y (NAND2X0_RVT)                             0.02      0.06 f
  ctmTdsLR_3_119/Y (MUX21X1_RVT)                   0.05      0.10 f
  Sum[16] (out)                                    0.00      0.10 f
  data arrival time                                          0.10

  clock VCLK (rise edge)                           0.00      0.00
  clock network delay (ideal)                      0.00      0.00
  clock uncertainty                                0.05      0.05
  output external delay                           -0.00      0.05
  data required time                                         0.05
  ------------------------------------------------------------------------
  data required time                                         0.05
  data arrival time                                         -0.10
  ------------------------------------------------------------------------
  slack (MET)                                                0.05



  Startpoint: B[6] (input port clocked by VCLK)
  Endpoint: Sum[6] (output port clocked by VCLK)
  Mode: FUNC
  Corner: FF
  Scenario: SCEN_FF
  Path Group: **in2out_default**
  Path Type: min

  Point                                            Incr      Path  
  ------------------------------------------------------------------------
  clock VCLK (rise edge)                           0.00      0.00
  clock network delay (ideal)                      0.00      0.01
  input external delay                             0.00      0.01 f
  B[6] (in)                                        0.01      0.01 f
  U129/Y (NAND2X0_RVT)                             0.02      0.03 r
  U243/Y (NAND2X0_RVT)                             0.02      0.05 f
  U244/Y (XNOR2X1_RVT)                             0.05      0.10 f
  Sum[6] (out)                                     0.00      0.10 f
  data arrival time                                          0.10

  clock VCLK (rise edge)                           0.00      0.00
  clock network delay (ideal)                      0.00      0.00
  clock uncertainty                                0.05      0.05
  output external delay                           -0.00      0.05
  data required time                                         0.05
  ------------------------------------------------------------------------
  data required time                                         0.05
  data arrival time                                         -0.10
  ------------------------------------------------------------------------
  slack (MET)                                                0.05



  Startpoint: B[1] (input port clocked by VCLK)
  Endpoint: Sum[1] (output port clocked by VCLK)
  Mode: FUNC
  Corner: FF
  Scenario: SCEN_FF
  Path Group: **in2out_default**
  Path Type: min

  Point                                            Incr      Path  
  ------------------------------------------------------------------------
  clock VCLK (rise edge)                           0.00      0.00
  clock network delay (ideal)                      0.00      0.01
  input external delay                             0.00      0.01 f
  B[1] (in)                                        0.01      0.01 f
  U122/Y (NAND2X0_RVT)                             0.03      0.04 r
  U261/Y (NAND2X0_RVT)                             0.02      0.06 f
  U262/Y (XOR2X1_RVT)                              0.04      0.10 r
  Sum[1] (out)                                     0.00      0.10 r
  data arrival time                                          0.10

  clock VCLK (rise edge)                           0.00      0.00
  clock network delay (ideal)                      0.00      0.00
  clock uncertainty                                0.05      0.05
  output external delay                           -0.00      0.05
  data required time                                         0.05
  ------------------------------------------------------------------------
  data required time                                         0.05
  data arrival time                                         -0.10
  ------------------------------------------------------------------------
  slack (MET)                                                0.05



  Startpoint: A[10] (input port clocked by VCLK)
  Endpoint: Sum[10] (output port clocked by VCLK)
  Mode: FUNC
  Corner: FF
  Scenario: SCEN_FF
  Path Group: **in2out_default**
  Path Type: min

  Point                                            Incr      Path  
  ------------------------------------------------------------------------
  clock VCLK (rise edge)                           0.00      0.00
  clock network delay (ideal)                      0.00      0.01
  input external delay                             0.00      0.01 r
  A[10] (in)                                       0.01      0.01 r
  U150/Y (NAND2X0_RVT)                             0.02      0.03 f
  U230/Y (NAND2X0_RVT)                             0.03      0.06 r
  U231/Y (XOR2X1_RVT)                              0.05      0.10 r
  Sum[10] (out)                                    0.00      0.10 r
  data arrival time                                          0.10

  clock VCLK (rise edge)                           0.00      0.00
  clock network delay (ideal)                      0.00      0.00
  clock uncertainty                                0.05      0.05
  output external delay                           -0.00      0.05
  data required time                                         0.05
  ------------------------------------------------------------------------
  data required time                                         0.05
  data arrival time                                         -0.10
  ------------------------------------------------------------------------
  slack (MET)                                                0.05



  Startpoint: B[15] (input port clocked by VCLK)
  Endpoint: Sum[15] (output port clocked by VCLK)
  Mode: FUNC
  Corner: FF
  Scenario: SCEN_FF
  Path Group: **in2out_default**
  Path Type: min

  Point                                            Incr      Path  
  ------------------------------------------------------------------------
  clock VCLK (rise edge)                           0.00      0.00
  clock network delay (ideal)                      0.00      0.01
  input external delay                             0.00      0.01 f
  B[15] (in)                                       0.01      0.01 f
  U162/Y (NAND2X0_RVT)                             0.02      0.03 r
  U199/Y (NAND2X0_RVT)                             0.02      0.06 f
  U200/Y (XNOR2X1_RVT)                             0.05      0.11 f
  Sum[15] (out)                                    0.00      0.11 f
  data arrival time                                          0.11

  clock VCLK (rise edge)                           0.00      0.00
  clock network delay (ideal)                      0.00      0.00
  clock uncertainty                                0.05      0.05
  output external delay                           -0.00      0.05
  data required time                                         0.05
  ------------------------------------------------------------------------
  data required time                                         0.05
  data arrival time                                         -0.11
  ------------------------------------------------------------------------
  slack (MET)                                                0.06



  Startpoint: B[18] (input port clocked by VCLK)
  Endpoint: Sum[18] (output port clocked by VCLK)
  Mode: FUNC
  Corner: FF
  Scenario: SCEN_FF
  Path Group: **in2out_default**
  Path Type: min

  Point                                            Incr      Path  
  ------------------------------------------------------------------------
  clock VCLK (rise edge)                           0.00      0.00
  clock network delay (ideal)                      0.00      0.01
  input external delay                             0.00      0.01 f
  B[18] (in)                                       0.01      0.01 f
  U167/Y (NAND2X0_RVT)                             0.03      0.04 r
  U190/Y (NAND2X0_RVT)                             0.02      0.06 f
  ctmTdsLR_3_116/Y (MUX21X1_RVT)                   0.05      0.11 f
  Sum[18] (out)                                    0.00      0.11 f
  data arrival time                                          0.11

  clock VCLK (rise edge)                           0.00      0.00
  clock network delay (ideal)                      0.00      0.00
  clock uncertainty                                0.05      0.05
  output external delay                           -0.00      0.05
  data required time                                         0.05
  ------------------------------------------------------------------------
  data required time                                         0.05
  data arrival time                                         -0.11
  ------------------------------------------------------------------------
  slack (MET)                                                0.06



  Startpoint: B[13] (input port clocked by VCLK)
  Endpoint: Sum[13] (output port clocked by VCLK)
  Mode: FUNC
  Corner: FF
  Scenario: SCEN_FF
  Path Group: **in2out_default**
  Path Type: min

  Point                                            Incr      Path  
  ------------------------------------------------------------------------
  clock VCLK (rise edge)                           0.00      0.00
  clock network delay (ideal)                      0.00      0.01
  input external delay                             0.00      0.01 f
  B[13] (in)                                       0.01      0.01 f
  U156/Y (NAND2X0_RVT)                             0.03      0.04 r
  U213/Y (NAND2X0_RVT)                             0.02      0.07 f
  U214/Y (XNOR2X1_RVT)                             0.05      0.11 f
  Sum[13] (out)                                    0.00      0.11 f
  data arrival time                                          0.11

  clock VCLK (rise edge)                           0.00      0.00
  clock network delay (ideal)                      0.00      0.00
  clock uncertainty                                0.05      0.05
  output external delay                           -0.00      0.05
  data required time                                         0.05
  ------------------------------------------------------------------------
  data required time                                         0.05
  data arrival time                                         -0.11
  ------------------------------------------------------------------------
  slack (MET)                                                0.06



  Startpoint: A[8] (input port clocked by VCLK)
  Endpoint: Sum[8] (output port clocked by VCLK)
  Mode: FUNC
  Corner: FF
  Scenario: SCEN_FF
  Path Group: **in2out_default**
  Path Type: min

  Point                                            Incr      Path  
  ------------------------------------------------------------------------
  clock VCLK (rise edge)                           0.00      0.00
  clock network delay (ideal)                      0.00      0.01
  input external delay                             0.00      0.01 f
  A[8] (in)                                        0.01      0.01 f
  U147/Y (NAND2X0_RVT)                             0.03      0.04 r
  U236/Y (NAND2X0_RVT)                             0.03      0.06 f
  U237/Y (XNOR2X1_RVT)                             0.05      0.11 f
  Sum[8] (out)                                     0.00      0.11 f
  data arrival time                                          0.11

  clock VCLK (rise edge)                           0.00      0.00
  clock network delay (ideal)                      0.00      0.00
  clock uncertainty                                0.05      0.05
  output external delay                           -0.00      0.05
  data required time                                         0.05
  ------------------------------------------------------------------------
  data required time                                         0.05
  data arrival time                                         -0.11
  ------------------------------------------------------------------------
  slack (MET)                                                0.06



  Startpoint: A[11] (input port clocked by VCLK)
  Endpoint: Sum[11] (output port clocked by VCLK)
  Mode: FUNC
  Corner: FF
  Scenario: SCEN_FF
  Path Group: **in2out_default**
  Path Type: min

  Point                                            Incr      Path  
  ------------------------------------------------------------------------
  clock VCLK (rise edge)                           0.00      0.00
  clock network delay (ideal)                      0.00      0.01
  input external delay                             0.00      0.01 f
  A[11] (in)                                       0.01      0.01 f
  U153/Y (NAND2X0_RVT)                             0.04      0.05 r
  U221/Y (NAND2X0_RVT)                             0.02      0.07 f
  U222/Y (XOR2X1_RVT)                              0.04      0.11 r
  Sum[11] (out)                                    0.00      0.11 r
  data arrival time                                          0.11

  clock VCLK (rise edge)                           0.00      0.00
  clock network delay (ideal)                      0.00      0.00
  clock uncertainty                                0.05      0.05
  output external delay                           -0.00      0.05
  data required time                                         0.05
  ------------------------------------------------------------------------
  data required time                                         0.05
  data arrival time                                         -0.11
  ------------------------------------------------------------------------
  slack (MET)                                                0.06



  Startpoint: A[7] (input port clocked by VCLK)
  Endpoint: Sum[7] (output port clocked by VCLK)
  Mode: FUNC
  Corner: FF
  Scenario: SCEN_FF
  Path Group: **in2out_default**
  Path Type: min

  Point                                            Incr      Path  
  ------------------------------------------------------------------------
  clock VCLK (rise edge)                           0.00      0.00
  clock network delay (ideal)                      0.00      0.01
  input external delay                             0.00      0.01 f
  A[7] (in)                                        0.01      0.01 f
  U146/Y (NAND2X0_RVT)                             0.03      0.04 r
  U239/Y (NAND2X0_RVT)                             0.03      0.07 f
  U240/Y (XOR2X1_RVT)                              0.04      0.11 r
  Sum[7] (out)                                     0.00      0.11 r
  data arrival time                                          0.11

  clock VCLK (rise edge)                           0.00      0.00
  clock network delay (ideal)                      0.00      0.00
  clock uncertainty                                0.05      0.05
  output external delay                           -0.00      0.05
  data required time                                         0.05
  ------------------------------------------------------------------------
  data required time                                         0.05
  data arrival time                                         -0.11
  ------------------------------------------------------------------------
  slack (MET)                                                0.06



  Startpoint: B[3] (input port clocked by VCLK)
  Endpoint: Sum[3] (output port clocked by VCLK)
  Mode: FUNC
  Corner: FF
  Scenario: SCEN_FF
  Path Group: **in2out_default**
  Path Type: min

  Point                                            Incr      Path  
  ------------------------------------------------------------------------
  clock VCLK (rise edge)                           0.00      0.00
  clock network delay (ideal)                      0.00      0.01
  input external delay                             0.00      0.01 f
  B[3] (in)                                        0.01      0.01 f
  U125/Y (NAND2X0_RVT)                             0.03      0.04 r
  U253/Y (NAND2X0_RVT)                             0.03      0.06 f
  U254/Y (XNOR2X1_RVT)                             0.05      0.11 f
  Sum[3] (out)                                     0.00      0.11 f
  data arrival time                                          0.11

  clock VCLK (rise edge)                           0.00      0.00
  clock network delay (ideal)                      0.00      0.00
  clock uncertainty                                0.05      0.05
  output external delay                           -0.00      0.05
  data required time                                         0.05
  ------------------------------------------------------------------------
  data required time                                         0.05
  data arrival time                                         -0.11
  ------------------------------------------------------------------------
  slack (MET)                                                0.06



  Startpoint: B[2] (input port clocked by VCLK)
  Endpoint: Sum[2] (output port clocked by VCLK)
  Mode: FUNC
  Corner: FF
  Scenario: SCEN_FF
  Path Group: **in2out_default**
  Path Type: min

  Point                                            Incr      Path  
  ------------------------------------------------------------------------
  clock VCLK (rise edge)                           0.00      0.00
  clock network delay (ideal)                      0.00      0.01
  input external delay                             0.00      0.01 r
  B[2] (in)                                        0.01      0.01 r
  U123/Y (NAND2X0_RVT)                             0.02      0.03 f
  U258/Y (NAND2X0_RVT)                             0.04      0.07 r
  U259/Y (XNOR2X1_RVT)                             0.05      0.12 r
  Sum[2] (out)                                     0.00      0.12 r
  data arrival time                                          0.12

  clock VCLK (rise edge)                           0.00      0.00
  clock network delay (ideal)                      0.00      0.00
  clock uncertainty                                0.05      0.05
  output external delay                           -0.00      0.05
  data required time                                         0.05
  ------------------------------------------------------------------------
  data required time                                         0.05
  data arrival time                                         -0.12
  ------------------------------------------------------------------------
  slack (MET)                                                0.07



  Startpoint: B[9] (input port clocked by VCLK)
  Endpoint: Sum[9] (output port clocked by VCLK)
  Mode: FUNC
  Corner: FF
  Scenario: SCEN_FF
  Path Group: **in2out_default**
  Path Type: min

  Point                                            Incr      Path  
  ------------------------------------------------------------------------
  clock VCLK (rise edge)                           0.00      0.00
  clock network delay (ideal)                      0.00      0.01
  input external delay                             0.00      0.01 f
  B[9] (in)                                        0.01      0.01 f
  U149/Y (NAND2X0_RVT)                             0.03      0.04 r
  U232/Y (NAND2X0_RVT)                             0.03      0.07 f
  U233/Y (XNOR2X1_RVT)                             0.05      0.13 f
  Sum[9] (out)                                     0.00      0.13 f
  data arrival time                                          0.13

  clock VCLK (rise edge)                           0.00      0.00
  clock network delay (ideal)                      0.00      0.00
  clock uncertainty                                0.05      0.05
  output external delay                           -0.00      0.05
  data required time                                         0.05
  ------------------------------------------------------------------------
  data required time                                         0.05
  data arrival time                                         -0.13
  ------------------------------------------------------------------------
  slack (MET)                                                0.08



  Startpoint: A[20] (input port clocked by VCLK)
  Endpoint: Sum[20] (output port clocked by VCLK)
  Mode: FUNC
  Corner: FF
  Scenario: SCEN_FF
  Path Group: **in2out_default**
  Path Type: min

  Point                                            Incr      Path  
  ------------------------------------------------------------------------
  clock VCLK (rise edge)                           0.00      0.00
  clock network delay (ideal)                      0.00      0.01
  input external delay                             0.00      0.01 r
  A[20] (in)                                       0.01      0.01 r
  ctmTdsLR_1_81/Y (XNOR3X1_RVT)                    0.02      0.03 r
  ropt_h_inst_130/Y (DELLN1X2_RVT)                 0.11      0.14 r
  Sum[20] (out)                                    0.00      0.14 r
  data arrival time                                          0.14

  clock VCLK (rise edge)                           0.00      0.00
  clock network delay (ideal)                      0.00      0.00
  clock uncertainty                                0.05      0.05
  output external delay                           -0.00      0.05
  data required time                                         0.05
  ------------------------------------------------------------------------
  data required time                                         0.05
  data arrival time                                         -0.14
  ------------------------------------------------------------------------
  slack (MET)                                                0.09



  Startpoint: A[19] (input port clocked by VCLK)
  Endpoint: Sum[19] (output port clocked by VCLK)
  Mode: FUNC
  Corner: FF
  Scenario: SCEN_FF
  Path Group: **in2out_default**
  Path Type: min

  Point                                            Incr      Path  
  ------------------------------------------------------------------------
  clock VCLK (rise edge)                           0.00      0.00
  clock network delay (ideal)                      0.00      0.01
  input external delay                             0.00      0.01 r
  A[19] (in)                                       0.01      0.01 r
  U189/Y (XOR2X1_RVT)                              0.04      0.05 r
  ropt_h_inst_131/Y (DELLN1X2_RVT)                 0.10      0.15 r
  Sum[19] (out)                                    0.00      0.15 r
  data arrival time                                          0.15

  clock VCLK (rise edge)                           0.00      0.00
  clock network delay (ideal)                      0.00      0.00
  clock uncertainty                                0.05      0.05
  output external delay                           -0.00      0.05
  data required time                                         0.05
  ------------------------------------------------------------------------
  data required time                                         0.05
  data arrival time                                         -0.15
  ------------------------------------------------------------------------
  slack (MET)                                                0.10


1
