****************************************
Report : design
Design : hybrid_rcla32
Version: U-2022.12-SP3
Date   : Thu May 21 20:56:06 2026
****************************************

Total number of std cells in library : 286
Total number of dont_use lib cells   : 7
Total number of dont_touch lib cells : 7
Total number of buffers              : 11
Total number of inverters            : 15
Total number of flip-flops           : 106
Total number of latches              : 12
Total number of ICGs                 : 12

Cell Instance Type  Count         Area
--------------------------------------
TOTAL LEAF CELLS      229      604.863
unit                  229      604.863
Standard cells        229      604.863
unit                  229      604.863
Hard macro cells        0        0.000
unit                  229      604.863
Soft macro cells        0        0.000
unit                  229      604.863
Always on cells         0        0.000
unit                  229      604.863
Physical only           0        0.000
unit                  229      604.863
Fixed cells             0        0.000
unit                  229      604.863
Moveable cells        229      604.863
unit                  229      604.863
Sequential              0        0.000
unit                  229      604.863
Buffer/inverter        63      108.265
unit                  229      604.863
ICG cells               0        0.000
unit                  229      604.863

Logic Hierarchies                    : 0
Design Masters count                 : 30
Total Flat nets count                : 299
Total FloatingNets count             : 0
Total no of Ports                    : 100
Number of Master Clocks in design    : 1
Number of Generated Clocks in design : 0
Number of Path Groups in design      : 7 (1 of them Non Default)
Number of Scan Chains in design      : 0
List of Modes                        : FUNC
List of Corners                      : FF, TT, SS
List of Scenarios                    : SCEN_FF, SCEN_SS, SCEN_TT

Core Area                            : 640.443
Chip Area                            : 1246.603
Total Site Row Area                  : 640.443
Number of Blockages                  : 0
Total area of Blockages              : 0.000
Number of Power Domains              : 1
Number of Voltage Areas              : 1
Number of Group Bounds               : 0
Number of Exclusive MoveBounds       : 0
Number of Hard or Soft MoveBounds    : 0
Number of Multibit Registers         : 0
Number of Multibit LS/ISO Cells      : 0
Number of Top Level RP Groups        : 0
Number of Tech Layers                : 71 (61 of them have unknown routing dir.)

Total wire length                    : 3773.76 micron
Total number of wires                : 1941
Total number of contacts             : 1556
1
