 
****************************************
Report : timing
        -path full
        -delay max
        -max_paths 1
Design : hybrid_rcla32
Version: T-2022.03-SP5
Date   : Sat Feb 28 18:34:48 2026
****************************************

Operating Conditions: tt1p05v25c   Library: saed32rvt_tt1p05v25c
Wire Load Model Mode: enclosed

  Startpoint: A[0] (input port)
  Endpoint: Sum[31] (output port)
  Path Group: default
  Path Type: max

  Des/Clust/Port     Wire Load Model       Library
  ------------------------------------------------
  hybrid_rcla32      8000                  saed32rvt_tt1p05v25c

  Point                                    Incr       Path
  -----------------------------------------------------------
  input external delay                     0.00       0.00 r
  A[0] (in)                                0.00       0.00 r
  U82/Y (NAND2X0_RVT)                      0.03       0.03 f
  U125/Y (NAND3X0_RVT)                     0.04       0.07 r
  intadd_1/U32/CO (FADDX1_RVT)             0.09       0.16 r
  intadd_1/U31/CO (FADDX1_RVT)             0.09       0.24 r
  intadd_1/U30/CO (FADDX1_RVT)             0.09       0.33 r
  intadd_1/U29/CO (FADDX1_RVT)             0.09       0.42 r
  intadd_1/U28/CO (FADDX1_RVT)             0.09       0.51 r
  intadd_1/U27/CO (FADDX1_RVT)             0.09       0.59 r
  intadd_1/U26/CO (FADDX1_RVT)             0.09       0.68 r
  intadd_1/U25/CO (FADDX1_RVT)             0.09       0.77 r
  intadd_1/U24/CO (FADDX1_RVT)             0.09       0.86 r
  intadd_1/U23/CO (FADDX1_RVT)             0.09       0.95 r
  U83/Y (AO21X1_RVT)                       0.07       1.02 r
  intadd_1/U19/CO (FADDX1_RVT)             0.09       1.11 r
  U87/Y (AO21X1_RVT)                       0.07       1.18 r
  U101/Y (AO21X1_RVT)                      0.06       1.24 r
  U150/Y (AO22X1_RVT)                      0.05       1.30 r
  intadd_1/U13/CO (FADDX1_RVT)             0.09       1.39 r
  U147/Y (AO22X1_RVT)                      0.06       1.44 r
  intadd_1/U11/CO (FADDX1_RVT)             0.09       1.54 r
  U92/Y (AO21X1_RVT)                       0.07       1.61 r
  U116/Y (AO21X1_RVT)                      0.06       1.67 r
  intadd_1/U4/CO (FADDX1_RVT)              0.09       1.76 r
  U123/Y (AO22X1_RVT)                      0.06       1.81 r
  intadd_1/U2/S (FADDX1_RVT)               0.11       1.92 f
  Sum[31] (out)                            0.00       1.92 f
  data arrival time                                   1.92

  max_delay                                2.00       2.00
  output external delay                    0.00       2.00
  data required time                                  2.00
  -----------------------------------------------------------
  data required time                                  2.00
  data arrival time                                  -1.92
  -----------------------------------------------------------
  slack (MET)                                         0.08


1
