****************************************
Report : Averaged Power
Design : brent_kung_32
Version: T-2022.03-SP2
Date   : Fri May 22 11:33:22 2026
****************************************



  Attributes
  ----------
      i  -  Including register clock pin internal power
      u  -  User defined power group

                        Internal  Switching  Leakage    Total
Power Group             Power     Power      Power      Power   (     %)  Attrs
--------------------------------------------------------------------------------
clock_network              0.0000    0.0000    0.0000    0.0000 ( 0.00%)  i
register                   0.0000    0.0000    0.0000    0.0000 ( 0.00%)  
combinational           5.462e-05 3.067e-05 2.515e-05 1.105e-04 (100.00%) 
sequential                 0.0000    0.0000    0.0000    0.0000 ( 0.00%)  
memory                     0.0000    0.0000    0.0000    0.0000 ( 0.00%)  
io_pad                     0.0000    0.0000    0.0000    0.0000 ( 0.00%)  
black_box                  0.0000    0.0000    0.0000    0.0000 ( 0.00%)  

  Net Switching Power  = 3.067e-05   (27.77%)
  Cell Internal Power  = 5.462e-05   (49.45%)
  Cell Leakage Power   = 2.515e-05   (22.77%)
                         ---------
Total Power            = 1.105e-04  (100.00%)

1
