****************************************
Report : net_fanout
        -threshold
Design : rcla_32
Version: U-2022.12-SP3
Date   : Thu May 21 20:55:10 2026
****************************************

NetName                Fanout Driver
-------                ------ ------
Sum[31]                     1 ctmTdsLR_4_77/Y
Sum[30]                     1 ctmTdsLR_1_122/Y
Sum[29]                     1 ctmTdsLR_1_485/Y
Sum[28]                     1 ctmTdsLR_1_83/Y
Sum[27]                     1 ctmTdsLR_2_382/Y
Sum[26]                     1 ctmTdsLR_1_125/Y
Sum[25]                     1 ctmTdsLR_2_359/Y
Sum[24]                     1 ctmTdsLR_4_379/Y
Sum[23]                     1 ctmTdsLR_1_357/Y
Sum[22]                     1 ctmTdsLR_4_16/Y
Sum[21]                     1 ctmTdsLR_1_143/Y
Sum[20]                     1 ctmTdsLR_4_20/Y
Sum[19]                     1 ctmTdsLR_2_375/Y
Sum[18]                     1 ctmTdsLR_1_53/Y
Sum[17]                     1 ctmTdsLR_2_361/Y
Sum[16]                     1 ctmTdsLR_1_64/Y
Sum[15]                     1 ctmTdsLR_1_355/Y
Sum[14]                     1 intadd_6/U19/S
Sum[13]                     1 ctmTdsLR_2_354/Y
Sum[12]                     1 ctmTdsLR_1_351/Y
Sum[11]                     1 ctmTdsLR_1_344/Y
Sum[10]                     1 ctmTdsLR_4_510/Y
Sum[9]                      1 ctmTdsLR_4_521/Y
Sum[8]                      1 intadd_6/U25/S
Sum[7]                      1 intadd_6/U26/S
Sum[6]                      1 intadd_6/U27/S
Sum[5]                      1 intadd_6/U28/S
Sum[4]                      1 intadd_6/U29/S
ropt_net_184                1 intadd_6/U30/S
Sum[2]                      1 ctmTdsLR_6_419/Y
Sum[1]                      1 ctmTdsLR_1_414/Y
Cout                        1 ctmTdsLR_1_451/Y
A[31]                       3 A[31]
A[30]                       1 A[30]
A[29]                       5 A[29]
A[28]                       3 A[28]
A[27]                       3 A[27]
A[26]                       3 A[26]
A[25]                       3 A[25]
A[24]                       3 A[24]
A[23]                       3 A[23]
A[22]                       3 A[22]
A[21]                       4 A[21]
A[20]                       3 A[20]
A[19]                       2 A[19]
A[18]                       2 A[18]
A[17]                       1 A[17]
A[16]                       2 A[16]
A[15]                       3 A[15]
A[14]                       3 A[14]
A[13]                       3 A[13]
A[12]                       2 A[12]
A[11]                       3 A[11]
A[10]                       3 A[10]
A[9]                        3 A[9]
A[8]                        1 A[8]
A[7]                        1 A[7]
A[6]                        1 A[6]
A[5]                        1 A[5]
A[4]                        1 A[4]
A[3]                        1 A[3]
A[2]                        1 A[2]
A[1]                        3 A[1]
A[0]                        3 A[0]
B[31]                       1 B[31]
B[30]                       4 B[30]
B[29]                       5 B[29]
B[28]                       3 B[28]
B[27]                       5 B[27]
B[26]                       3 B[26]
B[25]                       5 B[25]
B[24]                       3 B[24]
B[23]                       3 B[23]
B[22]                       3 B[22]
B[21]                       4 B[21]
B[20]                       3 B[20]
B[19]                       6 B[19]
B[18]                       2 B[18]
B[17]                       1 B[17]
B[16]                       2 B[16]
B[15]                       3 B[15]
B[14]                       3 B[14]
B[13]                       3 B[13]
B[12]                       2 B[12]
B[11]                       3 B[11]
B[10]                       3 B[10]
B[9]                        3 B[9]
B[8]                        1 B[8]
B[7]                        1 B[7]
B[6]                        1 B[6]
B[5]                        1 B[5]
B[4]                        1 B[4]
B[3]                        1 B[3]
B[2]                        3 B[2]
B[1]                        3 B[1]
B[0]                        3 B[0]
Cin                         3 Cin
ropt_net_158                1 U156/Y
intadd_6/n32                1 ctmTdsLR_1_470/Y
intadd_6/n30                1 ctmTdsLR_1_512/Y
intadd_6/n29                1 intadd_6/U30/CO
intadd_6/n28                1 intadd_6/U29/CO
intadd_6/n27                1 intadd_6/U28/CO
intadd_6/n26                1 intadd_6/U27/CO
intadd_6/n25                1 intadd_6/U26/CO
intadd_6/n24                2 intadd_6/U25/CO
intadd_6/n23                2 ctmTdsLR_1_518/Y
intadd_6/n22                4 ctmTdsLR_6_523/Y
intadd_6/n19                1 U83/Y
intadd_6/n18                3 ctmTdsLR_5_511/Y
Sum[0]                      1 ropt_h_inst_573/Y
intadd_6/n14                4 ctmTdsLR_1_570/Y
intadd_6/n13                1 ctmTdsLR_1_197/Y
intadd_6/n12                3 ctmTdsLR_1_107/Y
intadd_6/n11                4 ctmTdsLR_1_96/Y
intadd_6/n10                1 ctmTdsLR_1_13/Y
intadd_6/n8                 2 ctmTdsLR_1_115/Y
intadd_6/n6                 3 ctmTdsLR_1_104/Y
ZBUF_68_4                   3 ZBUF_68_inst_501/Y
intadd_6/n3                 2 ctmTdsLR_1_356/Y
intadd_6/n2                 1 ctmTdsLR_1_552/Y
n63                         2 ctmTdsLR_2_367/Y
n64                         1 ctmTdsLR_2_369/Y
n65                         2 ctmTdsLR_2_371/Y
n66                         1 ctmTdsLR_1_372/Y
n67                         1 U70/Y
ropt_net_159                3 ropt_h_inst_574/Y
ZBUF_39_5                   4 ZBUF_39_inst_503/Y
n70                         2 U73/Y
n71                         2 U74/Y
n72                         2 ctmTdsLR_1_340/Y
n73                         2 ctmTdsLR_1_341/Y
n74                         1 U77/Y
ropt_net_160                1 ropt_h_inst_575/Y
ropt_net_161                1 ropt_h_inst_576/Y
ZINV_100_6                  2 ZINV_100_inst_506/Y
popt_net_135                1 ctmTdsLR_2_508/Y
n79                         2 U84/Y
n80                         2 U86/Y
n81                         2 U88/Y
n82                         1 U43/Y
popt_net_136                1 ctmTdsLR_3_509/Y
n84                         3 U89/Y
n85                         2 U59/Y
n86                         2 U91/Y
n87                         2 U34/Y
n88                         2 U35/Y
popt_net_137                3 ctmTdsLR_3_514/Y
n90                         2 U95/Y
popt_net_138                1 ctmTdsLR_2_513/Y
popt_net_139                1 ctmTdsLR_5_516/Y
popt_net_140                1 ctmTdsLR_4_515/Y
n94                         2 U98/Y
n95                         1 U44/Y
popt_net_141                1 ctmTdsLR_6_517/Y
popt_net_142                1 ctmTdsLR_2_519/Y
n98                         2 ctmTdsLR_1_342/Y
popt_net_143                1 ctmTdsLR_3_520/Y
popt_net_144                1 ctmTdsLR_5_522/Y
n101                        2 U39/Y
n102                        2 U102/Y
n103                        1 U45/Y
popt_net_146                1 ctmTdsLR_3_554/Y
n105                        4 U103/Y
n106                        3 U60/Y
n107                        2 U105/Y
n108                        2 U33/Y
n109                        2 U106/Y
n110                        1 U46/Y
popt_net_147                1 ctmTdsLR_2_553/Y
n112                        2 U107/Y
popt_net_157                1 ctmTdsLR_2_571/Y
n114                        2 U109/Y
n115                        2 U36/Y
n116                        2 U38/Y
n117                        2 U110/Y
n118                        3 U50/Y
ropt_net_162                1 ropt_h_inst_577/Y
n120                        2 U49/Y
n121                        3 U112/Y
n122                        4 U61/Y
ropt_net_163                1 ropt_h_inst_578/Y
n124                        2 U114/Y
ropt_net_164                1 ropt_h_inst_579/Y
ropt_net_165                1 ropt_h_inst_580/Y
n127                        3 U117/Y
n128                        3 U54/Y
popt_net_0                  4 ctmTdsLR_2_14/Y
n130                        2 U48/Y
n131                        3 U119/Y
n132                        4 U63/Y
ropt_net_166                1 ropt_h_inst_581/Y
n134                        2 U121/Y
ropt_net_167                1 ropt_h_inst_582/Y
ropt_net_168                1 ropt_h_inst_583/Y
ropt_net_169                1 ropt_h_inst_584/Y
n138                        3 U124/Y
n139                        2 U126/Y
n140                        2 ctmTdsLR_1_43/Y
ropt_net_170                1 ropt_h_inst_585/Y
n142                        2 U141/Y
ropt_net_171                1 ropt_h_inst_586/Y
n144                        2 U142/Y
ropt_net_172                1 ropt_h_inst_587/Y
n146                        2 U144/Y
ropt_net_173                4 ropt_h_inst_588/Y
n148                        3 U146/Y
ropt_net_174                1 ropt_h_inst_589/Y
n150                        2 U149/Y
ropt_net_175                1 ropt_h_inst_591/Y
n152                        3 U151/Y
ropt_net_176                1 ropt_h_inst_592/Y
n154                        3 U153/Y
ropt_net_177                1 ropt_h_inst_593/Y
ropt_net_178                1 ropt_h_inst_594/Y
n157                        2 U155/Y
ropt_net_179                5 ropt_h_inst_595/Y
ZBUF_34_0                   2 ctmTdsLR_1_113/Y
ropt_net_180                3 ropt_h_inst_597/Y
ropt_net_181                1 ropt_h_inst_598/Y
ZBUF_17_0                   3 ZBUF_17_inst_3/Y
ropt_net_182                1 ropt_h_inst_599/Y
ropt_net_183                1 ropt_h_inst_600/Y
ZBUF_28_0                   3 ctmTdsLR_1_121/Y
Sum[3]                      1 ropt_h_inst_601/Y
ZBUF_9_1                    1 ctmTdsLR_1_112/Y
ropt_net_185                1 ropt_h_inst_603/Y
ropt_net_186                3 ropt_h_inst_604/Y
popt_net_1                  4 ctmTdsLR_3_15/Y
popt_net_2                  2 ctmTdsLR_2_18/Y
ropt_net_187                1 ropt_h_inst_607/Y
popt_net_4                  2 ctmTdsLR_2_22/Y
popt_net_6                  4 ctmTdsLR_2_26/Y
popt_net_7                  3 ctmTdsLR_3_27/Y
popt_net_8                  2 ctmTdsLR_2_29/Y
popt_net_9                  3 ctmTdsLR_1_387/Y
popt_net_10                 4 ctmTdsLR_2_32/Y
popt_net_11                 1 ctmTdsLR_4_34/Y
popt_net_12                 3 ctmTdsLR_1_343/Y
popt_net_13                 2 ctmTdsLR_3_37/Y
popt_net_14                 3 ctmTdsLR_2_36/Y
popt_net_15                 3 ctmTdsLR_4_38/Y
popt_net_16                 4 ctmTdsLR_2_40/Y
popt_net_18                 2 ctmTdsLR_1_388/Y
popt_net_19                 3 ctmTdsLR_2_46/Y
popt_net_21                 1 ctmTdsLR_2_49/Y
popt_net_22                 1 ctmTdsLR_4_51/Y
popt_net_23                 1 ctmTdsLR_3_50/Y
popt_net_25                 1 ctmTdsLR_2_54/Y
popt_net_26                 1 ctmTdsLR_4_56/Y
popt_net_27                 1 ctmTdsLR_5_57/Y
popt_net_28                 1 ctmTdsLR_3_55/Y
popt_net_30                 1 ctmTdsLR_1_352/Y
popt_net_31                 2 ctmTdsLR_2_61/Y
popt_net_33                 2 ctmTdsLR_3_66/Y
popt_net_34                 1 ctmTdsLR_2_65/Y
popt_net_35                 1 ctmTdsLR_5_68/Y
popt_net_37                 1 ctmTdsLR_4_67/Y
popt_net_38                 1 ctmTdsLR_7_70/Y
popt_net_39                 2 ctmTdsLR_2_72/Y
popt_net_41                 2 ctmTdsLR_2_75/Y
popt_net_42                 1 ctmTdsLR_3_76/Y
popt_net_44                 1 ctmTdsLR_4_81/Y
popt_net_47                 1 ctmTdsLR_2_84/Y
popt_net_54                 1 ctmTdsLR_2_97/Y
popt_net_55                 1 ctmTdsLR_2_386/Y
popt_net_60                 1 ctmTdsLR_2_108/Y
popt_net_58                 2 ctmTdsLR_2_105/Y
popt_net_59                 2 ctmTdsLR_3_106/Y
popt_net_61                 1 ctmTdsLR_3_109/Y
popt_net_63                 1 ctmTdsLR_2_116/Y
popt_net_64                 1 ctmTdsLR_3_117/Y
popt_net_67                 1 ctmTdsLR_3_127/Y
popt_net_68                 1 ctmTdsLR_2_126/Y
popt_net_75                 4 ctmTdsLR_1_389/Y
popt_net_87                 1 ctmTdsLR_2_363/Y
tmp_net95                   1 ctmTdsLR_1_353/Y
tmp_net96                   2 ctmTdsLR_1_358/Y
tmp_net97                   2 ctmTdsLR_1_360/Y
tmp_net98                   1 ctmTdsLR_1_362/Y
tmp_net100                  1 ctmTdsLR_1_366/Y
tmp_net101                  1 ctmTdsLR_1_368/Y
tmp_net102                  1 ctmTdsLR_1_370/Y
tmp_net103                  2 ctmTdsLR_1_374/Y
tmp_net104                  1 ctmTdsLR_1_376/Y
tmp_net105                  1 ctmTdsLR_2_377/Y
tmp_net106                  1 ctmTdsLR_3_378/Y
tmp_net107                  2 ctmTdsLR_1_381/Y
tmp_net108                  1 ctmTdsLR_1_385/Y
popt_net_109                1 ctmTdsLR_4_417/Y
popt_net_110                1 ctmTdsLR_1_472/Y
popt_net_111                1 ctmTdsLR_5_418/Y
popt_net_112                1 ctmTdsLR_7_420/Y
popt_net_113                1 ctmTdsLR_3_453/Y
popt_net_114                1 ctmTdsLR_2_452/Y
popt_net_115                1 ctmTdsLR_4_454/Y
popt_net_116                1 ctmTdsLR_5_455/Y
popt_net_117                2 ctmTdsLR_2_471/Y
popt_net_118                3 ctmTdsLR_3_474/Y
popt_net_119                1 ctmTdsLR_4_475/Y
popt_net_120                2 ctmTdsLR_2_473/Y
popt_net_121                2 ctmTdsLR_5_476/Y
popt_net_122                2 ctmTdsLR_6_477/Y
popt_net_123                1 ctmTdsLR_6_490/Y
popt_net_124                2 ctmTdsLR_5_489/Y
popt_net_125                1 ctmTdsLR_8_492/Y
popt_net_126                2 ctmTdsLR_7_491/Y
popt_net_127                2 ctmTdsLR_4_488/Y
popt_net_128                1 ctmTdsLR_3_487/Y
popt_net_129                1 ctmTdsLR_2_486/Y
popt_net_130                1 ctmTdsLR_10_494/Y
popt_net_131                1 ctmTdsLR_9_493/Y
popt_net_132                1 ctmTdsLR_12_496/Y
popt_net_133                1 ctmTdsLR_13_497/Y
popt_net_134                1 ctmTdsLR_11_495/Y
1
