****************************************
Report : report_utilization
Design : han_carlson_32
Version: U-2022.12-SP3
Date   : Tue Apr 21 18:17:09 2026
****************************************
Utilization Ratio:			0.6359
Utilization options:
 - Area calculation based on:		site_row of block han_carlson_32
 - Categories of objects excluded:	hard_macros macro_keepouts soft_macros io_cells hard_blockages 
Total Area:				924.0676
Total Capacity Area:			924.0676
Total Area of cells:			587.5809
Area of excluded objects:
 - hard_macros         :		0.0000
 - macro_keepouts      :		0.0000
 - soft_macros         :		0.0000
 - io_cells            :		0.0000
 - hard_blockages      :		0.0000
Total Area of excluded objects:		0.0000
Ratio of excluded objects:		0.0000

Utilization of site-rows with:
 - Site 'unit':				0.6359

0.6359
