 
****************************************
Report : timing
        -path full
        -delay max
        -max_paths 1
Design : csla32_bec
Version: T-2022.03-SP5
Date   : Sat Feb 28 18:40:14 2026
****************************************

Operating Conditions: tt1p05v25c   Library: saed32rvt_tt1p05v25c
Wire Load Model Mode: enclosed

  Startpoint: A[0] (input port)
  Endpoint: Sum[31] (output port)
  Path Group: default
  Path Type: max

  Des/Clust/Port     Wire Load Model       Library
  ------------------------------------------------
  csla32_bec         8000                  saed32rvt_tt1p05v25c

  Point                                    Incr       Path
  -----------------------------------------------------------
  input external delay                     0.00       0.00 r
  A[0] (in)                                0.00       0.00 r
  U405/Y (AND2X1_RVT)                      0.04       0.04 r
  intadd_10/U4/CO (FADDX1_RVT)             0.08       0.13 r
  intadd_10/U3/CO (FADDX1_RVT)             0.09       0.22 r
  intadd_10/U2/S (FADDX1_RVT)              0.12       0.33 f
  U68/Y (AO22X1_RVT)                       0.06       0.39 f
  U151/Y (AOI21X1_RVT)                     0.08       0.47 r
  U79/Y (XNOR2X1_RVT)                      0.09       0.56 r
  U70/Y (OR3X1_RVT)                        0.06       0.62 r
  U69/Y (OR2X1_RVT)                        0.06       0.68 r
  U67/Y (OAI22X1_RVT)                      0.07       0.75 f
  U109/Y (AOI21X1_RVT)                     0.08       0.82 r
  U97/Y (XNOR2X1_RVT)                      0.08       0.91 f
  U108/Y (NAND2X0_RVT)                     0.05       0.96 r
  U116/Y (NOR2X0_RVT)                      0.07       1.03 f
  U66/Y (AO21X1_RVT)                       0.07       1.09 f
  U291/Y (AOI21X1_RVT)                     0.08       1.18 r
  U62/Y (XOR2X1_RVT)                       0.09       1.26 f
  U293/Y (NAND2X0_RVT)                     0.05       1.31 r
  U75/Y (OR2X1_RVT)                        0.05       1.37 r
  U113/Y (NOR2X0_RVT)                      0.07       1.43 f
  U58/Y (AO22X1_RVT)                       0.06       1.49 f
  U170/Y (AOI21X1_RVT)                     0.08       1.58 r
  U87/Y (OAI21X1_RVT)                      0.08       1.65 f
  U83/Y (XNOR2X1_RVT)                      0.09       1.74 f
  U107/Y (NAND2X0_RVT)                     0.05       1.80 r
  U106/Y (OR3X1_RVT)                       0.06       1.86 r
  U141/Y (XOR2X1_RVT)                      0.08       1.94 f
  U354/Y (AO21X1_RVT)                      0.05       1.99 f
  Sum[31] (out)                            0.00       1.99 f
  data arrival time                                   1.99

  max_delay                                2.00       2.00
  output external delay                    0.00       2.00
  data required time                                  2.00
  -----------------------------------------------------------
  data required time                                  2.00
  data arrival time                                  -1.99
  -----------------------------------------------------------
  slack (MET)                                         0.01


1
