 
****************************************
Report : area
Design : csla32_bec
Version: T-2022.03-SP5
Date   : Sat Feb 28 18:40:14 2026
****************************************

Library(s) Used:

    saed32rvt_tt1p05v25c (File: /home2/synopsys/libraries/SAED32_EDK/lib/stdcell_rvt/db_nldm/saed32rvt_tt1p05v25c.db)

Number of ports:                           98
Number of nets:                           433
Number of cells:                          365
Number of combinational cells:            365
Number of sequential cells:                 0
Number of macros/black boxes:               0
Number of buf/inv:                         87
Number of references:                      19

Combinational area:                848.332669
Buf/Inv area:                      112.839937
Noncombinational area:               0.000000
Macro/Black Box area:                0.000000
Net Interconnect area:             122.140299

Total cell area:                   848.332669
Total area:                        970.472967
1
