[icc2-lic Sun Mar 15 23:13:36 2026] Command 'report_timing' requires licenses
[icc2-lic Sun Mar 15 23:13:36 2026] Attempting to check-out alternate set of keys directly with queueing
[icc2-lic Sun Mar 15 23:13:36 2026] Sending count request for 'ICCompilerII-8' 
[icc2-lic Sun Mar 15 23:13:36 2026] Count request for 'ICCompilerII-8' returned 1 
[icc2-lic Sun Mar 15 23:13:36 2026] Sending check-out request for 'ICCompilerII-8' (1) with wait option
[icc2-lic Sun Mar 15 23:13:36 2026] Check-out request for 'ICCompilerII-8' with wait option succeeded
[icc2-lic Sun Mar 15 23:13:36 2026] Sending checkout check request for 'ICCompilerII-8' 
[icc2-lic Sun Mar 15 23:13:36 2026] Checkout check request for 'ICCompilerII-8' returned 0 
[icc2-lic Sun Mar 15 23:13:36 2026] Sending count request for 'ICCompilerII-8' 
[icc2-lic Sun Mar 15 23:13:36 2026] Count request for 'ICCompilerII-8' returned 1 
[icc2-lic Sun Mar 15 23:13:36 2026] Sending count request for 'ICCompilerII-NX' 
[icc2-lic Sun Mar 15 23:13:36 2026] Count request for 'ICCompilerII-NX' returned 1 
[icc2-lic Sun Mar 15 23:13:36 2026] Sending check-out request for 'ICCompilerII-NX' (1) with wait option
[icc2-lic Sun Mar 15 23:13:36 2026] Check-out request for 'ICCompilerII-NX' with wait option succeeded
[icc2-lic Sun Mar 15 23:13:36 2026] Sending checkout check request for 'ICCompilerII-NX' 
[icc2-lic Sun Mar 15 23:13:36 2026] Checkout check request for 'ICCompilerII-NX' returned 0 
[icc2-lic Sun Mar 15 23:13:36 2026] Sending count request for 'ICCompilerII-NX' 
[icc2-lic Sun Mar 15 23:13:36 2026] Count request for 'ICCompilerII-NX' returned 1 
[icc2-lic Sun Mar 15 23:13:36 2026] Check-out of alternate set of keys directly with queueing was successful
****************************************
Report : timing
        -path_type full
        -delay_type max
        -max_paths 20
        -report_by design
Design : kogge_stone_adder
Version: U-2022.12-SP3
Date   : Sun Mar 15 23:13:36 2026
****************************************

  Startpoint: B[4] (input port)
  Endpoint: Sum[30] (output port)
  Mode: func
  Corner: typ
  Scenario: func_typ
  Path Group: **in2reg_default**
  Path Type: max

  Point                                            Incr      Path  
  ------------------------------------------------------------------------
  unclocked startpoint                             0.00      0.00

  B[4] (in)                                        0.00      0.00 r
  U289/Y (NOR2X0_RVT)                              0.06      0.06 f
  U303/Y (OAI21X1_RVT)                             0.06      0.11 r
  U241/Y (AO21X1_RVT)                              0.04      0.15 r
  U261/Y (AO21X1_RVT)                              0.03      0.18 r
  U260/Y (AO21X1_RVT)                              0.03      0.21 r
  U526/CO (FADDX1_RVT)                             0.05      0.26 r
  U408/CO (FADDX1_RVT)                             0.06      0.32 r
  U409/CO (FADDX1_RVT)                             0.06      0.38 r
  U410/Y (NAND2X0_RVT)                             0.02      0.39 f
  U412/Y (AOI21X1_RVT)                             0.06      0.45 r
  U244/Y (NOR3X0_RVT)                              0.05      0.49 f
  U246/Y (NOR2X0_RVT)                              0.04      0.53 r
  U199/Y (OR2X1_RVT)                               0.03      0.57 r
  U255/Y (AOI21X1_RVT)                             0.05      0.62 f
  U435/Y (OA21X1_RVT)                              0.04      0.66 f
  U254/Y (NOR2X0_RVT)                              0.04      0.70 r
  U253/Y (OR2X1_RVT)                               0.03      0.73 r
  U215/Y (INVX0_RVT)                               0.02      0.74 f
  U443/Y (OA21X1_RVT)                              0.04      0.78 f
  U444/Y (XOR2X1_RVT)                              0.07      0.85 r
  Sum[30] (out)                                    0.00      0.85 r
  data arrival time                                          0.85

  max_delay to non-endpoint                        1.50      1.50
  data required time                                         1.50
  ------------------------------------------------------------------------
  data required time                                         1.50
  data arrival time                                         -0.85
  ------------------------------------------------------------------------
  slack (MET)                                                0.65



  Startpoint: B[4] (input port)
  Endpoint: Sum[29] (output port)
  Mode: func
  Corner: typ
  Scenario: func_typ
  Path Group: **in2reg_default**
  Path Type: max

  Point                                            Incr      Path  
  ------------------------------------------------------------------------
  unclocked startpoint                             0.00      0.00

  B[4] (in)                                        0.00      0.00 r
  U289/Y (NOR2X0_RVT)                              0.06      0.06 f
  U303/Y (OAI21X1_RVT)                             0.06      0.11 r
  U241/Y (AO21X1_RVT)                              0.04      0.15 r
  U261/Y (AO21X1_RVT)                              0.03      0.18 r
  U260/Y (AO21X1_RVT)                              0.03      0.21 r
  U526/CO (FADDX1_RVT)                             0.05      0.26 r
  U408/CO (FADDX1_RVT)                             0.06      0.32 r
  U409/CO (FADDX1_RVT)                             0.06      0.38 r
  U410/Y (NAND2X0_RVT)                             0.02      0.39 f
  U412/Y (AOI21X1_RVT)                             0.06      0.45 r
  U244/Y (NOR3X0_RVT)                              0.05      0.49 f
  U246/Y (NOR2X0_RVT)                              0.04      0.53 r
  U199/Y (OR2X1_RVT)                               0.03      0.57 r
  U255/Y (AOI21X1_RVT)                             0.05      0.62 f
  U435/Y (OA21X1_RVT)                              0.04      0.66 f
  U254/Y (NOR2X0_RVT)                              0.04      0.70 r
  U253/Y (OR2X1_RVT)                               0.03      0.73 r
  U527/Y (AO22X1_RVT)                              0.03      0.76 r
  U528/SO (HADDX1_RVT)                             0.07      0.83 f
  Sum[29] (out)                                    0.00      0.83 f
  data arrival time                                          0.83

  max_delay to non-endpoint                        1.50      1.50
  data required time                                         1.50
  ------------------------------------------------------------------------
  data required time                                         1.50
  data arrival time                                         -0.83
  ------------------------------------------------------------------------
  slack (MET)                                                0.67



  Startpoint: B[4] (input port)
  Endpoint: Sum[28] (output port)
  Mode: func
  Corner: typ
  Scenario: func_typ
  Path Group: **in2reg_default**
  Path Type: max

  Point                                            Incr      Path  
  ------------------------------------------------------------------------
  unclocked startpoint                             0.00      0.00

  B[4] (in)                                        0.00      0.00 r
  U289/Y (NOR2X0_RVT)                              0.06      0.06 f
  U303/Y (OAI21X1_RVT)                             0.06      0.11 r
  U241/Y (AO21X1_RVT)                              0.04      0.15 r
  U261/Y (AO21X1_RVT)                              0.03      0.18 r
  U260/Y (AO21X1_RVT)                              0.03      0.21 r
  U526/CO (FADDX1_RVT)                             0.05      0.26 r
  U408/CO (FADDX1_RVT)                             0.06      0.32 r
  U409/CO (FADDX1_RVT)                             0.06      0.38 r
  U410/Y (NAND2X0_RVT)                             0.02      0.39 f
  U412/Y (AOI21X1_RVT)                             0.06      0.45 r
  U244/Y (NOR3X0_RVT)                              0.05      0.49 f
  U246/Y (NOR2X0_RVT)                              0.04      0.53 r
  U199/Y (OR2X1_RVT)                               0.03      0.57 r
  U255/Y (AOI21X1_RVT)                             0.05      0.62 f
  U435/Y (OA21X1_RVT)                              0.04      0.66 f
  U254/Y (NOR2X0_RVT)                              0.04      0.70 r
  U253/Y (OR2X1_RVT)                               0.03      0.73 r
  U215/Y (INVX0_RVT)                               0.02      0.74 f
  U482/Y (XOR2X1_RVT)                              0.08      0.82 r
  Sum[28] (out)                                    0.00      0.82 r
  data arrival time                                          0.82

  max_delay to non-endpoint                        1.50      1.50
  data required time                                         1.50
  ------------------------------------------------------------------------
  data required time                                         1.50
  data arrival time                                         -0.82
  ------------------------------------------------------------------------
  slack (MET)                                                0.68



  Startpoint: B[4] (input port)
  Endpoint: Sum[27] (output port)
  Mode: func
  Corner: typ
  Scenario: func_typ
  Path Group: **in2reg_default**
  Path Type: max

  Point                                            Incr      Path  
  ------------------------------------------------------------------------
  unclocked startpoint                             0.00      0.00

  B[4] (in)                                        0.00      0.00 r
  U289/Y (NOR2X0_RVT)                              0.06      0.06 f
  U303/Y (OAI21X1_RVT)                             0.06      0.11 r
  U241/Y (AO21X1_RVT)                              0.04      0.15 r
  U261/Y (AO21X1_RVT)                              0.03      0.18 r
  U260/Y (AO21X1_RVT)                              0.03      0.21 r
  U526/CO (FADDX1_RVT)                             0.05      0.26 r
  U408/CO (FADDX1_RVT)                             0.06      0.32 r
  U486/Y (AOI21X1_RVT)                             0.05      0.37 f
  U487/Y (OR3X1_RVT)                               0.04      0.41 f
  U265/Y (AND3X1_RVT)                              0.04      0.45 f
  U264/Y (AO21X1_RVT)                              0.03      0.47 f
  U496/Y (OA21X1_RVT)                              0.03      0.51 f
  U497/Y (NOR2X0_RVT)                              0.04      0.54 r
  U504/Y (NOR2X0_RVT)                              0.04      0.58 f
  U506/Y (OA21X1_RVT)                              0.03      0.61 f
  U508/Y (OR3X1_RVT)                               0.03      0.64 f
  U276/Y (NOR2X0_RVT)                              0.04      0.68 r
  U279/Y (NOR2X0_RVT)                              0.04      0.72 f
  U237/Y (NOR2X0_RVT)                              0.03      0.75 r
  U515/Y (NOR2X0_RVT)                              0.06      0.81 f
  Sum[27] (out)                                    0.00      0.81 f
  data arrival time                                          0.81

  max_delay to non-endpoint                        1.50      1.50
  data required time                                         1.50
  ------------------------------------------------------------------------
  data required time                                         1.50
  data arrival time                                         -0.81
  ------------------------------------------------------------------------
  slack (MET)                                                0.69



  Startpoint: B[4] (input port)
  Endpoint: Sum[31] (output port)
  Mode: func
  Corner: typ
  Scenario: func_typ
  Path Group: **in2reg_default**
  Path Type: max

  Point                                            Incr      Path  
  ------------------------------------------------------------------------
  unclocked startpoint                             0.00      0.00

  B[4] (in)                                        0.00      0.00 f
  U289/Y (NOR2X0_RVT)                              0.06      0.06 r
  U291/Y (NOR2X0_RVT)                              0.04      0.10 f
  U292/Y (NAND2X0_RVT)                             0.03      0.13 r
  U226/Y (NOR2X0_RVT)                              0.04      0.17 f
  U260/Y (AO21X1_RVT)                              0.04      0.20 f
  U526/CO (FADDX1_RVT)                             0.04      0.24 f
  U408/CO (FADDX1_RVT)                             0.05      0.30 f
  U486/Y (AOI21X1_RVT)                             0.06      0.35 r
  U487/Y (OR3X1_RVT)                               0.04      0.39 r
  U265/Y (AND3X1_RVT)                              0.03      0.43 r
  U264/Y (AO21X1_RVT)                              0.03      0.45 r
  U496/Y (OA21X1_RVT)                              0.04      0.49 r
  U497/Y (NOR2X0_RVT)                              0.04      0.53 f
  U504/Y (NOR2X0_RVT)                              0.03      0.56 r
  U506/Y (OA21X1_RVT)                              0.03      0.60 r
  U508/Y (OR3X1_RVT)                               0.04      0.64 r
  U275/Y (AO21X1_RVT)                              0.04      0.68 r
  U518/Y (OA21X1_RVT)                              0.03      0.71 r
  U522/Y (XOR2X1_RVT)                              0.08      0.79 f
  Sum[31] (out)                                    0.00      0.79 f
  data arrival time                                          0.79

  max_delay to non-endpoint                        1.50      1.50
  data required time                                         1.50
  ------------------------------------------------------------------------
  data required time                                         1.50
  data arrival time                                         -0.79
  ------------------------------------------------------------------------
  slack (MET)                                                0.71



  Startpoint: B[4] (input port)
  Endpoint: Sum[25] (output port)
  Mode: func
  Corner: typ
  Scenario: func_typ
  Path Group: **in2reg_default**
  Path Type: max

  Point                                            Incr      Path  
  ------------------------------------------------------------------------
  unclocked startpoint                             0.00      0.00

  B[4] (in)                                        0.00      0.00 r
  U289/Y (NOR2X0_RVT)                              0.06      0.06 f
  U303/Y (OAI21X1_RVT)                             0.06      0.11 r
  U241/Y (AO21X1_RVT)                              0.04      0.15 r
  U261/Y (AO21X1_RVT)                              0.03      0.18 r
  U260/Y (AO21X1_RVT)                              0.03      0.21 r
  U526/CO (FADDX1_RVT)                             0.05      0.26 r
  U408/CO (FADDX1_RVT)                             0.06      0.32 r
  U409/CO (FADDX1_RVT)                             0.06      0.38 r
  U410/Y (NAND2X0_RVT)                             0.02      0.39 f
  U412/Y (AOI21X1_RVT)                             0.06      0.45 r
  U244/Y (NOR3X0_RVT)                              0.05      0.49 f
  U246/Y (NOR2X0_RVT)                              0.04      0.53 r
  U199/Y (OR2X1_RVT)                               0.03      0.57 r
  U255/Y (AOI21X1_RVT)                             0.05      0.62 f
  U510/Y (INVX0_RVT)                               0.02      0.64 r
  U511/Y (AO222X1_RVT)                             0.06      0.70 r
  U512/Y (NAND2X0_RVT)                             0.01      0.72 f
  U513/Y (OA21X1_RVT)                              0.05      0.77 f
  Sum[25] (out)                                    0.00      0.77 f
  data arrival time                                          0.77

  max_delay to non-endpoint                        1.50      1.50
  data required time                                         1.50
  ------------------------------------------------------------------------
  data required time                                         1.50
  data arrival time                                         -0.77
  ------------------------------------------------------------------------
  slack (MET)                                                0.73



  Startpoint: B[4] (input port)
  Endpoint: Sum[21] (output port)
  Mode: func
  Corner: typ
  Scenario: func_typ
  Path Group: **in2reg_default**
  Path Type: max

  Point                                            Incr      Path  
  ------------------------------------------------------------------------
  unclocked startpoint                             0.00      0.00

  B[4] (in)                                        0.00      0.00 r
  U289/Y (NOR2X0_RVT)                              0.06      0.06 f
  U303/Y (OAI21X1_RVT)                             0.06      0.11 r
  U241/Y (AO21X1_RVT)                              0.04      0.15 r
  U261/Y (AO21X1_RVT)                              0.03      0.18 r
  U260/Y (AO21X1_RVT)                              0.03      0.21 r
  U526/CO (FADDX1_RVT)                             0.05      0.26 r
  U408/CO (FADDX1_RVT)                             0.06      0.32 r
  U409/CO (FADDX1_RVT)                             0.06      0.38 r
  U410/Y (NAND2X0_RVT)                             0.02      0.39 f
  U412/Y (AOI21X1_RVT)                             0.06      0.45 r
  U244/Y (NOR3X0_RVT)                              0.05      0.49 f
  U246/Y (NOR2X0_RVT)                              0.04      0.53 r
  U199/Y (OR2X1_RVT)                               0.03      0.57 r
  U232/Y (AOI21X1_RVT)                             0.05      0.62 f
  U500/Y (INVX0_RVT)                               0.02      0.64 r
  U501/Y (AO222X1_RVT)                             0.06      0.70 r
  U502/Y (NAND2X0_RVT)                             0.01      0.71 f
  U503/Y (OA21X1_RVT)                              0.05      0.76 f
  Sum[21] (out)                                    0.00      0.76 f
  data arrival time                                          0.76

  max_delay to non-endpoint                        1.50      1.50
  data required time                                         1.50
  ------------------------------------------------------------------------
  data required time                                         1.50
  data arrival time                                         -0.76
  ------------------------------------------------------------------------
  slack (MET)                                                0.74



  Startpoint: B[4] (input port)
  Endpoint: Sum[26] (output port)
  Mode: func
  Corner: typ
  Scenario: func_typ
  Path Group: **in2reg_default**
  Path Type: max

  Point                                            Incr      Path  
  ------------------------------------------------------------------------
  unclocked startpoint                             0.00      0.00

  B[4] (in)                                        0.00      0.00 r
  U289/Y (NOR2X0_RVT)                              0.06      0.06 f
  U303/Y (OAI21X1_RVT)                             0.06      0.11 r
  U241/Y (AO21X1_RVT)                              0.04      0.15 r
  U261/Y (AO21X1_RVT)                              0.03      0.18 r
  U260/Y (AO21X1_RVT)                              0.03      0.21 r
  U526/CO (FADDX1_RVT)                             0.05      0.26 r
  U408/CO (FADDX1_RVT)                             0.06      0.32 r
  U409/CO (FADDX1_RVT)                             0.06      0.38 r
  U410/Y (NAND2X0_RVT)                             0.02      0.39 f
  U412/Y (AOI21X1_RVT)                             0.06      0.45 r
  U244/Y (NOR3X0_RVT)                              0.05      0.49 f
  U246/Y (NOR2X0_RVT)                              0.04      0.53 r
  U199/Y (OR2X1_RVT)                               0.03      0.57 r
  U255/Y (AOI21X1_RVT)                             0.05      0.62 f
  U435/Y (OA21X1_RVT)                              0.04      0.66 f
  U479/Y (XOR2X1_RVT)                              0.08      0.74 r
  Sum[26] (out)                                    0.00      0.74 r
  data arrival time                                          0.74

  max_delay to non-endpoint                        1.50      1.50
  data required time                                         1.50
  ------------------------------------------------------------------------
  data required time                                         1.50
  data arrival time                                         -0.74
  ------------------------------------------------------------------------
  slack (MET)                                                0.76



  Startpoint: B[4] (input port)
  Endpoint: Cout (output port)
  Mode: func
  Corner: typ
  Scenario: func_typ
  Path Group: **in2reg_default**
  Path Type: max

  Point                                            Incr      Path  
  ------------------------------------------------------------------------
  unclocked startpoint                             0.00      0.00

  B[4] (in)                                        0.00      0.00 r
  U289/Y (NOR2X0_RVT)                              0.06      0.06 f
  U303/Y (OAI21X1_RVT)                             0.06      0.11 r
  U241/Y (AO21X1_RVT)                              0.04      0.15 r
  U261/Y (AO21X1_RVT)                              0.03      0.18 r
  U260/Y (AO21X1_RVT)                              0.03      0.21 r
  U526/CO (FADDX1_RVT)                             0.05      0.26 r
  U408/CO (FADDX1_RVT)                             0.06      0.32 r
  U409/CO (FADDX1_RVT)                             0.06      0.38 r
  U410/Y (NAND2X0_RVT)                             0.02      0.39 f
  U412/Y (AOI21X1_RVT)                             0.06      0.45 r
  U244/Y (NOR3X0_RVT)                              0.05      0.49 f
  U246/Y (NOR2X0_RVT)                              0.04      0.53 r
  U199/Y (OR2X1_RVT)                               0.03      0.57 r
  U255/Y (AOI21X1_RVT)                             0.05      0.62 f
  U435/Y (OA21X1_RVT)                              0.04      0.66 f
  U218/Y (OAI21X1_RVT)                             0.07      0.73 r
  Cout (out)                                       0.00      0.73 r
  data arrival time                                          0.73

  max_delay to non-endpoint                        1.50      1.50
  data required time                                         1.50
  ------------------------------------------------------------------------
  data required time                                         1.50
  data arrival time                                         -0.73
  ------------------------------------------------------------------------
  slack (MET)                                                0.77



  Startpoint: B[4] (input port)
  Endpoint: Sum[23] (output port)
  Mode: func
  Corner: typ
  Scenario: func_typ
  Path Group: **in2reg_default**
  Path Type: max

  Point                                            Incr      Path  
  ------------------------------------------------------------------------
  unclocked startpoint                             0.00      0.00

  B[4] (in)                                        0.00      0.00 r
  U289/Y (NOR2X0_RVT)                              0.06      0.06 f
  U303/Y (OAI21X1_RVT)                             0.06      0.11 r
  U241/Y (AO21X1_RVT)                              0.04      0.15 r
  U261/Y (AO21X1_RVT)                              0.03      0.18 r
  U260/Y (AO21X1_RVT)                              0.03      0.21 r
  U526/CO (FADDX1_RVT)                             0.05      0.26 r
  U408/CO (FADDX1_RVT)                             0.06      0.32 r
  U486/Y (AOI21X1_RVT)                             0.05      0.37 f
  U487/Y (OR3X1_RVT)                               0.04      0.41 f
  U265/Y (AND3X1_RVT)                              0.04      0.45 f
  U264/Y (AO21X1_RVT)                              0.03      0.47 f
  U496/Y (OA21X1_RVT)                              0.03      0.51 f
  U497/Y (NOR2X0_RVT)                              0.04      0.54 r
  U504/Y (NOR2X0_RVT)                              0.04      0.58 f
  U506/Y (OA21X1_RVT)                              0.03      0.61 f
  U507/Y (OAI21X1_RVT)                             0.06      0.67 r
  U509/Y (AND2X1_RVT)                              0.04      0.71 r
  Sum[23] (out)                                    0.00      0.71 r
  data arrival time                                          0.71

  max_delay to non-endpoint                        1.50      1.50
  data required time                                         1.50
  ------------------------------------------------------------------------
  data required time                                         1.50
  data arrival time                                         -0.71
  ------------------------------------------------------------------------
  slack (MET)                                                0.79



  Startpoint: B[4] (input port)
  Endpoint: Sum[24] (output port)
  Mode: func
  Corner: typ
  Scenario: func_typ
  Path Group: **in2reg_default**
  Path Type: max

  Point                                            Incr      Path  
  ------------------------------------------------------------------------
  unclocked startpoint                             0.00      0.00

  B[4] (in)                                        0.00      0.00 r
  U289/Y (NOR2X0_RVT)                              0.06      0.06 f
  U303/Y (OAI21X1_RVT)                             0.06      0.11 r
  U241/Y (AO21X1_RVT)                              0.04      0.15 r
  U261/Y (AO21X1_RVT)                              0.03      0.18 r
  U260/Y (AO21X1_RVT)                              0.03      0.21 r
  U526/CO (FADDX1_RVT)                             0.05      0.26 r
  U408/CO (FADDX1_RVT)                             0.06      0.32 r
  U409/CO (FADDX1_RVT)                             0.06      0.38 r
  U410/Y (NAND2X0_RVT)                             0.02      0.39 f
  U412/Y (AOI21X1_RVT)                             0.06      0.45 r
  U244/Y (NOR3X0_RVT)                              0.05      0.49 f
  U246/Y (NOR2X0_RVT)                              0.04      0.53 r
  U199/Y (OR2X1_RVT)                               0.03      0.57 r
  U255/Y (AOI21X1_RVT)                             0.05      0.62 f
  U478/Y (XOR2X1_RVT)                              0.08      0.70 r
  Sum[24] (out)                                    0.00      0.70 r
  data arrival time                                          0.70

  max_delay to non-endpoint                        1.50      1.50
  data required time                                         1.50
  ------------------------------------------------------------------------
  data required time                                         1.50
  data arrival time                                         -0.70
  ------------------------------------------------------------------------
  slack (MET)                                                0.80



  Startpoint: B[4] (input port)
  Endpoint: Sum[20] (output port)
  Mode: func
  Corner: typ
  Scenario: func_typ
  Path Group: **in2reg_default**
  Path Type: max

  Point                                            Incr      Path  
  ------------------------------------------------------------------------
  unclocked startpoint                             0.00      0.00

  B[4] (in)                                        0.00      0.00 r
  U289/Y (NOR2X0_RVT)                              0.06      0.06 f
  U303/Y (OAI21X1_RVT)                             0.06      0.11 r
  U241/Y (AO21X1_RVT)                              0.04      0.15 r
  U261/Y (AO21X1_RVT)                              0.03      0.18 r
  U260/Y (AO21X1_RVT)                              0.03      0.21 r
  U526/CO (FADDX1_RVT)                             0.05      0.26 r
  U408/CO (FADDX1_RVT)                             0.06      0.32 r
  U409/CO (FADDX1_RVT)                             0.06      0.38 r
  U410/Y (NAND2X0_RVT)                             0.02      0.39 f
  U412/Y (AOI21X1_RVT)                             0.06      0.45 r
  U244/Y (NOR3X0_RVT)                              0.05      0.49 f
  U246/Y (NOR2X0_RVT)                              0.04      0.53 r
  U199/Y (OR2X1_RVT)                               0.03      0.57 r
  U232/Y (AOI21X1_RVT)                             0.05      0.62 f
  U476/Y (XOR2X1_RVT)                              0.07      0.69 r
  Sum[20] (out)                                    0.00      0.69 r
  data arrival time                                          0.69

  max_delay to non-endpoint                        1.50      1.50
  data required time                                         1.50
  ------------------------------------------------------------------------
  data required time                                         1.50
  data arrival time                                         -0.69
  ------------------------------------------------------------------------
  slack (MET)                                                0.81



  Startpoint: B[4] (input port)
  Endpoint: Sum[22] (output port)
  Mode: func
  Corner: typ
  Scenario: func_typ
  Path Group: **in2reg_default**
  Path Type: max

  Point                                            Incr      Path  
  ------------------------------------------------------------------------
  unclocked startpoint                             0.00      0.00

  B[4] (in)                                        0.00      0.00 r
  U289/Y (NOR2X0_RVT)                              0.06      0.06 f
  U303/Y (OAI21X1_RVT)                             0.06      0.11 r
  U241/Y (AO21X1_RVT)                              0.04      0.15 r
  U261/Y (AO21X1_RVT)                              0.03      0.18 r
  U260/Y (AO21X1_RVT)                              0.03      0.21 r
  U526/CO (FADDX1_RVT)                             0.05      0.26 r
  U408/CO (FADDX1_RVT)                             0.06      0.32 r
  U409/CO (FADDX1_RVT)                             0.06      0.38 r
  U410/Y (NAND2X0_RVT)                             0.02      0.39 f
  U412/Y (AOI21X1_RVT)                             0.06      0.45 r
  U244/Y (NOR3X0_RVT)                              0.05      0.49 f
  U246/Y (NOR2X0_RVT)                              0.04      0.53 r
  U199/Y (OR2X1_RVT)                               0.03      0.57 r
  U220/Y (INVX0_RVT)                               0.01      0.58 f
  U256/Y (OA21X1_RVT)                              0.03      0.61 f
  U477/Y (XOR2X1_RVT)                              0.07      0.68 r
  Sum[22] (out)                                    0.00      0.68 r
  data arrival time                                          0.68

  max_delay to non-endpoint                        1.50      1.50
  data required time                                         1.50
  ------------------------------------------------------------------------
  data required time                                         1.50
  data arrival time                                         -0.68
  ------------------------------------------------------------------------
  slack (MET)                                                0.82



  Startpoint: B[4] (input port)
  Endpoint: Sum[17] (output port)
  Mode: func
  Corner: typ
  Scenario: func_typ
  Path Group: **in2reg_default**
  Path Type: max

  Point                                            Incr      Path  
  ------------------------------------------------------------------------
  unclocked startpoint                             0.00      0.00

  B[4] (in)                                        0.00      0.00 r
  U289/Y (NOR2X0_RVT)                              0.06      0.06 f
  U303/Y (OAI21X1_RVT)                             0.06      0.11 r
  U241/Y (AO21X1_RVT)                              0.04      0.15 r
  U261/Y (AO21X1_RVT)                              0.03      0.18 r
  U260/Y (AO21X1_RVT)                              0.03      0.21 r
  U526/CO (FADDX1_RVT)                             0.05      0.26 r
  U408/CO (FADDX1_RVT)                             0.06      0.32 r
  U409/CO (FADDX1_RVT)                             0.06      0.38 r
  U410/Y (NAND2X0_RVT)                             0.02      0.39 f
  U412/Y (AOI21X1_RVT)                             0.06      0.45 r
  U244/Y (NOR3X0_RVT)                              0.05      0.49 f
  U245/Y (OR2X1_RVT)                               0.03      0.52 f
  U490/Y (INVX0_RVT)                               0.02      0.54 r
  U491/Y (AO222X1_RVT)                             0.06      0.60 r
  U492/Y (NAND2X0_RVT)                             0.01      0.61 f
  U493/Y (OA21X1_RVT)                              0.05      0.67 f
  Sum[17] (out)                                    0.00      0.67 f
  data arrival time                                          0.67

  max_delay to non-endpoint                        1.50      1.50
  data required time                                         1.50
  ------------------------------------------------------------------------
  data required time                                         1.50
  data arrival time                                         -0.67
  ------------------------------------------------------------------------
  slack (MET)                                                0.83



  Startpoint: B[4] (input port)
  Endpoint: Sum[18] (output port)
  Mode: func
  Corner: typ
  Scenario: func_typ
  Path Group: **in2reg_default**
  Path Type: max

  Point                                            Incr      Path  
  ------------------------------------------------------------------------
  unclocked startpoint                             0.00      0.00

  B[4] (in)                                        0.00      0.00 r
  U289/Y (NOR2X0_RVT)                              0.06      0.06 f
  U303/Y (OAI21X1_RVT)                             0.06      0.11 r
  U241/Y (AO21X1_RVT)                              0.04      0.15 r
  U261/Y (AO21X1_RVT)                              0.03      0.18 r
  U260/Y (AO21X1_RVT)                              0.03      0.21 r
  U526/CO (FADDX1_RVT)                             0.05      0.26 r
  U408/CO (FADDX1_RVT)                             0.06      0.32 r
  U409/CO (FADDX1_RVT)                             0.06      0.38 r
  U410/Y (NAND2X0_RVT)                             0.02      0.39 f
  U412/Y (AOI21X1_RVT)                             0.06      0.45 r
  U244/Y (NOR3X0_RVT)                              0.05      0.49 f
  U246/Y (NOR2X0_RVT)                              0.04      0.53 r
  U199/Y (OR2X1_RVT)                               0.03      0.57 r
  U481/Y (XOR2X1_RVT)                              0.08      0.65 f
  Sum[18] (out)                                    0.00      0.65 f
  data arrival time                                          0.65

  max_delay to non-endpoint                        1.50      1.50
  data required time                                         1.50
  ------------------------------------------------------------------------
  data required time                                         1.50
  data arrival time                                         -0.65
  ------------------------------------------------------------------------
  slack (MET)                                                0.85



  Startpoint: B[4] (input port)
  Endpoint: Sum[19] (output port)
  Mode: func
  Corner: typ
  Scenario: func_typ
  Path Group: **in2reg_default**
  Path Type: max

  Point                                            Incr      Path  
  ------------------------------------------------------------------------
  unclocked startpoint                             0.00      0.00

  B[4] (in)                                        0.00      0.00 r
  U289/Y (NOR2X0_RVT)                              0.06      0.06 f
  U303/Y (OAI21X1_RVT)                             0.06      0.11 r
  U241/Y (AO21X1_RVT)                              0.04      0.15 r
  U261/Y (AO21X1_RVT)                              0.03      0.18 r
  U260/Y (AO21X1_RVT)                              0.03      0.21 r
  U526/CO (FADDX1_RVT)                             0.05      0.26 r
  U408/CO (FADDX1_RVT)                             0.06      0.32 r
  U486/Y (AOI21X1_RVT)                             0.05      0.37 f
  U487/Y (OR3X1_RVT)                               0.04      0.41 f
  U265/Y (AND3X1_RVT)                              0.04      0.45 f
  U264/Y (AO21X1_RVT)                              0.03      0.47 f
  U496/Y (OA21X1_RVT)                              0.03      0.51 f
  U497/Y (NOR2X0_RVT)                              0.04      0.54 r
  U499/Y (NOR2X0_RVT)                              0.06      0.60 f
  Sum[19] (out)                                    0.00      0.60 f
  data arrival time                                          0.60

  max_delay to non-endpoint                        1.50      1.50
  data required time                                         1.50
  ------------------------------------------------------------------------
  data required time                                         1.50
  data arrival time                                         -0.60
  ------------------------------------------------------------------------
  slack (MET)                                                0.90



  Startpoint: B[4] (input port)
  Endpoint: Sum[13] (output port)
  Mode: func
  Corner: typ
  Scenario: func_typ
  Path Group: **in2reg_default**
  Path Type: max

  Point                                            Incr      Path  
  ------------------------------------------------------------------------
  unclocked startpoint                             0.00      0.00

  B[4] (in)                                        0.00      0.00 r
  U289/Y (NOR2X0_RVT)                              0.06      0.06 f
  U303/Y (OAI21X1_RVT)                             0.06      0.11 r
  U241/Y (AO21X1_RVT)                              0.04      0.15 r
  U261/Y (AO21X1_RVT)                              0.03      0.18 r
  U260/Y (AO21X1_RVT)                              0.03      0.21 r
  U526/CO (FADDX1_RVT)                             0.05      0.26 r
  U408/CO (FADDX1_RVT)                             0.06      0.32 r
  U409/CO (FADDX1_RVT)                             0.06      0.38 r
  U410/Y (NAND2X0_RVT)                             0.02      0.39 f
  U412/Y (AOI21X1_RVT)                             0.06      0.45 r
  U209/Y (NOR2X0_RVT)                              0.04      0.49 f
  U473/Y (OA21X1_RVT)                              0.03      0.52 f
  U474/Y (XOR2X1_RVT)                              0.07      0.60 r
  Sum[13] (out)                                    0.00      0.60 r
  data arrival time                                          0.60

  max_delay to non-endpoint                        1.50      1.50
  data required time                                         1.50
  ------------------------------------------------------------------------
  data required time                                         1.50
  data arrival time                                         -0.60
  ------------------------------------------------------------------------
  slack (MET)                                                0.90



  Startpoint: B[4] (input port)
  Endpoint: Sum[16] (output port)
  Mode: func
  Corner: typ
  Scenario: func_typ
  Path Group: **in2reg_default**
  Path Type: max

  Point                                            Incr      Path  
  ------------------------------------------------------------------------
  unclocked startpoint                             0.00      0.00

  B[4] (in)                                        0.00      0.00 r
  U289/Y (NOR2X0_RVT)                              0.06      0.06 f
  U303/Y (OAI21X1_RVT)                             0.06      0.11 r
  U241/Y (AO21X1_RVT)                              0.04      0.15 r
  U261/Y (AO21X1_RVT)                              0.03      0.18 r
  U260/Y (AO21X1_RVT)                              0.03      0.21 r
  U526/CO (FADDX1_RVT)                             0.05      0.26 r
  U408/CO (FADDX1_RVT)                             0.06      0.32 r
  U409/CO (FADDX1_RVT)                             0.06      0.38 r
  U410/Y (NAND2X0_RVT)                             0.02      0.39 f
  U412/Y (AOI21X1_RVT)                             0.06      0.45 r
  U244/Y (NOR3X0_RVT)                              0.05      0.49 f
  U245/Y (OR2X1_RVT)                               0.03      0.52 f
  U480/Y (XOR2X1_RVT)                              0.07      0.60 r
  Sum[16] (out)                                    0.00      0.60 r
  data arrival time                                          0.60

  max_delay to non-endpoint                        1.50      1.50
  data required time                                         1.50
  ------------------------------------------------------------------------
  data required time                                         1.50
  data arrival time                                         -0.60
  ------------------------------------------------------------------------
  slack (MET)                                                0.90



  Startpoint: B[4] (input port)
  Endpoint: Sum[14] (output port)
  Mode: func
  Corner: typ
  Scenario: func_typ
  Path Group: **in2reg_default**
  Path Type: max

  Point                                            Incr      Path  
  ------------------------------------------------------------------------
  unclocked startpoint                             0.00      0.00

  B[4] (in)                                        0.00      0.00 r
  U289/Y (NOR2X0_RVT)                              0.06      0.06 f
  U303/Y (OAI21X1_RVT)                             0.06      0.11 r
  U241/Y (AO21X1_RVT)                              0.04      0.15 r
  U261/Y (AO21X1_RVT)                              0.03      0.18 r
  U260/Y (AO21X1_RVT)                              0.03      0.21 r
  U526/CO (FADDX1_RVT)                             0.05      0.26 r
  U408/CO (FADDX1_RVT)                             0.06      0.32 r
  U409/CO (FADDX1_RVT)                             0.06      0.38 r
  U410/Y (NAND2X0_RVT)                             0.02      0.39 f
  U412/Y (AOI21X1_RVT)                             0.06      0.45 r
  U247/Y (NOR2X0_RVT)                              0.04      0.49 f
  U250/Y (OR2X1_RVT)                               0.02      0.51 f
  U475/Y (XOR2X1_RVT)                              0.07      0.58 r
  Sum[14] (out)                                    0.00      0.58 r
  data arrival time                                          0.58

  max_delay to non-endpoint                        1.50      1.50
  data required time                                         1.50
  ------------------------------------------------------------------------
  data required time                                         1.50
  data arrival time                                         -0.58
  ------------------------------------------------------------------------
  slack (MET)                                                0.92



  Startpoint: B[4] (input port)
  Endpoint: Sum[15] (output port)
  Mode: func
  Corner: typ
  Scenario: func_typ
  Path Group: **in2reg_default**
  Path Type: max

  Point                                            Incr      Path  
  ------------------------------------------------------------------------
  unclocked startpoint                             0.00      0.00

  B[4] (in)                                        0.00      0.00 r
  U289/Y (NOR2X0_RVT)                              0.06      0.06 f
  U303/Y (OAI21X1_RVT)                             0.06      0.11 r
  U241/Y (AO21X1_RVT)                              0.04      0.15 r
  U261/Y (AO21X1_RVT)                              0.03      0.18 r
  U260/Y (AO21X1_RVT)                              0.03      0.21 r
  U526/CO (FADDX1_RVT)                             0.05      0.26 r
  U408/CO (FADDX1_RVT)                             0.06      0.32 r
  U486/Y (AOI21X1_RVT)                             0.05      0.37 f
  U487/Y (OR3X1_RVT)                               0.04      0.41 f
  U267/Y (NOR2X0_RVT)                              0.04      0.44 r
  U266/Y (NOR2X0_RVT)                              0.04      0.48 f
  U488/Y (OA21X1_RVT)                              0.03      0.51 f
  U489/Y (NOR2X0_RVT)                              0.05      0.56 r
  Sum[15] (out)                                    0.00      0.56 r
  data arrival time                                          0.56

  max_delay to non-endpoint                        1.50      1.50
  data required time                                         1.50
  ------------------------------------------------------------------------
  data required time                                         1.50
  data arrival time                                         -0.56
  ------------------------------------------------------------------------
  slack (MET)                                                0.94


1
