****************************************
Report : port
Module : kogge_stone_adder
Mode   : FUNC
Corner : TT
Scenario: SCEN_TT
Version: U-2022.12-SP3
Date   : Thu May 21 21:54:30 2026
****************************************
Attributes:
   I - ideal network
   H - HyperScale context override
                      Pin Cap                    Wire Cap
                   Min          Max           Min          Max
Port      Dir    rise/fall    rise/fall     rise/fall    rise/fall    Attributes
--------------------------------------------------------------------------------
A[0]      in     0.00/0.00    0.00/0.00     0.00/0.00    0.00/0.00    
A[10]     in     0.00/0.00    0.00/0.00     0.00/0.00    0.00/0.00    
A[11]     in     0.00/0.00    0.00/0.00     0.00/0.00    0.00/0.00    
A[12]     in     0.00/0.00    0.00/0.00     0.00/0.00    0.00/0.00    
A[13]     in     0.00/0.00    0.00/0.00     0.00/0.00    0.00/0.00    
A[14]     in     0.00/0.00    0.00/0.00     0.00/0.00    0.00/0.00    
A[15]     in     0.00/0.00    0.00/0.00     0.00/0.00    0.00/0.00    
A[16]     in     0.00/0.00    0.00/0.00     0.00/0.00    0.00/0.00    
A[17]     in     0.00/0.00    0.00/0.00     0.00/0.00    0.00/0.00    
A[18]     in     0.00/0.00    0.00/0.00     0.00/0.00    0.00/0.00    
A[19]     in     0.00/0.00    0.00/0.00     0.00/0.00    0.00/0.00    
A[1]      in     0.00/0.00    0.00/0.00     0.00/0.00    0.00/0.00    
A[20]     in     0.00/0.00    0.00/0.00     0.00/0.00    0.00/0.00    
A[21]     in     0.00/0.00    0.00/0.00     0.00/0.00    0.00/0.00    
A[22]     in     0.00/0.00    0.00/0.00     0.00/0.00    0.00/0.00    
A[23]     in     0.00/0.00    0.00/0.00     0.00/0.00    0.00/0.00    
A[24]     in     0.00/0.00    0.00/0.00     0.00/0.00    0.00/0.00    
A[25]     in     0.00/0.00    0.00/0.00     0.00/0.00    0.00/0.00    
A[26]     in     0.00/0.00    0.00/0.00     0.00/0.00    0.00/0.00    
A[27]     in     0.00/0.00    0.00/0.00     0.00/0.00    0.00/0.00    
A[28]     in     0.00/0.00    0.00/0.00     0.00/0.00    0.00/0.00    
A[29]     in     0.00/0.00    0.00/0.00     0.00/0.00    0.00/0.00    
A[2]      in     0.00/0.00    0.00/0.00     0.00/0.00    0.00/0.00    
A[30]     in     0.00/0.00    0.00/0.00     0.00/0.00    0.00/0.00    
A[31]     in     0.00/0.00    0.00/0.00     0.00/0.00    0.00/0.00    
A[3]      in     0.00/0.00    0.00/0.00     0.00/0.00    0.00/0.00    
A[4]      in     0.00/0.00    0.00/0.00     0.00/0.00    0.00/0.00    
A[5]      in     0.00/0.00    0.00/0.00     0.00/0.00    0.00/0.00    
A[6]      in     0.00/0.00    0.00/0.00     0.00/0.00    0.00/0.00    
A[7]      in     0.00/0.00    0.00/0.00     0.00/0.00    0.00/0.00    
A[8]      in     0.00/0.00    0.00/0.00     0.00/0.00    0.00/0.00    
A[9]      in     0.00/0.00    0.00/0.00     0.00/0.00    0.00/0.00    
B[0]      in     0.00/0.00    0.00/0.00     0.00/0.00    0.00/0.00    
B[10]     in     0.00/0.00    0.00/0.00     0.00/0.00    0.00/0.00    
B[11]     in     0.00/0.00    0.00/0.00     0.00/0.00    0.00/0.00    
B[12]     in     0.00/0.00    0.00/0.00     0.00/0.00    0.00/0.00    
B[13]     in     0.00/0.00    0.00/0.00     0.00/0.00    0.00/0.00    
B[14]     in     0.00/0.00    0.00/0.00     0.00/0.00    0.00/0.00    
B[15]     in     0.00/0.00    0.00/0.00     0.00/0.00    0.00/0.00    
B[16]     in     0.00/0.00    0.00/0.00     0.00/0.00    0.00/0.00    
B[17]     in     0.00/0.00    0.00/0.00     0.00/0.00    0.00/0.00    
B[18]     in     0.00/0.00    0.00/0.00     0.00/0.00    0.00/0.00    
B[19]     in     0.00/0.00    0.00/0.00     0.00/0.00    0.00/0.00    
B[1]      in     0.00/0.00    0.00/0.00     0.00/0.00    0.00/0.00    
B[20]     in     0.00/0.00    0.00/0.00     0.00/0.00    0.00/0.00    
B[21]     in     0.00/0.00    0.00/0.00     0.00/0.00    0.00/0.00    
B[22]     in     0.00/0.00    0.00/0.00     0.00/0.00    0.00/0.00    
B[23]     in     0.00/0.00    0.00/0.00     0.00/0.00    0.00/0.00    
B[24]     in     0.00/0.00    0.00/0.00     0.00/0.00    0.00/0.00    
B[25]     in     0.00/0.00    0.00/0.00     0.00/0.00    0.00/0.00    
B[26]     in     0.00/0.00    0.00/0.00     0.00/0.00    0.00/0.00    
B[27]     in     0.00/0.00    0.00/0.00     0.00/0.00    0.00/0.00    
B[28]     in     0.00/0.00    0.00/0.00     0.00/0.00    0.00/0.00    
B[29]     in     0.00/0.00    0.00/0.00     0.00/0.00    0.00/0.00    
B[2]      in     0.00/0.00    0.00/0.00     0.00/0.00    0.00/0.00    
B[30]     in     0.00/0.00    0.00/0.00     0.00/0.00    0.00/0.00    
B[31]     in     0.00/0.00    0.00/0.00     0.00/0.00    0.00/0.00    
B[3]      in     0.00/0.00    0.00/0.00     0.00/0.00    0.00/0.00    
B[4]      in     0.00/0.00    0.00/0.00     0.00/0.00    0.00/0.00    
B[5]      in     0.00/0.00    0.00/0.00     0.00/0.00    0.00/0.00    
B[6]      in     0.00/0.00    0.00/0.00     0.00/0.00    0.00/0.00    
B[7]      in     0.00/0.00    0.00/0.00     0.00/0.00    0.00/0.00    
B[8]      in     0.00/0.00    0.00/0.00     0.00/0.00    0.00/0.00    
B[9]      in     0.00/0.00    0.00/0.00     0.00/0.00    0.00/0.00    
Cin       in     0.00/0.00    0.00/0.00     0.00/0.00    0.00/0.00    
Cout      out    0.05/0.05    0.05/0.05     0.00/0.00    0.00/0.00    
Sum[0]    out    0.05/0.05    0.05/0.05     0.00/0.00    0.00/0.00    
Sum[10]   out    0.05/0.05    0.05/0.05     0.00/0.00    0.00/0.00    
Sum[11]   out    0.05/0.05    0.05/0.05     0.00/0.00    0.00/0.00    
Sum[12]   out    0.05/0.05    0.05/0.05     0.00/0.00    0.00/0.00    
Sum[13]   out    0.05/0.05    0.05/0.05     0.00/0.00    0.00/0.00    
Sum[14]   out    0.05/0.05    0.05/0.05     0.00/0.00    0.00/0.00    
Sum[15]   out    0.05/0.05    0.05/0.05     0.00/0.00    0.00/0.00    
Sum[16]   out    0.05/0.05    0.05/0.05     0.00/0.00    0.00/0.00    
Sum[17]   out    0.05/0.05    0.05/0.05     0.00/0.00    0.00/0.00    
Sum[18]   out    0.05/0.05    0.05/0.05     0.00/0.00    0.00/0.00    
Sum[19]   out    0.05/0.05    0.05/0.05     0.00/0.00    0.00/0.00    
Sum[1]    out    0.05/0.05    0.05/0.05     0.00/0.00    0.00/0.00    
Sum[20]   out    0.05/0.05    0.05/0.05     0.00/0.00    0.00/0.00    
Sum[21]   out    0.05/0.05    0.05/0.05     0.00/0.00    0.00/0.00    
Sum[22]   out    0.05/0.05    0.05/0.05     0.00/0.00    0.00/0.00    
Sum[23]   out    0.05/0.05    0.05/0.05     0.00/0.00    0.00/0.00    
Sum[24]   out    0.05/0.05    0.05/0.05     0.00/0.00    0.00/0.00    
Sum[25]   out    0.05/0.05    0.05/0.05     0.00/0.00    0.00/0.00    
Sum[26]   out    0.05/0.05    0.05/0.05     0.00/0.00    0.00/0.00    
Sum[27]   out    0.05/0.05    0.05/0.05     0.00/0.00    0.00/0.00    
Sum[28]   out    0.05/0.05    0.05/0.05     0.00/0.00    0.00/0.00    
Sum[29]   out    0.05/0.05    0.05/0.05     0.00/0.00    0.00/0.00    
Sum[2]    out    0.05/0.05    0.05/0.05     0.00/0.00    0.00/0.00    
Sum[30]   out    0.05/0.05    0.05/0.05     0.00/0.00    0.00/0.00    
Sum[31]   out    0.05/0.05    0.05/0.05     0.00/0.00    0.00/0.00    
Sum[3]    out    0.05/0.05    0.05/0.05     0.00/0.00    0.00/0.00    
Sum[4]    out    0.05/0.05    0.05/0.05     0.00/0.00    0.00/0.00    
Sum[5]    out    0.05/0.05    0.05/0.05     0.00/0.00    0.00/0.00    
Sum[6]    out    0.05/0.05    0.05/0.05     0.00/0.00    0.00/0.00    
Sum[7]    out    0.05/0.05    0.05/0.05     0.00/0.00    0.00/0.00    
Sum[8]    out    0.05/0.05    0.05/0.05     0.00/0.00    0.00/0.00    
Sum[9]    out    0.05/0.05    0.05/0.05     0.00/0.00    0.00/0.00    
1
