****************************************
Report : cell
Design : kogge_stone_adder
Version: U-2022.12-SP3
Date   : Tue Apr 21 18:18:29 2026
****************************************

Attributes
    b - black-box (unknown)
    h - hierarchical
    n - noncombinational
    u - contains unmapped logic
    E - extracted timing model
    Q - Quick timing model
    U - Unbound (missing)
    s - user size_only
    S - implicit size_only
    d - user dont_touch
    D - derived dont_touch
    o - synthetic operator


Cell                      Reference       Library          Attributes
--------------------------------------------------------------------------------
HFSBUF_163_1              NBUFFX2_RVT     saed32rvt_base_frame_timing
U197                      INVX0_RVT       saed32rvt_base_frame_timing
U198                      INVX0_RVT       saed32rvt_base_frame_timing
U199                      OR2X1_RVT       saed32rvt_base_frame_timing
U200                      INVX0_RVT       saed32rvt_base_frame_timing
U201                      INVX0_RVT       saed32rvt_base_frame_timing
U203                      INVX0_RVT       saed32rvt_base_frame_timing
U204                      INVX0_RVT       saed32rvt_base_frame_timing
U206                      INVX0_RVT       saed32rvt_base_frame_timing
U207                      INVX0_RVT       saed32rvt_base_frame_timing
U209                      NOR2X0_RVT      saed32rvt_base_frame_timing
U211                      INVX0_RVT       saed32rvt_base_frame_timing
U215                      INVX0_RVT       saed32rvt_base_frame_timing
U217                      INVX0_RVT       saed32rvt_base_frame_timing
U219                      XOR3X1_RVT      saed32rvt_base_frame_timing
U222                      OAI21X1_RVT     saed32rvt_base_frame_timing
U223                      OAI21X1_RVT     saed32rvt_base_frame_timing
U235                      NAND2X0_RVT     saed32rvt_base_frame_timing
U236                      OR2X1_RVT       saed32rvt_base_frame_timing
U241                      AO21X1_RVT      saed32rvt_base_frame_timing
U244                      NOR3X2_RVT      saed32rvt_base_frame_timing
U245                      OR2X1_RVT       saed32rvt_base_frame_timing
U257                      AND2X1_RVT      saed32rvt_base_frame_timing
U259                      AND2X1_RVT      saed32rvt_base_frame_timing
U270                      NOR2X0_RVT      saed32rvt_base_frame_timing
U272                      OR2X1_RVT       saed32rvt_base_frame_timing
U273                      OR2X1_RVT       saed32rvt_base_frame_timing
U274                      AND2X1_RVT      saed32rvt_base_frame_timing
U282                      OR2X1_RVT       saed32rvt_base_frame_timing
U285                      NAND2X0_RVT     saed32rvt_base_frame_timing
U286                      NOR2X0_RVT      saed32rvt_base_frame_timing
U287                      NOR2X0_RVT      saed32rvt_base_frame_timing
U288                      NOR2X0_RVT      saed32rvt_base_frame_timing
U289                      NOR2X2_RVT      saed32rvt_base_frame_timing
U290                      NOR2X0_RVT      saed32rvt_base_frame_timing
U291                      NOR2X0_RVT      saed32rvt_base_frame_timing
U293                      NOR2X0_RVT      saed32rvt_base_frame_timing
U294                      NOR2X0_RVT      saed32rvt_base_frame_timing
U297                      NAND2X0_RVT     saed32rvt_base_frame_timing
U298                      NAND2X0_RVT     saed32rvt_base_frame_timing
U299                      NAND2X0_RVT     saed32rvt_base_frame_timing
U300                      OAI21X1_RVT     saed32rvt_base_frame_timing
U301                      NAND2X0_RVT     saed32rvt_base_frame_timing
U302                      NAND2X0_RVT     saed32rvt_base_frame_timing
U303                      OAI21X1_RVT     saed32rvt_base_frame_timing
U304                      NAND2X0_RVT     saed32rvt_base_frame_timing
U305                      NAND2X0_RVT     saed32rvt_base_frame_timing
U306                      OAI21X1_RVT     saed32rvt_base_frame_timing
U310                      NAND2X0_RVT     saed32rvt_base_frame_timing
U313                      INVX0_RVT       saed32rvt_base_frame_timing
U314                      XOR2X1_RVT      saed32rvt_base_frame_timing
U315                      INVX0_RVT       saed32rvt_base_frame_timing
U316                      OR2X1_RVT       saed32rvt_base_frame_timing
U317                      XNOR2X1_RVT     saed32rvt_base_frame_timing
U318                      OR2X1_RVT       saed32rvt_base_frame_timing
U322                      AND2X1_RVT      saed32rvt_base_frame_timing
U324                      AND2X1_RVT      saed32rvt_base_frame_timing
U325                      INVX0_RVT       saed32rvt_base_frame_timing
U326                      XNOR2X1_RVT     saed32rvt_base_frame_timing
U330                      OR2X1_RVT       saed32rvt_base_frame_timing
U331                      OR2X1_RVT       saed32rvt_base_frame_timing
U332                      AND2X1_RVT      saed32rvt_base_frame_timing
U336                      NOR2X0_RVT      saed32rvt_base_frame_timing
U338                      AND2X1_RVT      saed32rvt_base_frame_timing
U342                      OR2X1_RVT       saed32rvt_base_frame_timing
U347                      AND2X1_RVT      saed32rvt_base_frame_timing
U349                      NAND2X0_RVT     saed32rvt_base_frame_timing
U350                      XNOR2X1_RVT     saed32rvt_base_frame_timing
U354                      OR2X1_RVT       saed32rvt_base_frame_timing
U355                      OR2X1_RVT       saed32rvt_base_frame_timing
U356                      AND2X1_RVT      saed32rvt_base_frame_timing
U360                      NOR2X0_RVT      saed32rvt_base_frame_timing
U362                      AND2X1_RVT      saed32rvt_base_frame_timing
U366                      OR2X1_RVT       saed32rvt_base_frame_timing
U371                      AND2X1_RVT      saed32rvt_base_frame_timing
U372                      AND2X1_RVT      saed32rvt_base_frame_timing
U375                      NOR2X0_RVT      saed32rvt_base_frame_timing
U380                      OR2X1_RVT       saed32rvt_base_frame_timing
U382                      XNOR2X1_RVT     saed32rvt_base_frame_timing
U383                      AND2X1_RVT      saed32rvt_base_frame_timing
U387                      OR2X1_RVT       saed32rvt_base_frame_timing
U388                      AND2X1_RVT      saed32rvt_base_frame_timing
U389                      INVX0_RVT       saed32rvt_base_frame_timing
U390                      AND2X1_RVT      saed32rvt_base_frame_timing
U391                      INVX0_RVT       saed32rvt_base_frame_timing
U395                      AOI21X1_RVT     saed32rvt_base_frame_timing
U396                      INVX0_RVT       saed32rvt_base_frame_timing
U397                      OR2X1_RVT       saed32rvt_base_frame_timing
U401                      OR2X1_RVT       saed32rvt_base_frame_timing
U402                      OR2X1_RVT       saed32rvt_base_frame_timing
U403                      AND2X1_RVT      saed32rvt_base_frame_timing
U404                      AND2X1_RVT      saed32rvt_base_frame_timing
U405                      OR2X1_RVT       saed32rvt_base_frame_timing
U408                      FADDX1_RVT      saed32rvt_base_frame_timing
U409                      FADDX1_RVT      saed32rvt_base_frame_timing
U411                      XNOR2X1_RVT     saed32rvt_base_frame_timing
U417                      XNOR2X1_RVT     saed32rvt_base_frame_timing
U418                      AND2X1_RVT      saed32rvt_base_frame_timing
U422                      NOR2X0_RVT      saed32rvt_base_frame_timing
U429                      AND2X1_RVT      saed32rvt_base_frame_timing
U435                      OA21X1_RVT      saed32rvt_base_frame_timing
U436                      INVX0_RVT       saed32rvt_base_frame_timing
U437                      INVX0_RVT       saed32rvt_base_frame_timing
U438                      INVX0_RVT       saed32rvt_base_frame_timing
U439                      INVX0_RVT       saed32rvt_base_frame_timing
U440                      FADDX1_RVT      saed32rvt_base_frame_timing
U441                      FADDX1_RVT      saed32rvt_base_frame_timing
U442                      OR2X1_RVT       saed32rvt_base_frame_timing
U445                      INVX0_RVT       saed32rvt_base_frame_timing
U446                      INVX0_RVT       saed32rvt_base_frame_timing
U447                      NAND2X0_RVT     saed32rvt_base_frame_timing
U448                      XOR2X1_RVT      saed32rvt_base_frame_timing
U449                      OAI21X1_RVT     saed32rvt_base_frame_timing
U450                      INVX0_RVT       saed32rvt_base_frame_timing
U451                      NAND2X0_RVT     saed32rvt_base_frame_timing
U452                      XNOR2X1_RVT     saed32rvt_base_frame_timing
U453                      INVX0_RVT       saed32rvt_base_frame_timing
U454                      NAND2X0_RVT     saed32rvt_base_frame_timing
U455                      XNOR2X1_RVT     saed32rvt_base_frame_timing
U458                      INVX0_RVT       saed32rvt_base_frame_timing
U459                      NAND2X0_RVT     saed32rvt_base_frame_timing
U460                      XOR2X1_RVT      saed32rvt_base_frame_timing
U461                      AOI21X1_RVT     saed32rvt_base_frame_timing
U462                      INVX0_RVT       saed32rvt_base_frame_timing
U463                      NAND2X0_RVT     saed32rvt_base_frame_timing
U464                      XOR2X1_RVT      saed32rvt_base_frame_timing
U465                      OAI21X1_RVT     saed32rvt_base_frame_timing
U466                      INVX0_RVT       saed32rvt_base_frame_timing
U467                      NAND2X0_RVT     saed32rvt_base_frame_timing
U468                      XNOR2X1_RVT     saed32rvt_base_frame_timing
U472                      XOR2X1_RVT      saed32rvt_base_frame_timing
U473                      OA21X1_RVT      saed32rvt_base_frame_timing
U474                      XOR2X1_RVT      saed32rvt_base_frame_timing
U477                      XOR2X1_RVT      saed32rvt_base_frame_timing
U478                      XOR2X1_RVT      saed32rvt_base_frame_timing
U479                      XOR2X1_RVT      saed32rvt_base_frame_timing
U480                      XOR2X1_RVT      saed32rvt_base_frame_timing
U481                      XOR2X1_RVT      saed32rvt_base_frame_timing
U482                      XOR2X1_RVT      saed32rvt_base_frame_timing
U487                      OR3X1_RVT       saed32rvt_base_frame_timing
U490                      INVX0_RVT       saed32rvt_base_frame_timing
U491                      AO222X1_RVT     saed32rvt_base_frame_timing
U492                      NAND2X0_RVT     saed32rvt_base_frame_timing
U493                      OA21X1_RVT      saed32rvt_base_frame_timing
U494                      OR2X1_RVT       saed32rvt_base_frame_timing
U495                      NOR2X0_RVT      saed32rvt_base_frame_timing
U496                      OA21X1_RVT      saed32rvt_base_frame_timing
U501                      AO222X1_RVT     saed32rvt_base_frame_timing
U503                      OA21X1_RVT      saed32rvt_base_frame_timing
U505                      NOR2X0_RVT      saed32rvt_base_frame_timing
U506                      OA21X1_RVT      saed32rvt_base_frame_timing
U507                      OAI21X1_RVT     saed32rvt_base_frame_timing
U509                      AND2X1_RVT      saed32rvt_base_frame_timing
U510                      INVX0_RVT       saed32rvt_base_frame_timing
U511                      AO222X1_RVT     saed32rvt_base_frame_timing
U516                      OAI21X1_RVT     saed32rvt_base_frame_timing
U517                      AND2X1_RVT      saed32rvt_base_frame_timing
U518                      OA21X1_RVT      saed32rvt_base_frame_timing
U519                      INVX0_RVT       saed32rvt_base_frame_timing
U520                      INVX0_RVT       saed32rvt_base_frame_timing
U526                      FADDX1_RVT      saed32rvt_base_frame_timing
U527                      AO22X1_RVT      saed32rvt_base_frame_timing
U528                      HADDX1_RVT      saed32rvt_base_frame_timing
ctmTdsLR_1_100            INVX0_RVT       saed32rvt_base_frame_timing
ctmTdsLR_1_104            AOI222X1_RVT    saed32rvt_base_frame_timing
ctmTdsLR_1_105            AO21X1_RVT      saed32rvt_base_frame_timing
ctmTdsLR_1_109            INVX0_RVT       saed32rvt_base_frame_timing
ctmTdsLR_1_111            INVX0_RVT       saed32rvt_base_frame_timing
ctmTdsLR_1_113            INVX0_RVT       saed32rvt_base_frame_timing
ctmTdsLR_1_115            INVX0_RVT       saed32rvt_base_frame_timing
ctmTdsLR_1_117            NAND2X0_RVT     saed32rvt_base_frame_timing
ctmTdsLR_1_119            INVX0_RVT       saed32rvt_base_frame_timing
ctmTdsLR_1_121            INVX0_RVT       saed32rvt_base_frame_timing
ctmTdsLR_1_123            INVX0_RVT       saed32rvt_base_frame_timing
ctmTdsLR_1_126            INVX0_RVT       saed32rvt_base_frame_timing
ctmTdsLR_1_129            AOI22X1_RVT     saed32rvt_base_frame_timing
ctmTdsLR_1_13             NAND2X0_RVT     saed32rvt_base_frame_timing
ctmTdsLR_1_130            OAI21X1_RVT     saed32rvt_base_frame_timing
ctmTdsLR_1_132            INVX0_RVT       saed32rvt_base_frame_timing
ctmTdsLR_1_134            INVX0_RVT       saed32rvt_base_frame_timing
ctmTdsLR_1_136            INVX0_RVT       saed32rvt_base_frame_timing
ctmTdsLR_1_138            INVX0_RVT       saed32rvt_base_frame_timing
ctmTdsLR_1_14             OR3X2_RVT       saed32rvt_base_frame_timing
ctmTdsLR_1_140            OR3X2_RVT       saed32rvt_base_frame_timing
ctmTdsLR_1_141            AOI221X1_RVT    saed32rvt_base_frame_timing
ctmTdsLR_1_142            AO221X1_RVT     saed32rvt_base_frame_timing
ctmTdsLR_1_143            OR3X2_RVT       saed32rvt_base_frame_timing
ctmTdsLR_1_145            AO22X1_RVT      saed32rvt_base_frame_timing
ctmTdsLR_1_147            INVX0_RVT       saed32rvt_base_frame_timing
ctmTdsLR_1_149            XOR3X1_RVT      saed32rvt_base_frame_timing
ctmTdsLR_1_20             NAND2X0_RVT     saed32rvt_base_frame_timing
ctmTdsLR_1_21             NAND2X0_RVT     saed32rvt_base_frame_timing
ctmTdsLR_1_22             OA21X1_RVT      saed32rvt_base_frame_timing
ctmTdsLR_1_24             OAI22X1_RVT     saed32rvt_base_frame_timing
ctmTdsLR_1_29             NAND3X0_RVT     saed32rvt_base_frame_timing
ctmTdsLR_1_41             AO21X1_RVT      saed32rvt_base_frame_timing
ctmTdsLR_1_42             OA21X1_RVT      saed32rvt_base_frame_timing
ctmTdsLR_1_43             OAI22X1_RVT     saed32rvt_base_frame_timing
ctmTdsLR_1_44             INVX0_RVT       saed32rvt_base_frame_timing
ctmTdsLR_1_46             INVX0_RVT       saed32rvt_base_frame_timing
ctmTdsLR_1_48             AOI21X1_RVT     saed32rvt_base_frame_timing
ctmTdsLR_1_49             NOR3X0_RVT      saed32rvt_base_frame_timing
ctmTdsLR_1_50             INVX0_RVT       saed32rvt_base_frame_timing
ctmTdsLR_1_52             INVX0_RVT       saed32rvt_base_frame_timing
ctmTdsLR_1_54             NAND2X0_RVT     saed32rvt_base_frame_timing
ctmTdsLR_1_58             NOR2X0_RVT      saed32rvt_base_frame_timing
ctmTdsLR_1_59             NOR2X0_RVT      saed32rvt_base_frame_timing
ctmTdsLR_1_60             NOR2X0_RVT      saed32rvt_base_frame_timing
ctmTdsLR_1_62             NOR2X0_RVT      saed32rvt_base_frame_timing
ctmTdsLR_1_63             NOR2X0_RVT      saed32rvt_base_frame_timing
ctmTdsLR_1_64             NOR2X0_RVT      saed32rvt_base_frame_timing
ctmTdsLR_1_65             NOR2X0_RVT      saed32rvt_base_frame_timing
ctmTdsLR_1_66             NOR2X0_RVT      saed32rvt_base_frame_timing
ctmTdsLR_1_67             NOR2X0_RVT      saed32rvt_base_frame_timing
ctmTdsLR_1_68             NOR2X0_RVT      saed32rvt_base_frame_timing
ctmTdsLR_1_69             NOR2X0_RVT      saed32rvt_base_frame_timing
ctmTdsLR_1_70             NOR2X0_RVT      saed32rvt_base_frame_timing
ctmTdsLR_1_72             NOR2X0_RVT      saed32rvt_base_frame_timing
ctmTdsLR_1_75             OA21X1_RVT      saed32rvt_base_frame_timing
ctmTdsLR_1_77             AOI221X1_RVT    saed32rvt_base_frame_timing
ctmTdsLR_1_78             OAI21X1_RVT     saed32rvt_base_frame_timing
ctmTdsLR_1_80             INVX0_RVT       saed32rvt_base_frame_timing
ctmTdsLR_1_82             INVX0_RVT       saed32rvt_base_frame_timing
ctmTdsLR_1_84             INVX0_RVT       saed32rvt_base_frame_timing
ctmTdsLR_1_86             INVX0_RVT       saed32rvt_base_frame_timing
ctmTdsLR_1_88             OA21X1_RVT      saed32rvt_base_frame_timing
ctmTdsLR_1_89             INVX0_RVT       saed32rvt_base_frame_timing
ctmTdsLR_1_91             AO221X1_RVT     saed32rvt_base_frame_timing
ctmTdsLR_1_92             INVX0_RVT       saed32rvt_base_frame_timing
ctmTdsLR_1_94             OA21X1_RVT      saed32rvt_base_frame_timing
ctmTdsLR_1_97             OAI221X1_RVT    saed32rvt_base_frame_timing
ctmTdsLR_1_98             NAND2X0_RVT     saed32rvt_base_frame_timing
ctmTdsLR_2_101            NAND2X0_RVT     saed32rvt_base_frame_timing
ctmTdsLR_2_106            XNOR2X1_RVT     saed32rvt_base_frame_timing
ctmTdsLR_2_110            NAND2X0_RVT     saed32rvt_base_frame_timing
ctmTdsLR_2_112            NAND2X0_RVT     saed32rvt_base_frame_timing
ctmTdsLR_2_114            NAND2X0_RVT     saed32rvt_base_frame_timing
ctmTdsLR_2_116            AND2X1_RVT      saed32rvt_base_frame_timing
ctmTdsLR_2_118            AND2X1_RVT      saed32rvt_base_frame_timing
ctmTdsLR_2_120            OA21X1_RVT      saed32rvt_base_frame_timing
ctmTdsLR_2_122            AOI21X1_RVT     saed32rvt_base_frame_timing
ctmTdsLR_2_124            AND2X1_RVT      saed32rvt_base_frame_timing
ctmTdsLR_2_127            MUX41X1_RVT     saed32rvt_base_frame_timing
ctmTdsLR_2_131            OA21X1_RVT      saed32rvt_base_frame_timing
ctmTdsLR_2_133            OR3X2_RVT       saed32rvt_base_frame_timing
ctmTdsLR_2_135            AO222X1_RVT     saed32rvt_base_frame_timing
ctmTdsLR_2_137            AO221X1_RVT     saed32rvt_base_frame_timing
ctmTdsLR_2_146            AO221X1_RVT     saed32rvt_base_frame_timing
ctmTdsLR_2_148            AOI221X1_RVT    saed32rvt_base_frame_timing
ctmTdsLR_2_23             INVX0_RVT       saed32rvt_base_frame_timing
ctmTdsLR_2_25             OR2X1_RVT       saed32rvt_base_frame_timing
ctmTdsLR_2_30             OR3X1_RVT       saed32rvt_base_frame_timing
ctmTdsLR_2_47             OA21X1_RVT      saed32rvt_base_frame_timing
ctmTdsLR_2_53             AO221X1_RVT     saed32rvt_base_frame_timing
ctmTdsLR_2_55             NAND2X0_RVT     saed32rvt_base_frame_timing
ctmTdsLR_2_76             XNOR2X1_RVT     saed32rvt_base_frame_timing
ctmTdsLR_2_79             OA21X1_RVT      saed32rvt_base_frame_timing
ctmTdsLR_2_81             AOI221X1_RVT    saed32rvt_base_frame_timing
ctmTdsLR_2_83             OA21X1_RVT      saed32rvt_base_frame_timing
ctmTdsLR_2_85             AO221X1_RVT     saed32rvt_base_frame_timing
ctmTdsLR_2_87             AO221X1_RVT     saed32rvt_base_frame_timing
ctmTdsLR_2_90             OA21X1_RVT      saed32rvt_base_frame_timing
ctmTdsLR_2_93             OAI21X1_RVT     saed32rvt_base_frame_timing
ctmTdsLR_2_95             XOR2X1_RVT      saed32rvt_base_frame_timing
ctmTdsLR_2_99             AND2X1_RVT      saed32rvt_base_frame_timing
ctmTdsLR_3_102            NAND3X0_RVT     saed32rvt_base_frame_timing
ctmTdsLR_3_125            AO221X1_RVT     saed32rvt_base_frame_timing
ctmTdsLR_3_17             AND2X1_RVT      saed32rvt_base_frame_timing
ctmTdsLR_3_31             INVX0_RVT       saed32rvt_base_frame_timing
ctmTdsLR_3_39             OA21X1_RVT      saed32rvt_base_frame_timing
ctmTdsLR_4_103            NAND3X0_RVT     saed32rvt_base_frame_timing
ctmTdsLR_4_40             INVX0_RVT       saed32rvt_base_frame_timing
ctmTdsLR_6_34             INVX0_RVT       saed32rvt_base_frame_timing
ctmTdsLR_7_35             AND2X1_RVT      saed32rvt_base_frame_timing
ctmTdsLR_8_36             NAND2X0_RVT     saed32rvt_base_frame_timing
ropt_h_inst_150           DELLN1X2_RVT    saed32rvt_base_frame_timing
ropt_h_inst_151           NBUFFX2_RVT     saed32rvt_base_frame_timing
ropt_h_inst_152           NBUFFX2_RVT     saed32rvt_base_frame_timing
ropt_h_inst_153           NBUFFX2_RVT     saed32rvt_base_frame_timing
ropt_h_inst_154           NBUFFX2_RVT     saed32rvt_base_frame_timing
ropt_h_inst_155           NBUFFX2_RVT     saed32rvt_base_frame_timing
ropt_h_inst_156           NBUFFX2_RVT     saed32rvt_base_frame_timing
ropt_h_inst_157           NBUFFX2_RVT     saed32rvt_base_frame_timing
--------------------------------------------------------------------------------
Total 283 cells

1
