****************************************
Report : design
Design : kogge_stone_adder
Version: U-2022.12-SP3
Date   : Tue Apr 21 18:18:29 2026
****************************************

Total number of std cells in library : 286
Total number of dont_use lib cells   : 7
Total number of dont_touch lib cells : 7
Total number of buffers              : 11
Total number of inverters            : 15
Total number of flip-flops           : 106
Total number of latches              : 12
Total number of ICGs                 : 12

Cell Instance Type  Count         Area
--------------------------------------
TOTAL LEAF CELLS      283      674.498
unit                  283      674.498
Standard cells        283      674.498
unit                  283      674.498
Hard macro cells        0        0.000
unit                  283      674.498
Soft macro cells        0        0.000
unit                  283      674.498
Always on cells         0        0.000
unit                  283      674.498
Physical only           0        0.000
unit                  283      674.498
Fixed cells             0        0.000
unit                  283      674.498
Moveable cells        283      674.498
unit                  283      674.498
Sequential              0        0.000
unit                  283      674.498
Buffer/inverter        69       97.591
unit                  283      674.498
ICG cells               0        0.000
unit                  283      674.498

Logic Hierarchies                    : 0
Design Masters count                 : 31
Total Flat nets count                : 352
Total FloatingNets count             : 0
Total no of Ports                    : 100
Number of Master Clocks in design    : 1
Number of Generated Clocks in design : 0
Number of Path Groups in design      : 7 (1 of them Non Default)
Number of Scan Chains in design      : 0
List of Modes                        : FUNC
List of Corners                      : FF, TT, SS
List of Scenarios                    : SCEN_FF, SCEN_SS, SCEN_TT

Core Area                            : 1169.062
Chip Area                            : 1953.062
Total Site Row Area                  : 1169.062
Number of Blockages                  : 0
Total area of Blockages              : 0.000
Number of Power Domains              : 1
Number of Voltage Areas              : 1
Number of Group Bounds               : 0
Number of Exclusive MoveBounds       : 0
Number of Hard or Soft MoveBounds    : 0
Number of Multibit Registers         : 0
Number of Multibit LS/ISO Cells      : 0
Number of Top Level RP Groups        : 0
Number of Tech Layers                : 71 (61 of them have unknown routing dir.)

Total wire length                    : 4393.24 micron
Total number of wires                : 1978
Total number of contacts             : 1621
1
