[icc2-lic Tue Apr 21 18:18:29 2026] Command 'report_power' requires licenses
[icc2-lic Tue Apr 21 18:18:29 2026] Attempting to check-out alternate set of keys directly with queueing
[icc2-lic Tue Apr 21 18:18:29 2026] Sending count request for 'ICCompilerII-8' 
[icc2-lic Tue Apr 21 18:18:29 2026] Count request for 'ICCompilerII-8' returned 1 
[icc2-lic Tue Apr 21 18:18:29 2026] Sending check-out request for 'ICCompilerII-8' (1) with wait option
[icc2-lic Tue Apr 21 18:18:29 2026] Check-out request for 'ICCompilerII-8' with wait option succeeded
[icc2-lic Tue Apr 21 18:18:29 2026] Sending checkout check request for 'ICCompilerII-8' 
[icc2-lic Tue Apr 21 18:18:29 2026] Checkout check request for 'ICCompilerII-8' returned 0 
[icc2-lic Tue Apr 21 18:18:29 2026] Sending count request for 'ICCompilerII-8' 
[icc2-lic Tue Apr 21 18:18:29 2026] Count request for 'ICCompilerII-8' returned 1 
[icc2-lic Tue Apr 21 18:18:29 2026] Sending count request for 'ICCompilerII-NX' 
[icc2-lic Tue Apr 21 18:18:29 2026] Count request for 'ICCompilerII-NX' returned 1 
[icc2-lic Tue Apr 21 18:18:29 2026] Sending check-out request for 'ICCompilerII-NX' (1) with wait option
[icc2-lic Tue Apr 21 18:18:29 2026] Check-out request for 'ICCompilerII-NX' with wait option succeeded
[icc2-lic Tue Apr 21 18:18:29 2026] Sending checkout check request for 'ICCompilerII-NX' 
[icc2-lic Tue Apr 21 18:18:29 2026] Checkout check request for 'ICCompilerII-NX' returned 0 
[icc2-lic Tue Apr 21 18:18:29 2026] Sending count request for 'ICCompilerII-NX' 
[icc2-lic Tue Apr 21 18:18:29 2026] Count request for 'ICCompilerII-NX' returned 1 
[icc2-lic Tue Apr 21 18:18:29 2026] Check-out of alternate set of keys directly with queueing was successful
****************************************
Report : power
        -significant_digits 2
Design : kogge_stone_adder
Version: U-2022.12-SP3
Date   : Tue Apr 21 18:18:29 2026
****************************************
Information: Activity propagation will be performed for scenario SCEN_TT.
Information: Doing activity propagation for mode 'FUNC' and corner 'TT' with effort level 'medium'. (POW-024)
Information: Timer-derived activity data is cached on scenario SCEN_TT (POW-052)
Infomation: Fast mode activity propagation power.rtl_activity_annotation setup is ignored. Always use accurate mode.
Information: Running switching activity propagation in scalar mode!

 **** Information : No. of simulation cycles = 6 ****
Mode: FUNC
Corner: TT
Scenario: SCEN_TT
Voltage: 0.85
Temperature: 125.00

Voltage Unit         : 1V
Capacitance Unit     : 1fF
Time Unit            : 1ns
Temperature Unit     : 1C
Dynamic Power Unit   : 1pW
Leakage Power Unit   : 1pW

Switched supply net power scaling:
scaling for leakage power

Supply nets:
VDD (power) probability 1.00 (default)
VSS (ground) probability 1.00 (default)
Warning: Power table extrapolation (extrapolation mode) for port A3 on cell ctmTdsLR_1_140 for parameter Tinp. Lowest table value = 0.016000, highest table value = 1.024000, value = 0.014305 (POW-046)
Warning: Power table extrapolation (extrapolation mode) for port Y on cell ctmTdsLR_1_140 for parameter Tinp. Lowest table value = 0.016000, highest table value = 1.024000, value = 0.014305 (POW-046)
Warning: Power table extrapolation (extrapolation mode) for port A3 on cell U222 for parameter Tinp. Lowest table value = 0.016000, highest table value = 1.024000, value = 0.014858 (POW-046)
Warning: Power table extrapolation (extrapolation mode) for port Y on cell U222 for parameter Tinp. Lowest table value = 0.016000, highest table value = 1.024000, value = 0.014858 (POW-046)
Warning: Power table extrapolation (extrapolation mode) for port Y on cell ropt_h_inst_151 for parameter Tinp. Lowest table value = 0.016000, highest table value = 1.024000, value = 0.008354 (POW-046)
Warning: Power table extrapolation (extrapolation mode) for port A2 on cell ctmTdsLR_1_29 for parameter Tinp. Lowest table value = 0.016000, highest table value = 1.024000, value = 0.014896 (POW-046)
Warning: Power table extrapolation (extrapolation mode) for port Y on cell ctmTdsLR_1_29 for parameter Tinp. Lowest table value = 0.016000, highest table value = 1.024000, value = 0.014896 (POW-046)
Warning: Power table extrapolation (extrapolation mode) for port Y on cell ropt_h_inst_152 for parameter Tinp. Lowest table value = 0.016000, highest table value = 1.024000, value = 0.009308 (POW-046)
Warning: Power table extrapolation (extrapolation mode) for port A3 on cell ctmTdsLR_2_83 for parameter Tinp. Lowest table value = 0.016000, highest table value = 1.024000, value = 0.015335 (POW-046)
Warning: Power table extrapolation (extrapolation mode) for port Y on cell ctmTdsLR_2_83 for parameter Tinp. Lowest table value = 0.016000, highest table value = 1.024000, value = 0.015335 (POW-046)

  Cell Internal Power    = 2.28e+07 pW ( 58.3%)
  Net Switching Power    = 1.63e+07 pW ( 41.7%)
Total Dynamic Power      = 3.92e+07 pW (100.0%)

Cell Leakage Power       = 1.06e+09 pW


  Attributes
  ----------
      u  -  User defined power group

Power Group         Internal Power        Switching Power          Leakage Power            Total Power    (   %  )    Attrs
-----------------------------------------------------------------------------------------------------------------------------
io_pad                    0.00e+00               0.00e+00               0.00e+00               0.00e+00    (  0.0%)         
memory                    0.00e+00               0.00e+00               0.00e+00               0.00e+00    (  0.0%)         
black_box                 0.00e+00               0.00e+00               0.00e+00               0.00e+00    (  0.0%)         
clock_network             0.00e+00               0.00e+00               0.00e+00               0.00e+00    (  0.0%)         
register                  0.00e+00               0.00e+00               0.00e+00               0.00e+00    (  0.0%)         
sequential                0.00e+00               0.00e+00               0.00e+00               0.00e+00    (  0.0%)         
combinational             2.28e+07               1.63e+07               1.06e+09               1.10e+09    (100.0%)         
-----------------------------------------------------------------------------------------------------------------------------
Total                     2.28e+07 pW            1.63e+07 pW            1.06e+09 pW            1.10e+09 pW
1
