****************************************
Report : net_fanout
        -threshold
Design : csla32_bec
Version: U-2022.12-SP3
Date   : Thu May 21 20:56:32 2026
****************************************

NetName                Fanout Driver
-------                ------ ------
A[31]                       1 A[31]
A[30]                       1 A[30]
A[29]                       1 A[29]
A[28]                       1 A[28]
A[27]                       1 A[27]
A[26]                       1 A[26]
A[25]                       1 A[25]
A[24]                       2 A[24]
A[23]                       1 A[23]
A[22]                       1 A[22]
A[21]                       1 A[21]
A[20]                       1 A[20]
A[19]                       1 A[19]
A[18]                       1 A[18]
A[17]                       2 A[17]
A[16]                       1 A[16]
A[15]                       1 A[15]
A[14]                       1 A[14]
A[13]                       1 A[13]
A[12]                       1 A[12]
A[11]                       2 A[11]
A[10]                       1 A[10]
A[9]                        1 A[9]
A[8]                        1 A[8]
A[7]                        2 A[7]
A[6]                        1 A[6]
A[5]                        1 A[5]
A[4]                        2 A[4]
A[3]                        1 A[3]
A[2]                        2 A[2]
A[1]                        2 A[1]
A[0]                        4 A[0]
B[31]                       1 B[31]
B[30]                       1 B[30]
B[29]                       1 B[29]
B[28]                       1 B[28]
B[27]                       1 B[27]
B[26]                       1 B[26]
B[25]                       1 B[25]
B[24]                       2 B[24]
B[23]                       1 B[23]
B[22]                       1 B[22]
B[21]                       1 B[21]
B[20]                       1 B[20]
B[19]                       1 B[19]
B[18]                       1 B[18]
B[17]                       2 B[17]
B[16]                       1 B[16]
B[15]                       1 B[15]
B[14]                       1 B[14]
B[13]                       1 B[13]
B[12]                       1 B[12]
B[11]                       2 B[11]
B[10]                       1 B[10]
B[9]                        1 B[9]
B[8]                        1 B[8]
B[7]                        2 B[7]
B[6]                        1 B[6]
B[5]                        1 B[5]
B[4]                        2 B[4]
B[3]                        1 B[3]
B[2]                        2 B[2]
B[1]                        3 B[1]
B[0]                        2 B[0]
Cin                         4 Cin
Sum[31]                     1 U214/SO
Sum[30]                     1 U193/Y
Sum[29]                     1 U180/Y
Sum[28]                     1 U209/Y
Sum[27]                     1 U211/Y
Sum[26]                     1 U202/Y
Sum[25]                     1 U178/Y
Sum[24]                     1 U106/Y
Sum[23]                     1 U205/Y
Sum[22]                     1 U174/Y
Sum[21]                     1 U195/Y
Sum[20]                     1 U200/Y
Sum[19]                     1 U172/Y
Sum[18]                     1 ctmTdsLR_2_83/Y
Sum[17]                     1 U105/Y
Sum[16]                     1 U186/Y
Sum[15]                     1 U104/Y
Sum[14]                     1 U207/Y
Sum[13]                     1 ctmTdsLR_2_78/Y
Sum[12]                     1 U182/Y
Sum[11]                     1 U103/Y
Sum[10]                     1 U190/Y
Sum[9]                      1 U165/Y
Sum[8]                      1 U197/Y
Sum[7]                      1 U101/Y
Sum[6]                      1 U184/Y
Sum[5]                      1 U100/Y
Sum[4]                      1 U154/Y
Sum[3]                      1 U187/Y
Sum[2]                      1 U148/Y
Sum[1]                      1 U213/Y
ropt_net_39                 1 U206/Y
Cout                        1 U198/Y
intadd_0/CI                 1 U138/Y
intadd_0/SUM[6]             2 intadd_0/U2/S
intadd_0/SUM[5]             2 intadd_0/U3/S
intadd_0/SUM[4]             2 intadd_0/U4/S
intadd_0/SUM[3]             2 intadd_0/U5/S
intadd_0/SUM[2]             2 intadd_0/U6/S
intadd_0/SUM[1]             3 intadd_0/U7/S
intadd_0/SUM[0]             2 intadd_0/U8/S
intadd_0/n7                 1 intadd_0/U8/CO
intadd_0/n6                 1 intadd_0/U7/CO
intadd_0/n5                 1 intadd_0/U6/CO
intadd_0/n4                 1 intadd_0/U5/CO
intadd_0/n3                 1 intadd_0/U4/CO
intadd_0/n2                 1 intadd_0/U3/CO
intadd_0/n1                 1 intadd_0/U2/CO
intadd_1/CI                 1 U136/Y
intadd_1/SUM[5]             2 intadd_1/U2/S
intadd_1/SUM[4]             2 intadd_1/U3/S
intadd_1/SUM[3]             2 intadd_1/U4/S
intadd_1/SUM[2]             3 intadd_1/U5/S
intadd_1/SUM[1]             2 intadd_1/U6/S
intadd_1/SUM[0]             2 intadd_1/U7/S
intadd_1/n6                 1 intadd_1/U7/CO
intadd_1/n5                 1 intadd_1/U6/CO
intadd_1/n4                 1 intadd_1/U5/CO
intadd_1/n3                 1 intadd_1/U4/CO
intadd_1/n2                 1 intadd_1/U3/CO
intadd_1/n1                 1 intadd_1/U2/CO
intadd_2/CI                 1 U134/Y
intadd_2/SUM[4]             2 intadd_2/U2/S
intadd_2/SUM[3]             2 intadd_2/U3/S
intadd_2/SUM[2]             3 intadd_2/U4/S
intadd_2/SUM[1]             2 intadd_2/U5/S
intadd_2/SUM[0]             2 intadd_2/U6/S
intadd_2/n5                 1 intadd_2/U6/CO
intadd_2/n4                 1 intadd_2/U5/CO
intadd_2/n3                 1 intadd_2/U4/CO
intadd_2/n2                 1 intadd_2/U3/CO
intadd_2/n1                 1 intadd_2/U2/CO
intadd_3/CI                 1 U132/Y
intadd_3/SUM[2]             2 intadd_3/U2/S
intadd_3/SUM[1]             2 intadd_3/U3/S
intadd_3/SUM[0]             2 intadd_3/U4/S
intadd_3/n3                 1 intadd_3/U4/CO
intadd_3/n2                 1 intadd_3/U3/CO
intadd_3/n1                 1 intadd_3/U2/CO
n32                         3 ctmTdsLR_2_94/Y
n33                         1 U76/Y
Sum[0]                      1 ropt_h_inst_96/Y
ropt_net_40                 1 ropt_h_inst_97/Y
ropt_net_41                 1 ropt_h_inst_98/Y
n37                         1 U121/Y
n38                         1 U126/Y
n39                         1 U79/Y
n40                         4 U140/Y
n41                         1 U143/Y
n42                         1 U141/Y
n43                         1 U147/Y
n44                         3 U146/Y
n45                         3 U144/Y
n46                         2 U145/Y
n47                         1 U151/CO
n48                         1 U86/Y
n49                         1 U88/Y
n50                         2 U149/Y
n51                         1 U153/Y
n52                         2 ctmTdsLR_1_44/Y
n53                         3 U150/Y
n54                         2 U156/Y
n55                         2 U158/S
n56                         1 U155/Y
n57                         1 U159/CO
n58                         1 U158/CO
n59                         1 U73/Y
n60                         1 U89/Y
n61                         2 U131/Y
n62                         3 U162/Y
n63                         5 U161/Y
n65                         2 U80/Y
n66                         1 U164/Y
n67                         2 U133/Y
n70                         2 U70/Y
n73                         2 U81/Y
n75                         2 U92/Y
n76                         2 U135/Y
n77                         3 U170/Y
n78                         4 U124/Y
n79                         2 U82/Y
n80                         2 U117/Y
n81                         2 ctmTdsLR_1_29/Y
n83                         2 U83/Y
n85                         1 U173/Y
tmp_net32                   1 ctmTdsLR_1_74/Y
n87                         2 U137/Y
n88                         4 U175/Y
n89                         5 U111/Y
n90                         3 U176/Y
n91                         2 U85/Y
n92                         1 U177/Y
n93                         3 U166/Y
n94                         4 ctmTdsLR_1_63/Y
tmp_net33                   1 ctmTdsLR_2_75/Y
n97                         2 U78/Y
tmp_net34                   1 ctmTdsLR_1_77/Y
n99                         1 U179/Y
n100                        2 U115/Y
n101                        3 ctmTdsLR_1_57/Y
n102                        1 U181/Y
n103                        2 U157/Y
n104                        2 U160/Y
n105                        2 U159/S
n106                        1 U183/Y
n107                        3 ctmTdsLR_1_73/Y
n108                        1 U185/Y
n109                        2 U120/Y
n110                        2 U151/S
n111                        2 U87/Y
n112                        3 U171/Y
n114                        2 U114/Y
n115                        1 ctmTdsLR_1_72/Y
n116                        1 U189/Y
n117                        1 U97/Y
n118                        2 ctmTdsLR_1_65/Y
n119                        1 U191/Y
n120                        2 U110/Y
n121                        1 U194/Y
n122                        2 U163/Y
n123                        3 ctmTdsLR_1_26/Y
n124                        1 U196/Y
n125                        2 U192/Y
n126                        4 ctmTdsLR_1_42/Y
n127                        1 U199/Y
n128                        2 U127/Y
n129                        1 U201/Y
n130                        3 U125/Y
n131                        2 U122/Y
n132                        1 U203/Y
n133                        2 U107/Y
n134                        2 ctmTdsLR_3_76/Y
n135                        1 U204/Y
n136                        1 U142/Y
n137                        2 U139/Y
n138                        3 U69/Y
n139                        2 U77/Y
n140                        1 U208/Y
n141                        2 ctmTdsLR_1_23/Y
n142                        3 ctmTdsLR_1_38/Y
tmp_net35                   1 ctmTdsLR_1_82/Y
n144                        2 U130/Y
n145                        2 U129/Y
n146                        1 U212/Y
n147                        2 U65/Y
tmp_net36                   1 ctmTdsLR_1_86/Y
tmp_net37                   1 ctmTdsLR_1_90/Y
tmp_net38                   1 ctmTdsLR_1_93/Y
ZBUF_32_0                   2 ZBUF_32_inst_5/Y
ZBUF_20_1                   2 ZBUF_20_inst_7/Y
ZBUF_17_3                   2 ZBUF_17_inst_20/Y
ZINV_4_3                    1 ZINV_4_inst_21/Y
popt_net_1                  2 ctmTdsLR_3_25/Y
popt_net_3                  2 ctmTdsLR_1_79/Y
popt_net_4                  1 ctmTdsLR_5_33/Y
popt_net_7                  3 ctmTdsLR_1_92/Y
popt_net_10                 1 ctmTdsLR_1_95/Y
popt_net_13                 2 ctmTdsLR_1_89/Y
popt_net_15                 1 ctmTdsLR_4_48/Y
popt_net_21                 2 ctmTdsLR_1_88/Y
popt_net_22                 1 ctmTdsLR_3_56/Y
popt_net_26                 2 ctmTdsLR_1_81/Y
popt_net_29                 1 ctmTdsLR_3_67/Y
1
