 
****************************************
Report : power
        -analysis_effort low
Design : kogge_stone_adder
Version: T-2022.03-SP5
Date   : Sat Feb 28 18:38:36 2026
****************************************


Library(s) Used:

    saed32rvt_tt1p05v25c (File: /home2/synopsys/libraries/SAED32_EDK/lib/stdcell_rvt/db_nldm/saed32rvt_tt1p05v25c.db)


Operating Conditions: tt1p05v25c   Library: saed32rvt_tt1p05v25c
Wire Load Model Mode: enclosed

Design        Wire Load Model            Library
------------------------------------------------
kogge_stone_adder      8000              saed32rvt_tt1p05v25c


Global Operating Voltage = 1.05 
Power-specific unit information :
    Voltage Units = 1V
    Capacitance Units = 1.000000ff
    Time Units = 1ns
    Dynamic Power Units = 1uW    (derived from V,C,T units)
    Leakage Power Units = 1pW


Attributes
----------
i - Including register clock pin internal power


  Cell Internal Power  =  82.3791 uW   (77%)
  Net Switching Power  =  25.2759 uW   (23%)
                         ---------
Total Dynamic Power    = 107.6550 uW  (100%)

Cell Leakage Power     =  54.5339 uW

Information: report_power power group summary does not include estimated clock tree power. (PWR-789)

                 Internal         Switching           Leakage            Total
Power Group      Power            Power               Power              Power   (   %    )  Attrs
--------------------------------------------------------------------------------------------------
io_pad             0.0000            0.0000            0.0000            0.0000  (   0.00%)
memory             0.0000            0.0000            0.0000            0.0000  (   0.00%)
black_box          0.0000            0.0000            0.0000            0.0000  (   0.00%)
clock_network      0.0000            0.0000            0.0000            0.0000  (   0.00%)  i
register           0.0000            0.0000            0.0000            0.0000  (   0.00%)
sequential         0.0000            0.0000            0.0000            0.0000  (   0.00%)
combinational     82.3792           25.2759        5.4534e+07          162.1889  ( 100.00%)
--------------------------------------------------------------------------------------------------
Total             82.3792 uW        25.2759 uW     5.4534e+07 pW       162.1889 uW
1
