 
****************************************
Report : area
Design : kogge_stone_adder
Version: T-2022.03-SP5
Date   : Sat Feb 28 18:38:36 2026
****************************************

Library(s) Used:

    saed32rvt_tt1p05v25c (File: /home2/synopsys/libraries/SAED32_EDK/lib/stdcell_rvt/db_nldm/saed32rvt_tt1p05v25c.db)

Number of ports:                           98
Number of nets:                           399
Number of cells:                          332
Number of combinational cells:            332
Number of sequential cells:                 0
Number of macros/black boxes:               0
Number of buf/inv:                         94
Number of references:                      20

Combinational area:                738.542468
Buf/Inv area:                      119.447680
Noncombinational area:               0.000000
Macro/Black Box area:                0.000000
Net Interconnect area:             106.086801

Total cell area:                   738.542468
Total area:                        844.629270
1
