****************************************
Report : Averaged Power
Design : han_carlson_32
Version: T-2022.03-SP2
Date   : Fri May 22 11:33:56 2026
****************************************



  Attributes
  ----------
      i  -  Including register clock pin internal power
      u  -  User defined power group

                        Internal  Switching  Leakage    Total
Power Group             Power     Power      Power      Power   (     %)  Attrs
--------------------------------------------------------------------------------
clock_network              0.0000    0.0000    0.0000    0.0000 ( 0.00%)  i
register                   0.0000    0.0000    0.0000    0.0000 ( 0.00%)  
combinational           5.395e-05 3.281e-05 2.819e-05 1.149e-04 (100.00%) 
sequential                 0.0000    0.0000    0.0000    0.0000 ( 0.00%)  
memory                     0.0000    0.0000    0.0000    0.0000 ( 0.00%)  
io_pad                     0.0000    0.0000    0.0000    0.0000 ( 0.00%)  
black_box                  0.0000    0.0000    0.0000    0.0000 ( 0.00%)  

  Net Switching Power  = 3.281e-05   (28.55%)
  Cell Internal Power  = 5.395e-05   (46.93%)
  Cell Leakage Power   = 2.819e-05   (24.52%)
                         ---------
Total Power            = 1.149e-04  (100.00%)

1
