****************************************
Report : Averaged Power
Design : han_carlson_32
Version: T-2022.03-SP2
Date   : Fri May 22 11:33:58 2026
****************************************



  Attributes
  ----------
      i  -  Including register clock pin internal power
      u  -  User defined power group

                        Internal  Switching  Leakage    Total
Power Group             Power     Power      Power      Power   (     %)  Attrs
--------------------------------------------------------------------------------
clock_network              0.0000    0.0000    0.0000    0.0000 ( 0.00%)  i
register                   0.0000    0.0000    0.0000    0.0000 ( 0.00%)  
combinational           6.637e-05 4.051e-05 5.739e-05 1.643e-04 (100.00%) 
sequential                 0.0000    0.0000    0.0000    0.0000 ( 0.00%)  
memory                     0.0000    0.0000    0.0000    0.0000 ( 0.00%)  
io_pad                     0.0000    0.0000    0.0000    0.0000 ( 0.00%)  
black_box                  0.0000    0.0000    0.0000    0.0000 ( 0.00%)  

  Net Switching Power  = 4.051e-05   (24.66%)
  Cell Internal Power  = 6.637e-05   (40.40%)
  Cell Leakage Power   = 5.739e-05   (34.94%)
                         ---------
Total Power            = 1.643e-04  (100.00%)

1
