****************************************
Report : Averaged Power
Design : han_carlson_32
Version: T-2022.03-SP2
Date   : Fri May 22 11:34:00 2026
****************************************



  Attributes
  ----------
      i  -  Including register clock pin internal power
      u  -  User defined power group

                        Internal  Switching  Leakage    Total
Power Group             Power     Power      Power      Power   (     %)  Attrs
--------------------------------------------------------------------------------
clock_network              0.0000    0.0000    0.0000    0.0000 ( 0.00%)  i
register                   0.0000    0.0000    0.0000    0.0000 ( 0.00%)  
combinational           1.038e-05 4.981e-05 1.084e-03 1.144e-03 (100.00%) 
sequential                 0.0000    0.0000    0.0000    0.0000 ( 0.00%)  
memory                     0.0000    0.0000    0.0000    0.0000 ( 0.00%)  
io_pad                     0.0000    0.0000    0.0000    0.0000 ( 0.00%)  
black_box                  0.0000    0.0000    0.0000    0.0000 ( 0.00%)  

  Net Switching Power  = 4.981e-05   ( 4.35%)
  Cell Internal Power  = 1.038e-05   ( 0.91%)
  Cell Leakage Power   = 1.084e-03   (94.74%)
                         ---------
Total Power            = 1.144e-03  (100.00%)

1
