 
****************************************
Report : timing
        -path full
        -delay max
        -max_paths 1
Design : brent_kung_32
Version: T-2022.03-SP5
Date   : Sun Feb  8 14:35:21 2026
****************************************

Operating Conditions: tt1p05v25c   Library: saed32rvt_tt1p05v25c
Wire Load Model Mode: enclosed

  Startpoint: Cin (input port)
  Endpoint: Cout (output port)
  Path Group: default
  Path Type: max

  Des/Clust/Port     Wire Load Model       Library
  ------------------------------------------------
  brent_kung_32      8000                  saed32rvt_tt1p05v25c

  Point                                    Incr       Path
  -----------------------------------------------------------
  input external delay                     0.00       0.00 r
  Cin (in)                                 0.00       0.00 r
  U82/Y (NAND2X0_RVT)                      0.03       0.03 f
  U36/Y (INVX0_RVT)                        0.03       0.06 r
  U56/Y (AO21X1_RVT)                       0.04       0.11 r
  U53/Y (AND2X1_RVT)                       0.05       0.15 r
  U52/Y (OR3X1_RVT)                        0.05       0.20 r
  U122/Y (AO21X1_RVT)                      0.06       0.27 r
  U123/Y (NAND2X0_RVT)                     0.03       0.30 f
  U125/Y (NAND3X0_RVT)                     0.04       0.35 r
  U126/Y (NAND2X0_RVT)                     0.03       0.38 f
  U128/Y (NAND3X0_RVT)                     0.04       0.42 r
  U224/CO (FADDX1_RVT)                     0.09       0.51 r
  U223/CO (FADDX1_RVT)                     0.09       0.60 r
  U222/CO (FADDX1_RVT)                     0.09       0.69 r
  U221/CO (FADDX1_RVT)                     0.09       0.78 r
  U51/Y (AO22X1_RVT)                       0.06       0.83 r
  U49/Y (AO21X1_RVT)                       0.06       0.90 r
  U130/Y (NAND2X0_RVT)                     0.03       0.93 f
  U132/Y (NAND3X0_RVT)                     0.05       0.98 r
  U57/Y (AO21X1_RVT)                       0.07       1.05 r
  U135/Y (AO22X1_RVT)                      0.06       1.10 r
  U137/Y (AO22X1_RVT)                      0.06       1.16 r
  U140/Y (AO22X1_RVT)                      0.05       1.21 r
  U220/CO (FADDX1_RVT)                     0.09       1.30 r
  U142/Y (AO22X1_RVT)                      0.06       1.36 r
  U145/Y (AO22X1_RVT)                      0.05       1.41 r
  Cout (out)                               0.00       1.41 r
  data arrival time                                   1.41

  max_delay                                1.50       1.50
  output external delay                    0.00       1.50
  data required time                                  1.50
  -----------------------------------------------------------
  data required time                                  1.50
  data arrival time                                  -1.41
  -----------------------------------------------------------
  slack (MET)                                         0.09


1
