 
****************************************
Report : area
Design : brent_kung_32
Version: T-2022.03-SP5
Date   : Wed Feb 25 22:49:30 2026
****************************************

Library(s) Used:

    saed32rvt_tt1p05v25c (File: /home2/synopsys/libraries/SAED32_EDK/lib/stdcell_rvt/db_nldm/saed32rvt_tt1p05v25c.db)

Number of ports:                           98
Number of nets:                           262
Number of cells:                          192
Number of combinational cells:            192
Number of sequential cells:                 0
Number of macros/black boxes:               0
Number of buf/inv:                         32
Number of references:                      15

Combinational area:                491.260348
Buf/Inv area:                       40.663040
Noncombinational area:               0.000000
Macro/Black Box area:                0.000000
Net Interconnect area:              69.078270

Total cell area:                   491.260348
Total area:                        560.338617

Hierarchical area distribution
------------------------------

                                  Global cell area          Local cell area
                                  ------------------  --------------------------- 
Hierarchical cell                 Absolute   Percent  Combi-    Noncombi-  Black-
                                  Total      Total    national  national   boxes   Design
--------------------------------  ---------  -------  --------  ---------  ------  ---------
brent_kung_32                      491.2603    100.0  491.2603     0.0000  0.0000  brent_kung_32
--------------------------------  ---------  -------  --------  ---------  ------  ---------
Total                                                 491.2603     0.0000  0.0000

1
