****************************************
Report : Averaged Power
Design : rcla_32
Version: T-2022.03-SP2
Date   : Fri May 22 11:34:34 2026
****************************************



  Attributes
  ----------
      i  -  Including register clock pin internal power
      u  -  User defined power group

                        Internal  Switching  Leakage    Total
Power Group             Power     Power      Power      Power   (     %)  Attrs
--------------------------------------------------------------------------------
clock_network              0.0000    0.0000    0.0000    0.0000 ( 0.00%)  i
register                   0.0000    0.0000    0.0000    0.0000 ( 0.00%)  
combinational           1.053e-04 4.635e-05 1.309e-03 1.460e-03 (100.00%) 
sequential                 0.0000    0.0000    0.0000    0.0000 ( 0.00%)  
memory                     0.0000    0.0000    0.0000    0.0000 ( 0.00%)  
io_pad                     0.0000    0.0000    0.0000    0.0000 ( 0.00%)  
black_box                  0.0000    0.0000    0.0000    0.0000 ( 0.00%)  

  Net Switching Power  = 4.635e-05   ( 3.17%)
  Cell Internal Power  = 1.053e-04   ( 7.21%)
  Cell Leakage Power   = 1.309e-03   (89.62%)
                         ---------
Total Power            = 1.460e-03  (100.00%)

1
