****************************************
Report : Averaged Power
Design : brent_kung_32
Version: T-2022.03-SP2
Date   : Fri May 22 11:33:24 2026
****************************************



  Attributes
  ----------
      i  -  Including register clock pin internal power
      u  -  User defined power group

                        Internal  Switching  Leakage    Total
Power Group             Power     Power      Power      Power   (     %)  Attrs
--------------------------------------------------------------------------------
clock_network              0.0000    0.0000    0.0000    0.0000 ( 0.00%)  i
register                   0.0000    0.0000    0.0000    0.0000 ( 0.00%)  
combinational           6.894e-05 3.782e-05 5.063e-05 1.574e-04 (100.00%) 
sequential                 0.0000    0.0000    0.0000    0.0000 ( 0.00%)  
memory                     0.0000    0.0000    0.0000    0.0000 ( 0.00%)  
io_pad                     0.0000    0.0000    0.0000    0.0000 ( 0.00%)  
black_box                  0.0000    0.0000    0.0000    0.0000 ( 0.00%)  

  Net Switching Power  = 3.782e-05   (24.03%)
  Cell Internal Power  = 6.894e-05   (43.80%)
  Cell Leakage Power   = 5.063e-05   (32.17%)
                         ---------
Total Power            = 1.574e-04  (100.00%)

1
