****************************************
Report : net_fanout
        -threshold
Design : kogge_stone_adder
Version: U-2022.12-SP3
Date   : Tue Apr 21 18:18:29 2026
****************************************

NetName                Fanout Driver
-------                ------ ------
Sum[9]                      1 U219/Y
ropt_net_59                 1 U408/S
ropt_net_57                 1 U526/S
Sum[6]                      1 U468/Y
Sum[5]                      1 U464/Y
Sum[4]                      1 U460/Y
Sum[3]                      1 U455/Y
Sum[2]                      1 U452/Y
Sum[1]                      1 U448/Y
A[31]                       2 A[31]
A[30]                       2 A[30]
A[29]                       2 A[29]
A[28]                       3 A[28]
A[27]                       3 A[27]
A[26]                       2 A[26]
A[25]                       2 A[25]
A[24]                       4 A[24]
A[23]                       3 A[23]
A[22]                       2 A[22]
A[21]                       2 A[21]
A[20]                       4 A[20]
A[19]                       3 A[19]
A[18]                       2 A[18]
A[17]                       2 A[17]
A[16]                       4 A[16]
A[15]                       3 A[15]
A[14]                       2 A[14]
A[13]                       2 A[13]
A[12]                       2 A[12]
A[11]                       2 A[11]
A[10]                       3 A[10]
A[9]                        2 A[9]
A[8]                        1 A[8]
A[7]                        1 A[7]
A[6]                        2 A[6]
A[5]                        2 A[5]
A[4]                        2 A[4]
A[3]                        2 A[3]
A[2]                        2 A[2]
A[1]                        2 A[1]
A[0]                        3 A[0]
B[31]                       2 B[31]
B[30]                       2 B[30]
B[29]                       2 B[29]
B[28]                       3 B[28]
B[27]                       3 B[27]
B[26]                       2 B[26]
B[25]                       2 B[25]
B[24]                       4 B[24]
B[23]                       3 B[23]
B[22]                       2 B[22]
B[21]                       2 B[21]
B[20]                       4 B[20]
B[19]                       3 B[19]
B[18]                       2 B[18]
B[17]                       2 B[17]
B[16]                       4 B[16]
B[15]                       3 B[15]
B[14]                       2 B[14]
B[13]                       2 B[13]
B[12]                       2 B[12]
B[11]                       2 B[11]
B[10]                       3 B[10]
B[9]                        4 B[9]
B[8]                        1 B[8]
B[7]                        1 B[7]
B[6]                        2 B[6]
B[5]                        2 B[5]
B[4]                        2 B[4]
B[3]                        2 B[3]
B[2]                        2 B[2]
B[1]                        2 B[1]
B[0]                        3 B[0]
Cin                         3 Cin
Sum[31]                     1 ctmTdsLR_2_127/Y
Sum[30]                     1 ctmTdsLR_1_29/Y
Sum[29]                     1 U528/SO
Sum[28]                     1 U482/Y
Sum[27]                     1 ctmTdsLR_2_131/Y
Sum[26]                     1 U479/Y
Sum[25]                     1 ctmTdsLR_1_42/Y
Sum[24]                     1 U478/Y
Sum[23]                     1 U509/Y
Sum[22]                     1 U477/Y
Sum[21]                     1 U503/Y
Sum[20]                     1 ctmTdsLR_2_106/Y
Sum[19]                     1 ctmTdsLR_2_79/Y
Sum[18]                     1 U481/Y
Sum[17]                     1 U493/Y
Sum[16]                     1 U480/Y
Sum[15]                     1 ctmTdsLR_1_77/Y
Sum[14]                     1 ctmTdsLR_2_76/Y
Sum[13]                     1 U474/Y
Sum[12]                     1 U472/Y
Sum[11]                     1 U517/Y
Sum[10]                     1 ctmTdsLR_1_149/Y
ropt_net_52                 1 ctmTdsLR_2_95/Y
Cout                        1 ctmTdsLR_1_97/Y
n197                        3 U222/Y
n198                        3 U223/Y
n199                        1 ctmTdsLR_2_133/Y
n200                        1 ctmTdsLR_2_81/Y
Sum[0]                      1 ropt_h_inst_150/Y
ropt_net_53                 1 ropt_h_inst_151/Y
ropt_net_54                 1 ropt_h_inst_152/Y
ropt_net_55                 1 ropt_h_inst_153/Y
n205                        2 ctmTdsLR_2_83/Y
ropt_net_56                 1 ropt_h_inst_154/Y
n207                        2 ctmTdsLR_2_85/Y
n208                        2 ctmTdsLR_2_87/Y
n209                        3 U235/Y
n210                        2 U236/Y
Sum[7]                      1 ropt_h_inst_155/Y
n212                        1 ctmTdsLR_1_48/Y
ropt_net_58                 1 ropt_h_inst_156/Y
Sum[8]                      1 ropt_h_inst_157/Y
n215                        1 U241/Y
n216                        1 ctmTdsLR_1_142/Y
n217                        1 ctmTdsLR_1_143/Y
n218                        2 U244/Y
n219                        2 ctmTdsLR_2_135/Y
n227                        2 ctmTdsLR_1_104/Y
n228                        1 U206/Y
n230                        2 U257/Y
n231                        1 U200/Y
n232                        2 ctmTdsLR_2_122/Y
n236                        2 U259/Y
n237                        1 U211/Y
n238                        1 U207/Y
n240                        2 U198/Y
n241                        1 U197/Y
n245                        2 ctmTdsLR_1_140/Y
n247                        1 U270/Y
n250                        3 U272/Y
n251                        2 U273/Y
n252                        1 U274/Y
n253                        2 U201/Y
n256                        1 U217/Y
n258                        3 ctmTdsLR_2_137/Y
n260                        2 U282/Y
n263                        1 U203/Y
n264                        2 U204/Y
n265                        1 ctmTdsLR_2_55/Y
n266                        3 U285/Y
n269                        2 U300/Y
n270                        1 U306/Y
n271                        2 U288/Y
n272                        1 ctmTdsLR_1_13/Y
n277                        1 U315/Y
n280                        2 U325/Y
n289                        1 ctmTdsLR_1_60/Y
n301                        1 ctmTdsLR_1_64/Y
n306                        2 ctmTdsLR_1_65/Y
n307                        2 U371/Y
n310                        1 ctmTdsLR_1_66/Y
n311                        2 U372/Y
n317                        1 U389/Y
n318                        2 ctmTdsLR_1_68/Y
n319                        2 U388/Y
n322                        2 U390/Y
n323                        1 U396/Y
n326                        1 U526/CO
n329                        2 U405/Y
n330                        2 U403/Y
n335                        3 ctmTdsLR_1_49/Y
n344                        3 ctmTdsLR_1_91/Y
n345                        3 ctmTdsLR_2_116/Y
n346                        2 U362/Y
n347                        2 U356/Y
n349                        2 ctmTdsLR_1_63/Y
n350                        2 U355/Y
n351                        2 U338/Y
n352                        2 U332/Y
n354                        2 ctmTdsLR_1_59/Y
n355                        3 U331/Y
n356                        2 U310/Y
n357                        1 U439/Y
n358                        1 U438/Y
n359                        1 U437/Y
n360                        1 U436/Y
n361                        2 U442/Y
n362                        3 U215/Y
n363                        3 U440/CO
n364                        3 U316/Y
n365                        3 U317/Y
n367                        2 ctmTdsLR_2_53/Y
n368                        1 U446/Y
n369                        1 U447/Y
n370                        3 U298/Y
n371                        3 U445/Y
n372                        3 U294/Y
n373                        3 U293/Y
n374                        2 U299/Y
n375                        1 U450/Y
n376                        1 U451/Y
n377                        1 U449/Y
n378                        2 U290/Y
n379                        1 U454/Y
n380                        3 U301/Y
n382                        2 U453/Y
n383                        3 U289/Y
n384                        2 U302/Y
n385                        1 U458/Y
n386                        1 U459/Y
n387                        1 ctmTdsLR_2_118/Y
n388                        2 U303/Y
n389                        2 U291/Y
n390                        1 U462/Y
n391                        1 U463/Y
n392                        3 U304/Y
n393                        2 U461/Y
n394                        3 U287/Y
n395                        3 U286/Y
n396                        2 U305/Y
n397                        1 U466/Y
n398                        1 U467/Y
n399                        1 U465/Y
n400                        2 U297/Y
n403                        3 ctmTdsLR_2_148/Y
n404                        2 U401/Y
n405                        2 U391/Y
n406                        2 U209/Y
n407                        2 ctmTdsLR_1_69/Y
n408                        2 U397/Y
n409                        1 U473/Y
n410                        2 U387/Y
n412                        2 U366/Y
n413                        2 U354/Y
n414                        1 ctmTdsLR_2_99/Y
n415                        2 ctmTdsLR_1_24/Y
n416                        2 U342/Y
n417                        2 U330/Y
n418                        2 U435/Y
n419                        2 U380/Y
n420                        4 U199/Y
n421                        2 U422/Y
n422                        2 U313/Y
n423                        3 U404/Y
n426                        4 U408/CO
n428                        3 U402/Y
n429                        3 U395/Y
n430                        4 U383/Y
n431                        4 U382/Y
n432                        3 ctmTdsLR_1_67/Y
n433                        1 ctmTdsLR_2_47/Y
n435                        2 U245/Y
n436                        2 U490/Y
n437                        1 U492/Y
n438                        2 U491/Y
n439                        3 U375/Y
n440                        3 ctmTdsLR_2_90/Y
n441                        4 U418/Y
n442                        1 U495/Y
n443                        1 ctmTdsLR_2_146/Y
n444                        2 ctmTdsLR_2_114/Y
n445                        2 U494/Y
n446                        3 U417/Y
n447                        3 ctmTdsLR_1_72/Y
n448                        3 U496/Y
n450                        2 ctmTdsLR_1_41/Y
n451                        1 ctmTdsLR_1_20/Y
n452                        2 U501/Y
n453                        3 U360/Y
n455                        2 U429/Y
n456                        4 U347/Y
n457                        1 U505/Y
n458                        1 ctmTdsLR_1_22/Y
n459                        3 ctmTdsLR_2_112/Y
n460                        2 U506/Y
n461                        3 U350/Y
n462                        3 ctmTdsLR_1_62/Y
n463                        1 U507/Y
n464                        2 U510/Y
n465                        1 ctmTdsLR_1_21/Y
n466                        2 U511/Y
n467                        3 U336/Y
n468                        3 ctmTdsLR_2_93/Y
n469                        4 ctmTdsLR_2_110/Y
n470                        3 ctmTdsLR_1_14/Y
n471                        2 U349/Y
n473                        5 U322/Y
n474                        3 U326/Y
n475                        3 ctmTdsLR_1_58/Y
n476                        2 ctmTdsLR_2_120/Y
n478                        4 U411/Y
n479                        4 ctmTdsLR_1_70/Y
n480                        3 ctmTdsLR_1_141/Y
n481                        3 U487/Y
n482                        1 U516/Y
n483                        3 U324/Y
n484                        3 U441/CO
n485                        1 ctmTdsLR_4_103/Y
n486                        3 U318/Y
n487                        2 U520/Y
n488                        4 U519/Y
n490                        1 U518/Y
n491                        2 U409/CO
n494                        1 ctmTdsLR_3_125/Y
n495                        2 ctmTdsLR_1_88/Y
n496                        1 U527/Y
n497                        2 U314/Y
HFSNET_1                    3 HFSBUF_163_1/Y
tmp_net15                   1 ctmTdsLR_1_44/Y
tmp_net16                   1 ctmTdsLR_1_46/Y
tmp_net17                   1 ctmTdsLR_1_50/Y
ZBUF_28_0                   2 ctmTdsLR_1_43/Y
tmp_net18                   1 ctmTdsLR_1_52/Y
tmp_net19                   1 ctmTdsLR_1_54/Y
tmp_net20                   1 ctmTdsLR_1_75/Y
popt_net_1                  3 ctmTdsLR_3_17/Y
popt_net_3                  1 ctmTdsLR_2_23/Y
popt_net_4                  2 ctmTdsLR_2_25/Y
popt_net_5                  2 ctmTdsLR_3_31/Y
popt_net_6                  1 ctmTdsLR_2_30/Y
popt_net_7                  1 ctmTdsLR_6_34/Y
popt_net_8                  2 ctmTdsLR_7_35/Y
popt_net_10                 1 ctmTdsLR_1_129/Y
popt_net_11                 1 ctmTdsLR_8_36/Y
popt_net_12                 1 ctmTdsLR_4_40/Y
popt_net_13                 3 ctmTdsLR_3_39/Y
tmp_net21                   1 ctmTdsLR_1_78/Y
tmp_net22                   1 ctmTdsLR_1_80/Y
tmp_net23                   1 ctmTdsLR_1_82/Y
tmp_net24                   1 ctmTdsLR_1_84/Y
tmp_net25                   1 ctmTdsLR_1_86/Y
tmp_net26                   1 ctmTdsLR_1_89/Y
tmp_net27                   1 ctmTdsLR_1_92/Y
tmp_net28                   1 ctmTdsLR_1_94/Y
tmp_net29                   1 ctmTdsLR_1_98/Y
tmp_net30                   1 ctmTdsLR_1_100/Y
tmp_net31                   1 ctmTdsLR_2_101/Y
tmp_net32                   1 ctmTdsLR_3_102/Y
tmp_net33                   1 ctmTdsLR_1_105/Y
tmp_net35                   1 ctmTdsLR_1_109/Y
tmp_net36                   1 ctmTdsLR_1_111/Y
tmp_net37                   1 ctmTdsLR_1_113/Y
tmp_net38                   1 ctmTdsLR_1_115/Y
tmp_net39                   1 ctmTdsLR_1_117/Y
tmp_net40                   1 ctmTdsLR_1_119/Y
tmp_net41                   1 ctmTdsLR_1_121/Y
tmp_net42                   1 ctmTdsLR_1_123/Y
tmp_net43                   1 ctmTdsLR_2_124/Y
tmp_net44                   2 ctmTdsLR_1_126/Y
tmp_net45                   1 ctmTdsLR_1_130/Y
tmp_net46                   1 ctmTdsLR_1_132/Y
tmp_net47                   3 ctmTdsLR_1_134/Y
tmp_net48                   1 ctmTdsLR_1_136/Y
tmp_net49                   1 ctmTdsLR_1_138/Y
tmp_net50                   1 ctmTdsLR_1_145/Y
tmp_net51                   1 ctmTdsLR_1_147/Y
1
