****************************************
Report : Averaged Power
Design : csla32_nobec_flat
Version: T-2022.03-SP2
Date   : Fri May 22 11:33:48 2026
****************************************



  Attributes
  ----------
      i  -  Including register clock pin internal power
      u  -  User defined power group

                        Internal  Switching  Leakage    Total
Power Group             Power     Power      Power      Power   (     %)  Attrs
--------------------------------------------------------------------------------
clock_network              0.0000    0.0000    0.0000    0.0000 ( 0.00%)  i
register                   0.0000    0.0000    0.0000    0.0000 ( 0.00%)  
combinational           7.480e-05 4.358e-05 6.943e-04 8.127e-04 (100.00%) 
sequential                 0.0000    0.0000    0.0000    0.0000 ( 0.00%)  
memory                     0.0000    0.0000    0.0000    0.0000 ( 0.00%)  
io_pad                     0.0000    0.0000    0.0000    0.0000 ( 0.00%)  
black_box                  0.0000    0.0000    0.0000    0.0000 ( 0.00%)  

  Net Switching Power  = 4.358e-05   ( 5.36%)
  Cell Internal Power  = 7.480e-05   ( 9.20%)
  Cell Leakage Power   = 6.943e-04   (85.43%)
                         ---------
Total Power            = 8.127e-04  (100.00%)

1
