****************************************
Report : Averaged Power
Design : csla32_bec
Version: T-2022.03-SP2
Date   : Fri May 22 11:33:37 2026
****************************************



  Attributes
  ----------
      i  -  Including register clock pin internal power
      u  -  User defined power group

                        Internal  Switching  Leakage    Total
Power Group             Power     Power      Power      Power   (     %)  Attrs
--------------------------------------------------------------------------------
clock_network              0.0000    0.0000    0.0000    0.0000 ( 0.00%)  i
register                   0.0000    0.0000    0.0000    0.0000 ( 0.00%)  
combinational           7.618e-05 4.253e-05 6.217e-04 7.404e-04 (100.00%) 
sequential                 0.0000    0.0000    0.0000    0.0000 ( 0.00%)  
memory                     0.0000    0.0000    0.0000    0.0000 ( 0.00%)  
io_pad                     0.0000    0.0000    0.0000    0.0000 ( 0.00%)  
black_box                  0.0000    0.0000    0.0000    0.0000 ( 0.00%)  

  Net Switching Power  = 4.253e-05   ( 5.74%)
  Cell Internal Power  = 7.618e-05   (10.29%)
  Cell Leakage Power   = 6.217e-04   (83.97%)
                         ---------
Total Power            = 7.404e-04  (100.00%)

1
