****************************************
Report : Averaged Power
Design : brent_kung_32
Version: T-2022.03-SP2
Date   : Fri May 22 11:33:25 2026
****************************************



  Attributes
  ----------
      i  -  Including register clock pin internal power
      u  -  User defined power group

                        Internal  Switching  Leakage    Total
Power Group             Power     Power      Power      Power   (     %)  Attrs
--------------------------------------------------------------------------------
clock_network              0.0000    0.0000    0.0000    0.0000 ( 0.00%)  i
register                   0.0000    0.0000    0.0000    0.0000 ( 0.00%)  
combinational           9.433e-05 4.645e-05 9.890e-04 1.130e-03 (100.00%) 
sequential                 0.0000    0.0000    0.0000    0.0000 ( 0.00%)  
memory                     0.0000    0.0000    0.0000    0.0000 ( 0.00%)  
io_pad                     0.0000    0.0000    0.0000    0.0000 ( 0.00%)  
black_box                  0.0000    0.0000    0.0000    0.0000 ( 0.00%)  

  Net Switching Power  = 4.645e-05   ( 4.11%)
  Cell Internal Power  = 9.433e-05   ( 8.35%)
  Cell Leakage Power   = 9.890e-04   (87.54%)
                         ---------
Total Power            = 1.130e-03  (100.00%)

1
