****************************************
Report : net_fanout
        -threshold
Design : hybrid_rcla32
Version: U-2022.12-SP3
Date   : Thu May 21 20:56:06 2026
****************************************

NetName                Fanout Driver
-------                ------ ------
Sum[31]                     1 ctmTdsLR_4_103/Y
Sum[30]                     1 ctmTdsLR_1_160/Y
Sum[29]                     1 ctmTdsLR_4_25/Y
Sum[28]                     1 ctmTdsLR_1_148/Y
Sum[27]                     1 ctmTdsLR_1_270/Y
Sum[26]                     1 ctmTdsLR_1_282/Y
Sum[25]                     1 ctmTdsLR_2_276/Y
Sum[24]                     1 ctmTdsLR_1_67/Y
Sum[23]                     1 ctmTdsLR_1_180/Y
Sum[22]                     1 ctmTdsLR_4_17/Y
Sum[21]                     1 ctmTdsLR_2_274/Y
Sum[20]                     1 ctmTdsLR_4_21/Y
Sum[19]                     1 ctmTdsLR_2_272/Y
Sum[18]                     1 ctmTdsLR_1_51/Y
Sum[17]                     1 ctmTdsLR_2_260/Y
Sum[16]                     1 ctmTdsLR_1_118/Y
Sum[15]                     1 ctmTdsLR_1_258/Y
Sum[14]                     1 intadd_5/U19/S
Sum[13]                     1 ctmTdsLR_2_257/Y
Sum[12]                     1 ctmTdsLR_1_255/Y
Sum[11]                     1 ctmTdsLR_1_248/Y
Sum[10]                     1 intadd_5/U23/S
Sum[9]                      1 ctmTdsLR_8_347/Y
Sum[8]                      1 ctmTdsLR_1_340/Y
Sum[7]                      1 ctmTdsLR_11_313/Y
Sum[6]                      1 ctmTdsLR_1_303/Y
Sum[5]                      1 ctmTdsLR_5_320/Y
Sum[4]                      1 intadd_5/U29/S
ropt_net_155                1 intadd_5/U30/S
Sum[2]                      1 ctmTdsLR_6_338/Y
Cout                        1 ctmTdsLR_1_100/Y
A[31]                       3 A[31]
A[30]                       3 A[30]
A[29]                       3 A[29]
A[28]                       3 A[28]
A[27]                       3 A[27]
A[26]                       3 A[26]
A[25]                       3 A[25]
A[24]                       3 A[24]
A[23]                       3 A[23]
A[22]                       3 A[22]
A[21]                       3 A[21]
A[20]                       3 A[20]
A[19]                       4 A[19]
A[18]                       2 A[18]
A[17]                       3 A[17]
A[16]                       2 A[16]
A[15]                       3 A[15]
A[14]                       3 A[14]
A[13]                       3 A[13]
A[12]                       2 A[12]
A[11]                       3 A[11]
A[10]                       1 A[10]
A[9]                        3 A[9]
A[8]                        3 A[8]
A[7]                        2 A[7]
A[6]                        1 A[6]
A[5]                        3 A[5]
A[4]                        1 A[4]
A[3]                        1 A[3]
A[2]                        3 A[2]
A[1]                        4 A[1]
A[0]                        3 A[0]
B[31]                       1 B[31]
B[30]                       3 B[30]
B[29]                       3 B[29]
B[28]                       3 B[28]
B[27]                       3 B[27]
B[26]                       3 B[26]
B[25]                       5 B[25]
B[24]                       3 B[24]
B[23]                       3 B[23]
B[22]                       3 B[22]
B[21]                       6 B[21]
B[20]                       3 B[20]
B[19]                       6 B[19]
B[18]                       2 B[18]
B[17]                       5 B[17]
B[16]                       2 B[16]
B[15]                       3 B[15]
B[14]                       3 B[14]
B[13]                       3 B[13]
B[12]                       2 B[12]
B[11]                       3 B[11]
B[10]                       1 B[10]
B[9]                        3 B[9]
B[8]                        3 B[8]
B[7]                        2 B[7]
B[6]                        2 B[6]
B[5]                        3 B[5]
B[4]                        1 B[4]
B[3]                        1 B[3]
B[2]                        3 B[2]
B[1]                        4 B[1]
B[0]                        3 B[0]
Cin                         3 Cin
Sum[1]                      1 ctmTdsLR_1_333/Y
ropt_net_137                1 U156/Y
intadd_5/n32                3 U125/Y
Sum[0]                      1 ropt_h_inst_362/Y
intadd_5/n30                1 ctmTdsLR_1_355/Y
intadd_5/n29                1 intadd_5/U30/CO
intadd_5/n28                2 intadd_5/U29/CO
intadd_5/n27                1 ctmTdsLR_1_316/Y
ropt_net_138                3 ropt_h_inst_363/Y
intadd_5/n25                2 ctmTdsLR_3_305/Y
ropt_net_139                1 ropt_h_inst_364/Y
intadd_5/n23                1 ctmTdsLR_3_342/Y
intadd_5/n22                2 intadd_5/U23/CO
intadd_5/n19                1 U83/Y
intadd_5/n18                8 ctmTdsLR_1_34/Y
intadd_5/n16                3 U87/Y
intadd_5/n14                2 ctmTdsLR_1_26/Y
intadd_5/n13                1 U150/Y
intadd_5/n12                2 ctmTdsLR_1_81/Y
intadd_5/n11                1 ctmTdsLR_1_181/Y
intadd_5/n10                6 ctmTdsLR_1_247/Y
intadd_5/n8                 1 ctmTdsLR_1_33/Y
intadd_5/n6                 1 U92/Y
intadd_5/n4                 1 ctmTdsLR_1_171/Y
ZBUF_2_2                    1 ZBUF_2_inst_291/Y
intadd_5/n2                 2 ctmTdsLR_1_157/Y
n62                         2 ctmTdsLR_2_263/Y
n63                         1 ctmTdsLR_2_265/Y
n64                         2 ctmTdsLR_2_267/Y
n65                         1 ctmTdsLR_1_268/Y
n66                         1 U70/Y
ZBUF_17_2                   2 ZBUF_17_inst_292/Y
ropt_net_140                1 ropt_h_inst_365/Y
n69                         2 U73/Y
n70                         3 U74/Y
n71                         2 ctmTdsLR_1_241/Y
n72                         2 ctmTdsLR_1_242/Y
n73                         1 U77/Y
n74                         4 ctmTdsLR_1_280/Y
ropt_net_141                1 ropt_h_inst_366/Y
ropt_net_142                1 ropt_h_inst_367/Y
ZBUF_32_2                   4 ZBUF_32_inst_296/Y
n78                         2 U84/Y
n79                         2 U86/Y
n80                         2 U88/Y
n81                         1 U43/Y
ropt_net_143                1 ropt_h_inst_368/Y
n83                         3 U89/Y
n84                         2 U59/Y
n85                         2 U91/Y
n86                         2 U34/Y
n87                         2 U35/Y
popt_net_109                3 ctmTdsLR_2_304/Y
n89                         4 U95/Y
n90                         2 ctmTdsLR_1_349/Y
n91                         2 U52/Y
popt_net_110                2 ctmTdsLR_4_306/Y
n93                         2 U98/Y
n94                         1 U44/Y
n95                         3 U62/Y
popt_net_111                2 ctmTdsLR_5_307/Y
n97                         2 ctmTdsLR_1_244/Y
popt_net_112                1 ctmTdsLR_6_308/Y
popt_net_113                2 ctmTdsLR_8_310/Y
n100                        2 U39/Y
n101                        2 U102/Y
n102                        1 U45/Y
popt_net_114                1 ctmTdsLR_9_311/Y
n104                        4 U103/Y
n105                        4 U60/Y
n106                        2 U105/Y
n107                        2 U33/Y
n108                        2 U106/Y
n109                        1 U46/Y
popt_net_115                2 ctmTdsLR_2_317/Y
n111                        2 U107/Y
popt_net_116                2 ctmTdsLR_7_309/Y
n113                        2 U109/Y
n114                        2 U36/Y
n115                        2 U38/Y
n116                        3 U110/Y
n117                        3 U50/Y
n118                        2 U42/Y
n119                        2 U49/Y
n120                        3 U112/Y
n121                        3 U61/Y
popt_net_118                1 ctmTdsLR_3_318/Y
n123                        2 U114/Y
popt_net_119                1 ctmTdsLR_4_319/Y
popt_net_122                2 ctmTdsLR_4_336/Y
n126                        2 U117/Y
n127                        3 U54/Y
popt_net_0                  2 ctmTdsLR_2_15/Y
n129                        2 U48/Y
n130                        3 U119/Y
n131                        4 U63/Y
popt_net_123                1 ctmTdsLR_3_335/Y
n133                        2 U121/Y
popt_net_124                2 ctmTdsLR_5_337/Y
popt_net_125                1 ctmTdsLR_7_339/Y
popt_net_126                1 ctmTdsLR_2_341/Y
n137                        2 U124/Y
n138                        1 U126/Y
n139                        1 U127/Y
popt_net_127                1 ctmTdsLR_4_343/Y
n141                        2 U141/Y
popt_net_128                1 ctmTdsLR_6_345/Y
n143                        2 U142/Y
popt_net_129                2 ctmTdsLR_5_344/Y
n145                        2 U144/Y
popt_net_130                1 ctmTdsLR_7_346/Y
n147                        2 U146/Y
popt_net_131                1 ctmTdsLR_9_348/Y
n149                        2 U149/Y
popt_net_132                1 ctmTdsLR_2_356/Y
n151                        3 U151/Y
popt_net_133                1 ctmTdsLR_4_358/Y
n153                        3 U153/Y
popt_net_134                1 ctmTdsLR_3_357/Y
ropt_net_144                1 ropt_h_inst_369/Y
n156                        2 U155/Y
n157                        1 U82/Y
ZBUF_35_0                   3 ctmTdsLR_1_125/Y
ropt_net_145                1 ropt_h_inst_370/Y
ropt_net_146                1 ropt_h_inst_371/Y
ropt_net_147                1 ropt_h_inst_372/Y
ropt_net_148                1 ropt_h_inst_373/Y
ropt_net_149                1 ropt_h_inst_374/Y
popt_net_69                 1 ctmTdsLR_2_149/Y
ropt_net_150                1 ropt_h_inst_375/Y
ropt_net_151                1 ropt_h_inst_376/Y
ropt_net_152                1 ropt_h_inst_378/Y
ZINV_4_2                    2 ctmTdsLR_1_208/Y
ropt_net_153                1 ropt_h_inst_379/Y
popt_net_2                  2 ctmTdsLR_2_19/Y
ropt_net_154                1 ropt_h_inst_380/Y
popt_net_4                  2 ctmTdsLR_2_23/Y
Sum[3]                      1 ropt_h_inst_382/Y
popt_net_6                  3 ctmTdsLR_2_27/Y
popt_net_7                  3 ctmTdsLR_3_28/Y
popt_net_8                  3 ctmTdsLR_2_30/Y
popt_net_9                  1 ctmTdsLR_4_32/Y
popt_net_10                 2 ctmTdsLR_1_245/Y
popt_net_11                 2 ctmTdsLR_3_36/Y
popt_net_12                 1 ctmTdsLR_2_35/Y
popt_net_13                 1 ctmTdsLR_4_37/Y
ropt_net_156                1 ropt_h_inst_383/Y
popt_net_15                 1 ctmTdsLR_4_41/Y
popt_net_16                 1 ctmTdsLR_3_40/Y
ropt_net_157                1 ropt_h_inst_384/Y
popt_net_18                 2 ctmTdsLR_2_44/Y
ropt_net_158                1 ropt_h_inst_385/Y
popt_net_20                 4 ctmTdsLR_2_47/Y
popt_net_21                 1 ctmTdsLR_4_49/Y
popt_net_22                 2 ctmTdsLR_1_246/Y
popt_net_23                 1 ctmTdsLR_2_52/Y
popt_net_24                 1 ctmTdsLR_3_53/Y
popt_net_25                 1 ctmTdsLR_4_54/Y
popt_net_26                 1 ctmTdsLR_6_56/Y
popt_net_27                 1 ctmTdsLR_5_55/Y
popt_net_34                 2 ctmTdsLR_2_65/Y
popt_net_35                 2 ctmTdsLR_1_281/Y
popt_net_36                 1 ctmTdsLR_2_68/Y
popt_net_37                 1 ctmTdsLR_4_70/Y
popt_net_38                 1 ctmTdsLR_3_69/Y
popt_net_39                 1 ctmTdsLR_5_71/Y
popt_net_40                 2 ctmTdsLR_2_77/Y
ropt_net_159                1 ropt_h_inst_386/Y
popt_net_43                 2 ctmTdsLR_2_82/Y
popt_net_44                 2 ctmTdsLR_3_83/Y
popt_net_46                 1 ctmTdsLR_2_90/Y
ropt_net_160                1 ropt_h_inst_387/Y
ropt_net_161                1 ropt_h_inst_388/Y
ropt_net_162                1 ropt_h_inst_390/Y
popt_net_50                 1 ctmTdsLR_2_278/Y
popt_net_51                 1 ctmTdsLR_7_95/Y
popt_net_54                 1 ctmTdsLR_2_101/Y
popt_net_55                 1 ctmTdsLR_3_102/Y
popt_net_59                 2 ctmTdsLR_3_120/Y
popt_net_58                 3 ctmTdsLR_1_279/Y
popt_net_60                 1 ctmTdsLR_2_119/Y
popt_net_61                 1 ctmTdsLR_5_122/Y
popt_net_63                 1 ctmTdsLR_4_121/Y
popt_net_64                 1 ctmTdsLR_7_124/Y
popt_net_65                 1 ctmTdsLR_2_126/Y
popt_net_66                 1 ctmTdsLR_3_127/Y
popt_net_70                 1 ctmTdsLR_3_150/Y
popt_net_75                 1 ctmTdsLR_2_158/Y
popt_net_76                 1 ctmTdsLR_3_159/Y
popt_net_77                 1 ctmTdsLR_2_161/Y
popt_net_82                 1 ctmTdsLR_2_172/Y
popt_net_83                 1 ctmTdsLR_3_173/Y
tmp_net99                   1 ctmTdsLR_1_256/Y
tmp_net100                  2 ctmTdsLR_1_259/Y
tmp_net101                  1 ctmTdsLR_1_262/Y
tmp_net102                  1 ctmTdsLR_1_264/Y
tmp_net103                  1 ctmTdsLR_1_266/Y
tmp_net104                  2 ctmTdsLR_1_271/Y
tmp_net105                  2 ctmTdsLR_1_273/Y
tmp_net106                  2 ctmTdsLR_1_275/Y
tmp_net107                  1 ctmTdsLR_1_277/Y
1
