****************************************
Report : report_utilization
Design : brent_kung_32
Version: U-2022.12-SP3
Date   : Tue Apr 21 18:16:11 2026
****************************************
Utilization Ratio:			0.6896
Utilization options:
 - Area calculation based on:		site_row of block brent_kung_32
 - Categories of objects excluded:	hard_macros macro_keepouts soft_macros io_cells hard_blockages 
Total Area:				812.2442
Total Capacity Area:			812.2442
Total Area of cells:			560.1334
Area of excluded objects:
 - hard_macros         :		0.0000
 - macro_keepouts      :		0.0000
 - soft_macros         :		0.0000
 - io_cells            :		0.0000
 - hard_blockages      :		0.0000
Total Area of excluded objects:		0.0000
Ratio of excluded objects:		0.0000

Utilization of site-rows with:
 - Site 'unit':				0.6896

0.6896
