****************************************
Report : net_fanout
        -threshold
Design : brent_kung_32
Version: U-2022.12-SP3
Date   : Tue Apr 21 18:16:11 2026
****************************************

NetName                Fanout Driver
-------                ------ ------
Sum[31]                     1 ctmTdsLR_2_172/Y
Sum[30]                     1 ctmTdsLR_1_173/Y
Sum[29]                     1 U220/S
Sum[28]                     1 ctmTdsLR_1_104/Y
Sum[27]                     1 ctmTdsLR_2_170/Y
Sum[26]                     1 ctmTdsLR_1_162/Y
Sum[25]                     1 ctmTdsLR_1_61/Y
Sum[24]                     1 ctmTdsLR_1_56/Y
Sum[23]                     1 ctmTdsLR_2_137/Y
Sum[22]                     1 ctmTdsLR_2_155/Y
Sum[21]                     1 U40/Y
Sum[20]                     1 U221/S
Sum[19]                     1 U222/S
ropt_net_102                1 U223/S
ropt_net_91                 1 U224/S
Sum[16]                     1 U216/Y
ropt_net_105                1 U39/Y
Sum[14]                     1 ctmTdsLR_5_131/Y
Sum[13]                     1 U163/Y
Sum[12]                     1 U169/Y
Sum[11]                     1 U171/Y
Sum[10]                     1 U180/Y
Sum[9]                      1 U182/Y
Sum[8]                      1 U186/Y
Sum[7]                      1 U189/Y
Sum[6]                      1 U195/Y
Sum[5]                      1 U198/Y
Sum[4]                      1 ctmTdsLR_2_168/Y
Sum[3]                      1 U206/Y
Sum[2]                      1 U211/Y
Sum[1]                      1 U214/Y
A[31]                       1 A[31]
A[30]                       3 A[30]
A[29]                       5 A[29]
A[28]                       4 A[28]
A[27]                       4 A[27]
A[26]                       5 A[26]
A[25]                       2 A[25]
A[24]                       3 A[24]
A[23]                       5 A[23]
A[22]                       3 A[22]
A[21]                       4 A[21]
A[20]                       3 A[20]
A[19]                       3 A[19]
A[18]                       1 A[18]
A[17]                       1 A[17]
A[16]                       3 A[16]
A[15]                       3 A[15]
A[14]                       2 A[14]
A[13]                       2 A[13]
A[12]                       2 A[12]
A[11]                       2 A[11]
A[10]                       2 A[10]
A[9]                        2 A[9]
A[8]                        2 A[8]
A[7]                        2 A[7]
A[6]                        2 A[6]
A[5]                        2 A[5]
A[4]                        3 A[4]
A[3]                        2 A[3]
A[2]                        2 A[2]
A[1]                        2 A[1]
A[0]                        2 A[0]
B[31]                       1 B[31]
B[30]                       3 B[30]
B[29]                       5 B[29]
B[28]                       4 B[28]
B[27]                       6 B[27]
B[26]                       5 B[26]
B[25]                       2 B[25]
B[24]                       3 B[24]
B[23]                       3 B[23]
B[22]                       3 B[22]
B[21]                       4 B[21]
B[20]                       3 B[20]
B[19]                       3 B[19]
B[18]                       1 B[18]
B[17]                       1 B[17]
B[16]                       3 B[16]
B[15]                       3 B[15]
B[14]                       2 B[14]
B[13]                       2 B[13]
B[12]                       2 B[12]
B[11]                       2 B[11]
B[10]                       2 B[10]
B[9]                        2 B[9]
B[8]                        2 B[8]
B[7]                        2 B[7]
B[6]                        2 B[6]
B[5]                        2 B[5]
B[4]                        3 B[4]
B[3]                        2 B[3]
B[2]                        2 B[2]
B[1]                        2 B[1]
B[0]                        2 B[0]
Cin                         2 Cin
ropt_net_92                 1 U149/Y
Cout                        1 ctmTdsLR_1_174/Y
Sum[17]                     1 ropt_h_inst_190/Y
n64                         2 ctmTdsLR_2_149/Y
n65                         2 U45/Y
Sum[0]                      1 ropt_h_inst_191/Y
ropt_net_93                 3 ropt_h_inst_192/Y
n69                         2 U50/Y
ropt_net_94                 1 ropt_h_inst_193/Y
ropt_net_95                 1 ropt_h_inst_194/Y
tmp_net66                   2 ctmTdsLR_1_127/Y
ropt_net_96                 1 ropt_h_inst_195/Y
ropt_net_97                 1 ropt_h_inst_196/Y
ropt_net_98                 1 ropt_h_inst_197/Y
n76                         1 U58/Y
n77                         1 U33/Y
ropt_net_99                 1 ropt_h_inst_198/Y
n79                         3 U59/Y
n80                         2 U42/Y
n81                         2 U61/Y
n82                         2 U38/Y
n83                         2 U62/Y
n84                         1 U91/Y
n85                         3 U77/Y
ropt_net_100                1 ropt_h_inst_199/Y
n87                         1 U112/Y
n88                         2 U104/Y
n89                         1 U119/Y
n90                         2 U97/Y
n91                         1 U120/Y
n92                         2 U98/Y
n93                         1 U121/Y
n94                         1 U106/Y
ropt_net_101                1 ropt_h_inst_200/Y
Sum[18]                     1 ropt_h_inst_201/Y
ropt_net_103                1 ropt_h_inst_202/Y
ropt_net_104                1 ropt_h_inst_203/Y
Sum[15]                     1 ropt_h_inst_204/Y
ropt_net_106                5 ropt_h_inst_205/Y
n101                        2 U129/Y
n102                        2 U131/Y
n103                        2 U130/Y
n104                        2 U69/Y
n105                        3 U133/Y
n106                        3 U134/Y
n107                        2 U136/Y
n109                        3 U139/Y
n111                        2 U141/Y
n114                        3 ctmTdsLR_1_161/Y
n116                        2 U135/Y
n117                        3 U132/Y
n119                        1 ctmTdsLR_1_30/Y
n120                        5 ctmTdsLR_1_81/Y
n122                        2 U221/CO
n123                        2 U82/Y
n124                        1 U148/Y
n125                        2 U94/Y
n126                        2 ctmTdsLR_4_166/Y
n127                        2 U113/Y
n128                        2 U105/Y
n129                        2 U116/Y
n132                        2 U96/Y
n134                        3 U95/Y
n135                        2 U118/Y
n136                        1 U159/Y
n137                        1 ctmTdsLR_2_128/Y
n139                        3 U117/Y
n140                        2 U156/Y
n141                        1 U162/Y
n142                        2 ctmTdsLR_2_183/Y
n143                        2 U93/Y
n145                        2 U152/Y
n146                        3 U92/Y
n147                        2 U115/Y
n148                        1 U167/Y
n149                        1 U168/Y
n150                        1 ctmTdsLR_2_178/Y
n151                        3 U114/Y
n152                        2 U164/Y
n153                        1 U170/Y
n154                        2 U153/Y
n155                        2 U101/Y
n156                        2 U109/Y
n159                        2 U103/Y
n161                        3 U102/Y
n162                        2 U111/Y
n163                        1 U178/Y
n164                        1 U179/Y
n165                        1 ctmTdsLR_2_180/Y
n166                        3 U110/Y
n167                        2 U175/Y
n168                        1 U181/Y
n169                        2 ctmTdsLR_2_176/Y
n170                        3 U99/Y
n171                        2 U108/Y
n172                        1 U184/Y
n173                        1 U185/Y
n174                        1 U183/Y
n175                        3 U100/Y
n176                        3 ctmTdsLR_1_63/Y
n177                        1 U187/Y
n178                        1 U188/Y
n179                        4 U151/Y
n180                        2 U85/Y
n181                        2 U81/Y
n182                        2 U88/Y
n183                        3 ctmTdsLR_2_135/Y
n184                        3 U75/Y
n185                        2 U90/Y
n186                        1 U193/Y
n187                        1 U194/Y
n188                        1 U192/Y
n189                        3 U76/Y
n190                        3 U89/Y
n191                        1 U196/Y
n192                        1 U197/Y
n193                        2 U191/Y
n194                        2 U73/Y
n196                        2 U72/Y
n197                        2 U87/Y
n198                        1 U202/Y
n199                        1 U203/Y
n201                        3 U86/Y
n202                        2 U199/Y
n203                        1 U205/Y
n204                        3 U190/Y
n205                        3 ctmTdsLR_2_141/Y
n206                        3 U79/Y
n207                        2 U84/Y
n208                        1 U209/Y
n209                        1 U210/Y
n210                        1 U208/Y
n211                        3 U80/Y
n212                        3 U83/Y
n213                        1 U212/Y
n214                        1 U213/Y
n215                        2 U207/Y
n216                        3 ctmTdsLR_1_124/Y
n217                        1 U215/Y
n219                        3 ctmTdsLR_1_110/Y
n221                        2 U122/Y
n222                        1 ctmTdsLR_1_87/Y
n223                        1 U222/CO
n224                        2 U223/CO
n225                        1 U224/CO
n226                        1 ctmTdsLR_1_181/Y
tmp_net67                   1 ctmTdsLR_3_129/Y
tmp_net68                   1 ctmTdsLR_4_130/Y
tmp_net69                   1 ctmTdsLR_1_134/Y
popt_net_48                 1 ctmTdsLR_2_98/Y
tmp_net70                   2 ctmTdsLR_1_136/Y
tmp_net72                   1 ctmTdsLR_1_140/Y
tmp_net73                   1 ctmTdsLR_1_143/Y
tmp_net74                   1 ctmTdsLR_1_145/Y
popt_net_1                  3 ctmTdsLR_2_13/Y
popt_net_2                  3 ctmTdsLR_3_14/Y
popt_net_4                  2 ctmTdsLR_2_19/Y
popt_net_7                  2 ctmTdsLR_7_24/Y
popt_net_13                 2 ctmTdsLR_2_31/Y
popt_net_14                 1 ctmTdsLR_4_33/Y
popt_net_15                 2 ctmTdsLR_1_160/Y
popt_net_16                 2 ctmTdsLR_2_35/Y
popt_net_17                 1 ctmTdsLR_4_37/Y
popt_net_19                 2 ctmTdsLR_3_40/Y
popt_net_20                 1 ctmTdsLR_2_39/Y
popt_net_21                 1 ctmTdsLR_5_42/Y
popt_net_23                 1 ctmTdsLR_4_41/Y
popt_net_32                 1 ctmTdsLR_2_62/Y
popt_net_44                 1 ctmTdsLR_2_88/Y
popt_net_45                 1 ctmTdsLR_4_90/Y
popt_net_46                 1 ctmTdsLR_3_89/Y
popt_net_50                 2 ctmTdsLR_2_101/Y
popt_net_52                 3 ctmTdsLR_2_144/Y
popt_net_53                 1 ctmTdsLR_1_114/Y
popt_net_57                 1 ctmTdsLR_2_111/Y
popt_net_59                 1 ctmTdsLR_1_150/Y
popt_net_64                 1 ctmTdsLR_2_125/Y
popt_net_65                 1 ctmTdsLR_1_132/Y
tmp_net75                   1 ctmTdsLR_1_148/Y
tmp_net76                   2 ctmTdsLR_1_151/Y
tmp_net77                   1 ctmTdsLR_2_152/Y
tmp_net78                   1 ctmTdsLR_1_154/Y
tmp_net79                   1 ctmTdsLR_1_156/Y
tmp_net80                   1 ctmTdsLR_1_158/Y
tmp_net81                   1 ctmTdsLR_1_163/Y
tmp_net82                   1 ctmTdsLR_2_164/Y
tmp_net83                   1 ctmTdsLR_3_165/Y
tmp_net84                   1 ctmTdsLR_1_167/Y
tmp_net85                   2 ctmTdsLR_1_169/Y
tmp_net86                   2 ctmTdsLR_1_171/Y
tmp_net87                   1 ctmTdsLR_1_175/Y
tmp_net88                   1 ctmTdsLR_1_177/Y
tmp_net89                   1 ctmTdsLR_1_179/Y
tmp_net90                   1 ctmTdsLR_1_182/Y
1
