[icc2-lic Tue Apr 21 18:15:11 2026] Command 'report_timing' requires licenses
[icc2-lic Tue Apr 21 18:15:11 2026] Attempting to check-out alternate set of keys directly with queueing
[icc2-lic Tue Apr 21 18:15:11 2026] Sending count request for 'ICCompilerII-8' 
[icc2-lic Tue Apr 21 18:15:11 2026] Count request for 'ICCompilerII-8' returned 1 
[icc2-lic Tue Apr 21 18:15:11 2026] Sending check-out request for 'ICCompilerII-8' (1) with wait option
[icc2-lic Tue Apr 21 18:15:11 2026] Check-out request for 'ICCompilerII-8' with wait option succeeded
[icc2-lic Tue Apr 21 18:15:11 2026] Sending checkout check request for 'ICCompilerII-8' 
[icc2-lic Tue Apr 21 18:15:11 2026] Checkout check request for 'ICCompilerII-8' returned 0 
[icc2-lic Tue Apr 21 18:15:11 2026] Sending count request for 'ICCompilerII-8' 
[icc2-lic Tue Apr 21 18:15:11 2026] Count request for 'ICCompilerII-8' returned 1 
[icc2-lic Tue Apr 21 18:15:11 2026] Sending count request for 'ICCompilerII-NX' 
[icc2-lic Tue Apr 21 18:15:11 2026] Count request for 'ICCompilerII-NX' returned 1 
[icc2-lic Tue Apr 21 18:15:11 2026] Sending check-out request for 'ICCompilerII-NX' (1) with wait option
[icc2-lic Tue Apr 21 18:15:11 2026] Check-out request for 'ICCompilerII-NX' with wait option succeeded
[icc2-lic Tue Apr 21 18:15:11 2026] Sending checkout check request for 'ICCompilerII-NX' 
[icc2-lic Tue Apr 21 18:15:11 2026] Checkout check request for 'ICCompilerII-NX' returned 0 
[icc2-lic Tue Apr 21 18:15:11 2026] Sending count request for 'ICCompilerII-NX' 
[icc2-lic Tue Apr 21 18:15:11 2026] Count request for 'ICCompilerII-NX' returned 1 
[icc2-lic Tue Apr 21 18:15:11 2026] Check-out of alternate set of keys directly with queueing was successful
****************************************
Report : timing
        -path_type full
        -delay_type max
        -max_paths 50
        -report_by design
Design : csla32_nobec_flat
Version: U-2022.12-SP3
Date   : Tue Apr 21 18:15:11 2026
****************************************

  Startpoint: B[0] (input port clocked by VCLK)
  Endpoint: Sum[21] (output port clocked by VCLK)
  Mode: FUNC
  Corner: TT
  Scenario: SCEN_TT
  Path Group: **in2out_default**
  Path Type: max

  Point                                            Incr      Path  
  ------------------------------------------------------------------------
  clock VCLK (rise edge)                           0.00      0.00
  clock network delay (ideal)                      0.00      0.02
  input external delay                             0.50      0.52 r
  B[0] (in)                                        0.02      0.52 r
  U151/Y (AND2X1_RVT)                              0.03      0.55 r
  ctmTdsLR_1_67/Y (INVX0_RVT)                      0.01      0.56 f
  ctmTdsLR_1_73/Y (OA21X1_RVT)                     0.04      0.60 f
  U102/Y (NAND2X0_RVT)                             0.04      0.64 r
  U101/Y (INVX1_RVT)                               0.02      0.66 f
  U160/Y (AND2X1_RVT)                              0.03      0.69 f
  U161/Y (NAND2X0_RVT)                             0.04      0.73 r
  U121/Y (INVX0_RVT)                               0.02      0.75 f
  U162/Y (AO21X1_RVT)                              0.05      0.80 f
  ctmTdsLR_1_45/Y (NAND3X0_RVT)                    0.03      0.82 r
  ctmTdsLR_1_75/Y (INVX1_RVT)                      0.02      0.85 f
  U164/Y (NAND2X0_RVT)                             0.03      0.88 r
  U165/Y (NAND2X0_RVT)                             0.03      0.90 f
  U166/Y (NAND2X0_RVT)                             0.04      0.94 r
  U84/Y (OR2X1_RVT)                                0.04      0.98 r
  U83/Y (OR2X2_RVT)                                0.03      1.01 r
  ctmTdsLR_1_61/Y (OR2X2_RVT)                      0.03      1.04 r
  U80/Y (NOR2X2_RVT)                               0.05      1.10 f
  U88/Y (AO21X1_RVT)                               0.06      1.16 f
  ctmTdsLR_1_102/Y (AND3X1_RVT)                    0.05      1.20 f
  U113/Y (INVX0_RVT)                               0.02      1.22 r
  U145/Y (OR2X1_RVT)                               0.03      1.26 r
  U112/Y (INVX0_RVT)                               0.01      1.27 f
  ctmTdsLR_1_38/Y (OA21X1_RVT)                     0.03      1.30 f
  Sum[21] (out)                                    0.00      1.30 f
  data arrival time                                          1.30

  clock VCLK (rise edge)                           2.00      2.00
  clock network delay (ideal)                      0.00      2.00
  clock uncertainty                               -0.15      1.85
  output external delay                           -0.50      1.35
  data required time                                         1.35
  ------------------------------------------------------------------------
  data required time                                         1.35
  data arrival time                                         -1.30
  ------------------------------------------------------------------------
  slack (MET)                                                0.05



  Startpoint: B[0] (input port clocked by VCLK)
  Endpoint: Sum[31] (output port clocked by VCLK)
  Mode: FUNC
  Corner: TT
  Scenario: SCEN_TT
  Path Group: **in2out_default**
  Path Type: max

  Point                                            Incr      Path  
  ------------------------------------------------------------------------
  clock VCLK (rise edge)                           0.00      0.00
  clock network delay (ideal)                      0.00      0.02
  input external delay                             0.50      0.52 f
  B[0] (in)                                        0.02      0.52 f
  U151/Y (AND2X1_RVT)                              0.04      0.56 f
  ctmTdsLR_1_67/Y (INVX0_RVT)                      0.01      0.58 r
  ctmTdsLR_1_73/Y (OA21X1_RVT)                     0.04      0.61 r
  U102/Y (NAND2X0_RVT)                             0.03      0.65 f
  U101/Y (INVX1_RVT)                               0.02      0.67 r
  U160/Y (AND2X1_RVT)                              0.03      0.70 r
  U161/Y (NAND2X0_RVT)                             0.03      0.73 f
  U121/Y (INVX0_RVT)                               0.03      0.76 r
  U162/Y (AO21X1_RVT)                              0.05      0.81 r
  ctmTdsLR_1_45/Y (NAND3X0_RVT)                    0.03      0.84 f
  ctmTdsLR_1_75/Y (INVX1_RVT)                      0.03      0.87 r
  U164/Y (NAND2X0_RVT)                             0.02      0.89 f
  U165/Y (NAND2X0_RVT)                             0.04      0.92 r
  U166/Y (NAND2X0_RVT)                             0.03      0.95 f
  U84/Y (OR2X1_RVT)                                0.03      0.99 f
  U83/Y (OR2X2_RVT)                                0.03      1.02 f
  ctmTdsLR_1_61/Y (OR2X2_RVT)                      0.03      1.05 f
  U80/Y (NOR2X2_RVT)                               0.05      1.10 r
  ctmTdsLR_1_68/Y (AO22X1_RVT)                     0.05      1.14 r
  ctmTdsLR_1_80/Y (NAND4X0_RVT)                    0.05      1.20 f
  U90/Y (OR2X2_RVT)                                0.04      1.23 f
  U89/Y (OR2X1_RVT)                                0.03      1.26 f
  U170/Y (OA21X1_RVT)                              0.03      1.30 f
  Sum[31] (out)                                    0.00      1.30 f
  data arrival time                                          1.30

  clock VCLK (rise edge)                           2.00      2.00
  clock network delay (ideal)                      0.00      2.00
  clock uncertainty                               -0.15      1.85
  output external delay                           -0.50      1.35
  data required time                                         1.35
  ------------------------------------------------------------------------
  data required time                                         1.35
  data arrival time                                         -1.30
  ------------------------------------------------------------------------
  slack (MET)                                                0.05



  Startpoint: B[0] (input port clocked by VCLK)
  Endpoint: Sum[20] (output port clocked by VCLK)
  Mode: FUNC
  Corner: TT
  Scenario: SCEN_TT
  Path Group: **in2out_default**
  Path Type: max

  Point                                            Incr      Path  
  ------------------------------------------------------------------------
  clock VCLK (rise edge)                           0.00      0.00
  clock network delay (ideal)                      0.00      0.02
  input external delay                             0.50      0.52 r
  B[0] (in)                                        0.02      0.52 r
  U151/Y (AND2X1_RVT)                              0.03      0.55 r
  ctmTdsLR_1_67/Y (INVX0_RVT)                      0.01      0.56 f
  ctmTdsLR_1_73/Y (OA21X1_RVT)                     0.04      0.60 f
  U102/Y (NAND2X0_RVT)                             0.04      0.64 r
  U101/Y (INVX1_RVT)                               0.02      0.66 f
  U160/Y (AND2X1_RVT)                              0.03      0.69 f
  U161/Y (NAND2X0_RVT)                             0.04      0.73 r
  U121/Y (INVX0_RVT)                               0.02      0.75 f
  U162/Y (AO21X1_RVT)                              0.05      0.80 f
  ctmTdsLR_1_45/Y (NAND3X0_RVT)                    0.03      0.82 r
  ctmTdsLR_1_75/Y (INVX1_RVT)                      0.02      0.85 f
  U164/Y (NAND2X0_RVT)                             0.03      0.88 r
  U165/Y (NAND2X0_RVT)                             0.03      0.90 f
  U166/Y (NAND2X0_RVT)                             0.04      0.94 r
  U84/Y (OR2X1_RVT)                                0.04      0.98 r
  U83/Y (OR2X2_RVT)                                0.03      1.01 r
  ctmTdsLR_1_61/Y (OR2X2_RVT)                      0.03      1.04 r
  U80/Y (NOR2X2_RVT)                               0.05      1.10 f
  U88/Y (AO21X1_RVT)                               0.06      1.16 f
  ctmTdsLR_1_102/Y (AND3X1_RVT)                    0.05      1.20 f
  U113/Y (INVX0_RVT)                               0.02      1.22 r
  U145/Y (OR2X1_RVT)                               0.03      1.26 r
  U148/Y (OA21X1_RVT)                              0.03      1.29 r
  Sum[20] (out)                                    0.00      1.29 r
  data arrival time                                          1.29

  clock VCLK (rise edge)                           2.00      2.00
  clock network delay (ideal)                      0.00      2.00
  clock uncertainty                               -0.15      1.85
  output external delay                           -0.50      1.35
  data required time                                         1.35
  ------------------------------------------------------------------------
  data required time                                         1.35
  data arrival time                                         -1.29
  ------------------------------------------------------------------------
  slack (MET)                                                0.06



  Startpoint: B[0] (input port clocked by VCLK)
  Endpoint: Cout (output port clocked by VCLK)
  Mode: FUNC
  Corner: TT
  Scenario: SCEN_TT
  Path Group: **in2out_default**
  Path Type: max

  Point                                            Incr      Path  
  ------------------------------------------------------------------------
  clock VCLK (rise edge)                           0.00      0.00
  clock network delay (ideal)                      0.00      0.02
  input external delay                             0.50      0.52 f
  B[0] (in)                                        0.02      0.52 f
  U151/Y (AND2X1_RVT)                              0.04      0.56 f
  ctmTdsLR_1_67/Y (INVX0_RVT)                      0.01      0.58 r
  ctmTdsLR_1_73/Y (OA21X1_RVT)                     0.04      0.61 r
  U102/Y (NAND2X0_RVT)                             0.03      0.65 f
  U101/Y (INVX1_RVT)                               0.02      0.67 r
  U160/Y (AND2X1_RVT)                              0.03      0.70 r
  U161/Y (NAND2X0_RVT)                             0.03      0.73 f
  U121/Y (INVX0_RVT)                               0.03      0.76 r
  U162/Y (AO21X1_RVT)                              0.05      0.81 r
  ctmTdsLR_1_45/Y (NAND3X0_RVT)                    0.03      0.84 f
  ctmTdsLR_1_75/Y (INVX1_RVT)                      0.03      0.87 r
  U164/Y (NAND2X0_RVT)                             0.02      0.89 f
  U165/Y (NAND2X0_RVT)                             0.04      0.92 r
  U166/Y (NAND2X0_RVT)                             0.03      0.95 f
  U84/Y (OR2X1_RVT)                                0.03      0.99 f
  U83/Y (OR2X2_RVT)                                0.03      1.02 f
  ctmTdsLR_1_61/Y (OR2X2_RVT)                      0.03      1.05 f
  U80/Y (NOR2X2_RVT)                               0.05      1.10 r
  ctmTdsLR_1_68/Y (AO22X1_RVT)                     0.05      1.14 r
  ctmTdsLR_1_80/Y (NAND4X0_RVT)                    0.05      1.20 f
  U90/Y (OR2X2_RVT)                                0.04      1.23 f
  U89/Y (OR2X1_RVT)                                0.03      1.26 f
  U192/Y (NAND2X0_RVT)                             0.02      1.29 r
  Cout (out)                                       0.00      1.29 r
  data arrival time                                          1.29

  clock VCLK (rise edge)                           2.00      2.00
  clock network delay (ideal)                      0.00      2.00
  clock uncertainty                               -0.15      1.85
  output external delay                           -0.50      1.35
  data required time                                         1.35
  ------------------------------------------------------------------------
  data required time                                         1.35
  data arrival time                                         -1.29
  ------------------------------------------------------------------------
  slack (MET)                                                0.06



  Startpoint: B[0] (input port clocked by VCLK)
  Endpoint: Sum[29] (output port clocked by VCLK)
  Mode: FUNC
  Corner: TT
  Scenario: SCEN_TT
  Path Group: **in2out_default**
  Path Type: max

  Point                                            Incr      Path  
  ------------------------------------------------------------------------
  clock VCLK (rise edge)                           0.00      0.00
  clock network delay (ideal)                      0.00      0.02
  input external delay                             0.50      0.52 r
  B[0] (in)                                        0.02      0.52 r
  U151/Y (AND2X1_RVT)                              0.03      0.55 r
  ctmTdsLR_1_67/Y (INVX0_RVT)                      0.01      0.56 f
  ctmTdsLR_1_73/Y (OA21X1_RVT)                     0.04      0.60 f
  U102/Y (NAND2X0_RVT)                             0.04      0.64 r
  U101/Y (INVX1_RVT)                               0.02      0.66 f
  U160/Y (AND2X1_RVT)                              0.03      0.69 f
  U161/Y (NAND2X0_RVT)                             0.04      0.73 r
  U121/Y (INVX0_RVT)                               0.02      0.75 f
  U162/Y (AO21X1_RVT)                              0.05      0.80 f
  ctmTdsLR_1_45/Y (NAND3X0_RVT)                    0.03      0.82 r
  ctmTdsLR_1_75/Y (INVX1_RVT)                      0.02      0.85 f
  U164/Y (NAND2X0_RVT)                             0.03      0.88 r
  U165/Y (NAND2X0_RVT)                             0.03      0.90 f
  U166/Y (NAND2X0_RVT)                             0.04      0.94 r
  U84/Y (OR2X1_RVT)                                0.04      0.98 r
  U83/Y (OR2X2_RVT)                                0.03      1.01 r
  ctmTdsLR_1_61/Y (OR2X2_RVT)                      0.03      1.04 r
  U80/Y (NOR2X2_RVT)                               0.05      1.10 f
  ctmTdsLR_1_68/Y (AO22X1_RVT)                     0.04      1.14 f
  ctmTdsLR_1_78/Y (NAND3X1_RVT)                    0.06      1.20 r
  U69/Y (OR2X2_RVT)                                0.03      1.24 r
  U184/Y (INVX0_RVT)                               0.01      1.25 f
  U56/Y (OA21X1_RVT)                               0.03      1.28 f
  Sum[29] (out)                                    0.00      1.28 f
  data arrival time                                          1.28

  clock VCLK (rise edge)                           2.00      2.00
  clock network delay (ideal)                      0.00      2.00
  clock uncertainty                               -0.15      1.85
  output external delay                           -0.50      1.35
  data required time                                         1.35
  ------------------------------------------------------------------------
  data required time                                         1.35
  data arrival time                                         -1.28
  ------------------------------------------------------------------------
  slack (MET)                                                0.07



  Startpoint: B[0] (input port clocked by VCLK)
  Endpoint: Sum[23] (output port clocked by VCLK)
  Mode: FUNC
  Corner: TT
  Scenario: SCEN_TT
  Path Group: **in2out_default**
  Path Type: max

  Point                                            Incr      Path  
  ------------------------------------------------------------------------
  clock VCLK (rise edge)                           0.00      0.00
  clock network delay (ideal)                      0.00      0.02
  input external delay                             0.50      0.52 r
  B[0] (in)                                        0.02      0.52 r
  U151/Y (AND2X1_RVT)                              0.03      0.55 r
  ctmTdsLR_1_67/Y (INVX0_RVT)                      0.01      0.56 f
  ctmTdsLR_1_73/Y (OA21X1_RVT)                     0.04      0.60 f
  U102/Y (NAND2X0_RVT)                             0.04      0.64 r
  U101/Y (INVX1_RVT)                               0.02      0.66 f
  U160/Y (AND2X1_RVT)                              0.03      0.69 f
  U161/Y (NAND2X0_RVT)                             0.04      0.73 r
  U121/Y (INVX0_RVT)                               0.02      0.75 f
  U162/Y (AO21X1_RVT)                              0.05      0.80 f
  ctmTdsLR_1_45/Y (NAND3X0_RVT)                    0.03      0.82 r
  ctmTdsLR_1_75/Y (INVX1_RVT)                      0.02      0.85 f
  U164/Y (NAND2X0_RVT)                             0.03      0.88 r
  U165/Y (NAND2X0_RVT)                             0.03      0.90 f
  U166/Y (NAND2X0_RVT)                             0.04      0.94 r
  U84/Y (OR2X1_RVT)                                0.04      0.98 r
  U83/Y (OR2X2_RVT)                                0.03      1.01 r
  ctmTdsLR_1_61/Y (OR2X2_RVT)                      0.03      1.04 r
  U80/Y (NOR2X2_RVT)                               0.05      1.10 f
  ctmTdsLR_1_96/Y (NAND3X0_RVT)                    0.02      1.12 r
  ctmTdsLR_3_98/Y (NAND3X0_RVT)                    0.06      1.18 f
  U169/Y (NAND2X0_RVT)                             0.06      1.23 r
  U179/Y (INVX0_RVT)                               0.01      1.24 f
  U54/Y (OA21X1_RVT)                               0.04      1.28 f
  Sum[23] (out)                                    0.00      1.28 f
  data arrival time                                          1.28

  clock VCLK (rise edge)                           2.00      2.00
  clock network delay (ideal)                      0.00      2.00
  clock uncertainty                               -0.15      1.85
  output external delay                           -0.50      1.35
  data required time                                         1.35
  ------------------------------------------------------------------------
  data required time                                         1.35
  data arrival time                                         -1.28
  ------------------------------------------------------------------------
  slack (MET)                                                0.07



  Startpoint: B[0] (input port clocked by VCLK)
  Endpoint: Sum[30] (output port clocked by VCLK)
  Mode: FUNC
  Corner: TT
  Scenario: SCEN_TT
  Path Group: **in2out_default**
  Path Type: max

  Point                                            Incr      Path  
  ------------------------------------------------------------------------
  clock VCLK (rise edge)                           0.00      0.00
  clock network delay (ideal)                      0.00      0.02
  input external delay                             0.50      0.52 f
  B[0] (in)                                        0.02      0.52 f
  U151/Y (AND2X1_RVT)                              0.04      0.56 f
  ctmTdsLR_1_67/Y (INVX0_RVT)                      0.01      0.58 r
  ctmTdsLR_1_73/Y (OA21X1_RVT)                     0.04      0.61 r
  U102/Y (NAND2X0_RVT)                             0.03      0.65 f
  U101/Y (INVX1_RVT)                               0.02      0.67 r
  U160/Y (AND2X1_RVT)                              0.03      0.70 r
  U161/Y (NAND2X0_RVT)                             0.03      0.73 f
  U121/Y (INVX0_RVT)                               0.03      0.76 r
  U162/Y (AO21X1_RVT)                              0.05      0.81 r
  ctmTdsLR_1_45/Y (NAND3X0_RVT)                    0.03      0.84 f
  ctmTdsLR_1_75/Y (INVX1_RVT)                      0.03      0.87 r
  U164/Y (NAND2X0_RVT)                             0.02      0.89 f
  U165/Y (NAND2X0_RVT)                             0.04      0.92 r
  U166/Y (NAND2X0_RVT)                             0.03      0.95 f
  U84/Y (OR2X1_RVT)                                0.03      0.99 f
  U83/Y (OR2X2_RVT)                                0.03      1.02 f
  ctmTdsLR_1_61/Y (OR2X2_RVT)                      0.03      1.05 f
  U80/Y (NOR2X2_RVT)                               0.05      1.10 r
  ctmTdsLR_1_68/Y (AO22X1_RVT)                     0.05      1.14 r
  ctmTdsLR_1_80/Y (NAND4X0_RVT)                    0.05      1.20 f
  U90/Y (OR2X2_RVT)                                0.04      1.23 f
  U55/Y (OA21X1_RVT)                               0.04      1.27 f
  Sum[30] (out)                                    0.00      1.27 f
  data arrival time                                          1.27

  clock VCLK (rise edge)                           2.00      2.00
  clock network delay (ideal)                      0.00      2.00
  clock uncertainty                               -0.15      1.85
  output external delay                           -0.50      1.35
  data required time                                         1.35
  ------------------------------------------------------------------------
  data required time                                         1.35
  data arrival time                                         -1.27
  ------------------------------------------------------------------------
  slack (MET)                                                0.08



  Startpoint: B[0] (input port clocked by VCLK)
  Endpoint: Sum[22] (output port clocked by VCLK)
  Mode: FUNC
  Corner: TT
  Scenario: SCEN_TT
  Path Group: **in2out_default**
  Path Type: max

  Point                                            Incr      Path  
  ------------------------------------------------------------------------
  clock VCLK (rise edge)                           0.00      0.00
  clock network delay (ideal)                      0.00      0.02
  input external delay                             0.50      0.52 r
  B[0] (in)                                        0.02      0.52 r
  U151/Y (AND2X1_RVT)                              0.03      0.55 r
  ctmTdsLR_1_67/Y (INVX0_RVT)                      0.01      0.56 f
  ctmTdsLR_1_73/Y (OA21X1_RVT)                     0.04      0.60 f
  U102/Y (NAND2X0_RVT)                             0.04      0.64 r
  U101/Y (INVX1_RVT)                               0.02      0.66 f
  U160/Y (AND2X1_RVT)                              0.03      0.69 f
  U161/Y (NAND2X0_RVT)                             0.04      0.73 r
  U121/Y (INVX0_RVT)                               0.02      0.75 f
  U162/Y (AO21X1_RVT)                              0.05      0.80 f
  ctmTdsLR_1_45/Y (NAND3X0_RVT)                    0.03      0.82 r
  ctmTdsLR_1_75/Y (INVX1_RVT)                      0.02      0.85 f
  U164/Y (NAND2X0_RVT)                             0.03      0.88 r
  U165/Y (NAND2X0_RVT)                             0.03      0.90 f
  U166/Y (NAND2X0_RVT)                             0.04      0.94 r
  U84/Y (OR2X1_RVT)                                0.04      0.98 r
  U83/Y (OR2X2_RVT)                                0.03      1.01 r
  ctmTdsLR_1_61/Y (OR2X2_RVT)                      0.03      1.04 r
  U80/Y (NOR2X2_RVT)                               0.05      1.10 f
  ctmTdsLR_1_96/Y (NAND3X0_RVT)                    0.02      1.12 r
  ctmTdsLR_3_98/Y (NAND3X0_RVT)                    0.06      1.18 f
  U169/Y (NAND2X0_RVT)                             0.06      1.23 r
  U66/Y (OA21X1_RVT)                               0.04      1.27 r
  Sum[22] (out)                                    0.00      1.27 r
  data arrival time                                          1.27

  clock VCLK (rise edge)                           2.00      2.00
  clock network delay (ideal)                      0.00      2.00
  clock uncertainty                               -0.15      1.85
  output external delay                           -0.50      1.35
  data required time                                         1.35
  ------------------------------------------------------------------------
  data required time                                         1.35
  data arrival time                                         -1.27
  ------------------------------------------------------------------------
  slack (MET)                                                0.08



  Startpoint: B[0] (input port clocked by VCLK)
  Endpoint: Sum[28] (output port clocked by VCLK)
  Mode: FUNC
  Corner: TT
  Scenario: SCEN_TT
  Path Group: **in2out_default**
  Path Type: max

  Point                                            Incr      Path  
  ------------------------------------------------------------------------
  clock VCLK (rise edge)                           0.00      0.00
  clock network delay (ideal)                      0.00      0.02
  input external delay                             0.50      0.52 r
  B[0] (in)                                        0.02      0.52 r
  U151/Y (AND2X1_RVT)                              0.03      0.55 r
  ctmTdsLR_1_67/Y (INVX0_RVT)                      0.01      0.56 f
  ctmTdsLR_1_73/Y (OA21X1_RVT)                     0.04      0.60 f
  U102/Y (NAND2X0_RVT)                             0.04      0.64 r
  U101/Y (INVX1_RVT)                               0.02      0.66 f
  U160/Y (AND2X1_RVT)                              0.03      0.69 f
  U161/Y (NAND2X0_RVT)                             0.04      0.73 r
  U121/Y (INVX0_RVT)                               0.02      0.75 f
  U162/Y (AO21X1_RVT)                              0.05      0.80 f
  ctmTdsLR_1_45/Y (NAND3X0_RVT)                    0.03      0.82 r
  ctmTdsLR_1_75/Y (INVX1_RVT)                      0.02      0.85 f
  U164/Y (NAND2X0_RVT)                             0.03      0.88 r
  U165/Y (NAND2X0_RVT)                             0.03      0.90 f
  U166/Y (NAND2X0_RVT)                             0.04      0.94 r
  U84/Y (OR2X1_RVT)                                0.04      0.98 r
  U83/Y (OR2X2_RVT)                                0.03      1.01 r
  ctmTdsLR_1_61/Y (OR2X2_RVT)                      0.03      1.04 r
  U80/Y (NOR2X2_RVT)                               0.05      1.10 f
  ctmTdsLR_1_68/Y (AO22X1_RVT)                     0.04      1.14 f
  ctmTdsLR_1_78/Y (NAND3X1_RVT)                    0.06      1.20 r
  U69/Y (OR2X2_RVT)                                0.03      1.24 r
  U57/Y (OA21X1_RVT)                               0.03      1.27 r
  Sum[28] (out)                                    0.00      1.27 r
  data arrival time                                          1.27

  clock VCLK (rise edge)                           2.00      2.00
  clock network delay (ideal)                      0.00      2.00
  clock uncertainty                               -0.15      1.85
  output external delay                           -0.50      1.35
  data required time                                         1.35
  ------------------------------------------------------------------------
  data required time                                         1.35
  data arrival time                                         -1.27
  ------------------------------------------------------------------------
  slack (MET)                                                0.08



  Startpoint: B[0] (input port clocked by VCLK)
  Endpoint: Sum[24] (output port clocked by VCLK)
  Mode: FUNC
  Corner: TT
  Scenario: SCEN_TT
  Path Group: **in2out_default**
  Path Type: max

  Point                                            Incr      Path  
  ------------------------------------------------------------------------
  clock VCLK (rise edge)                           0.00      0.00
  clock network delay (ideal)                      0.00      0.02
  input external delay                             0.50      0.52 r
  B[0] (in)                                        0.02      0.52 r
  U151/Y (AND2X1_RVT)                              0.03      0.55 r
  ctmTdsLR_1_67/Y (INVX0_RVT)                      0.01      0.56 f
  ctmTdsLR_1_73/Y (OA21X1_RVT)                     0.04      0.60 f
  U102/Y (NAND2X0_RVT)                             0.04      0.64 r
  U101/Y (INVX1_RVT)                               0.02      0.66 f
  U160/Y (AND2X1_RVT)                              0.03      0.69 f
  U161/Y (NAND2X0_RVT)                             0.04      0.73 r
  U121/Y (INVX0_RVT)                               0.02      0.75 f
  U162/Y (AO21X1_RVT)                              0.05      0.80 f
  ctmTdsLR_1_45/Y (NAND3X0_RVT)                    0.03      0.82 r
  ctmTdsLR_1_75/Y (INVX1_RVT)                      0.02      0.85 f
  U164/Y (NAND2X0_RVT)                             0.03      0.88 r
  U165/Y (NAND2X0_RVT)                             0.03      0.90 f
  U166/Y (NAND2X0_RVT)                             0.04      0.94 r
  U84/Y (OR2X1_RVT)                                0.04      0.98 r
  U83/Y (OR2X2_RVT)                                0.03      1.01 r
  ctmTdsLR_1_61/Y (OR2X2_RVT)                      0.03      1.04 r
  U80/Y (NOR2X2_RVT)                               0.05      1.10 f
  ctmTdsLR_1_96/Y (NAND3X0_RVT)                    0.02      1.12 r
  ctmTdsLR_3_98/Y (NAND3X0_RVT)                    0.06      1.18 f
  ctmTdsLR_1_25/Y (NAND3X0_RVT)                    0.04      1.22 r
  U104/Y (INVX0_RVT)                               0.01      1.23 f
  U50/Y (OA21X1_RVT)                               0.04      1.27 f
  Sum[24] (out)                                    0.00      1.27 f
  data arrival time                                          1.27

  clock VCLK (rise edge)                           2.00      2.00
  clock network delay (ideal)                      0.00      2.00
  clock uncertainty                               -0.15      1.85
  output external delay                           -0.50      1.35
  data required time                                         1.35
  ------------------------------------------------------------------------
  data required time                                         1.35
  data arrival time                                         -1.27
  ------------------------------------------------------------------------
  slack (MET)                                                0.08



  Startpoint: B[0] (input port clocked by VCLK)
  Endpoint: Sum[25] (output port clocked by VCLK)
  Mode: FUNC
  Corner: TT
  Scenario: SCEN_TT
  Path Group: **in2out_default**
  Path Type: max

  Point                                            Incr      Path  
  ------------------------------------------------------------------------
  clock VCLK (rise edge)                           0.00      0.00
  clock network delay (ideal)                      0.00      0.02
  input external delay                             0.50      0.52 r
  B[0] (in)                                        0.02      0.52 r
  U151/Y (AND2X1_RVT)                              0.03      0.55 r
  ctmTdsLR_1_67/Y (INVX0_RVT)                      0.01      0.56 f
  ctmTdsLR_1_73/Y (OA21X1_RVT)                     0.04      0.60 f
  U102/Y (NAND2X0_RVT)                             0.04      0.64 r
  U101/Y (INVX1_RVT)                               0.02      0.66 f
  U160/Y (AND2X1_RVT)                              0.03      0.69 f
  U161/Y (NAND2X0_RVT)                             0.04      0.73 r
  U121/Y (INVX0_RVT)                               0.02      0.75 f
  U162/Y (AO21X1_RVT)                              0.05      0.80 f
  ctmTdsLR_1_45/Y (NAND3X0_RVT)                    0.03      0.82 r
  ctmTdsLR_1_75/Y (INVX1_RVT)                      0.02      0.85 f
  U164/Y (NAND2X0_RVT)                             0.03      0.88 r
  U165/Y (NAND2X0_RVT)                             0.03      0.90 f
  U166/Y (NAND2X0_RVT)                             0.04      0.94 r
  U84/Y (OR2X1_RVT)                                0.04      0.98 r
  U83/Y (OR2X2_RVT)                                0.03      1.01 r
  ctmTdsLR_1_61/Y (OR2X2_RVT)                      0.03      1.04 r
  U80/Y (NOR2X2_RVT)                               0.05      1.10 f
  ctmTdsLR_1_96/Y (NAND3X0_RVT)                    0.02      1.12 r
  ctmTdsLR_3_98/Y (NAND3X0_RVT)                    0.06      1.18 f
  ctmTdsLR_1_30/Y (NAND3X0_RVT)                    0.04      1.22 r
  U180/Y (INVX0_RVT)                               0.01      1.23 f
  U59/Y (OA21X1_RVT)                               0.03      1.27 f
  Sum[25] (out)                                    0.00      1.27 f
  data arrival time                                          1.27

  clock VCLK (rise edge)                           2.00      2.00
  clock network delay (ideal)                      0.00      2.00
  clock uncertainty                               -0.15      1.85
  output external delay                           -0.50      1.35
  data required time                                         1.35
  ------------------------------------------------------------------------
  data required time                                         1.35
  data arrival time                                         -1.27
  ------------------------------------------------------------------------
  slack (MET)                                                0.08



  Startpoint: B[0] (input port clocked by VCLK)
  Endpoint: Sum[19] (output port clocked by VCLK)
  Mode: FUNC
  Corner: TT
  Scenario: SCEN_TT
  Path Group: **in2out_default**
  Path Type: max

  Point                                            Incr      Path  
  ------------------------------------------------------------------------
  clock VCLK (rise edge)                           0.00      0.00
  clock network delay (ideal)                      0.00      0.02
  input external delay                             0.50      0.52 r
  B[0] (in)                                        0.02      0.52 r
  U151/Y (AND2X1_RVT)                              0.03      0.55 r
  ctmTdsLR_1_67/Y (INVX0_RVT)                      0.01      0.56 f
  ctmTdsLR_1_73/Y (OA21X1_RVT)                     0.04      0.60 f
  U102/Y (NAND2X0_RVT)                             0.04      0.64 r
  U101/Y (INVX1_RVT)                               0.02      0.66 f
  U160/Y (AND2X1_RVT)                              0.03      0.69 f
  U161/Y (NAND2X0_RVT)                             0.04      0.73 r
  U121/Y (INVX0_RVT)                               0.02      0.75 f
  U162/Y (AO21X1_RVT)                              0.05      0.80 f
  ctmTdsLR_1_45/Y (NAND3X0_RVT)                    0.03      0.82 r
  ctmTdsLR_1_75/Y (INVX1_RVT)                      0.02      0.85 f
  U164/Y (NAND2X0_RVT)                             0.03      0.88 r
  U165/Y (NAND2X0_RVT)                             0.03      0.90 f
  U166/Y (NAND2X0_RVT)                             0.04      0.94 r
  U84/Y (OR2X1_RVT)                                0.04      0.98 r
  U83/Y (OR2X2_RVT)                                0.03      1.01 r
  ctmTdsLR_1_61/Y (OR2X2_RVT)                      0.03      1.04 r
  U80/Y (NOR2X2_RVT)                               0.05      1.10 f
  U88/Y (AO21X1_RVT)                               0.06      1.16 f
  ctmTdsLR_1_102/Y (AND3X1_RVT)                    0.05      1.20 f
  U113/Y (INVX0_RVT)                               0.02      1.22 r
  U149/Y (OA21X1_RVT)                              0.04      1.26 r
  Sum[19] (out)                                    0.00      1.26 r
  data arrival time                                          1.26

  clock VCLK (rise edge)                           2.00      2.00
  clock network delay (ideal)                      0.00      2.00
  clock uncertainty                               -0.15      1.85
  output external delay                           -0.50      1.35
  data required time                                         1.35
  ------------------------------------------------------------------------
  data required time                                         1.35
  data arrival time                                         -1.26
  ------------------------------------------------------------------------
  slack (MET)                                                0.09



  Startpoint: B[0] (input port clocked by VCLK)
  Endpoint: Sum[18] (output port clocked by VCLK)
  Mode: FUNC
  Corner: TT
  Scenario: SCEN_TT
  Path Group: **in2out_default**
  Path Type: max

  Point                                            Incr      Path  
  ------------------------------------------------------------------------
  clock VCLK (rise edge)                           0.00      0.00
  clock network delay (ideal)                      0.00      0.02
  input external delay                             0.50      0.52 f
  B[0] (in)                                        0.02      0.52 f
  U151/Y (AND2X1_RVT)                              0.04      0.56 f
  ctmTdsLR_1_67/Y (INVX0_RVT)                      0.01      0.58 r
  ctmTdsLR_1_73/Y (OA21X1_RVT)                     0.04      0.61 r
  U102/Y (NAND2X0_RVT)                             0.03      0.65 f
  U101/Y (INVX1_RVT)                               0.02      0.67 r
  U160/Y (AND2X1_RVT)                              0.03      0.70 r
  U161/Y (NAND2X0_RVT)                             0.03      0.73 f
  U121/Y (INVX0_RVT)                               0.03      0.76 r
  U162/Y (AO21X1_RVT)                              0.05      0.81 r
  ctmTdsLR_1_45/Y (NAND3X0_RVT)                    0.03      0.84 f
  ctmTdsLR_1_75/Y (INVX1_RVT)                      0.03      0.87 r
  U164/Y (NAND2X0_RVT)                             0.02      0.89 f
  U165/Y (NAND2X0_RVT)                             0.04      0.92 r
  U166/Y (NAND2X0_RVT)                             0.03      0.95 f
  U84/Y (OR2X1_RVT)                                0.03      0.99 f
  U83/Y (OR2X2_RVT)                                0.03      1.02 f
  ctmTdsLR_1_61/Y (OR2X2_RVT)                      0.03      1.05 f
  U80/Y (NOR2X2_RVT)                               0.05      1.10 r
  U88/Y (AO21X1_RVT)                               0.06      1.16 r
  ctmTdsLR_1_33/Y (NAND4X0_RVT)                    0.04      1.20 f
  U177/Y (INVX0_RVT)                               0.02      1.22 r
  U51/Y (OA21X1_RVT)                               0.03      1.26 r
  Sum[18] (out)                                    0.00      1.26 r
  data arrival time                                          1.26

  clock VCLK (rise edge)                           2.00      2.00
  clock network delay (ideal)                      0.00      2.00
  clock uncertainty                               -0.15      1.85
  output external delay                           -0.50      1.35
  data required time                                         1.35
  ------------------------------------------------------------------------
  data required time                                         1.35
  data arrival time                                         -1.26
  ------------------------------------------------------------------------
  slack (MET)                                                0.10



  Startpoint: B[0] (input port clocked by VCLK)
  Endpoint: Sum[16] (output port clocked by VCLK)
  Mode: FUNC
  Corner: TT
  Scenario: SCEN_TT
  Path Group: **in2out_default**
  Path Type: max

  Point                                            Incr      Path  
  ------------------------------------------------------------------------
  clock VCLK (rise edge)                           0.00      0.00
  clock network delay (ideal)                      0.00      0.02
  input external delay                             0.50      0.52 r
  B[0] (in)                                        0.02      0.52 r
  U151/Y (AND2X1_RVT)                              0.03      0.55 r
  ctmTdsLR_1_67/Y (INVX0_RVT)                      0.01      0.56 f
  ctmTdsLR_1_73/Y (OA21X1_RVT)                     0.04      0.60 f
  U102/Y (NAND2X0_RVT)                             0.04      0.64 r
  U101/Y (INVX1_RVT)                               0.02      0.66 f
  U160/Y (AND2X1_RVT)                              0.03      0.69 f
  U161/Y (NAND2X0_RVT)                             0.04      0.73 r
  U121/Y (INVX0_RVT)                               0.02      0.75 f
  U162/Y (AO21X1_RVT)                              0.05      0.80 f
  ctmTdsLR_1_45/Y (NAND3X0_RVT)                    0.03      0.82 r
  ctmTdsLR_1_75/Y (INVX1_RVT)                      0.02      0.85 f
  U164/Y (NAND2X0_RVT)                             0.03      0.88 r
  U165/Y (NAND2X0_RVT)                             0.03      0.90 f
  U166/Y (NAND2X0_RVT)                             0.04      0.94 r
  U84/Y (OR2X1_RVT)                                0.04      0.98 r
  U83/Y (OR2X2_RVT)                                0.03      1.01 r
  ctmTdsLR_1_61/Y (OR2X2_RVT)                      0.03      1.04 r
  U80/Y (NOR2X2_RVT)                               0.05      1.10 f
  U88/Y (AO21X1_RVT)                               0.06      1.16 f
  U167/Y (NAND2X0_RVT)                             0.04      1.20 r
  U185/Y (INVX0_RVT)                               0.01      1.21 f
  U47/Y (OA21X1_RVT)                               0.04      1.25 f
  Sum[16] (out)                                    0.00      1.25 f
  data arrival time                                          1.25

  clock VCLK (rise edge)                           2.00      2.00
  clock network delay (ideal)                      0.00      2.00
  clock uncertainty                               -0.15      1.85
  output external delay                           -0.50      1.35
  data required time                                         1.35
  ------------------------------------------------------------------------
  data required time                                         1.35
  data arrival time                                         -1.25
  ------------------------------------------------------------------------
  slack (MET)                                                0.10



  Startpoint: B[0] (input port clocked by VCLK)
  Endpoint: Sum[17] (output port clocked by VCLK)
  Mode: FUNC
  Corner: TT
  Scenario: SCEN_TT
  Path Group: **in2out_default**
  Path Type: max

  Point                                            Incr      Path  
  ------------------------------------------------------------------------
  clock VCLK (rise edge)                           0.00      0.00
  clock network delay (ideal)                      0.00      0.02
  input external delay                             0.50      0.52 f
  B[0] (in)                                        0.02      0.52 f
  U151/Y (AND2X1_RVT)                              0.04      0.56 f
  ctmTdsLR_1_67/Y (INVX0_RVT)                      0.01      0.58 r
  ctmTdsLR_1_73/Y (OA21X1_RVT)                     0.04      0.61 r
  U102/Y (NAND2X0_RVT)                             0.03      0.65 f
  U101/Y (INVX1_RVT)                               0.02      0.67 r
  U160/Y (AND2X1_RVT)                              0.03      0.70 r
  U161/Y (NAND2X0_RVT)                             0.03      0.73 f
  U121/Y (INVX0_RVT)                               0.03      0.76 r
  U162/Y (AO21X1_RVT)                              0.05      0.81 r
  ctmTdsLR_1_45/Y (NAND3X0_RVT)                    0.03      0.84 f
  ctmTdsLR_1_75/Y (INVX1_RVT)                      0.03      0.87 r
  U164/Y (NAND2X0_RVT)                             0.02      0.89 f
  U165/Y (NAND2X0_RVT)                             0.04      0.92 r
  U166/Y (NAND2X0_RVT)                             0.03      0.95 f
  U84/Y (OR2X1_RVT)                                0.03      0.99 f
  U83/Y (OR2X2_RVT)                                0.03      1.02 f
  ctmTdsLR_1_61/Y (OR2X2_RVT)                      0.03      1.05 f
  U80/Y (NOR2X2_RVT)                               0.05      1.10 r
  U88/Y (AO21X1_RVT)                               0.06      1.16 r
  ctmTdsLR_1_23/Y (NAND3X0_RVT)                    0.04      1.19 f
  U176/Y (INVX0_RVT)                               0.02      1.21 r
  U60/Y (OA21X1_RVT)                               0.03      1.25 r
  Sum[17] (out)                                    0.00      1.25 r
  data arrival time                                          1.25

  clock VCLK (rise edge)                           2.00      2.00
  clock network delay (ideal)                      0.00      2.00
  clock uncertainty                               -0.15      1.85
  output external delay                           -0.50      1.35
  data required time                                         1.35
  ------------------------------------------------------------------------
  data required time                                         1.35
  data arrival time                                         -1.25
  ------------------------------------------------------------------------
  slack (MET)                                                0.10



  Startpoint: B[0] (input port clocked by VCLK)
  Endpoint: Sum[27] (output port clocked by VCLK)
  Mode: FUNC
  Corner: TT
  Scenario: SCEN_TT
  Path Group: **in2out_default**
  Path Type: max

  Point                                            Incr      Path  
  ------------------------------------------------------------------------
  clock VCLK (rise edge)                           0.00      0.00
  clock network delay (ideal)                      0.00      0.02
  input external delay                             0.50      0.52 r
  B[0] (in)                                        0.02      0.52 r
  U151/Y (AND2X1_RVT)                              0.03      0.55 r
  ctmTdsLR_1_67/Y (INVX0_RVT)                      0.01      0.56 f
  ctmTdsLR_1_73/Y (OA21X1_RVT)                     0.04      0.60 f
  U102/Y (NAND2X0_RVT)                             0.04      0.64 r
  U101/Y (INVX1_RVT)                               0.02      0.66 f
  U160/Y (AND2X1_RVT)                              0.03      0.69 f
  U161/Y (NAND2X0_RVT)                             0.04      0.73 r
  U121/Y (INVX0_RVT)                               0.02      0.75 f
  U162/Y (AO21X1_RVT)                              0.05      0.80 f
  ctmTdsLR_1_45/Y (NAND3X0_RVT)                    0.03      0.82 r
  ctmTdsLR_1_75/Y (INVX1_RVT)                      0.02      0.85 f
  U164/Y (NAND2X0_RVT)                             0.03      0.88 r
  U165/Y (NAND2X0_RVT)                             0.03      0.90 f
  U166/Y (NAND2X0_RVT)                             0.04      0.94 r
  U84/Y (OR2X1_RVT)                                0.04      0.98 r
  U83/Y (OR2X2_RVT)                                0.03      1.01 r
  ctmTdsLR_1_61/Y (OR2X2_RVT)                      0.03      1.04 r
  U80/Y (NOR2X2_RVT)                               0.05      1.10 f
  ctmTdsLR_1_68/Y (AO22X1_RVT)                     0.04      1.14 f
  ctmTdsLR_1_78/Y (NAND3X1_RVT)                    0.06      1.20 r
  U58/Y (OA21X1_RVT)                               0.03      1.24 r
  Sum[27] (out)                                    0.00      1.24 r
  data arrival time                                          1.24

  clock VCLK (rise edge)                           2.00      2.00
  clock network delay (ideal)                      0.00      2.00
  clock uncertainty                               -0.15      1.85
  output external delay                           -0.50      1.35
  data required time                                         1.35
  ------------------------------------------------------------------------
  data required time                                         1.35
  data arrival time                                         -1.24
  ------------------------------------------------------------------------
  slack (MET)                                                0.11



  Startpoint: B[0] (input port clocked by VCLK)
  Endpoint: Sum[15] (output port clocked by VCLK)
  Mode: FUNC
  Corner: TT
  Scenario: SCEN_TT
  Path Group: **in2out_default**
  Path Type: max

  Point                                            Incr      Path  
  ------------------------------------------------------------------------
  clock VCLK (rise edge)                           0.00      0.00
  clock network delay (ideal)                      0.00      0.02
  input external delay                             0.50      0.52 r
  B[0] (in)                                        0.02      0.52 r
  U151/Y (AND2X1_RVT)                              0.03      0.55 r
  ctmTdsLR_1_67/Y (INVX0_RVT)                      0.01      0.56 f
  ctmTdsLR_1_73/Y (OA21X1_RVT)                     0.04      0.60 f
  U102/Y (NAND2X0_RVT)                             0.04      0.64 r
  U101/Y (INVX1_RVT)                               0.02      0.66 f
  U160/Y (AND2X1_RVT)                              0.03      0.69 f
  U161/Y (NAND2X0_RVT)                             0.04      0.73 r
  U121/Y (INVX0_RVT)                               0.02      0.75 f
  U162/Y (AO21X1_RVT)                              0.05      0.80 f
  ctmTdsLR_1_45/Y (NAND3X0_RVT)                    0.03      0.82 r
  ctmTdsLR_1_75/Y (INVX1_RVT)                      0.02      0.85 f
  U164/Y (NAND2X0_RVT)                             0.03      0.88 r
  U165/Y (NAND2X0_RVT)                             0.03      0.90 f
  U166/Y (NAND2X0_RVT)                             0.04      0.94 r
  U84/Y (OR2X1_RVT)                                0.04      0.98 r
  U83/Y (OR2X2_RVT)                                0.03      1.01 r
  ctmTdsLR_1_61/Y (OR2X2_RVT)                      0.03      1.04 r
  U80/Y (NOR2X2_RVT)                               0.05      1.10 f
  U88/Y (AO21X1_RVT)                               0.06      1.16 f
  U167/Y (NAND2X0_RVT)                             0.04      1.20 r
  U64/Y (OA21X1_RVT)                               0.04      1.24 r
  Sum[15] (out)                                    0.00      1.24 r
  data arrival time                                          1.24

  clock VCLK (rise edge)                           2.00      2.00
  clock network delay (ideal)                      0.00      2.00
  clock uncertainty                               -0.15      1.85
  output external delay                           -0.50      1.35
  data required time                                         1.35
  ------------------------------------------------------------------------
  data required time                                         1.35
  data arrival time                                         -1.24
  ------------------------------------------------------------------------
  slack (MET)                                                0.11



  Startpoint: B[0] (input port clocked by VCLK)
  Endpoint: Sum[26] (output port clocked by VCLK)
  Mode: FUNC
  Corner: TT
  Scenario: SCEN_TT
  Path Group: **in2out_default**
  Path Type: max

  Point                                            Incr      Path  
  ------------------------------------------------------------------------
  clock VCLK (rise edge)                           0.00      0.00
  clock network delay (ideal)                      0.00      0.02
  input external delay                             0.50      0.52 r
  B[0] (in)                                        0.02      0.52 r
  U151/Y (AND2X1_RVT)                              0.03      0.55 r
  ctmTdsLR_1_67/Y (INVX0_RVT)                      0.01      0.56 f
  ctmTdsLR_1_73/Y (OA21X1_RVT)                     0.04      0.60 f
  U102/Y (NAND2X0_RVT)                             0.04      0.64 r
  U101/Y (INVX1_RVT)                               0.02      0.66 f
  U160/Y (AND2X1_RVT)                              0.03      0.69 f
  U161/Y (NAND2X0_RVT)                             0.04      0.73 r
  U121/Y (INVX0_RVT)                               0.02      0.75 f
  U162/Y (AO21X1_RVT)                              0.05      0.80 f
  ctmTdsLR_1_45/Y (NAND3X0_RVT)                    0.03      0.82 r
  ctmTdsLR_1_75/Y (INVX1_RVT)                      0.02      0.85 f
  U164/Y (NAND2X0_RVT)                             0.03      0.88 r
  U165/Y (NAND2X0_RVT)                             0.03      0.90 f
  U166/Y (NAND2X0_RVT)                             0.04      0.94 r
  U84/Y (OR2X1_RVT)                                0.04      0.98 r
  U83/Y (OR2X2_RVT)                                0.03      1.01 r
  ctmTdsLR_1_61/Y (OR2X2_RVT)                      0.03      1.04 r
  U80/Y (NOR2X2_RVT)                               0.05      1.10 f
  ctmTdsLR_1_68/Y (AO22X1_RVT)                     0.04      1.14 f
  ctmTdsLR_1_76/Y (NAND2X0_RVT)                    0.04      1.18 r
  U49/Y (OA21X1_RVT)                               0.04      1.22 r
  Sum[26] (out)                                    0.00      1.22 r
  data arrival time                                          1.22

  clock VCLK (rise edge)                           2.00      2.00
  clock network delay (ideal)                      0.00      2.00
  clock uncertainty                               -0.15      1.85
  output external delay                           -0.50      1.35
  data required time                                         1.35
  ------------------------------------------------------------------------
  data required time                                         1.35
  data arrival time                                         -1.22
  ------------------------------------------------------------------------
  slack (MET)                                                0.13



  Startpoint: B[0] (input port clocked by VCLK)
  Endpoint: Sum[14] (output port clocked by VCLK)
  Mode: FUNC
  Corner: TT
  Scenario: SCEN_TT
  Path Group: **in2out_default**
  Path Type: max

  Point                                            Incr      Path  
  ------------------------------------------------------------------------
  clock VCLK (rise edge)                           0.00      0.00
  clock network delay (ideal)                      0.00      0.02
  input external delay                             0.50      0.52 r
  B[0] (in)                                        0.02      0.52 r
  U151/Y (AND2X1_RVT)                              0.03      0.55 r
  ctmTdsLR_1_67/Y (INVX0_RVT)                      0.01      0.56 f
  ctmTdsLR_1_73/Y (OA21X1_RVT)                     0.04      0.60 f
  U102/Y (NAND2X0_RVT)                             0.04      0.64 r
  U101/Y (INVX1_RVT)                               0.02      0.66 f
  U160/Y (AND2X1_RVT)                              0.03      0.69 f
  U161/Y (NAND2X0_RVT)                             0.04      0.73 r
  U121/Y (INVX0_RVT)                               0.02      0.75 f
  U162/Y (AO21X1_RVT)                              0.05      0.80 f
  ctmTdsLR_1_45/Y (NAND3X0_RVT)                    0.03      0.82 r
  ctmTdsLR_1_75/Y (INVX1_RVT)                      0.02      0.85 f
  U164/Y (NAND2X0_RVT)                             0.03      0.88 r
  U165/Y (NAND2X0_RVT)                             0.03      0.90 f
  U166/Y (NAND2X0_RVT)                             0.04      0.94 r
  U84/Y (OR2X1_RVT)                                0.04      0.98 r
  U83/Y (OR2X2_RVT)                                0.03      1.01 r
  ctmTdsLR_1_61/Y (OR2X2_RVT)                      0.03      1.04 r
  U80/Y (NOR2X2_RVT)                               0.05      1.10 f
  U146/Y (NAND2X0_RVT)                             0.03      1.13 r
  U44/Y (OA21X1_RVT)                               0.04      1.17 r
  Sum[14] (out)                                    0.00      1.17 r
  data arrival time                                          1.17

  clock VCLK (rise edge)                           2.00      2.00
  clock network delay (ideal)                      0.00      2.00
  clock uncertainty                               -0.15      1.85
  output external delay                           -0.50      1.35
  data required time                                         1.35
  ------------------------------------------------------------------------
  data required time                                         1.35
  data arrival time                                         -1.17
  ------------------------------------------------------------------------
  slack (MET)                                                0.18



  Startpoint: B[0] (input port clocked by VCLK)
  Endpoint: Sum[13] (output port clocked by VCLK)
  Mode: FUNC
  Corner: TT
  Scenario: SCEN_TT
  Path Group: **in2out_default**
  Path Type: max

  Point                                            Incr      Path  
  ------------------------------------------------------------------------
  clock VCLK (rise edge)                           0.00      0.00
  clock network delay (ideal)                      0.00      0.02
  input external delay                             0.50      0.52 r
  B[0] (in)                                        0.02      0.52 r
  U151/Y (AND2X1_RVT)                              0.03      0.55 r
  ctmTdsLR_1_67/Y (INVX0_RVT)                      0.01      0.56 f
  ctmTdsLR_1_73/Y (OA21X1_RVT)                     0.04      0.60 f
  U102/Y (NAND2X0_RVT)                             0.04      0.64 r
  U101/Y (INVX1_RVT)                               0.02      0.66 f
  U160/Y (AND2X1_RVT)                              0.03      0.69 f
  U161/Y (NAND2X0_RVT)                             0.04      0.73 r
  U121/Y (INVX0_RVT)                               0.02      0.75 f
  U162/Y (AO21X1_RVT)                              0.05      0.80 f
  ctmTdsLR_1_45/Y (NAND3X0_RVT)                    0.03      0.82 r
  ctmTdsLR_1_75/Y (INVX1_RVT)                      0.02      0.85 f
  U164/Y (NAND2X0_RVT)                             0.03      0.88 r
  U165/Y (NAND2X0_RVT)                             0.03      0.90 f
  U166/Y (NAND2X0_RVT)                             0.04      0.94 r
  U84/Y (OR2X1_RVT)                                0.04      0.98 r
  U83/Y (OR2X2_RVT)                                0.03      1.01 r
  ctmTdsLR_1_61/Y (OR2X2_RVT)                      0.03      1.04 r
  U80/Y (NOR2X2_RVT)                               0.05      1.10 f
  ctmTdsLR_2_100/Y (AOI21X1_RVT)                   0.04      1.14 r
  Sum[13] (out)                                    0.00      1.14 r
  data arrival time                                          1.14

  clock VCLK (rise edge)                           2.00      2.00
  clock network delay (ideal)                      0.00      2.00
  clock uncertainty                               -0.15      1.85
  output external delay                           -0.50      1.35
  data required time                                         1.35
  ------------------------------------------------------------------------
  data required time                                         1.35
  data arrival time                                         -1.14
  ------------------------------------------------------------------------
  slack (MET)                                                0.21



  Startpoint: B[0] (input port clocked by VCLK)
  Endpoint: Sum[12] (output port clocked by VCLK)
  Mode: FUNC
  Corner: TT
  Scenario: SCEN_TT
  Path Group: **in2out_default**
  Path Type: max

  Point                                            Incr      Path  
  ------------------------------------------------------------------------
  clock VCLK (rise edge)                           0.00      0.00
  clock network delay (ideal)                      0.00      0.02
  input external delay                             0.50      0.52 r
  B[0] (in)                                        0.02      0.52 r
  U151/Y (AND2X1_RVT)                              0.03      0.55 r
  ctmTdsLR_1_67/Y (INVX0_RVT)                      0.01      0.56 f
  ctmTdsLR_1_73/Y (OA21X1_RVT)                     0.04      0.60 f
  U102/Y (NAND2X0_RVT)                             0.04      0.64 r
  U101/Y (INVX1_RVT)                               0.02      0.66 f
  U160/Y (AND2X1_RVT)                              0.03      0.69 f
  U161/Y (NAND2X0_RVT)                             0.04      0.73 r
  U121/Y (INVX0_RVT)                               0.02      0.75 f
  U162/Y (AO21X1_RVT)                              0.05      0.80 f
  ctmTdsLR_1_45/Y (NAND3X0_RVT)                    0.03      0.82 r
  ctmTdsLR_1_75/Y (INVX1_RVT)                      0.02      0.85 f
  U164/Y (NAND2X0_RVT)                             0.03      0.88 r
  U165/Y (NAND2X0_RVT)                             0.03      0.90 f
  U166/Y (NAND2X0_RVT)                             0.04      0.94 r
  U84/Y (OR2X1_RVT)                                0.04      0.98 r
  U83/Y (OR2X2_RVT)                                0.03      1.01 r
  ctmTdsLR_1_61/Y (OR2X2_RVT)                      0.03      1.04 r
  U52/Y (OA21X1_RVT)                               0.04      1.08 r
  Sum[12] (out)                                    0.00      1.08 r
  data arrival time                                          1.08

  clock VCLK (rise edge)                           2.00      2.00
  clock network delay (ideal)                      0.00      2.00
  clock uncertainty                               -0.15      1.85
  output external delay                           -0.50      1.35
  data required time                                         1.35
  ------------------------------------------------------------------------
  data required time                                         1.35
  data arrival time                                         -1.08
  ------------------------------------------------------------------------
  slack (MET)                                                0.27



  Startpoint: B[0] (input port clocked by VCLK)
  Endpoint: Sum[11] (output port clocked by VCLK)
  Mode: FUNC
  Corner: TT
  Scenario: SCEN_TT
  Path Group: **in2out_default**
  Path Type: max

  Point                                            Incr      Path  
  ------------------------------------------------------------------------
  clock VCLK (rise edge)                           0.00      0.00
  clock network delay (ideal)                      0.00      0.02
  input external delay                             0.50      0.52 f
  B[0] (in)                                        0.02      0.52 f
  U151/Y (AND2X1_RVT)                              0.04      0.56 f
  ctmTdsLR_1_67/Y (INVX0_RVT)                      0.01      0.58 r
  ctmTdsLR_1_73/Y (OA21X1_RVT)                     0.04      0.61 r
  U102/Y (NAND2X0_RVT)                             0.03      0.65 f
  U101/Y (INVX1_RVT)                               0.02      0.67 r
  U160/Y (AND2X1_RVT)                              0.03      0.70 r
  U161/Y (NAND2X0_RVT)                             0.03      0.73 f
  U121/Y (INVX0_RVT)                               0.03      0.76 r
  U162/Y (AO21X1_RVT)                              0.05      0.81 r
  ctmTdsLR_1_45/Y (NAND3X0_RVT)                    0.03      0.84 f
  ctmTdsLR_1_75/Y (INVX1_RVT)                      0.03      0.87 r
  U164/Y (NAND2X0_RVT)                             0.02      0.89 f
  U165/Y (NAND2X0_RVT)                             0.04      0.92 r
  U166/Y (NAND2X0_RVT)                             0.03      0.95 f
  U84/Y (OR2X1_RVT)                                0.03      0.99 f
  ZBUF_17_inst_15/Y (NBUFFX2_RVT)                  0.03      1.01 f
  U110/Y (INVX0_RVT)                               0.01      1.03 r
  U61/Y (OA21X1_RVT)                               0.04      1.07 r
  Sum[11] (out)                                    0.00      1.07 r
  data arrival time                                          1.07

  clock VCLK (rise edge)                           2.00      2.00
  clock network delay (ideal)                      0.00      2.00
  clock uncertainty                               -0.15      1.85
  output external delay                           -0.50      1.35
  data required time                                         1.35
  ------------------------------------------------------------------------
  data required time                                         1.35
  data arrival time                                         -1.07
  ------------------------------------------------------------------------
  slack (MET)                                                0.28



  Startpoint: B[0] (input port clocked by VCLK)
  Endpoint: Sum[10] (output port clocked by VCLK)
  Mode: FUNC
  Corner: TT
  Scenario: SCEN_TT
  Path Group: **in2out_default**
  Path Type: max

  Point                                            Incr      Path  
  ------------------------------------------------------------------------
  clock VCLK (rise edge)                           0.00      0.00
  clock network delay (ideal)                      0.00      0.02
  input external delay                             0.50      0.52 f
  B[0] (in)                                        0.02      0.52 f
  U151/Y (AND2X1_RVT)                              0.04      0.56 f
  ctmTdsLR_1_67/Y (INVX0_RVT)                      0.01      0.58 r
  ctmTdsLR_1_73/Y (OA21X1_RVT)                     0.04      0.61 r
  U102/Y (NAND2X0_RVT)                             0.03      0.65 f
  U101/Y (INVX1_RVT)                               0.02      0.67 r
  U160/Y (AND2X1_RVT)                              0.03      0.70 r
  U161/Y (NAND2X0_RVT)                             0.03      0.73 f
  U121/Y (INVX0_RVT)                               0.03      0.76 r
  U162/Y (AO21X1_RVT)                              0.05      0.81 r
  ctmTdsLR_1_45/Y (NAND3X0_RVT)                    0.03      0.84 f
  ctmTdsLR_1_75/Y (INVX1_RVT)                      0.03      0.87 r
  U164/Y (NAND2X0_RVT)                             0.02      0.89 f
  U165/Y (NAND2X0_RVT)                             0.04      0.92 r
  U166/Y (NAND2X0_RVT)                             0.03      0.95 f
  U84/Y (OR2X1_RVT)                                0.03      0.99 f
  ZBUF_17_inst_15/Y (NBUFFX2_RVT)                  0.03      1.01 f
  U53/Y (OA21X1_RVT)                               0.04      1.05 f
  Sum[10] (out)                                    0.00      1.05 f
  data arrival time                                          1.05

  clock VCLK (rise edge)                           2.00      2.00
  clock network delay (ideal)                      0.00      2.00
  clock uncertainty                               -0.15      1.85
  output external delay                           -0.50      1.35
  data required time                                         1.35
  ------------------------------------------------------------------------
  data required time                                         1.35
  data arrival time                                         -1.05
  ------------------------------------------------------------------------
  slack (MET)                                                0.30



  Startpoint: B[0] (input port clocked by VCLK)
  Endpoint: Sum[9] (output port clocked by VCLK)
  Mode: FUNC
  Corner: TT
  Scenario: SCEN_TT
  Path Group: **in2out_default**
  Path Type: max

  Point                                            Incr      Path  
  ------------------------------------------------------------------------
  clock VCLK (rise edge)                           0.00      0.00
  clock network delay (ideal)                      0.00      0.02
  input external delay                             0.50      0.52 f
  B[0] (in)                                        0.02      0.52 f
  U151/Y (AND2X1_RVT)                              0.04      0.56 f
  ctmTdsLR_1_67/Y (INVX0_RVT)                      0.01      0.58 r
  ctmTdsLR_1_73/Y (OA21X1_RVT)                     0.04      0.61 r
  U102/Y (NAND2X0_RVT)                             0.03      0.65 f
  U101/Y (INVX1_RVT)                               0.02      0.67 r
  U160/Y (AND2X1_RVT)                              0.03      0.70 r
  U161/Y (NAND2X0_RVT)                             0.03      0.73 f
  U121/Y (INVX0_RVT)                               0.03      0.76 r
  U162/Y (AO21X1_RVT)                              0.05      0.81 r
  ctmTdsLR_1_45/Y (NAND3X0_RVT)                    0.03      0.84 f
  ctmTdsLR_1_75/Y (INVX1_RVT)                      0.03      0.87 r
  U164/Y (NAND2X0_RVT)                             0.02      0.89 f
  U165/Y (NAND2X0_RVT)                             0.04      0.92 r
  U166/Y (NAND2X0_RVT)                             0.03      0.95 f
  ZBUF_2_inst_4/Y (NBUFFX2_RVT)                    0.03      0.98 f
  U65/Y (OA21X1_RVT)                               0.04      1.02 f
  Sum[9] (out)                                     0.00      1.02 f
  data arrival time                                          1.02

  clock VCLK (rise edge)                           2.00      2.00
  clock network delay (ideal)                      0.00      2.00
  clock uncertainty                               -0.15      1.85
  output external delay                           -0.50      1.35
  data required time                                         1.35
  ------------------------------------------------------------------------
  data required time                                         1.35
  data arrival time                                         -1.02
  ------------------------------------------------------------------------
  slack (MET)                                                0.33



  Startpoint: B[0] (input port clocked by VCLK)
  Endpoint: Sum[7] (output port clocked by VCLK)
  Mode: FUNC
  Corner: TT
  Scenario: SCEN_TT
  Path Group: **in2out_default**
  Path Type: max

  Point                                            Incr      Path  
  ------------------------------------------------------------------------
  clock VCLK (rise edge)                           0.00      0.00
  clock network delay (ideal)                      0.00      0.02
  input external delay                             0.50      0.52 f
  B[0] (in)                                        0.02      0.52 f
  U151/Y (AND2X1_RVT)                              0.04      0.56 f
  ctmTdsLR_1_67/Y (INVX0_RVT)                      0.01      0.58 r
  ctmTdsLR_1_73/Y (OA21X1_RVT)                     0.04      0.61 r
  U102/Y (NAND2X0_RVT)                             0.03      0.65 f
  U101/Y (INVX1_RVT)                               0.02      0.67 r
  U160/Y (AND2X1_RVT)                              0.03      0.70 r
  U161/Y (NAND2X0_RVT)                             0.03      0.73 f
  U121/Y (INVX0_RVT)                               0.03      0.76 r
  U162/Y (AO21X1_RVT)                              0.05      0.81 r
  ctmTdsLR_1_35/Y (NAND2X0_RVT)                    0.04      0.85 f
  U86/Y (OR2X1_RVT)                                0.03      0.88 f
  ctmTdsLR_2_89/Y (AOI21X1_RVT)                    0.05      0.94 r
  Sum[7] (out)                                     0.00      0.94 r
  data arrival time                                          0.94

  clock VCLK (rise edge)                           2.00      2.00
  clock network delay (ideal)                      0.00      2.00
  clock uncertainty                               -0.15      1.85
  output external delay                           -0.50      1.35
  data required time                                         1.35
  ------------------------------------------------------------------------
  data required time                                         1.35
  data arrival time                                         -0.94
  ------------------------------------------------------------------------
  slack (MET)                                                0.41



  Startpoint: B[0] (input port clocked by VCLK)
  Endpoint: Sum[8] (output port clocked by VCLK)
  Mode: FUNC
  Corner: TT
  Scenario: SCEN_TT
  Path Group: **in2out_default**
  Path Type: max

  Point                                            Incr      Path  
  ------------------------------------------------------------------------
  clock VCLK (rise edge)                           0.00      0.00
  clock network delay (ideal)                      0.00      0.02
  input external delay                             0.50      0.52 f
  B[0] (in)                                        0.02      0.52 f
  U151/Y (AND2X1_RVT)                              0.04      0.56 f
  ctmTdsLR_1_67/Y (INVX0_RVT)                      0.01      0.58 r
  ctmTdsLR_1_73/Y (OA21X1_RVT)                     0.04      0.61 r
  U102/Y (NAND2X0_RVT)                             0.03      0.65 f
  U101/Y (INVX1_RVT)                               0.02      0.67 r
  U160/Y (AND2X1_RVT)                              0.03      0.70 r
  U161/Y (NAND2X0_RVT)                             0.03      0.73 f
  U121/Y (INVX0_RVT)                               0.03      0.76 r
  U162/Y (AO21X1_RVT)                              0.05      0.81 r
  ctmTdsLR_1_45/Y (NAND3X0_RVT)                    0.03      0.84 f
  ctmTdsLR_1_75/Y (INVX1_RVT)                      0.03      0.87 r
  U147/Y (NAND2X0_RVT)                             0.02      0.89 f
  U46/Y (OA21X1_RVT)                               0.04      0.92 f
  Sum[8] (out)                                     0.00      0.92 f
  data arrival time                                          0.92

  clock VCLK (rise edge)                           2.00      2.00
  clock network delay (ideal)                      0.00      2.00
  clock uncertainty                               -0.15      1.85
  output external delay                           -0.50      1.35
  data required time                                         1.35
  ------------------------------------------------------------------------
  data required time                                         1.35
  data arrival time                                         -0.92
  ------------------------------------------------------------------------
  slack (MET)                                                0.43



  Startpoint: B[0] (input port clocked by VCLK)
  Endpoint: Sum[6] (output port clocked by VCLK)
  Mode: FUNC
  Corner: TT
  Scenario: SCEN_TT
  Path Group: **in2out_default**
  Path Type: max

  Point                                            Incr      Path  
  ------------------------------------------------------------------------
  clock VCLK (rise edge)                           0.00      0.00
  clock network delay (ideal)                      0.00      0.02
  input external delay                             0.50      0.52 f
  B[0] (in)                                        0.02      0.52 f
  U151/Y (AND2X1_RVT)                              0.04      0.56 f
  ctmTdsLR_1_67/Y (INVX0_RVT)                      0.01      0.58 r
  ctmTdsLR_1_73/Y (OA21X1_RVT)                     0.04      0.61 r
  U102/Y (NAND2X0_RVT)                             0.03      0.65 f
  U101/Y (INVX1_RVT)                               0.02      0.67 r
  U160/Y (AND2X1_RVT)                              0.03      0.70 r
  U161/Y (NAND2X0_RVT)                             0.03      0.73 f
  U121/Y (INVX0_RVT)                               0.03      0.76 r
  U162/Y (AO21X1_RVT)                              0.05      0.81 r
  ctmTdsLR_1_35/Y (NAND2X0_RVT)                    0.04      0.85 f
  U86/Y (OR2X1_RVT)                                0.03      0.88 f
  U62/Y (OA21X1_RVT)                               0.04      0.92 f
  Sum[6] (out)                                     0.00      0.92 f
  data arrival time                                          0.92

  clock VCLK (rise edge)                           2.00      2.00
  clock network delay (ideal)                      0.00      2.00
  clock uncertainty                               -0.15      1.85
  output external delay                           -0.50      1.35
  data required time                                         1.35
  ------------------------------------------------------------------------
  data required time                                         1.35
  data arrival time                                         -0.92
  ------------------------------------------------------------------------
  slack (MET)                                                0.43



  Startpoint: B[0] (input port clocked by VCLK)
  Endpoint: Sum[5] (output port clocked by VCLK)
  Mode: FUNC
  Corner: TT
  Scenario: SCEN_TT
  Path Group: **in2out_default**
  Path Type: max

  Point                                            Incr      Path  
  ------------------------------------------------------------------------
  clock VCLK (rise edge)                           0.00      0.00
  clock network delay (ideal)                      0.00      0.02
  input external delay                             0.50      0.52 f
  B[0] (in)                                        0.02      0.52 f
  U151/Y (AND2X1_RVT)                              0.04      0.56 f
  ctmTdsLR_1_67/Y (INVX0_RVT)                      0.01      0.58 r
  ctmTdsLR_1_73/Y (OA21X1_RVT)                     0.04      0.61 r
  U102/Y (NAND2X0_RVT)                             0.03      0.65 f
  U101/Y (INVX1_RVT)                               0.02      0.67 r
  U160/Y (AND2X1_RVT)                              0.03      0.70 r
  U161/Y (NAND2X0_RVT)                             0.03      0.73 f
  U121/Y (INVX0_RVT)                               0.03      0.76 r
  U162/Y (AO21X1_RVT)                              0.05      0.81 r
  U163/Y (NAND2X0_RVT)                             0.03      0.84 f
  U188/Y (INVX0_RVT)                               0.02      0.86 r
  U48/Y (OA21X1_RVT)                               0.05      0.91 r
  Sum[5] (out)                                     0.00      0.91 r
  data arrival time                                          0.91

  clock VCLK (rise edge)                           2.00      2.00
  clock network delay (ideal)                      0.00      2.00
  clock uncertainty                               -0.15      1.85
  output external delay                           -0.50      1.35
  data required time                                         1.35
  ------------------------------------------------------------------------
  data required time                                         1.35
  data arrival time                                         -0.91
  ------------------------------------------------------------------------
  slack (MET)                                                0.44



  Startpoint: B[0] (input port clocked by VCLK)
  Endpoint: Sum[4] (output port clocked by VCLK)
  Mode: FUNC
  Corner: TT
  Scenario: SCEN_TT
  Path Group: **in2out_default**
  Path Type: max

  Point                                            Incr      Path  
  ------------------------------------------------------------------------
  clock VCLK (rise edge)                           0.00      0.00
  clock network delay (ideal)                      0.00      0.02
  input external delay                             0.50      0.52 f
  B[0] (in)                                        0.02      0.52 f
  U151/Y (AND2X1_RVT)                              0.04      0.56 f
  ctmTdsLR_1_67/Y (INVX0_RVT)                      0.01      0.58 r
  ctmTdsLR_1_73/Y (OA21X1_RVT)                     0.04      0.61 r
  U102/Y (NAND2X0_RVT)                             0.03      0.65 f
  U101/Y (INVX1_RVT)                               0.02      0.67 r
  U160/Y (AND2X1_RVT)                              0.03      0.70 r
  U161/Y (NAND2X0_RVT)                             0.03      0.73 f
  U121/Y (INVX0_RVT)                               0.03      0.76 r
  U162/Y (AO21X1_RVT)                              0.05      0.81 r
  U163/Y (NAND2X0_RVT)                             0.03      0.84 f
  U63/Y (OA21X1_RVT)                               0.05      0.89 f
  Sum[4] (out)                                     0.00      0.89 f
  data arrival time                                          0.89

  clock VCLK (rise edge)                           2.00      2.00
  clock network delay (ideal)                      0.00      2.00
  clock uncertainty                               -0.15      1.85
  output external delay                           -0.50      1.35
  data required time                                         1.35
  ------------------------------------------------------------------------
  data required time                                         1.35
  data arrival time                                         -0.89
  ------------------------------------------------------------------------
  slack (MET)                                                0.46



  Startpoint: B[0] (input port clocked by VCLK)
  Endpoint: Sum[2] (output port clocked by VCLK)
  Mode: FUNC
  Corner: TT
  Scenario: SCEN_TT
  Path Group: **in2out_default**
  Path Type: max

  Point                                            Incr      Path  
  ------------------------------------------------------------------------
  clock VCLK (rise edge)                           0.00      0.00
  clock network delay (ideal)                      0.00      0.02
  input external delay                             0.50      0.52 f
  B[0] (in)                                        0.02      0.52 f
  U151/Y (AND2X1_RVT)                              0.04      0.56 f
  ctmTdsLR_1_67/Y (INVX0_RVT)                      0.01      0.58 r
  ctmTdsLR_1_73/Y (OA21X1_RVT)                     0.04      0.61 r
  U102/Y (NAND2X0_RVT)                             0.03      0.65 f
  U101/Y (INVX1_RVT)                               0.02      0.67 r
  U160/Y (AND2X1_RVT)                              0.03      0.70 r
  U161/Y (NAND2X0_RVT)                             0.03      0.73 f
  ZBUF_9_inst_1/Y (NBUFFX2_RVT)                    0.03      0.76 f
  U103/Y (OA221X1_RVT)                             0.05      0.81 f
  Sum[2] (out)                                     0.00      0.81 f
  data arrival time                                          0.81

  clock VCLK (rise edge)                           2.00      2.00
  clock network delay (ideal)                      0.00      2.00
  clock uncertainty                               -0.15      1.85
  output external delay                           -0.50      1.35
  data required time                                         1.35
  ------------------------------------------------------------------------
  data required time                                         1.35
  data arrival time                                         -0.81
  ------------------------------------------------------------------------
  slack (MET)                                                0.54



  Startpoint: B[0] (input port clocked by VCLK)
  Endpoint: Sum[3] (output port clocked by VCLK)
  Mode: FUNC
  Corner: TT
  Scenario: SCEN_TT
  Path Group: **in2out_default**
  Path Type: max

  Point                                            Incr      Path  
  ------------------------------------------------------------------------
  clock VCLK (rise edge)                           0.00      0.00
  clock network delay (ideal)                      0.00      0.02
  input external delay                             0.50      0.52 f
  B[0] (in)                                        0.02      0.52 f
  U151/Y (AND2X1_RVT)                              0.04      0.56 f
  ctmTdsLR_1_67/Y (INVX0_RVT)                      0.01      0.58 r
  ctmTdsLR_1_73/Y (OA21X1_RVT)                     0.04      0.61 r
  U102/Y (NAND2X0_RVT)                             0.03      0.65 f
  U101/Y (INVX1_RVT)                               0.02      0.67 r
  U160/Y (AND2X1_RVT)                              0.03      0.70 r
  U161/Y (NAND2X0_RVT)                             0.03      0.73 f
  U121/Y (INVX0_RVT)                               0.03      0.76 r
  ctmTdsLR_1_101/Y (MUX21X1_RVT)                   0.05      0.81 r
  Sum[3] (out)                                     0.00      0.81 r
  data arrival time                                          0.81

  clock VCLK (rise edge)                           2.00      2.00
  clock network delay (ideal)                      0.00      2.00
  clock uncertainty                               -0.15      1.85
  output external delay                           -0.50      1.35
  data required time                                         1.35
  ------------------------------------------------------------------------
  data required time                                         1.35
  data arrival time                                         -0.81
  ------------------------------------------------------------------------
  slack (MET)                                                0.54



  Startpoint: B[0] (input port clocked by VCLK)
  Endpoint: Sum[0] (output port clocked by VCLK)
  Mode: FUNC
  Corner: TT
  Scenario: SCEN_TT
  Path Group: **in2out_default**
  Path Type: max

  Point                                            Incr      Path  
  ------------------------------------------------------------------------
  clock VCLK (rise edge)                           0.00      0.00
  clock network delay (ideal)                      0.00      0.02
  input external delay                             0.50      0.52 f
  B[0] (in)                                        0.02      0.52 f
  U151/Y (AND2X1_RVT)                              0.04      0.56 f
  ctmTdsLR_1_67/Y (INVX0_RVT)                      0.01      0.58 r
  ctmTdsLR_1_73/Y (OA21X1_RVT)                     0.04      0.61 r
  U102/Y (NAND2X0_RVT)                             0.03      0.65 f
  U67/Y (OA21X1_RVT)                               0.04      0.69 f
  ropt_h_inst_108/Y (DELLN1X2_RVT)                 0.11      0.80 f
  Sum[0] (out)                                     0.00      0.80 f
  data arrival time                                          0.80

  clock VCLK (rise edge)                           2.00      2.00
  clock network delay (ideal)                      0.00      2.00
  clock uncertainty                               -0.15      1.85
  output external delay                           -0.50      1.35
  data required time                                         1.35
  ------------------------------------------------------------------------
  data required time                                         1.35
  data arrival time                                         -0.80
  ------------------------------------------------------------------------
  slack (MET)                                                0.55



  Startpoint: B[0] (input port clocked by VCLK)
  Endpoint: Sum[1] (output port clocked by VCLK)
  Mode: FUNC
  Corner: TT
  Scenario: SCEN_TT
  Path Group: **in2out_default**
  Path Type: max

  Point                                            Incr      Path  
  ------------------------------------------------------------------------
  clock VCLK (rise edge)                           0.00      0.00
  clock network delay (ideal)                      0.00      0.02
  input external delay                             0.50      0.52 f
  B[0] (in)                                        0.02      0.52 f
  U151/Y (AND2X1_RVT)                              0.04      0.56 f
  ctmTdsLR_1_67/Y (INVX0_RVT)                      0.01      0.58 r
  ctmTdsLR_1_73/Y (OA21X1_RVT)                     0.04      0.61 r
  U102/Y (NAND2X0_RVT)                             0.03      0.65 f
  U101/Y (INVX1_RVT)                               0.02      0.67 r
  U189/Y (AO22X1_RVT)                              0.05      0.72 r
  Sum[1] (out)                                     0.00      0.72 r
  data arrival time                                          0.72

  clock VCLK (rise edge)                           2.00      2.00
  clock network delay (ideal)                      0.00      2.00
  clock uncertainty                               -0.15      1.85
  output external delay                           -0.50      1.35
  data required time                                         1.35
  ------------------------------------------------------------------------
  data required time                                         1.35
  data arrival time                                         -0.72
  ------------------------------------------------------------------------
  slack (MET)                                                0.63


1
