[icc2-lic Tue Apr 21 18:15:11 2026] Command 'report_qor' requires licenses
[icc2-lic Tue Apr 21 18:15:11 2026] Attempting to check-out alternate set of keys directly with queueing
[icc2-lic Tue Apr 21 18:15:11 2026] Sending count request for 'ICCompilerII-8' 
[icc2-lic Tue Apr 21 18:15:11 2026] Count request for 'ICCompilerII-8' returned 1 
[icc2-lic Tue Apr 21 18:15:11 2026] Sending check-out request for 'ICCompilerII-8' (1) with wait option
[icc2-lic Tue Apr 21 18:15:11 2026] Check-out request for 'ICCompilerII-8' with wait option succeeded
[icc2-lic Tue Apr 21 18:15:11 2026] Sending checkout check request for 'ICCompilerII-8' 
[icc2-lic Tue Apr 21 18:15:11 2026] Checkout check request for 'ICCompilerII-8' returned 0 
[icc2-lic Tue Apr 21 18:15:11 2026] Sending count request for 'ICCompilerII-8' 
[icc2-lic Tue Apr 21 18:15:11 2026] Count request for 'ICCompilerII-8' returned 1 
[icc2-lic Tue Apr 21 18:15:11 2026] Sending count request for 'ICCompilerII-NX' 
[icc2-lic Tue Apr 21 18:15:11 2026] Count request for 'ICCompilerII-NX' returned 1 
[icc2-lic Tue Apr 21 18:15:11 2026] Sending check-out request for 'ICCompilerII-NX' (1) with wait option
[icc2-lic Tue Apr 21 18:15:11 2026] Check-out request for 'ICCompilerII-NX' with wait option succeeded
[icc2-lic Tue Apr 21 18:15:11 2026] Sending checkout check request for 'ICCompilerII-NX' 
[icc2-lic Tue Apr 21 18:15:11 2026] Checkout check request for 'ICCompilerII-NX' returned 0 
[icc2-lic Tue Apr 21 18:15:11 2026] Sending count request for 'ICCompilerII-NX' 
[icc2-lic Tue Apr 21 18:15:11 2026] Count request for 'ICCompilerII-NX' returned 1 
[icc2-lic Tue Apr 21 18:15:11 2026] Check-out of alternate set of keys directly with queueing was successful
****************************************
Report : qor
Design : csla32_nobec_flat
Version: U-2022.12-SP3
Date   : Tue Apr 21 18:15:11 2026
****************************************


Scenario           'SCEN_FF'
Timing Path Group  '**in2out_default**'
----------------------------------------
Levels of Logic:                     24
Critical Path Length:              1.30
Critical Path Slack:               0.10
Critical Path Clk Period:          2.00
Total Negative Slack:              0.00
No. of Violating Paths:               0
Worst Hold Violation:              0.00
Total Hold Violation:              0.00
No. of Hold Violations:               0
----------------------------------------

Scenario           'SCEN_SS'
Timing Path Group  '**in2out_default**'
----------------------------------------
Levels of Logic:                     24
Critical Path Length:              1.30
Critical Path Slack:               0.00
Critical Path Clk Period:          2.00
Total Negative Slack:              0.00
No. of Violating Paths:               0
Worst Hold Violation:              0.00
Total Hold Violation:              0.00
No. of Hold Violations:               0
----------------------------------------

Scenario           'SCEN_TT'
Timing Path Group  '**in2out_default**'
----------------------------------------
Levels of Logic:                     24
Critical Path Length:              1.30
Critical Path Slack:               0.05
Critical Path Clk Period:          2.00
Total Negative Slack:              0.00
No. of Violating Paths:               0
Worst Hold Violation:              0.00
Total Hold Violation:              0.00
No. of Hold Violations:               0
----------------------------------------


Cell Count
----------------------------------------
Hierarchical Cell Count:              0
Hierarchical Port Count:              0
Leaf Cell Count:                    173
Buf/Inv Cell Count:                  52
Buf Cell Count:                       5
Inv Cell Count:                      47
CT Buf/Inv Cell Count:                0
Combinational Cell Count:           173
   Single-bit Isolation Cell Count:                        0
   Multi-bit Isolation Cell Count:                         0
   Isolation Cell Banking Ratio:                           0.00%
   Single-bit Level Shifter Cell Count:                    0
   Multi-bit Level Shifter Cell Count:                     0
   Level Shifter Cell Banking Ratio:                       0.00%
   Single-bit ELS Cell Count:                              0
   Multi-bit ELS Cell Count:                               0
   ELS Cell Banking Ratio:                                 0.00%
Sequential Cell Count:                0
   Integrated Clock-Gating Cell Count:                     0
   Sequential Macro Cell Count:                            0
   Single-bit Sequential Cell Count:                       0
   Multi-bit Sequential Cell Count:                        0
   Sequential Cell Banking Ratio:                          0.00%
   BitsPerflop:                                            0.00
Macro Count:                          0
----------------------------------------


Area
----------------------------------------
Combinational Area:              413.49
Noncombinational Area:             0.00
Buf/Inv Area:                     72.94
Total Buffer Area:                13.22
Total Inverter Area:              59.72
Macro/Black Box Area:              0.00
Net Area:                             0
Net XLength:                    1721.06
Net YLength:                    1441.33
----------------------------------------
Cell Area (netlist):                            413.49
Cell Area (netlist and physical only):          413.49
Net Length:                     3162.39


Design Rules
----------------------------------------
Total Number of Nets:               266
Nets with Violations:                 0
Max Trans Violations:                 0
Max Cap Violations:                   0
----------------------------------------

1
