[icc2-lic Sun Mar 15 23:11:23 2026] Command 'report_power' requires licenses
[icc2-lic Sun Mar 15 23:11:23 2026] Attempting to check-out alternate set of keys directly with queueing
[icc2-lic Sun Mar 15 23:11:23 2026] Sending count request for 'ICCompilerII-8' 
[icc2-lic Sun Mar 15 23:11:23 2026] Count request for 'ICCompilerII-8' returned 1 
[icc2-lic Sun Mar 15 23:11:23 2026] Sending check-out request for 'ICCompilerII-8' (1) with wait option
[icc2-lic Sun Mar 15 23:11:23 2026] Check-out request for 'ICCompilerII-8' with wait option succeeded
[icc2-lic Sun Mar 15 23:11:23 2026] Sending checkout check request for 'ICCompilerII-8' 
[icc2-lic Sun Mar 15 23:11:23 2026] Checkout check request for 'ICCompilerII-8' returned 0 
[icc2-lic Sun Mar 15 23:11:23 2026] Sending count request for 'ICCompilerII-8' 
[icc2-lic Sun Mar 15 23:11:23 2026] Count request for 'ICCompilerII-8' returned 1 
[icc2-lic Sun Mar 15 23:11:23 2026] Sending count request for 'ICCompilerII-NX' 
[icc2-lic Sun Mar 15 23:11:23 2026] Count request for 'ICCompilerII-NX' returned 1 
[icc2-lic Sun Mar 15 23:11:23 2026] Sending check-out request for 'ICCompilerII-NX' (1) with wait option
[icc2-lic Sun Mar 15 23:11:23 2026] Check-out request for 'ICCompilerII-NX' with wait option succeeded
[icc2-lic Sun Mar 15 23:11:23 2026] Sending checkout check request for 'ICCompilerII-NX' 
[icc2-lic Sun Mar 15 23:11:23 2026] Checkout check request for 'ICCompilerII-NX' returned 0 
[icc2-lic Sun Mar 15 23:11:23 2026] Sending count request for 'ICCompilerII-NX' 
[icc2-lic Sun Mar 15 23:11:23 2026] Count request for 'ICCompilerII-NX' returned 1 
[icc2-lic Sun Mar 15 23:11:23 2026] Check-out of alternate set of keys directly with queueing was successful
Warning: No valid clocks available in mode 'csla32_nobec_flat'. Setting clock frequency to 1 GHz. (POW-034)
****************************************
Report : power
        -significant_digits 2
Design : csla32_nobec_flat
Version: U-2022.12-SP3
Date   : Sun Mar 15 23:11:23 2026
****************************************
Information: Activity propagation will be performed for scenario func_typ.
Information: Doing activity propagation for mode 'func' and corner 'typ' with effort level 'medium'. (POW-024)
Information: Timer-derived activity data is cached on scenario func_typ (POW-052)
Warning: No valid clocks available in mode 'csla32_nobec_flat'. Setting clock frequency to 1 GHz. (POW-034)
Infomation: Fast mode activity propagation power.rtl_activity_annotation setup is ignored. Always use accurate mode.
Information: Running switching activity propagation in scalar mode!

 **** Information : No. of simulation cycles = 6 ****
Mode: func
Corner: typ
Scenario: func_typ
Voltage: 0.85
Temperature: 125.00

Voltage Unit         : 1V
Capacitance Unit     : 1fF
Time Unit            : 1ns
Temperature Unit     : 1C
Dynamic Power Unit   : 1pW
Leakage Power Unit   : 1pW
Warning: No valid clocks available in mode 'csla32_nobec_flat'. Setting clock frequency to 1 GHz. (POW-034)

Switched supply net power scaling:
scaling for leakage power

Supply nets:
VDD (power) probability 1.00 (default)
VSS (ground) probability 1.00 (default)
Warning: Power table extrapolation (extrapolation mode) for port A2 on cell U45 for parameter Tinp. Lowest table value = 0.016000, highest table value = 1.024000, value = 0.013561 (POW-046)
Warning: Power table extrapolation (extrapolation mode) for port Y on cell U45 for parameter Tinp. Lowest table value = 0.016000, highest table value = 1.024000, value = 0.013561 (POW-046)
Warning: Power table extrapolation (extrapolation mode) for port A1 on cell U46 for parameter Tinp. Lowest table value = 0.016000, highest table value = 1.024000, value = 0.014973 (POW-046)
Warning: Power table extrapolation (extrapolation mode) for port Y on cell U46 for parameter Tinp. Lowest table value = 0.016000, highest table value = 1.024000, value = 0.014973 (POW-046)
Warning: Power table extrapolation (extrapolation mode) for port A3 on cell U47 for parameter Tinp. Lowest table value = 0.016000, highest table value = 1.024000, value = 0.014954 (POW-046)
Warning: Power table extrapolation (extrapolation mode) for port Y on cell U47 for parameter Tinp. Lowest table value = 0.016000, highest table value = 1.024000, value = 0.014954 (POW-046)
Warning: Power table extrapolation (extrapolation mode) for port A3 on cell U48 for parameter Tinp. Lowest table value = 0.016000, highest table value = 1.024000, value = 0.014477 (POW-046)
Warning: Power table extrapolation (extrapolation mode) for port Y on cell U48 for parameter Tinp. Lowest table value = 0.016000, highest table value = 1.024000, value = 0.014477 (POW-046)
Warning: Power table extrapolation (extrapolation mode) for port A2 on cell U49 for parameter Tinp. Lowest table value = 0.016000, highest table value = 1.024000, value = 0.015049 (POW-046)
Warning: Power table extrapolation (extrapolation mode) for port A3 on cell U49 for parameter Tinp. Lowest table value = 0.016000, highest table value = 1.024000, value = 0.014000 (POW-046)

  Cell Internal Power    = 5.70e+06 pW ( 15.7%)
  Net Switching Power    = 3.07e+07 pW ( 84.3%)
Total Dynamic Power      = 3.64e+07 pW (100.0%)

Cell Leakage Power       = 6.84e+08 pW


  Attributes
  ----------
      u  -  User defined power group

Power Group         Internal Power        Switching Power          Leakage Power            Total Power    (   %  )    Attrs
-----------------------------------------------------------------------------------------------------------------------------
io_pad                    0.00e+00               0.00e+00               0.00e+00               0.00e+00    (  0.0%)         
memory                    0.00e+00               0.00e+00               0.00e+00               0.00e+00    (  0.0%)         
black_box                 0.00e+00               0.00e+00               0.00e+00               0.00e+00    (  0.0%)         
clock_network             0.00e+00               0.00e+00               0.00e+00               0.00e+00    (  0.0%)         
register                  0.00e+00               0.00e+00               0.00e+00               0.00e+00    (  0.0%)         
sequential                0.00e+00               0.00e+00               0.00e+00               0.00e+00    (  0.0%)         
combinational             5.70e+06               3.07e+07               6.84e+08               7.20e+08    (100.0%)         
-----------------------------------------------------------------------------------------------------------------------------
Total                     5.70e+06 pW            3.07e+07 pW            6.84e+08 pW            7.20e+08 pW
1
