****************************************
Report : Averaged Power
Design : hybrid_rcla32
Version: T-2022.03-SP2
Date   : Fri May 22 11:34:11 2026
****************************************



  Attributes
  ----------
      i  -  Including register clock pin internal power
      u  -  User defined power group

                        Internal  Switching  Leakage    Total
Power Group             Power     Power      Power      Power   (     %)  Attrs
--------------------------------------------------------------------------------
clock_network              0.0000    0.0000    0.0000    0.0000 ( 0.00%)  i
register                   0.0000    0.0000    0.0000    0.0000 ( 0.00%)  
combinational           8.921e-05 4.361e-05 1.278e-03 1.411e-03 (100.00%) 
sequential                 0.0000    0.0000    0.0000    0.0000 ( 0.00%)  
memory                     0.0000    0.0000    0.0000    0.0000 ( 0.00%)  
io_pad                     0.0000    0.0000    0.0000    0.0000 ( 0.00%)  
black_box                  0.0000    0.0000    0.0000    0.0000 ( 0.00%)  

  Net Switching Power  = 4.361e-05   ( 3.09%)
  Cell Internal Power  = 8.921e-05   ( 6.32%)
  Cell Leakage Power   = 1.278e-03   (90.59%)
                         ---------
Total Power            = 1.411e-03  (100.00%)

1
