****************************************
Report : Averaged Power
Design : kogge_stone_adder
Version: T-2022.03-SP2
Date   : Fri May 22 11:34:19 2026
****************************************



  Attributes
  ----------
      i  -  Including register clock pin internal power
      u  -  User defined power group

                        Internal  Switching  Leakage    Total
Power Group             Power     Power      Power      Power   (     %)  Attrs
--------------------------------------------------------------------------------
clock_network              0.0000    0.0000    0.0000    0.0000 ( 0.00%)  i
register                   0.0000    0.0000    0.0000    0.0000 ( 0.00%)  
combinational           6.143e-05 3.737e-05 2.828e-05 1.271e-04 (100.00%) 
sequential                 0.0000    0.0000    0.0000    0.0000 ( 0.00%)  
memory                     0.0000    0.0000    0.0000    0.0000 ( 0.00%)  
io_pad                     0.0000    0.0000    0.0000    0.0000 ( 0.00%)  
black_box                  0.0000    0.0000    0.0000    0.0000 ( 0.00%)  

  Net Switching Power  = 3.737e-05   (29.41%)
  Cell Internal Power  = 6.143e-05   (48.34%)
  Cell Leakage Power   = 2.828e-05   (22.26%)
                         ---------
Total Power            = 1.271e-04  (100.00%)

1
